"../../../../../Uni/3r/Motors2/survival-craft/One_Man_Land/Content/Animal/Animal_AIController.uasset" 0
"../../../Engine/Content/EditorBlueprintResources/StandardMacros.uasset" 1
"../../../../../Uni/3r/Motors2/survival-craft/One_Man_Land/Content/FirstPersonBP/HUD/PickupText.uasset" 2
"../../../Engine/Content/MobileResources/HUD/AnalogHat.uasset" 3
"../../../../../Uni/3r/Motors2/survival-craft/One_Man_Land/Content/PickupItems/CraftInfoStruct.uasset" 4
"../../../../../Uni/3r/Motors2/survival-craft/One_Man_Land/Content/PickupItems/TemplatePickup.uasset" 5
"../../../../../Uni/3r/Motors2/survival-craft/One_Man_Land/Content/PickupItems/GunPickup.uasset" 6
"../../../../../Uni/3r/Motors2/survival-craft/One_Man_Land/Content/Rabbit/Rabbit_Skeleton.uasset" 7
"../../../../../Uni/3r/Motors2/survival-craft/One_Man_Land/Content/Rabbit/Rabbit_Anim_Rabbit_Idle.uasset" 8
"../../../../../Uni/3r/Motors2/survival-craft/One_Man_Land/Content/Rabbit/Rabbit_Anim_Rabbit_Run.uasset" 9
"../../../../../Uni/3r/Motors2/survival-craft/One_Man_Land/Content/Rabbit/RabbitAnimBP.uasset" 10
"../../../Engine/Content/Tutorial/SubEditors/TutorialAssets/T_SmokeSubUV_8X8.uasset" 11
"../../../Engine/Content/Tutorial/SubEditors/TutorialAssets/T_soft_smoke.uasset" 12
"../../../Engine/Content/Tutorial/SubEditors/TutorialAssets/M_smoke_subUV_blackbody.uasset" 13
"../../../Engine/Content/Tutorial/SubEditors/TutorialAssets/TutorialParticleSystem.uasset" 14
"../../../../../Uni/3r/Motors2/survival-craft/One_Man_Land/Content/PickupItems/Mesh/Materials/Branch/Branca_color.uasset" 15
"../../../../../Uni/3r/Motors2/survival-craft/One_Man_Land/Content/PickupItems/Mesh/Materials/Branch/MaterialBranca.uasset" 16
"../../../../../Uni/3r/Motors2/survival-craft/One_Man_Land/Content/PickupItems/Mesh/Materials/Branch/BranchGroup.uasset" 17
"../../../../../Uni/3r/Motors2/survival-craft/One_Man_Land/Content/Firepit/Firepit.uasset" 18
"../../../../../Uni/3r/Motors2/survival-craft/One_Man_Land/Content/PickupItems/EdiblePick.uasset" 19
"../../../../../Uni/3r/Motors2/survival-craft/One_Man_Land/Content/PickupItems/EdibleCookablePickup.uasset" 20
"../../../../../Uni/3r/Motors2/survival-craft/One_Man_Land/Content/FirstPersonBP/HUD/Textures/MeatCooked.uasset" 21
"../../../../../Uni/3r/Motors2/survival-craft/One_Man_Land/Content/PickupItems/Mesh/Edibles/Meat/CarnCuinat.uasset" 22
"../../../../../Uni/3r/Motors2/survival-craft/One_Man_Land/Content/PickupItems/Mesh/Edibles/Meat/Os.uasset" 23
"../../../../../Uni/3r/Motors2/survival-craft/One_Man_Land/Content/PickupItems/Mesh/Edibles/Meat/PellCuinat.uasset" 24
"../../../../../Uni/3r/Motors2/survival-craft/One_Man_Land/Content/PickupItems/Mesh/Edibles/Meat/MeatCooked.uasset" 25
"../../../../../Uni/3r/Motors2/survival-craft/One_Man_Land/Content/PickupItems/PickupPrefabs/Edible/MeatCookedPF.uasset" 26
"../../../../../Uni/3r/Motors2/survival-craft/One_Man_Land/Content/FirstPersonBP/HUD/Textures/MeatSprite.uasset" 27
"../../../../../Uni/3r/Motors2/survival-craft/One_Man_Land/Content/PickupItems/Mesh/Edibles/Meat/Carn1.uasset" 28
"../../../../../Uni/3r/Motors2/survival-craft/One_Man_Land/Content/PickupItems/Mesh/Edibles/Meat/Pell.uasset" 29
"../../../../../Uni/3r/Motors2/survival-craft/One_Man_Land/Content/PickupItems/Mesh/Edibles/Meat/Carn.uasset" 30
"../../../../../Uni/3r/Motors2/survival-craft/One_Man_Land/Content/PickupItems/PickupPrefabs/Edible/MeatPF.uasset" 31
"../../../../../Uni/3r/Motors2/survival-craft/One_Man_Land/Content/PickupItems/MaterialPickup.uasset" 32
"../../../../../Uni/3r/Motors2/survival-craft/One_Man_Land/Content/FirstPersonBP/HUD/Textures/LeatherSprite.uasset" 33
"../../../../../Uni/3r/Motors2/survival-craft/One_Man_Land/Content/PickupItems/Mesh/Materials/Leather/Leather1.uasset" 34
"../../../../../Uni/3r/Motors2/survival-craft/One_Man_Land/Content/PickupItems/Mesh/Materials/Leather/Leather_Inside.uasset" 35
"../../../../../Uni/3r/Motors2/survival-craft/One_Man_Land/Content/PickupItems/Mesh/Materials/Leather/Ropes.uasset" 36
"../../../../../Uni/3r/Motors2/survival-craft/One_Man_Land/Content/PickupItems/Mesh/Materials/Leather/Leather.uasset" 37
"../../../../../Uni/3r/Motors2/survival-craft/One_Man_Land/Content/PickupItems/PickupPrefabs/Material/LeatherPF.uasset" 38
"../../../../../Uni/3r/Motors2/survival-craft/One_Man_Land/Content/Rabbit/Rabbit_tex.uasset" 39
"../../../../../Uni/3r/Motors2/survival-craft/One_Man_Land/Content/Rabbit/RabbitMaterial.uasset" 40
"../../../../../Uni/3r/Motors2/survival-craft/One_Man_Land/Content/Rabbit/Rabbit_PhysicsAsset.uasset" 41
"../../../../../Uni/3r/Motors2/survival-craft/One_Man_Land/Content/Rabbit/Rabbit_Mesh.uasset" 42
"../../../../../Uni/3r/Motors2/survival-craft/One_Man_Land/Content/Rabbit/RabbitDead.uasset" 43
"../../../../../Uni/3r/Motors2/survival-craft/One_Man_Land/Content/Rabbit/Rabbit.uasset" 44
"../../../../../Uni/3r/Motors2/survival-craft/One_Man_Land/Content/Wolf/Wolf_Skeleton.uasset" 45
"../../../../../Uni/3r/Motors2/survival-craft/One_Man_Land/Content/Wolf/Wolf_Anim_Llop_Attack.uasset" 46
"../../../../../Uni/3r/Motors2/survival-craft/One_Man_Land/Content/Wolf/Wolf_Anim_Llop_Idle.uasset" 47
"../../../../../Uni/3r/Motors2/survival-craft/One_Man_Land/Content/Wolf/Wolf_Anim_Llop_Run.uasset" 48
"../../../../../Uni/3r/Motors2/survival-craft/One_Man_Land/Content/Wolf/Wolf_Anim_Llop_Walk.uasset" 49
"../../../../../Uni/3r/Motors2/survival-craft/One_Man_Land/Content/Wolf/WolfAnimBP.uasset" 50
"../../../../../Uni/3r/Motors2/survival-craft/One_Man_Land/Content/Wolf/Fur_Light.uasset" 51
"../../../../../Uni/3r/Motors2/survival-craft/One_Man_Land/Content/Wolf/Details.uasset" 52
"../../../../../Uni/3r/Motors2/survival-craft/One_Man_Land/Content/Wolf/Eye.uasset" 53
"../../../../../Uni/3r/Motors2/survival-craft/One_Man_Land/Content/Wolf/Fur_Dark.uasset" 54
"../../../../../Uni/3r/Motors2/survival-craft/One_Man_Land/Content/Wolf/Fur_Medium.uasset" 55
"../../../../../Uni/3r/Motors2/survival-craft/One_Man_Land/Content/Wolf/Wolf_PhysicsAsset.uasset" 56
"../../../../../Uni/3r/Motors2/survival-craft/One_Man_Land/Content/Wolf/Wolf_Mesh.uasset" 57
"../../../../../Uni/3r/Motors2/survival-craft/One_Man_Land/Content/Wolf/WolfDead.uasset" 58
"../../../../../Uni/3r/Motors2/survival-craft/One_Man_Land/Content/Wolf/Wolf.uasset" 59
"../../../../../Uni/3r/Motors2/survival-craft/One_Man_Land/Content/Flat.uasset" 60
"../../../../../Uni/3r/Motors2/survival-craft/One_Man_Land/Content/PickupItems/Mesh/Barrow/Arrow_unwrap_fet.uasset" 61
"../../../../../Uni/3r/Motors2/survival-craft/One_Man_Land/Content/PickupItems/Mesh/Barrow/ArrowMaterial.uasset" 62
"../../../../../Uni/3r/Motors2/survival-craft/One_Man_Land/Content/PickupItems/Mesh/Barrow/Arrow.uasset" 63
"../../../../../Uni/3r/Motors2/survival-craft/One_Man_Land/Content/PickupItems/AmmoProjectiles/AmmoProjectileTemplate.uasset" 64
"../../../../../Uni/3r/Motors2/survival-craft/One_Man_Land/Content/FirstPersonBP/Blueprints/ActionInterface.uasset" 65
"../../../../../Uni/3r/Motors2/survival-craft/One_Man_Land/Content/PickupItems/Mesh/Binoculars/Binoculars_Tex.uasset" 66
"../../../../../Uni/3r/Motors2/survival-craft/One_Man_Land/Content/FirstPersonBP/HUD/Binoculars_HUD.uasset" 67
"../../../../../Uni/3r/Motors2/survival-craft/One_Man_Land/Content/PickupItems/BinocularPickup.uasset" 68
"../../../../../Uni/3r/Motors2/survival-craft/One_Man_Land/Content/MaterialMaker/MaterialMake.uasset" 69
"../../../../../Uni/3r/Motors2/survival-craft/One_Man_Land/Content/MaterialMaker/Tree.uasset" 70
"../../../../../Uni/3r/Motors2/survival-craft/One_Man_Land/Content/PickupItems/AxePickup.uasset" 71
"../../../../../Uni/3r/Motors2/survival-craft/One_Man_Land/Content/FirstPersonBP/HUD/Textures/AxeSprite.uasset" 72
"../../../../../Uni/3r/Motors2/survival-craft/One_Man_Land/Content/PickupItems/Mesh/Axe/Destral_Color.uasset" 73
"../../../../../Uni/3r/Motors2/survival-craft/One_Man_Land/Content/PickupItems/Mesh/Axe/Material__25.uasset" 74
"../../../../../Uni/3r/Motors2/survival-craft/One_Man_Land/Content/PickupItems/Mesh/Axe/Axe.uasset" 75
"../../../../../Uni/3r/Motors2/survival-craft/One_Man_Land/Content/PickupItems/PickupPrefabs/Axe/AxePF.uasset" 76
"../../../../../Uni/3r/Motors2/survival-craft/One_Man_Land/Content/PickupItems/AmmoPickup.uasset" 77
"../../../../../Uni/3r/Motors2/survival-craft/One_Man_Land/Content/FirstPersonBP/HUD/Textures/ArrowSprite.uasset" 78
"../../../../../Uni/3r/Motors2/survival-craft/One_Man_Land/Content/PickupItems/PickupPrefabs/Barrow/ArrowPF.uasset" 79
"../../../../../Uni/3r/Motors2/survival-craft/One_Man_Land/Content/PickupItems/AmmoProjectiles/AmmoArrow.uasset" 80
"../../../../../Uni/3r/Motors2/survival-craft/One_Man_Land/Content/FirstPersonBP/HUD/Textures/BowSprite.uasset" 81
"../../../../../Uni/3r/Motors2/survival-craft/One_Man_Land/Content/PickupItems/Mesh/Barrow/Bow_unwrap_fet2.uasset" 82
"../../../../../Uni/3r/Motors2/survival-craft/One_Man_Land/Content/PickupItems/Mesh/Barrow/BowMaterial.uasset" 83
"../../../../../Uni/3r/Motors2/survival-craft/One_Man_Land/Content/PickupItems/Mesh/Barrow/Bow.uasset" 84
"../../../../../Uni/3r/Motors2/survival-craft/One_Man_Land/Content/PickupItems/PickupPrefabs/Barrow/BowPF.uasset" 85
"../../../../../Uni/3r/Motors2/survival-craft/One_Man_Land/Content/FirstPersonBP/HUD/Textures/BinocularsSprite.uasset" 86
"../../../../../Uni/3r/Motors2/survival-craft/One_Man_Land/Content/PickupItems/Mesh/Binoculars/Prismatics_Color.uasset" 87
"../../../../../Uni/3r/Motors2/survival-craft/One_Man_Land/Content/PickupItems/Mesh/Binoculars/Material__26.uasset" 88
"../../../../../Uni/3r/Motors2/survival-craft/One_Man_Land/Content/PickupItems/Mesh/Binoculars/Prismatics.uasset" 89
"../../../../../Uni/3r/Motors2/survival-craft/One_Man_Land/Content/PickupItems/PickupPrefabs/Binoculars/BinocularsPF.uasset" 90
"../../../../../Uni/3r/Motors2/survival-craft/One_Man_Land/Content/Flashlight/Boto.uasset" 91
"../../../../../Uni/3r/Motors2/survival-craft/One_Man_Land/Content/Flashlight/Detalls.uasset" 92
"../../../../../Uni/3r/Motors2/survival-craft/One_Man_Land/Content/Flashlight/Llum.uasset" 93
"../../../../../Uni/3r/Motors2/survival-craft/One_Man_Land/Content/Flashlight/Tronc.uasset" 94
"../../../../../Uni/3r/Motors2/survival-craft/One_Man_Land/Content/Flashlight/FlashlightB.uasset" 95
"../../../../../Uni/3r/Motors2/survival-craft/One_Man_Land/Content/PickupItems/FlashlightPickup.uasset" 96
"../../../../../Uni/3r/Motors2/survival-craft/One_Man_Land/Content/FirstPersonBP/HUD/Textures/FlashlightSprite.uasset" 97
"../../../../../Uni/3r/Motors2/survival-craft/One_Man_Land/Content/PickupItems/PickupPrefabs/Flashlight/FlashlightPF.uasset" 98
"../../../../../Uni/3r/Motors2/survival-craft/One_Man_Land/Content/FirstPersonBP/HUD/Textures/NoneSprite.uasset" 99
"../../../../../Uni/3r/Motors2/survival-craft/One_Man_Land/Content/FirstPersonBP/HUD/Textures/WoodSprite.uasset" 100
"../../../../../Uni/3r/Motors2/survival-craft/One_Man_Land/Content/FirstPersonBP/HUD/Inventory/ItemDetails.uasset" 101
"../../../../../Uni/3r/Motors2/survival-craft/One_Man_Land/Content/FirstPersonBP/HUD/Inventory/ActionSlot.uasset" 102
"../../../../../Uni/3r/Motors2/survival-craft/One_Man_Land/Content/FirstPersonBP/HUD/Inventory/ActionBar.uasset" 103
"../../../../../Uni/3r/Motors2/survival-craft/One_Man_Land/Content/FirstPersonBP/HUD/Inventory/InventorySlot.uasset" 104
"../../../../../Uni/3r/Motors2/survival-craft/One_Man_Land/Content/FirstPersonBP/HUD/Inventory/InventoryBar.uasset" 105
"../../../Engine/Content/ArtTools/RenderToTexture/Textures/127grey.uasset" 106
"../../../../../Uni/3r/Motors2/survival-craft/One_Man_Land/Content/FirstPersonBP/HUD/Inventory/MaterialSlot.uasset" 107
"../../../../../Uni/3r/Motors2/survival-craft/One_Man_Land/Content/FirstPersonBP/HUD/Textures/LeaveSprite.uasset" 108
"../../../../../Uni/3r/Motors2/survival-craft/One_Man_Land/Content/FirstPersonBP/HUD/Textures/StoneSprite.uasset" 109
"../../../../../Uni/3r/Motors2/survival-craft/One_Man_Land/Content/FirstPersonBP/HUD/Inventory/MaterialBar.uasset" 110
"../../../../../Uni/3r/Motors2/survival-craft/One_Man_Land/Content/FirstPersonBP/HUD/Inventory/MainInventory.uasset" 111
"../../../Engine/Content/EngineFonts/Faces/DroidSansFallback.uasset" 112
"../../../Engine/Content/EngineFonts/Faces/RobotoTiny.uasset" 113
"../../../Engine/Content/EngineFonts/RobotoTiny.uasset" 114
"../../../../../Uni/3r/Motors2/survival-craft/One_Man_Land/Content/FirstPerson/Textures/FirstPersonCrosshair.uasset" 115
"../../../../../Uni/3r/Motors2/survival-craft/One_Man_Land/Content/PickupItems/KnifePickup.uasset" 116
"../../../../../Uni/3r/Motors2/survival-craft/One_Man_Land/Content/FirstPersonBP/HUD/Textures/KnifeSprite.uasset" 117
"../../../../../Uni/3r/Motors2/survival-craft/One_Man_Land/Content/PickupItems/Mesh/Knife/Knife_Text_Final2.uasset" 118
"../../../../../Uni/3r/Motors2/survival-craft/One_Man_Land/Content/PickupItems/Mesh/Knife/Material__27.uasset" 119
"../../../../../Uni/3r/Motors2/survival-craft/One_Man_Land/Content/PickupItems/Mesh/Knife/Knife.uasset" 120
"../../../../../Uni/3r/Motors2/survival-craft/One_Man_Land/Content/PickupItems/PickupPrefabs/Knife/KnifePF.uasset" 121
"../../../../../Uni/3r/Motors2/survival-craft/One_Man_Land/Content/FirstPersonBP/HUD/Textures/TreeSprite.uasset" 122
"../../../../../Uni/3r/Motors2/survival-craft/One_Man_Land/Content/FirstPersonBP/HUD/Crafting/ItemsCraft.uasset" 123
"../../../../../Uni/3r/Motors2/survival-craft/One_Man_Land/Content/FirstPersonBP/HUD/Crafting/MaterialsCraft.uasset" 124
"../../../../../Uni/3r/Motors2/survival-craft/One_Man_Land/Content/FirstPersonBP/HUD/Crafting/MainCrafting.uasset" 125
"../../../../../Uni/3r/Motors2/survival-craft/One_Man_Land/Content/FirstPersonBP/HUD/Stats/barra.uasset" 126
"../../../../../Uni/3r/Motors2/survival-craft/One_Man_Land/Content/FirstPersonBP/HUD/Stats/StatBlock.uasset" 127
"../../../../../Uni/3r/Motors2/survival-craft/One_Man_Land/Content/FirstPersonBP/HUD/Stats/StatBar.uasset" 128
"../../../../../Uni/3r/Motors2/survival-craft/One_Man_Land/Content/FirstPersonBP/HUD/Stats/MainStats.uasset" 129
"../../../../../Uni/3r/Motors2/survival-craft/One_Man_Land/Content/FirstPersonBP/HUD/MainHUD.uasset" 130
"../../../../../Uni/3r/Motors2/survival-craft/One_Man_Land/Content/FirstPersonBP/Blueprints/FirstPersonCharacter.uasset" 131
"../../../../../Uni/3r/Motors2/survival-craft/One_Man_Land/Content/Animal/Animal.uasset" 132
"../../../../../Uni/3r/Motors2/survival-craft/One_Man_Land/Content/Animal/AgressiveAnimal.uasset" 133
"../../../../../Uni/3r/Motors2/survival-craft/One_Man_Land/Content/Animal/InoffensiveAnimal.uasset" 134
"../../../../../Uni/3r/Motors2/survival-craft/One_Man_Land/Content/Binoculars/Binoculars_Tex.uasset" 135
"../../../../../Uni/3r/Motors2/survival-craft/One_Man_Land/Content/Binoculars/Prismatics.uasset" 136
"../../../../../Uni/3r/Motors2/survival-craft/One_Man_Land/Content/Blueprints/Brazier.uasset" 137
"../../../../../Uni/3r/Motors2/survival-craft/One_Man_Land/Content/FirstPerson/Character/Mesh/SK_Mannequin_Arms_Skeleton.uasset" 138
"../../../../../Uni/3r/Motors2/survival-craft/One_Man_Land/Content/FirstPerson/Animations/FirstPerson_Fire.uasset" 139
"../../../../../Uni/3r/Motors2/survival-craft/One_Man_Land/Content/FirstPerson/Animations/FirstPersonFire_Montage.uasset" 140
"../../../../../Uni/3r/Motors2/survival-craft/One_Man_Land/Content/FirstPerson/Audio/FirstPersonTemplateWeaponFire02.uasset" 141
"../../../../../Uni/3r/Motors2/survival-craft/One_Man_Land/Content/FirstPerson/Animations/FirstPerson_Idle.uasset" 142
"../../../../../Uni/3r/Motors2/survival-craft/One_Man_Land/Content/FirstPerson/Animations/FirstPerson_JumpEnd.uasset" 143
"../../../../../Uni/3r/Motors2/survival-craft/One_Man_Land/Content/FirstPerson/Animations/FirstPerson_JumpLoop.uasset" 144
"../../../../../Uni/3r/Motors2/survival-craft/One_Man_Land/Content/FirstPerson/Animations/FirstPerson_JumpStart.uasset" 145
"../../../../../Uni/3r/Motors2/survival-craft/One_Man_Land/Content/FirstPerson/Animations/FirstPerson_Run.uasset" 146
"../../../../../Uni/3r/Motors2/survival-craft/One_Man_Land/Content/FirstPerson/Animations/FirstPerson_AnimBP.uasset" 147
"../../../../../Uni/3r/Motors2/survival-craft/One_Man_Land/Content/FirstPerson/Character/Mesh/FirstPersonAnimBlueprint_Copy.uasset" 148
"../../../Engine/Content/Functions/Engine_MaterialFunctions02/Utility/BlendAngleCorrectedNormals.uasset" 149
"../../../Engine/Content/Functions/MaterialLayerFunctions/MatLayerBlend_NormalBlend.uasset" 150
"../../../Engine/Content/Functions/MaterialLayerFunctions/MatLayerBlend_Simple.uasset" 151
"../../../../../Uni/3r/Motors2/survival-craft/One_Man_Land/Content/FirstPerson/Character/Materials/MaterialLayers/T_ML_Rubber_Blue_01_D.uasset" 152
"../../../../../Uni/3r/Motors2/survival-craft/One_Man_Land/Content/FirstPerson/Character/Materials/MaterialLayers/T_ML_Rubber_Blue_01_N.uasset" 153
"../../../../../Uni/3r/Motors2/survival-craft/One_Man_Land/Content/FirstPerson/Character/Materials/MaterialLayers/ML_GlossyBlack_Latex_UE4.uasset" 154
"../../../../../Uni/3r/Motors2/survival-craft/One_Man_Land/Content/FirstPerson/Character/Materials/MaterialLayers/ML_Plastic_Shiny_Beige.uasset" 155
"../../../../../Uni/3r/Motors2/survival-craft/One_Man_Land/Content/FirstPerson/Character/Textures/UE4_LOGO_CARD.uasset" 156
"../../../../../Uni/3r/Motors2/survival-craft/One_Man_Land/Content/FirstPerson/Character/Materials/MaterialLayers/ML_Plastic_Shiny_Beige_LOGO.uasset" 157
"../../../../../Uni/3r/Motors2/survival-craft/One_Man_Land/Content/FirstPerson/Character/Materials/MaterialLayers/T_ML_Aluminum01.uasset" 158
"../../../../../Uni/3r/Motors2/survival-craft/One_Man_Land/Content/FirstPerson/Character/Materials/MaterialLayers/T_ML_Aluminum01_N.uasset" 159
"../../../../../Uni/3r/Motors2/survival-craft/One_Man_Land/Content/FirstPerson/Character/Materials/MaterialLayers/ML_SoftMetal_UE4.uasset" 160
"../../../../../Uni/3r/Motors2/survival-craft/One_Man_Land/Content/FirstPerson/Character/Textures/UE4_Mannequin__normals.uasset" 161
"../../../../../Uni/3r/Motors2/survival-craft/One_Man_Land/Content/FirstPerson/Character/Textures/UE4_Mannequin_MAT_MASKA.uasset" 162
"../../../../../Uni/3r/Motors2/survival-craft/One_Man_Land/Content/FirstPerson/Character/Materials/M_UE4Man_Body.uasset" 163
"../../../../../Uni/3r/Motors2/survival-craft/One_Man_Land/Content/FirstPerson/Character/Mesh/SK_Mannequin_Arms_PhysicsAsset.uasset" 164
"../../../../../Uni/3r/Motors2/survival-craft/One_Man_Land/Content/FirstPerson/Character/Mesh/SK_Mannequin_Arms.uasset" 165
"../../../../../Uni/3r/Motors2/survival-craft/One_Man_Land/Content/FirstPerson/FPWeapon/Materials/MaterialLayers/ML_Plastic_Shiny_Beige_LOGO.uasset" 166
"../../../../../Uni/3r/Motors2/survival-craft/One_Man_Land/Content/FirstPerson/FPWeapon/Materials/MaterialLayers/T_ML_FineRubber.uasset" 167
"../../../../../Uni/3r/Motors2/survival-craft/One_Man_Land/Content/FirstPerson/FPWeapon/Materials/MaterialLayers/T_ML_Rubber_Blue_01_D.uasset" 168
"../../../../../Uni/3r/Motors2/survival-craft/One_Man_Land/Content/FirstPerson/FPWeapon/Materials/MaterialLayers/T_ML_Rubber_Blue_01_N.uasset" 169
"../../../../../Uni/3r/Motors2/survival-craft/One_Man_Land/Content/FirstPerson/FPWeapon/Materials/MaterialLayers/ML_GlossyBlack_Latex_UE4.uasset" 170
"../../../../../Uni/3r/Motors2/survival-craft/One_Man_Land/Content/FirstPerson/FPWeapon/Materials/MaterialLayers/ML_Plastic_Shiny_Beige.uasset" 171
"../../../../../Uni/3r/Motors2/survival-craft/One_Man_Land/Content/FirstPerson/FPWeapon/Materials/MaterialLayers/ML_Screen.uasset" 172
"../../../../../Uni/3r/Motors2/survival-craft/One_Man_Land/Content/FirstPerson/FPWeapon/Materials/MaterialLayers/T_ML_Aluminum01.uasset" 173
"../../../../../Uni/3r/Motors2/survival-craft/One_Man_Land/Content/FirstPerson/FPWeapon/Materials/MaterialLayers/T_ML_Aluminum01_N.uasset" 174
"../../../../../Uni/3r/Motors2/survival-craft/One_Man_Land/Content/FirstPerson/FPWeapon/Materials/MaterialLayers/ML_SoftMetal_UE4.uasset" 175
"../../../../../Uni/3r/Motors2/survival-craft/One_Man_Land/Content/FirstPerson/FPWeapon/Textures/T_FPGun_M.uasset" 176
"../../../../../Uni/3r/Motors2/survival-craft/One_Man_Land/Content/FirstPerson/FPWeapon/Textures/T_FPGun_N.uasset" 177
"../../../../../Uni/3r/Motors2/survival-craft/One_Man_Land/Content/FirstPerson/FPWeapon/Materials/M_FPGun.uasset" 178
"../../../../../Uni/3r/Motors2/survival-craft/One_Man_Land/Content/FirstPerson/FPWeapon/Mesh/SK_FPGun_Skeleton.uasset" 179
"../../../../../Uni/3r/Motors2/survival-craft/One_Man_Land/Content/FirstPerson/FPWeapon/Mesh/SK_FPGun.uasset" 180
"../../../../../Uni/3r/Motors2/survival-craft/One_Man_Land/Content/FirstPerson/FPWeapon/Mesh/SK_FPGun_PhysicsAsset.uasset" 181
"../../../../../Uni/3r/Motors2/survival-craft/One_Man_Land/Content/FirstPerson/Meshes/BaseMaterial.uasset" 182
"../../../../../Uni/3r/Motors2/survival-craft/One_Man_Land/Content/FirstPerson/Meshes/CubeMaterialOverride.uasset" 183
"../../../../../Uni/3r/Motors2/survival-craft/One_Man_Land/Content/FirstPerson/Meshes/FirstPersonProjectileMaterial.uasset" 184
"../../../../../Uni/3r/Motors2/survival-craft/One_Man_Land/Content/FirstPerson/Meshes/FirstPersonProjectileMesh.uasset" 185
"../../../../../Uni/3r/Motors2/survival-craft/One_Man_Land/Content/FirstPersonBP/FirstPersonOverview.uasset" 186
"../../../../../Uni/3r/Motors2/survival-craft/One_Man_Land/Content/FirstPersonBP/HUD/Textures/InventoryBG.uasset" 187
"../../../../../Uni/3r/Motors2/survival-craft/One_Man_Land/Content/FirstPersonBP/HUD/Textures/PineappleSprite.uasset" 188
"../../../../../Uni/3r/Motors2/survival-craft/One_Man_Land/Content/Flashlight/Flashlight.uasset" 189
"../../../../../Uni/3r/Motors2/survival-craft/One_Man_Land/Content/MaterialMaker/Mesh/PineTree/Material__2.uasset" 190
"../../../../../Uni/3r/Motors2/survival-craft/One_Man_Land/Content/MaterialMaker/Mesh/PineTree/Tronc_color.uasset" 191
"../../../../../Uni/3r/Motors2/survival-craft/One_Man_Land/Content/MaterialMaker/Mesh/PineTree/Material__3.uasset" 192
"../../../../../Uni/3r/Motors2/survival-craft/One_Man_Land/Content/MaterialMaker/Mesh/PineTree/PineTree.uasset" 193
"../../../../../Uni/3r/Motors2/survival-craft/One_Man_Land/Content/Foliage/Arbre/Arbre1.uasset" 194
"../../../../../Uni/3r/Motors2/survival-craft/One_Man_Land/Content/PickupItems/Mesh/Materials/Leave/Branca_color.uasset" 195
"../../../../../Uni/3r/Motors2/survival-craft/One_Man_Land/Content/PickupItems/Mesh/Materials/Leave/Material__2.uasset" 196
"../../../../../Uni/3r/Motors2/survival-craft/One_Man_Land/Content/PickupItems/Mesh/Materials/Leave/Fulla.uasset" 197
"../../../../../Uni/3r/Motors2/survival-craft/One_Man_Land/Content/PickupItems/PickupPrefabs/Material/LeavePF.uasset" 198
"../../../../../Uni/3r/Motors2/survival-craft/One_Man_Land/Content/PickupItems/Mesh/Materials/Wood/Branca_color.uasset" 199
"../../../../../Uni/3r/Motors2/survival-craft/One_Man_Land/Content/PickupItems/Mesh/Materials/Wood/Material__2.uasset" 200
"../../../../../Uni/3r/Motors2/survival-craft/One_Man_Land/Content/PickupItems/Mesh/Materials/Wood/Fusta.uasset" 201
"../../../../../Uni/3r/Motors2/survival-craft/One_Man_Land/Content/PickupItems/PickupPrefabs/Material/WoodPF.uasset" 202
"../../../../../Uni/3r/Motors2/survival-craft/One_Man_Land/Content/MaterialMaker/Mesh/TallTree/Material__3.uasset" 203
"../../../../../Uni/3r/Motors2/survival-craft/One_Man_Land/Content/MaterialMaker/Mesh/TallTree/Material__4.uasset" 204
"../../../../../Uni/3r/Motors2/survival-craft/One_Man_Land/Content/MaterialMaker/Mesh/TallTree/Arbre.uasset" 205
"../../../../../Uni/3r/Motors2/survival-craft/One_Man_Land/Content/MaterialMaker/Mesh/TallTree/Arbre__1_.uasset" 206
"../../../../../Uni/3r/Motors2/survival-craft/One_Man_Land/Content/MaterialMaker/Mesh/TallTree/TroncTallatTex.uasset" 207
"../../../../../Uni/3r/Motors2/survival-craft/One_Man_Land/Content/MaterialMaker/Mesh/TallTree/Material__2.uasset" 208
"../../../../../Uni/3r/Motors2/survival-craft/One_Man_Land/Content/MaterialMaker/Mesh/TallTree/TroncTallat.uasset" 209
"../../../../../Uni/3r/Motors2/survival-craft/One_Man_Land/Content/MaterialMaker/TreesPF/MediumTreePF.uasset" 210
"../../../../../Uni/3r/Motors2/survival-craft/One_Man_Land/Content/MaterialMaker/Mesh/PineTree/MediumTreeFoliage.uasset" 211
"../../../../../Uni/3r/Motors2/survival-craft/One_Man_Land/Content/Foliage/Arbre/MediumTreeFoliage.uasset" 212
"../../../../../Uni/3r/Motors2/survival-craft/One_Man_Land/Content/Geometry/Meshes/CubeMaterial.uasset" 213
"../../../../../Uni/3r/Motors2/survival-craft/One_Man_Land/Content/Geometry/Meshes/1M_Cube_Chamfer.uasset" 214
"../../../../../Uni/3r/Motors2/survival-craft/One_Man_Land/Content/Geometry/Meshes/TemplateFloor.uasset" 215
"../../../../../Uni/3r/Motors2/survival-craft/One_Man_Land/Content/Ground/Proves/Aigua.uasset" 216
"../../../../../Uni/3r/Motors2/survival-craft/One_Man_Land/Content/Ground/Aigua.uasset" 217
"../../../../../Uni/3r/Motors2/survival-craft/One_Man_Land/Content/Ground/Proves/Material_001.uasset" 218
"../../../../../Uni/3r/Motors2/survival-craft/One_Man_Land/Content/Ground/Proves/Mapa1.uasset" 219
"../../../../../Uni/3r/Motors2/survival-craft/One_Man_Land/Content/Ground/Mapa1.uasset" 220
"../../../../../Uni/3r/Motors2/survival-craft/One_Man_Land/Content/Ground/Proves/TerraTex.uasset" 221
"../../../../../Uni/3r/Motors2/survival-craft/One_Man_Land/Content/Ground/Proves/Material__0.uasset" 222
"../../../../../Uni/3r/Motors2/survival-craft/One_Man_Land/Content/Ground/Material__0.uasset" 223
"../../../../../Uni/3r/Motors2/survival-craft/One_Man_Land/Content/Ground/Proves/Aigua_Inst.uasset" 224
"../../../../../Uni/3r/Motors2/survival-craft/One_Man_Land/Content/Ground/Proves/TerraFinal1.uasset" 225
"../../../../../Uni/3r/Motors2/survival-craft/One_Man_Land/Content/Ground/Terreny/Neu.uasset" 226
"../../../../../Uni/3r/Motors2/survival-craft/One_Man_Land/Content/Ground/Terreny/Terra.uasset" 227
"../../../../../Uni/3r/Motors2/survival-craft/One_Man_Land/Content/Ground/Terreny/Muntanyes.uasset" 228
"../../../../../Uni/3r/Motors2/survival-craft/One_Man_Land/Content/Ground/Zona1/Grass.uasset" 229
"../../../../../Uni/3r/Motors2/survival-craft/One_Man_Land/Content/Ground/Zona1/Material_007.uasset" 230
"../../../../../Uni/3r/Motors2/survival-craft/One_Man_Land/Content/Ground/Zona1/Dirt.uasset" 231
"../../../../../Uni/3r/Motors2/survival-craft/One_Man_Land/Content/Ground/Zona1/Material_008.uasset" 232
"../../../../../Uni/3r/Motors2/survival-craft/One_Man_Land/Content/Ground/Zona1/Zona1.uasset" 233
"../../../../../Uni/3r/Motors2/survival-craft/One_Man_Land/Content/Ground/Zona1/Zona1Terreny.uasset" 234
"../../../../../Uni/3r/Motors2/survival-craft/One_Man_Land/Content/MaterialMaker/MaterialMaker.uasset" 235
"../../../../../Uni/3r/Motors2/survival-craft/One_Man_Land/Content/PickupItems/Mesh/Poma.uasset" 236
"../../../../../Uni/3r/Motors2/survival-craft/One_Man_Land/Content/FirstPersonBP/HUD/Textures/AppleSprite.uasset" 237
"../../../../../Uni/3r/Motors2/survival-craft/One_Man_Land/Content/PickupItems/Mesh/Edibles/Pomapple/Apple_color.uasset" 238
"../../../../../Uni/3r/Motors2/survival-craft/One_Man_Land/Content/PickupItems/Mesh/Edibles/Pomapple/Material__25.uasset" 239
"../../../../../Uni/3r/Motors2/survival-craft/One_Man_Land/Content/PickupItems/Mesh/Edibles/Pomapple/Poma.uasset" 240
"../../../../../Uni/3r/Motors2/survival-craft/One_Man_Land/Content/PickupItems/PickupPrefabs/Edible/ApplePF.uasset" 241
"../../../../../Uni/3r/Motors2/survival-craft/One_Man_Land/Content/PickupItems/PickupPrefabs/ApplePF.uasset" 242
"../../../../../Uni/3r/Motors2/survival-craft/One_Man_Land/Content/PickupItems/PickupPrefabs/AxePF.uasset" 243
"../../../../../Uni/3r/Motors2/survival-craft/One_Man_Land/Content/FirstPersonBP/HUD/Textures/banana.uasset" 244
"../../../../../Uni/3r/Motors2/survival-craft/One_Man_Land/Content/StarterContent/Materials/M_Basic_Wall.uasset" 245
"../../../../../Uni/3r/Motors2/survival-craft/One_Man_Land/Content/StarterContent/Shapes/Shape_Pipe_180.uasset" 246
"../../../../../Uni/3r/Motors2/survival-craft/One_Man_Land/Content/PickupItems/PickupPrefabs/Edible/BananaPF.uasset" 247
"../../../../../Uni/3r/Motors2/survival-craft/One_Man_Land/Content/PickupItems/PickupPrefabs/BananaPF.uasset" 248
"../../../../../Uni/3r/Motors2/survival-craft/One_Man_Land/Content/PickupItems/PickupPrefabs/BinocularsPF.uasset" 249
"../../../../../Uni/3r/Motors2/survival-craft/One_Man_Land/Content/Ponts/Fusta3.uasset" 250
"../../../../../Uni/3r/Motors2/survival-craft/One_Man_Land/Content/Rabbit/RabbitAsPawn.uasset" 251
"../../../../../Uni/3r/Motors2/survival-craft/One_Man_Land/Content/Rabbit/RabbitBlendspace.uasset" 252
"../../../../../Uni/3r/Motors2/survival-craft/One_Man_Land/Content/Rocks/Rock.uasset" 253
"../../../Engine/Content/Functions/Engine_MaterialFunctions01/Opacity/CameraDepthFade.uasset" 254
"../../../Engine/Content/EngineMaterials/T_Default_Material_Grid_M.uasset" 255
"../../../Engine/Content/EngineMaterials/T_Default_Material_Grid_N.uasset" 256
"../../../Engine/Content/EngineMaterials/WorldGridMaterial.uasset" 257
"../../../../../Uni/3r/Motors2/survival-craft/One_Man_Land/Content/Rocks/Roques1.uasset" 258
"../../../../../Uni/3r/Motors2/survival-craft/One_Man_Land/Content/Rocks/Roques2.uasset" 259
"../../../../../Uni/3r/Motors2/survival-craft/One_Man_Land/Content/Rocks/Roques3.uasset" 260
"../../../../../Uni/3r/Motors2/survival-craft/One_Man_Land/Content/Rocks/Roques4.uasset" 261
"../../../../../Uni/3r/Motors2/survival-craft/One_Man_Land/Content/Rocks/Roques5.uasset" 262
"../../../../../Uni/3r/Motors2/survival-craft/One_Man_Land/Content/StarterContent/Architecture/Pillar_50x500.uasset" 263
"../../../../../Uni/3r/Motors2/survival-craft/One_Man_Land/Content/StarterContent/Architecture/Wall_400x300.uasset" 264
"../../../../../Uni/3r/Motors2/survival-craft/One_Man_Land/Content/StarterContent/Architecture/Wall_400x400.uasset" 265
"../../../../../Uni/3r/Motors2/survival-craft/One_Man_Land/Content/StarterContent/Architecture/Wall_500x500.uasset" 266
"../../../../../Uni/3r/Motors2/survival-craft/One_Man_Land/Content/StarterContent/Architecture/Wall_Door_400x400.uasset" 267
"../../../../../Uni/3r/Motors2/survival-craft/One_Man_Land/Content/StarterContent/Architecture/Wall_Window_400x400.uasset" 268
"../../../../../Uni/3r/Motors2/survival-craft/One_Man_Land/Content/StarterContent/Audio/Collapse01.uasset" 269
"../../../../../Uni/3r/Motors2/survival-craft/One_Man_Land/Content/StarterContent/Audio/Collapse02.uasset" 270
"../../../../../Uni/3r/Motors2/survival-craft/One_Man_Land/Content/StarterContent/Audio/Explosion01.uasset" 271
"../../../../../Uni/3r/Motors2/survival-craft/One_Man_Land/Content/StarterContent/Audio/Explosion02.uasset" 272
"../../../../../Uni/3r/Motors2/survival-craft/One_Man_Land/Content/StarterContent/Audio/Fire01.uasset" 273
"../../../../../Uni/3r/Motors2/survival-craft/One_Man_Land/Content/StarterContent/Audio/Fire_Sparks01.uasset" 274
"../../../../../Uni/3r/Motors2/survival-craft/One_Man_Land/Content/StarterContent/Audio/Light01.uasset" 275
"../../../../../Uni/3r/Motors2/survival-craft/One_Man_Land/Content/StarterContent/Audio/Light01_Cue.uasset" 276
"../../../../../Uni/3r/Motors2/survival-craft/One_Man_Land/Content/StarterContent/Audio/Light02.uasset" 277
"../../../../../Uni/3r/Motors2/survival-craft/One_Man_Land/Content/StarterContent/Audio/Light02_Cue.uasset" 278
"../../../../../Uni/3r/Motors2/survival-craft/One_Man_Land/Content/StarterContent/Audio/Smoke01.uasset" 279
"../../../../../Uni/3r/Motors2/survival-craft/One_Man_Land/Content/StarterContent/Audio/Starter_Birds01.uasset" 280
"../../../../../Uni/3r/Motors2/survival-craft/One_Man_Land/Content/StarterContent/Audio/Starter_Music01.uasset" 281
"../../../../../Uni/3r/Motors2/survival-craft/One_Man_Land/Content/StarterContent/Audio/Starter_Wind05.uasset" 282
"../../../../../Uni/3r/Motors2/survival-craft/One_Man_Land/Content/StarterContent/Audio/Starter_Wind06.uasset" 283
"../../../../../Uni/3r/Motors2/survival-craft/One_Man_Land/Content/StarterContent/Audio/Steam01.uasset" 284
"../../../../../Uni/3r/Motors2/survival-craft/One_Man_Land/Content/StarterContent/Audio/Explosion_Cue.uasset" 285
"../../../../../Uni/3r/Motors2/survival-craft/One_Man_Land/Content/StarterContent/Textures/T_Burst_M.uasset" 286
"../../../../../Uni/3r/Motors2/survival-craft/One_Man_Land/Content/StarterContent/Particles/Materials/M_Burst.uasset" 287
"../../../../../Uni/3r/Motors2/survival-craft/One_Man_Land/Content/StarterContent/Textures/T_Explosion_SubUV.uasset" 288
"../../../../../Uni/3r/Motors2/survival-craft/One_Man_Land/Content/StarterContent/Particles/Materials/M_explosion_subUV.uasset" 289
"../../../../../Uni/3r/Motors2/survival-craft/One_Man_Land/Content/StarterContent/Particles/Materials/m_flare_01.uasset" 290
"../../../Engine/Content/Functions/Engine_MaterialFunctions01/Gradient/RadialGradient.uasset" 291
"../../../../../Uni/3r/Motors2/survival-craft/One_Man_Land/Content/StarterContent/Particles/Materials/M_radial_ramp.uasset" 292
"../../../../../Uni/3r/Motors2/survival-craft/One_Man_Land/Content/StarterContent/Textures/T_Smoke_SubUV.uasset" 293
"../../../../../Uni/3r/Motors2/survival-craft/One_Man_Land/Content/StarterContent/Textures/T_Smoke_Tiled_D.uasset" 294
"../../../../../Uni/3r/Motors2/survival-craft/One_Man_Land/Content/StarterContent/Particles/Materials/M_smoke_subUV.uasset" 295
"../../../../../Uni/3r/Motors2/survival-craft/One_Man_Land/Content/StarterContent/Particles/P_Explosion.uasset" 296
"../../../../../Uni/3r/Motors2/survival-craft/One_Man_Land/Content/StarterContent/Blueprints/Blueprint_Effect_Explosion.uasset" 297
"../../../Engine/Content/EditorMeshes/ColorCalibrator/T_ColorGrid.uasset" 298
"../../../../../Uni/3r/Motors2/survival-craft/One_Man_Land/Content/StarterContent/Materials/M_ColorGrid_LowSpec.uasset" 299
"../../../../../Uni/3r/Motors2/survival-craft/One_Man_Land/Content/StarterContent/Textures/T_Bush_D.uasset" 300
"../../../../../Uni/3r/Motors2/survival-craft/One_Man_Land/Content/StarterContent/Textures/T_Bush_N.uasset" 301
"../../../../../Uni/3r/Motors2/survival-craft/One_Man_Land/Content/StarterContent/Props/Materials/M_Bush.uasset" 302
"../../../../../Uni/3r/Motors2/survival-craft/One_Man_Land/Content/StarterContent/Props/SM_Bush.uasset" 303
"../../../../../Uni/3r/Motors2/survival-craft/One_Man_Land/Content/StarterContent/Textures/T_Chair_M.uasset" 304
"../../../../../Uni/3r/Motors2/survival-craft/One_Man_Land/Content/StarterContent/Textures/T_Chair_N.uasset" 305
"../../../../../Uni/3r/Motors2/survival-craft/One_Man_Land/Content/StarterContent/Props/Materials/M_Chair.uasset" 306
"../../../../../Uni/3r/Motors2/survival-craft/One_Man_Land/Content/StarterContent/Props/SM_Couch.uasset" 307
"../../../../../Uni/3r/Motors2/survival-craft/One_Man_Land/Content/StarterContent/Materials/M_Glass.uasset" 308
"../../../../../Uni/3r/Motors2/survival-craft/One_Man_Land/Content/StarterContent/Textures/T_Door_M.uasset" 309
"../../../../../Uni/3r/Motors2/survival-craft/One_Man_Land/Content/StarterContent/Textures/T_Door_N.uasset" 310
"../../../../../Uni/3r/Motors2/survival-craft/One_Man_Land/Content/StarterContent/Props/Materials/M_Door.uasset" 311
"../../../../../Uni/3r/Motors2/survival-craft/One_Man_Land/Content/StarterContent/Props/SM_Door.uasset" 312
"../../../../../Uni/3r/Motors2/survival-craft/One_Man_Land/Content/StarterContent/Props/Materials/M_MaterialSphere.uasset" 313
"../../../../../Uni/3r/Motors2/survival-craft/One_Man_Land/Content/StarterContent/Props/Materials/M_MaterialSphere_Plain.uasset" 314
"../../../../../Uni/3r/Motors2/survival-craft/One_Man_Land/Content/StarterContent/Props/SM_MatPreviewMesh_02.uasset" 315
"../../../../../Uni/3r/Motors2/survival-craft/One_Man_Land/Content/StarterContent/Textures/T_Detail_Rocky_N.uasset" 316
"../../../../../Uni/3r/Motors2/survival-craft/One_Man_Land/Content/StarterContent/Textures/T_Rock_Basalt_D.uasset" 317
"../../../../../Uni/3r/Motors2/survival-craft/One_Man_Land/Content/StarterContent/Textures/T_RockMesh_M.uasset" 318
"../../../../../Uni/3r/Motors2/survival-craft/One_Man_Land/Content/StarterContent/Textures/T_RockMesh_N.uasset" 319
"../../../../../Uni/3r/Motors2/survival-craft/One_Man_Land/Content/StarterContent/Props/Materials/M_Rock.uasset" 320
"../../../../../Uni/3r/Motors2/survival-craft/One_Man_Land/Content/StarterContent/Props/SM_Rock.uasset" 321
"../../../../../Uni/3r/Motors2/survival-craft/One_Man_Land/Content/StarterContent/Textures/T_Shelf_M.uasset" 322
"../../../../../Uni/3r/Motors2/survival-craft/One_Man_Land/Content/StarterContent/Textures/T_Shelf_N.uasset" 323
"../../../../../Uni/3r/Motors2/survival-craft/One_Man_Land/Content/StarterContent/Props/Materials/M_Shelf.uasset" 324
"../../../../../Uni/3r/Motors2/survival-craft/One_Man_Land/Content/StarterContent/Props/SM_Shelf.uasset" 325
"../../../../../Uni/3r/Motors2/survival-craft/One_Man_Land/Content/StarterContent/Materials/M_Basic_Floor.uasset" 326
"../../../../../Uni/3r/Motors2/survival-craft/One_Man_Land/Content/StarterContent/Props/SM_Stairs.uasset" 327
"../../../../../Uni/3r/Motors2/survival-craft/One_Man_Land/Content/StarterContent/Shapes/Shape_Cone.uasset" 328
"../../../../../Uni/3r/Motors2/survival-craft/One_Man_Land/Content/StarterContent/Shapes/Shape_Cylinder.uasset" 329
"../../../../../Uni/3r/Motors2/survival-craft/One_Man_Land/Content/StarterContent/Shapes/Shape_NarrowCapsule.uasset" 330
"../../../../../Uni/3r/Motors2/survival-craft/One_Man_Land/Content/StarterContent/Shapes/Shape_Pipe.uasset" 331
"../../../../../Uni/3r/Motors2/survival-craft/One_Man_Land/Content/StarterContent/Shapes/Shape_Pipe_90.uasset" 332
"../../../../../Uni/3r/Motors2/survival-craft/One_Man_Land/Content/StarterContent/Shapes/Shape_Plane.uasset" 333
"../../../../../Uni/3r/Motors2/survival-craft/One_Man_Land/Content/StarterContent/Shapes/Shape_Torus.uasset" 334
"../../../../../Uni/3r/Motors2/survival-craft/One_Man_Land/Content/StarterContent/Shapes/Shape_Trim.uasset" 335
"../../../../../Uni/3r/Motors2/survival-craft/One_Man_Land/Content/StarterContent/Shapes/Shape_Trim_90_In.uasset" 336
"../../../../../Uni/3r/Motors2/survival-craft/One_Man_Land/Content/StarterContent/Shapes/Shape_Trim_90_Out.uasset" 337
"../../../../../Uni/3r/Motors2/survival-craft/One_Man_Land/Content/StarterContent/Shapes/Shape_TriPyramid.uasset" 338
"../../../../../Uni/3r/Motors2/survival-craft/One_Man_Land/Content/StarterContent/Shapes/Shape_Tube.uasset" 339
"../../../../../Uni/3r/Motors2/survival-craft/One_Man_Land/Content/StarterContent/Shapes/Shape_Wedge_A.uasset" 340
"../../../../../Uni/3r/Motors2/survival-craft/One_Man_Land/Content/StarterContent/Shapes/Shape_Wedge_B.uasset" 341
"../../../../../Uni/3r/Motors2/survival-craft/One_Man_Land/Content/StarterContent/Shapes/Shape_WideCapsule.uasset" 342
"../../../../../Uni/3r/Motors2/survival-craft/One_Man_Land/Content/Trees/TreeTemplate.uasset" 343
"../../../../../Uni/3r/Motors2/survival-craft/One_Man_Land/Content/VehicleBP/Maps/VehicleExampleMap_BuiltData.uasset" 344
"../../../../../Uni/3r/Motors2/survival-craft/One_Man_Land/Content/Water/AiguaPlane.uasset" 345
"../../../../../Uni/3r/Motors2/survival-craft/One_Man_Land/Content/Water/Waterfall.uasset" 346
"../../../../../Uni/3r/Motors2/survival-craft/One_Man_Land/Content/Water/CascadaPROVA2.uasset" 347
"../../../../../Uni/3r/Motors2/survival-craft/One_Man_Land/Content/Water/Color.uasset" 348
"../../../../../Uni/3r/Motors2/survival-craft/One_Man_Land/Content/Water/FoamDet3_Plane.uasset" 349
"../../../../../Uni/3r/Motors2/survival-craft/One_Man_Land/Content/Water/WaterPlane.uasset" 350
"../../../../../Uni/3r/Motors2/survival-craft/One_Man_Land/Content/Water/PROVA3.uasset" 351
"../../../Engine/Content/Functions/Engine_MaterialFunctions01/Gradient/LinearGradient.uasset" 352
"../../../Engine/Content/Functions/Engine_MaterialFunctions01/ImageAdjustment/CheapContrast.uasset" 353
"../../../../../Uni/3r/Motors2/survival-craft/One_Man_Land/Content/Water/LowResBlurredNoise.uasset" 354
"../../../../../Uni/3r/Motors2/survival-craft/One_Man_Land/Content/Water/WaterMat.uasset" 355
"../../../../../Uni/3r/Motors2/survival-craft/One_Man_Land/Content/Water/Water1.uasset" 356
"../../../../../Uni/3r/Motors2/survival-craft/One_Man_Land/Content/Water/Water2.uasset" 357
"../../../../../Uni/3r/Motors2/survival-craft/One_Man_Land/Content/Water/WaterfallMat.uasset" 358
"../../../../../Uni/3r/Motors2/survival-craft/One_Man_Land/Content/Water/Water4.uasset" 359
"../../../Engine/Content/Animation/DefaultAnimCurveCompressionSettings.uasset" 360
"../../../Engine/Content/ArtTools/RenderToTexture/Meshes/S_1_Unit_Plane.uasset" 361
"../../../Engine/Content/EngineMaterials/DefaultMaterial.uasset" 362
"../../../Engine/Content/BasicShapes/Cone.uasset" 363
"../../../Engine/Content/BasicShapes/Cylinder.uasset" 364
"../../../Engine/Content/BasicShapes/Plane.uasset" 365
"../../../Engine/Content/BasicShapes/Sphere.uasset" 366
"../../../Engine/Content/EditorLandscapeResources/DataLayer.uasset" 367
"../../../Engine/Content/EditorMaterials/MAT_Groups_Toggle.uasset" 368
"../../../Engine/Content/EditorMaterials/MAT_Groups_Visibility.uasset" 369
"../../../Engine/Content/EditorMaterials/PreviewShadowIndicator.uasset" 370
"../../../Engine/Content/EditorMaterials/PreviewShadowIndicatorMaterial.uasset" 371
"../../../Engine/Content/EditorMaterials/MatineeGroups/MAT_ColorTrack.uasset" 372
"../../../Engine/Content/EditorMaterials/MatineeGroups/MAT_Groups_Anim.uasset" 373
"../../../Engine/Content/EditorMaterials/MatineeGroups/MAT_Groups_AudioMaster.uasset" 374
"../../../Engine/Content/EditorMaterials/MatineeGroups/MAT_Groups_Director.uasset" 375
"../../../Engine/Content/EditorMaterials/MatineeGroups/MAT_Groups_Event.uasset" 376
"../../../Engine/Content/EditorMaterials/MatineeGroups/MAT_Groups_Fade.uasset" 377
"../../../Engine/Content/EditorMaterials/MatineeGroups/MAT_Groups_Float.uasset" 378
"../../../Engine/Content/EditorMaterials/MatineeGroups/MAT_Groups_Move.uasset" 379
"../../../Engine/Content/EditorMaterials/MatineeGroups/MAT_Groups_Slomo.uasset" 380
"../../../Engine/Content/EditorMaterials/MatineeGroups/MAT_Groups_Sound.uasset" 381
"../../../Engine/Content/EditorMaterials/MatineeGroups/MAT_Groups_Vector.uasset" 382
"../../../Engine/Content/EditorMaterials/ParticleSystems/PSysThumbnail_NoImage.uasset" 383
"../../../Engine/Content/EditorMaterials/ParticleSystems/PSysThumbnail_OOD.uasset" 384
"../../../Engine/Content/EditorMaterials/Camera/CineMat.uasset" 385
"../../../Engine/Content/EditorMaterials/Camera/MI_CineMat_Rig.uasset" 386
"../../../Engine/Content/EditorMeshes/Camera/SM_CraneRig_Arm.uasset" 387
"../../../Engine/Content/EditorMeshes/Camera/SM_CraneRig_Base.uasset" 388
"../../../Engine/Content/EditorMeshes/Camera/SM_CraneRig_Body.uasset" 389
"../../../Engine/Content/EditorMeshes/Camera/SM_CraneRig_Mount.uasset" 390
"../../../Engine/Content/EditorMeshes/Camera/SM_RailRig_Mount.uasset" 391
"../../../Engine/Content/EditorMeshes/Camera/SM_RailRig_Track.uasset" 392
"../../../Engine/Content/EditorResources/BSPVertex.uasset" 393
"../../../Engine/Content/EditorResources/EmptyActor.uasset" 394
"../../../Engine/Content/EditorResources/S_Actor.uasset" 395
"../../../Engine/Content/EditorResources/S_Note.uasset" 396
"../../../Engine/Content/EditorResources/S_Solver.uasset" 397
"../../../Engine/Content/EditorResources/S_Trigger.uasset" 398
"../../../Engine/Content/EditorResources/AudioIcons/S_AudioComponent.uasset" 399
"../../../Engine/Content/EditorResources/AudioIcons/S_AudioComponent_AutoActivate.uasset" 400
"../../../Engine/Content/EditorResources/LightIcons/S_LightError.uasset" 401
"../../../Engine/Content/EditorResources/SequenceRecorder/Countdown.uasset" 402
"../../../Engine/Content/EditorResources/SequenceRecorder/RecordingIndicator.uasset" 403
"../../../Engine/Content/EditorSounds/Notifications/CompileFailed.uasset" 404
"../../../Engine/Content/EditorSounds/Notifications/CompileFailed_Cue.uasset" 405
"../../../Engine/Content/EditorSounds/Notifications/CompileSuccess.uasset" 406
"../../../Engine/Content/EditorSounds/Notifications/CompileStart_Cue.uasset" 407
"../../../Engine/Content/EditorSounds/Notifications/CompileSuccess_Cue.uasset" 408
"../../../Engine/Content/EngineDamageTypes/DmgTypeBP_Environmental.uasset" 409
"../../../Engine/Content/EngineDebugMaterials/DebugEditorMaterial.uasset" 410
"../../../Engine/Content/EngineDebugMaterials/DebugMeshMaterial.uasset" 411
"../../../Engine/Content/EngineDebugMaterials/M_SimpleTranslucent.uasset" 412
"../../../Engine/Content/Functions/Engine_MaterialFunctions02/Utility/CameraDirectionVector.uasset" 413
"../../../Engine/Content/EngineDebugMaterials/VolumeToRender.uasset" 414
"../../../Engine/Content/EngineDebugMaterials/M_VolumeRenderSphereTracePP.uasset" 415
"../../../Engine/Content/EngineDebugMaterials/WireframeMaterial.uasset" 416
"../../../Engine/Content/EngineFonts/Faces/RobotoBold.uasset" 417
"../../../Engine/Content/EngineFonts/Faces/RobotoBoldItalic.uasset" 418
"../../../Engine/Content/EngineFonts/Faces/RobotoItalic.uasset" 419
"../../../Engine/Content/EngineFonts/Faces/RobotoLight.uasset" 420
"../../../Engine/Content/EngineFonts/Faces/RobotoRegular.uasset" 421
"../../../Engine/Content/EngineFonts/Roboto.uasset" 422
"../../../Engine/Content/EngineMaterials/BaseFlattenDiffuseMap.uasset" 423
"../../../Engine/Content/EngineMaterials/BaseFlattenEmissiveMap.uasset" 424
"../../../Engine/Content/EngineMaterials/BaseFlattenGrayscaleMap.uasset" 425
"../../../Engine/Content/EngineMaterials/BaseFlattenNormalMap.uasset" 426
"../../../Engine/Content/EngineMaterials/BaseFlattenMaterial.uasset" 427
"../../../Engine/Content/EngineMaterials/BlueNoise.uasset" 428
"../../../Engine/Content/EngineMaterials/DefaultBloomKernel.uasset" 429
"../../../Engine/Content/EngineMaterials/DefaultBokeh.uasset" 430
"../../../Engine/Content/EngineMaterials/DefaultDiffuse.uasset" 431
"../../../Engine/Content/EngineMaterials/DefaultDeferredDecalMaterial.uasset" 432
"../../../Engine/Content/EngineMaterials/DefaultLightFunctionMaterial.uasset" 433
"../../../Engine/Content/EngineMaterials/DefaultPhysicalMaterial.uasset" 434
"../../../Engine/Content/Functions/Engine_MaterialFunctions02/Utility/BreakOutFloat2Components.uasset" 435
"../../../Engine/Content/EngineMaterials/DefaultPostProcessMaterial.uasset" 436
"../../../Engine/Content/EngineFonts/RobotoDistanceField.uasset" 437
"../../../Engine/Content/EngineMaterials/DefaultTextMaterialOpaque.uasset" 438
"../../../Engine/Content/EngineMaterials/DefaultVirtualTextureMaterial.uasset" 439
"../../../Engine/Content/EngineMaterials/DefaultWhiteGrid.uasset" 440
"../../../Engine/Content/EngineMaterials/DefaultWhiteGrid_Low.uasset" 441
"../../../Engine/Content/EngineMaterials/EmissiveMeshMaterial.uasset" 442
"../../../Engine/Content/EngineMaterials/GizmoMaterial.uasset" 443
"../../../Engine/Content/EngineMaterials/Good64x64TilingNoiseHighFreq.uasset" 444
"../../../Engine/Content/EngineMaterials/HairDefaultMaterial.uasset" 445
"../../../Engine/Content/EngineMaterials/MiniFont.uasset" 446
"../../../Engine/Content/EngineMaterials/InvalidLightmapSettings.uasset" 447
"../../../Engine/Content/EngineMaterials/M_InvalidLightmapSettings.uasset" 448
"../../../Engine/Content/Functions/Engine_MaterialFunctions02/WorldPositionOffset/CameraOffset.uasset" 449
"../../../Engine/Content/EngineMaterials/PhAT_JointLimitMaterial.uasset" 450
"../../../Engine/Content/EngineMaterials/PreintegratedSkinBRDF.uasset" 451
"../../../Engine/Content/EngineMaterials/RemoveSurfaceMaterial.uasset" 452
"../../../Engine/Content/EngineMaterials/WeightMapPlaceholderTexture.uasset" 453
"../../../Engine/Content/EngineResources/WhiteSquareTexture.uasset" 454
"../../../Engine/Content/EngineMaterials/Widget3DPassThrough.uasset" 455
"../../../Engine/Content/EngineMaterials/Widget3DPassThrough_Masked.uasset" 456
"../../../Engine/Content/EngineMaterials/Widget3DPassThrough_Opaque.uasset" 457
"../../../Engine/Content/EngineMaterials/Widget3DPassThrough_Masked_OneSided.uasset" 458
"../../../Engine/Content/EngineMaterials/Widget3DPassThrough_Opaque_OneSided.uasset" 459
"../../../Engine/Content/EngineMaterials/Widget3DPassThrough_Translucent.uasset" 460
"../../../Engine/Content/EngineMaterials/Widget3DPassThrough_Translucent_OneSided.uasset" 461
"../../../Engine/Content/EngineMeshes/Cylinder.uasset" 462
"../../../Engine/Content/EngineMeshes/Sphere.uasset" 463
"../../../Engine/Content/EngineResources/Black.uasset" 464
"../../../Engine/Content/EngineResources/DefaultTexture.uasset" 465
"../../../Engine/Content/EngineResources/DefaultTextureCube.uasset" 466
"../../../Engine/Content/EngineResources/DefaultVolumeTexture2D.uasset" 467
"../../../Engine/Content/EngineResources/DefaultVolumeTexture.uasset" 468
"../../../Engine/Content/EngineResources/GradientTexture0.uasset" 469
"../../../Engine/Content/EngineSounds/Master.uasset" 470
"../../../Engine/Content/Functions/Engine_MaterialFunctions01/Shading/ConvertFromDiffSpec.uasset" 471
"../../../Engine/Content/Functions/Engine_MaterialFunctions01/Shading/PowerToRoughness.uasset" 472
"../../../Engine/Content/Maps/Templates/Thumbnails/Default.uasset" 473
"../../../Engine/Content/Maps/Templates/Thumbnails/TimeOfDay.uasset" 474
"../../../Engine/Content/Maps/Templates/Thumbnails/VR-Basic.uasset" 475
"../../../Engine/Content/MobileResources/T_MobileControls_texture.uasset" 476
"../../../Engine/Content/MobileResources/T_MobileMenu2.uasset" 477
"../../../Engine/Content/MobileResources/HUD/VirtualJoystick_Background.uasset" 478
"../../../Engine/Content/MobileResources/HUD/VirtualJoystick_Thumb.uasset" 479
"../../../Engine/Content/MobileResources/HUD/DefaultVirtualJoysticks.uasset" 480
"../../../Engine/Content/MobileResources/HUD/LeftVirtualJoystickOnly.uasset" 481
"../../../Engine/Content/MobileResources/HUD/MobileHUDButton1_off.uasset" 482
"../../../Engine/Content/MobileResources/HUD/MobileHUDButton1_on.uasset" 483
"../../../Engine/Content/MobileResources/HUD/MobileHUDButton2_off.uasset" 484
"../../../Engine/Content/MobileResources/HUD/MobileHUDButton2_on.uasset" 485
"../../../Engine/Content/MobileResources/HUD/MobileHUDButton3.uasset" 486
"../../../Engine/Content/MobileResources/HUD/MobileHUDButtonFire.uasset" 487
"../../../Engine/Content/MobileResources/HUD/MobileHUDDirectionPad.uasset" 488
"../../../Engine/Content/MobileResources/HUD/MobileHUDDirectionPad2.uasset" 489
"../../../Engine/Content/MobileResources/HUD/MobileHUDDirectionPad3.uasset" 490
"../../../Engine/Content/MobileResources/HUD/MobileHUDDirectionStick.uasset" 491
"../../../Engine/Content/MobileResources/HUD/T_Castle_ThumbstickInner.uasset" 492
"../../../Engine/Content/MobileResources/HUD/T_Castle_ThumbstickOutter.uasset" 493
"../../../Engine/Content/Tutorial/ContentIntroCurve.uasset" 494
"../../../Engine/Content/Tutorial/Basics/LevelEditorAttract.uasset" 495
"../../../Engine/Content/Tutorial/Basics/TutorialAssets/icon_tab_Levels_40x.uasset" 496
"../../../Engine/Content/Tutorial/Basics/LevelEditorOverview.uasset" 497
"../../../Engine/Content/Tutorial/BlueprintTutorials/TutorialAssets/Blueprint_64x.uasset" 498
"../../../Engine/Content/Tutorial/BlueprintTutorials/BlueprintEditorTutorial.uasset" 499
"../../../Engine/Content/Tutorial/Foliage/TutorialAssets/Foliage.uasset" 500
"../../../Engine/Content/Tutorial/Foliage/Foliage_Intro_Tutorial.uasset" 501
"../../../Engine/Content/Tutorial/Foliage/Foliage_Settings_Tutorial.uasset" 502
"../../../Engine/Content/Tutorial/Foliage/Foliage_Using_The_Tool_Tutorial.uasset" 503
"../../../Engine/Content/VREditor/LaserPointer/VR_LaserPower_01.uasset" 504
"../../../Engine/Content/VREditor/TransformGizmo/TransformGizmoMaterial.uasset" 505
"../../../Engine/Content/VREditor/TransformGizmo/TranslucentTransformGizmoMaterial.uasset" 506
"../../../Engine/Content/VREditor/TransformGizmo/BoundingBoxCorner.uasset" 507
"../../../Engine/Content/VREditor/TransformGizmo/BoundingBoxEdge.uasset" 508
"../../../Engine/Content/VREditor/TransformGizmo/PlaneTranslationHandle.uasset" 509
"../../../Engine/Content/VREditor/TransformGizmo/Main.uasset" 510
"../../../Engine/Content/VREditor/TransformGizmo/Xray.uasset" 511
"../../../Engine/Content/VREditor/TransformGizmo/SM_Sequencer_Key.uasset" 512
"../../../Engine/Content/VREditor/TransformGizmo/SM_Sequencer_Node.uasset" 513
"../../Plugins/2D/Paper2D/Content/PlaceholderTextures/DummySpriteTexture.uasset" 514
"../../Plugins/2D/Paper2D/Content/DummySprite.uasset" 515
"../../Plugins/2D/Paper2D/Content/DefaultPaperTerrainMaterial.uasset" 516
"../../Plugins/2D/Paper2D/Content/DummySpriteTexture.uasset" 517
"../../Plugins/2D/Paper2D/Content/DefaultSpriteMaterial.uasset" 518
"../../Plugins/2D/Paper2D/Content/MaskedUnlitSpriteMaterial.uasset" 519
"../../Plugins/2D/Paper2D/Content/OpaqueUnlitSpriteMaterial.uasset" 520
"../../../Engine/Content/Functions/Engine_MaterialFunctions02/Utility/BreakOutFloat4Components.uasset" 521
"../../../Engine/Content/Functions/Engine_MaterialFunctions02/Utility/MakeFloat2.uasset" 522
"../../../Engine/Content/Functions/Engine_MaterialFunctions02/Utility/MakeFloat3.uasset" 523
"../../Plugins/Runtime/Oculus/OculusVR/Content/Materials/OculusMR_ChromaKey.uasset" 524
"../../Plugins/Runtime/Oculus/OculusVR/Content/Materials/OculusMR_ChromaKey_Lit.uasset" 525
"../../Plugins/Runtime/Oculus/OculusVR/Content/Materials/OculusMR_OpaqueColoredMaterial.uasset" 526
"../../Plugins/Runtime/Oculus/OculusVR/Content/Materials/OculusMR_WhiteMaterial.uasset" 527
"../../../../../Uni/3r/Motors2/survival-craft/One_Man_Land/Content/FirstPersonBP/Maps/TITOL_BLANC.uasset" 528
"../../../../../Uni/3r/Motors2/survival-craft/One_Man_Land/Content/FirstPersonBP/Maps/CreditosHUD.uasset" 529
"../../../../../Uni/3r/Motors2/survival-craft/One_Man_Land/Content/FirstPersonBP/Maps/Credits.umap" 530
"../../../Engine/Content/EngineSky/C_Sky_Cloud_Color.uasset" 531
"../../../Engine/Content/EngineSky/C_Sky_Horizon_Color.uasset" 532
"../../../Engine/Content/EngineSky/C_Sky_Zenith_Color.uasset" 533
"../../../Engine/Content/EngineSky/T_Sky_Blue.uasset" 534
"../../../Engine/Content/EngineSky/T_Sky_Clouds_M.uasset" 535
"../../../Engine/Content/EngineSky/T_Sky_Stars.uasset" 536
"../../../Engine/Content/EngineSky/M_Sky_Panning_Clouds2.uasset" 537
"../../../Engine/Content/EngineSky/SM_SkySphere.uasset" 538
"../../../Engine/Content/EngineSky/BP_Sky_Sphere.uasset" 539
"../../../../../Uni/3r/Motors2/survival-craft/One_Man_Land/Content/FirstPersonBP/Blueprints/FirstPersonGameMode.uasset" 540
"../../../../../Uni/3r/Motors2/survival-craft/One_Man_Land/Content/Ponts/Fusta1.uasset" 541
"../../../../../Uni/3r/Motors2/survival-craft/One_Man_Land/Content/Ponts/Fusta2.uasset" 542
"../../../../../Uni/3r/Motors2/survival-craft/One_Man_Land/Content/Ponts/PontDestruitPetit.uasset" 543
"../../../../../Uni/3r/Motors2/survival-craft/One_Man_Land/Content/Ponts/PontSencerPetit.uasset" 544
"../../../../../Uni/3r/Motors2/survival-craft/One_Man_Land/Content/Ponts/FixBridge.uasset" 545
"../../../../../Uni/3r/Motors2/survival-craft/One_Man_Land/Content/Ponts/PontDestruitGran.uasset" 546
"../../../../../Uni/3r/Motors2/survival-craft/One_Man_Land/Content/Ponts/PontSencerGran.uasset" 547
"../../../../../Uni/3r/Motors2/survival-craft/One_Man_Land/Content/Ponts/FixBridgeGran.uasset" 548
"../../../../../Uni/3r/Motors2/survival-craft/One_Man_Land/Content/Quad/QuadWheel.uasset" 549
"../../../../../Uni/3r/Motors2/survival-craft/One_Man_Land/Content/Quad/Quad_TexF.uasset" 550
"../../../../../Uni/3r/Motors2/survival-craft/One_Man_Land/Content/Quad/Material__3.uasset" 551
"../../../../../Uni/3r/Motors2/survival-craft/One_Man_Land/Content/Quad/Material__4.uasset" 552
"../../../../../Uni/3r/Motors2/survival-craft/One_Man_Land/Content/Quad/QuadModel_PhysicsAsset.uasset" 553
"../../../../../Uni/3r/Motors2/survival-craft/One_Man_Land/Content/Quad/QuadModel_Skeleton.uasset" 554
"../../../../../Uni/3r/Motors2/survival-craft/One_Man_Land/Content/Quad/QuadModel.uasset" 555
"../../../../../Uni/3r/Motors2/survival-craft/One_Man_Land/Content/Quad/Quad.uasset" 556
"../../../../../Uni/3r/Motors2/survival-craft/One_Man_Land/Content/Water/WaterBP.uasset" 557
"../../../../../Uni/3r/Motors2/survival-craft/One_Man_Land/Content/Ground/Gespa2.uasset" 558
"../../../../../Uni/3r/Motors2/survival-craft/One_Man_Land/Content/Ground/Invisible.uasset" 559
"../../../../../Uni/3r/Motors2/survival-craft/One_Man_Land/Content/TorreRadio/Fusta1.uasset" 560
"../../../../../Uni/3r/Motors2/survival-craft/One_Man_Land/Content/TorreRadio/Fusta2.uasset" 561
"../../../../../Uni/3r/Motors2/survival-craft/One_Man_Land/Content/Water/FoamMat.uasset" 562
"../../../../../Uni/3r/Motors2/survival-craft/One_Man_Land/Content/Water/Foam2.uasset" 563
"../../../Engine/Content/EngineMeshes/Cube.uasset" 564
"../../../../../Uni/3r/Motors2/survival-craft/One_Man_Land/Content/DestroyedCar/CarText.uasset" 565
"../../../../../Uni/3r/Motors2/survival-craft/One_Man_Land/Content/DestroyedCar/Material__1.uasset" 566
"../../../../../Uni/3r/Motors2/survival-craft/One_Man_Land/Content/DestroyedCar/DestroyedCar.uasset" 567
"../../../../../Uni/3r/Motors2/survival-craft/One_Man_Land/Content/Foliage/Roca/roca_color.uasset" 568
"../../../../../Uni/3r/Motors2/survival-craft/One_Man_Land/Content/Foliage/Roca/Material__25.uasset" 569
"../../../../../Uni/3r/Motors2/survival-craft/One_Man_Land/Content/Foliage/Roca/Roca1.uasset" 570
"../../../../../Uni/3r/Motors2/survival-craft/One_Man_Land/Content/Ground/BarreraCova.uasset" 571
"../../../../../Uni/3r/Motors2/survival-craft/One_Man_Land/Content/Ground/Gespa1.uasset" 572
"../../../../../Uni/3r/Motors2/survival-craft/One_Man_Land/Content/Ground/Neu.uasset" 573
"../../../../../Uni/3r/Motors2/survival-craft/One_Man_Land/Content/Ground/Terra.uasset" 574
"../../../../../Uni/3r/Motors2/survival-craft/One_Man_Land/Content/Ground/TerraRiu.uasset" 575
"../../../../../Uni/3r/Motors2/survival-craft/One_Man_Land/Content/Ground/Mapa.uasset" 576
"../../../../../Uni/3r/Motors2/survival-craft/One_Man_Land/Content/TorreRadio/Emissive.uasset" 577
"../../../../../Uni/3r/Motors2/survival-craft/One_Man_Land/Content/TorreRadio/Fusta3.uasset" 578
"../../../../../Uni/3r/Motors2/survival-craft/One_Man_Land/Content/TorreRadio/Glass.uasset" 579
"../../../../../Uni/3r/Motors2/survival-craft/One_Man_Land/Content/TorreRadio/Metall1.uasset" 580
"../../../../../Uni/3r/Motors2/survival-craft/One_Man_Land/Content/TorreRadio/Metall2.uasset" 581
"../../../../../Uni/3r/Motors2/survival-craft/One_Man_Land/Content/TorreRadio/TorreRadio.uasset" 582
"../../../../../Uni/3r/Motors2/survival-craft/One_Man_Land/Content/Water/Foam.uasset" 583
"../../../../../Uni/3r/Motors2/survival-craft/One_Man_Land/Content/FirstPersonBP/Maps/Main.umap" 584
"../../../../../Uni/3r/Motors2/survival-craft/One_Man_Land/Content/FirstPersonBP/Maps/MenuHUD.uasset" 585
"../../../../../Uni/3r/Motors2/survival-craft/One_Man_Land/Content/FirstPersonBP/Maps/MenuProva.umap" 586
"../../../Engine/Content/BasicShapes/BasicShapeMaterial.uasset" 587
"../../../Engine/Content/BasicShapes/Cube.uasset" 588
"../../../../../Uni/3r/Motors2/survival-craft/One_Man_Land/Content/Camping/Camp.uasset" 589
"../../../../../Uni/3r/Motors2/survival-craft/One_Man_Land/Content/MaterialMaker/Mesh/AppleTree/Leaves.uasset" 590
"../../../../../Uni/3r/Motors2/survival-craft/One_Man_Land/Content/MaterialMaker/Mesh/AppleTree/Tronc.uasset" 591
"../../../../../Uni/3r/Motors2/survival-craft/One_Man_Land/Content/MaterialMaker/Mesh/AppleTree/ArbreNoPomes.uasset" 592
"../../../../../Uni/3r/Motors2/survival-craft/One_Man_Land/Content/MaterialMaker/Mesh/AppleTree/Poma.uasset" 593
"../../../../../Uni/3r/Motors2/survival-craft/One_Man_Land/Content/MaterialMaker/Mesh/AppleTree/ArbrePomes.uasset" 594
"../../../../../Uni/3r/Motors2/survival-craft/One_Man_Land/Content/MaterialMaker/TreesPF/AppleTreePF.uasset" 595
"../../../../../Uni/3r/Motors2/survival-craft/One_Man_Land/Content/MaterialMaker/TreesPF/UndestroyableTreePF.uasset" 596
"../../../../../Uni/3r/Motors2/survival-craft/One_Man_Land/Content/FirstPersonBP/HUD/Textures/BranchSprite.uasset" 597
"../../../../../Uni/3r/Motors2/survival-craft/One_Man_Land/Content/PickupItems/Mesh/Materials/Branch/Branch.uasset" 598
"../../../../../Uni/3r/Motors2/survival-craft/One_Man_Land/Content/PickupItems/PickupPrefabs/Material/BranchPF.uasset" 599
"../../../../../Uni/3r/Motors2/survival-craft/One_Man_Land/Content/CasaSenyorito/CasaFinal.uasset" 600
"../../../../../Uni/3r/Motors2/survival-craft/One_Man_Land/Content/DestroyedCar/CarDestroyed.uasset" 601
"../../../../../Uni/3r/Motors2/survival-craft/One_Man_Land/Content/Geometry/Meshes/1M_Cube.uasset" 602
"../../../../../Uni/3r/Motors2/survival-craft/One_Man_Land/Content/FirstPersonBP/Maps/Testing.umap" 603
"../../../../../Uni/3r/Motors2/survival-craft/One_Man_Land/Content/StarterContent/Blueprints/Assets/FogBrightnessLUT.uasset" 604
"../../../../../Uni/3r/Motors2/survival-craft/One_Man_Land/Content/StarterContent/Blueprints/Assets/SunlightColorLUT.uasset" 605
"../../../../../Uni/3r/Motors2/survival-craft/One_Man_Land/Content/StarterContent/Blueprints/Assets/M_LightStage_Arrows.uasset" 606
"../../../Engine/Content/MapTemplates/Sky/DaylightAmbientCubemap.uasset" 607
"../../../../../Uni/3r/Motors2/survival-craft/One_Man_Land/Content/StarterContent/Blueprints/Assets/M_LightStage_Skybox_Master.uasset" 608
"../../../../../Uni/3r/Motors2/survival-craft/One_Man_Land/Content/StarterContent/Blueprints/Assets/M_LightStage_Skybox_Black.uasset" 609
"../../../../../Uni/3r/Motors2/survival-craft/One_Man_Land/Content/StarterContent/Blueprints/Assets/M_LightStage_Skybox_HDRI.uasset" 610
"../../../Engine/Content/EditorMaterials/Thumbnails/SkySphereMaterial.uasset" 611
"../../../../../Uni/3r/Motors2/survival-craft/One_Man_Land/Content/StarterContent/Blueprints/Assets/Skybox.uasset" 612
"../../../../../Uni/3r/Motors2/survival-craft/One_Man_Land/Content/StarterContent/Blueprints/Assets/SM_Arrows.uasset" 613
"../../../../../Uni/3r/Motors2/survival-craft/One_Man_Land/Content/StarterContent/HDRI/HDRI_Epic_Courtyard_Daylight.uasset" 614
"../../../../../Uni/3r/Motors2/survival-craft/One_Man_Land/Content/StarterContent/Blueprints/BP_LightStudio.uasset" 615
"../../../../../Uni/3r/Motors2/survival-craft/One_Man_Land/Content/StarterContent/Materials/M_AssetPlatform.uasset" 616
"../../../Engine/Content/EditorMeshes/ColorCalibrator/M_ChromeBall.uasset" 617
"../../../Engine/Content/EditorMeshes/ColorCalibrator/M_ClearCoat.uasset" 618
"../../../Engine/Content/EditorMeshes/ColorCalibrator/M_ClearCoatBlack.uasset" 619
"../../../Engine/Content/EditorMeshes/ColorCalibrator/Color_checker.uasset" 620
"../../../Engine/Content/EditorMeshes/ColorCalibrator/M_ColorGrid.uasset" 621
"../../../Engine/Content/EditorMeshes/ColorCalibrator/M_GreyBall.uasset" 622
"../../../Engine/Content/EditorMeshes/ColorCalibrator/SM_ColorCalibrator.uasset" 623
"../../../../../Uni/3r/Motors2/survival-craft/One_Man_Land/Content/StarterContent/Architecture/SM_AssetPlatform.uasset" 624
"../../../../../Uni/3r/Motors2/survival-craft/One_Man_Land/Content/StarterContent/Maps/Advanced_Lighting.umap" 625
"../../../../../Uni/3r/Motors2/survival-craft/One_Man_Land/Content/StarterContent/Textures/T_MacroVariation.uasset" 626
"../../../../../Uni/3r/Motors2/survival-craft/One_Man_Land/Content/StarterContent/Materials/M_Metal_Brushed_Nickel.uasset" 627
"../../../../../Uni/3r/Motors2/survival-craft/One_Man_Land/Content/StarterContent/Textures/T_Metal_Aluminum_D.uasset" 628
"../../../../../Uni/3r/Motors2/survival-craft/One_Man_Land/Content/StarterContent/Textures/T_Metal_Gold_N.uasset" 629
"../../../../../Uni/3r/Motors2/survival-craft/One_Man_Land/Content/StarterContent/Materials/M_Metal_Burnished_Steel.uasset" 630
"../../../../../Uni/3r/Motors2/survival-craft/One_Man_Land/Content/StarterContent/Textures/T_Metal_Copper_D.uasset" 631
"../../../../../Uni/3r/Motors2/survival-craft/One_Man_Land/Content/StarterContent/Materials/M_Metal_Copper.uasset" 632
"../../../../../Uni/3r/Motors2/survival-craft/One_Man_Land/Content/StarterContent/Textures/T_Statue_M.uasset" 633
"../../../../../Uni/3r/Motors2/survival-craft/One_Man_Land/Content/StarterContent/Textures/T_Statue_N.uasset" 634
"../../../../../Uni/3r/Motors2/survival-craft/One_Man_Land/Content/StarterContent/Props/Materials/M_StatueGlass.uasset" 635
"../../../../../Uni/3r/Motors2/survival-craft/One_Man_Land/Content/StarterContent/Architecture/Floor_400x400.uasset" 636
"../../../../../Uni/3r/Motors2/survival-craft/One_Man_Land/Content/StarterContent/Audio/Starter_Background_Cue.uasset" 637
"../../../../../Uni/3r/Motors2/survival-craft/One_Man_Land/Content/StarterContent/Props/SM_Chair.uasset" 638
"../../../../../Uni/3r/Motors2/survival-craft/One_Man_Land/Content/StarterContent/Props/Materials/M_Statue.uasset" 639
"../../../../../Uni/3r/Motors2/survival-craft/One_Man_Land/Content/StarterContent/Props/SM_Statue.uasset" 640
"../../../../../Uni/3r/Motors2/survival-craft/One_Man_Land/Content/StarterContent/Textures/T_TableRound_M.uasset" 641
"../../../../../Uni/3r/Motors2/survival-craft/One_Man_Land/Content/StarterContent/Textures/T_TableRound_N.uasset" 642
"../../../../../Uni/3r/Motors2/survival-craft/One_Man_Land/Content/StarterContent/Props/Materials/M_TableRound.uasset" 643
"../../../../../Uni/3r/Motors2/survival-craft/One_Man_Land/Content/StarterContent/Props/SM_TableRound.uasset" 644
"../../../../../Uni/3r/Motors2/survival-craft/One_Man_Land/Content/StarterContent/Maps/Minimal_Default.umap" 645
"../../../../../Uni/3r/Motors2/survival-craft/One_Man_Land/Content/StarterContent/Audio/Fire01_Cue.uasset" 646
"../../../../../Uni/3r/Motors2/survival-craft/One_Man_Land/Content/StarterContent/Textures/T_Fire_SubUV.uasset" 647
"../../../../../Uni/3r/Motors2/survival-craft/One_Man_Land/Content/StarterContent/Textures/T_Fire_Tiled_D.uasset" 648
"../../../../../Uni/3r/Motors2/survival-craft/One_Man_Land/Content/StarterContent/Particles/Materials/M_Fire_SubUV.uasset" 649
"../../../../../Uni/3r/Motors2/survival-craft/One_Man_Land/Content/StarterContent/Textures/T_Water_N.uasset" 650
"../../../../../Uni/3r/Motors2/survival-craft/One_Man_Land/Content/StarterContent/Particles/Materials/M_Heat_Distortion.uasset" 651
"../../../../../Uni/3r/Motors2/survival-craft/One_Man_Land/Content/StarterContent/Particles/Materials/M_Radial_Gradient.uasset" 652
"../../../../../Uni/3r/Motors2/survival-craft/One_Man_Land/Content/StarterContent/Particles/P_Fire.uasset" 653
"../../../../../Uni/3r/Motors2/survival-craft/One_Man_Land/Content/StarterContent/Blueprints/Blueprint_Effect_Fire.uasset" 654
"../../../../../Uni/3r/Motors2/survival-craft/One_Man_Land/Content/StarterContent/Audio/Smoke01_Cue.uasset" 655
"../../../../../Uni/3r/Motors2/survival-craft/One_Man_Land/Content/StarterContent/Particles/P_Smoke.uasset" 656
"../../../../../Uni/3r/Motors2/survival-craft/One_Man_Land/Content/StarterContent/Blueprints/Blueprint_Effect_Smoke.uasset" 657
"../../../../../Uni/3r/Motors2/survival-craft/One_Man_Land/Content/StarterContent/Audio/Fire_Sparks01_Cue.uasset" 658
"../../../../../Uni/3r/Motors2/survival-craft/One_Man_Land/Content/StarterContent/Textures/T_Spark_Core.uasset" 659
"../../../../../Uni/3r/Motors2/survival-craft/One_Man_Land/Content/StarterContent/Particles/Materials/M_Spark.uasset" 660
"../../../../../Uni/3r/Motors2/survival-craft/One_Man_Land/Content/StarterContent/Particles/P_Sparks.uasset" 661
"../../../../../Uni/3r/Motors2/survival-craft/One_Man_Land/Content/StarterContent/Blueprints/Blueprint_Effect_Sparks.uasset" 662
"../../../../../Uni/3r/Motors2/survival-craft/One_Man_Land/Content/StarterContent/Audio/Steam01_Cue.uasset" 663
"../../../../../Uni/3r/Motors2/survival-craft/One_Man_Land/Content/StarterContent/Particles/P_Steam_Lit.uasset" 664
"../../../../../Uni/3r/Motors2/survival-craft/One_Man_Land/Content/StarterContent/Blueprints/Blueprint_Effect_Steam.uasset" 665
"../../../../../Uni/3r/Motors2/survival-craft/One_Man_Land/Content/StarterContent/Textures/T_Lamp_M.uasset" 666
"../../../../../Uni/3r/Motors2/survival-craft/One_Man_Land/Content/StarterContent/Textures/T_Lamp_N.uasset" 667
"../../../../../Uni/3r/Motors2/survival-craft/One_Man_Land/Content/StarterContent/Props/Materials/M_Lamp.uasset" 668
"../../../../../Uni/3r/Motors2/survival-craft/One_Man_Land/Content/StarterContent/Props/SM_Lamp_Ceiling.uasset" 669
"../../../../../Uni/3r/Motors2/survival-craft/One_Man_Land/Content/StarterContent/Blueprints/Blueprint_CeilingLight.uasset" 670
"../../../../../Uni/3r/Motors2/survival-craft/One_Man_Land/Content/StarterContent/Props/SM_Lamp_Wall.uasset" 671
"../../../../../Uni/3r/Motors2/survival-craft/One_Man_Land/Content/StarterContent/Blueprints/Blueprint_WallSconce.uasset" 672
"../../../Engine/Content/Functions/Engine_MaterialFunctions03/Procedurals/ComputeFilterWidth.uasset" 673
"../../../Engine/Content/EngineMaterials/AntiAliasedTextMaterialTranslucent.uasset" 674
"../../../../../Uni/3r/Motors2/survival-craft/One_Man_Land/Content/StarterContent/Textures/T_Brick_Clay_Beveled_D.uasset" 675
"../../../../../Uni/3r/Motors2/survival-craft/One_Man_Land/Content/StarterContent/Textures/T_Brick_Clay_Beveled_M.uasset" 676
"../../../../../Uni/3r/Motors2/survival-craft/One_Man_Land/Content/StarterContent/Textures/T_Brick_Clay_Beveled_N.uasset" 677
"../../../../../Uni/3r/Motors2/survival-craft/One_Man_Land/Content/StarterContent/Materials/M_Brick_Clay_Beveled.uasset" 678
"../../../../../Uni/3r/Motors2/survival-craft/One_Man_Land/Content/StarterContent/Textures/T_Brick_Clay_New_D.uasset" 679
"../../../../../Uni/3r/Motors2/survival-craft/One_Man_Land/Content/StarterContent/Textures/T_Brick_Clay_New_M.uasset" 680
"../../../../../Uni/3r/Motors2/survival-craft/One_Man_Land/Content/StarterContent/Textures/T_Brick_Clay_New_N.uasset" 681
"../../../../../Uni/3r/Motors2/survival-craft/One_Man_Land/Content/StarterContent/Materials/M_Brick_Clay_New.uasset" 682
"../../../../../Uni/3r/Motors2/survival-craft/One_Man_Land/Content/StarterContent/Textures/T_Brick_Clay_Old_D.uasset" 683
"../../../../../Uni/3r/Motors2/survival-craft/One_Man_Land/Content/StarterContent/Textures/T_Brick_Clay_Old_N.uasset" 684
"../../../../../Uni/3r/Motors2/survival-craft/One_Man_Land/Content/StarterContent/Textures/T_Perlin_Noise_M.uasset" 685
"../../../../../Uni/3r/Motors2/survival-craft/One_Man_Land/Content/StarterContent/Materials/M_Brick_Clay_Old.uasset" 686
"../../../../../Uni/3r/Motors2/survival-craft/One_Man_Land/Content/StarterContent/Textures/T_Brick_Cut_Stone_D.uasset" 687
"../../../../../Uni/3r/Motors2/survival-craft/One_Man_Land/Content/StarterContent/Textures/T_Brick_Cut_Stone_N.uasset" 688
"../../../../../Uni/3r/Motors2/survival-craft/One_Man_Land/Content/StarterContent/Materials/M_Brick_Cut_Stone.uasset" 689
"../../../../../Uni/3r/Motors2/survival-craft/One_Man_Land/Content/StarterContent/Textures/T_Brick_Hewn_Stone_D.uasset" 690
"../../../../../Uni/3r/Motors2/survival-craft/One_Man_Land/Content/StarterContent/Textures/T_Brick_Hewn_Stone_M.uasset" 691
"../../../../../Uni/3r/Motors2/survival-craft/One_Man_Land/Content/StarterContent/Textures/T_Brick_Hewn_Stone_N.uasset" 692
"../../../../../Uni/3r/Motors2/survival-craft/One_Man_Land/Content/StarterContent/Materials/M_Brick_Hewn_Stone.uasset" 693
"../../../../../Uni/3r/Motors2/survival-craft/One_Man_Land/Content/StarterContent/Textures/T_Ceramic_Tile_M.uasset" 694
"../../../../../Uni/3r/Motors2/survival-craft/One_Man_Land/Content/StarterContent/Textures/T_Ceramic_Tile_N.uasset" 695
"../../../../../Uni/3r/Motors2/survival-craft/One_Man_Land/Content/StarterContent/Textures/T_Rock_Marble_Polished_D.uasset" 696
"../../../../../Uni/3r/Motors2/survival-craft/One_Man_Land/Content/StarterContent/Materials/M_Ceramic_Tile_Checker.uasset" 697
"../../../../../Uni/3r/Motors2/survival-craft/One_Man_Land/Content/StarterContent/Textures/T_CobbleStone_Pebble_D.uasset" 698
"../../../../../Uni/3r/Motors2/survival-craft/One_Man_Land/Content/StarterContent/Textures/T_CobbleStone_Pebble_M.uasset" 699
"../../../../../Uni/3r/Motors2/survival-craft/One_Man_Land/Content/StarterContent/Textures/T_CobbleStone_Pebble_N.uasset" 700
"../../../../../Uni/3r/Motors2/survival-craft/One_Man_Land/Content/StarterContent/Materials/M_CobbleStone_Pebble.uasset" 701
"../../../../../Uni/3r/Motors2/survival-craft/One_Man_Land/Content/StarterContent/Textures/T_CobbleStone_Rough_D.uasset" 702
"../../../../../Uni/3r/Motors2/survival-craft/One_Man_Land/Content/StarterContent/Textures/T_CobbleStone_Rough_N.uasset" 703
"../../../../../Uni/3r/Motors2/survival-craft/One_Man_Land/Content/StarterContent/Textures/T_Gradinet_01.uasset" 704
"../../../../../Uni/3r/Motors2/survival-craft/One_Man_Land/Content/StarterContent/Textures/T_Rock_Smooth_Granite_D.uasset" 705
"../../../../../Uni/3r/Motors2/survival-craft/One_Man_Land/Content/StarterContent/Materials/M_CobbleStone_Rough.uasset" 706
"../../../../../Uni/3r/Motors2/survival-craft/One_Man_Land/Content/StarterContent/Textures/T_CobbleStone_Smooth_D.uasset" 707
"../../../../../Uni/3r/Motors2/survival-craft/One_Man_Land/Content/StarterContent/Textures/T_CobbleStone_Smooth_M.uasset" 708
"../../../../../Uni/3r/Motors2/survival-craft/One_Man_Land/Content/StarterContent/Textures/T_CobbleStone_Smooth_N.uasset" 709
"../../../../../Uni/3r/Motors2/survival-craft/One_Man_Land/Content/StarterContent/Materials/M_CobbleStone_Smooth.uasset" 710
"../../../../../Uni/3r/Motors2/survival-craft/One_Man_Land/Content/StarterContent/Textures/T_Concrete_Grime_D.uasset" 711
"../../../../../Uni/3r/Motors2/survival-craft/One_Man_Land/Content/StarterContent/Textures/T_Metal_Rust_N.uasset" 712
"../../../../../Uni/3r/Motors2/survival-craft/One_Man_Land/Content/StarterContent/Materials/M_Concrete_Grime.uasset" 713
"../../../../../Uni/3r/Motors2/survival-craft/One_Man_Land/Content/StarterContent/Textures/T_Concrete_Panels_D.uasset" 714
"../../../../../Uni/3r/Motors2/survival-craft/One_Man_Land/Content/StarterContent/Textures/T_Concrete_Panels_N.uasset" 715
"../../../../../Uni/3r/Motors2/survival-craft/One_Man_Land/Content/StarterContent/Materials/M_Concrete_Panels.uasset" 716
"../../../../../Uni/3r/Motors2/survival-craft/One_Man_Land/Content/StarterContent/Textures/T_Concrete_Poured_D.uasset" 717
"../../../../../Uni/3r/Motors2/survival-craft/One_Man_Land/Content/StarterContent/Textures/T_Concrete_Poured_N.uasset" 718
"../../../../../Uni/3r/Motors2/survival-craft/One_Man_Land/Content/StarterContent/Materials/M_Concrete_Poured.uasset" 719
"../../../../../Uni/3r/Motors2/survival-craft/One_Man_Land/Content/StarterContent/Textures/T_Concrete_Tiles_D.uasset" 720
"../../../../../Uni/3r/Motors2/survival-craft/One_Man_Land/Content/StarterContent/Textures/T_Concrete_Tiles_M.uasset" 721
"../../../../../Uni/3r/Motors2/survival-craft/One_Man_Land/Content/StarterContent/Textures/T_Concrete_Tiles_N.uasset" 722
"../../../../../Uni/3r/Motors2/survival-craft/One_Man_Land/Content/StarterContent/Textures/T_Concrete_Tiles_Variation_M.uasset" 723
"../../../../../Uni/3r/Motors2/survival-craft/One_Man_Land/Content/StarterContent/Materials/M_Concrete_Tiles.uasset" 724
"../../../../../Uni/3r/Motors2/survival-craft/One_Man_Land/Content/StarterContent/Textures/T_Ground_Grass_D.uasset" 725
"../../../../../Uni/3r/Motors2/survival-craft/One_Man_Land/Content/StarterContent/Textures/T_Ground_Grass_N.uasset" 726
"../../../../../Uni/3r/Motors2/survival-craft/One_Man_Land/Content/StarterContent/Materials/M_Ground_Grass.uasset" 727
"../../../../../Uni/3r/Motors2/survival-craft/One_Man_Land/Content/StarterContent/Textures/T_Ground_Gravel_D.uasset" 728
"../../../../../Uni/3r/Motors2/survival-craft/One_Man_Land/Content/StarterContent/Textures/T_Ground_Gravel_N.uasset" 729
"../../../../../Uni/3r/Motors2/survival-craft/One_Man_Land/Content/StarterContent/Materials/M_Ground_Gravel.uasset" 730
"../../../../../Uni/3r/Motors2/survival-craft/One_Man_Land/Content/StarterContent/Textures/T_ground_Moss_D.uasset" 731
"../../../../../Uni/3r/Motors2/survival-craft/One_Man_Land/Content/StarterContent/Textures/T_Ground_Moss_N.uasset" 732
"../../../../../Uni/3r/Motors2/survival-craft/One_Man_Land/Content/StarterContent/Materials/M_Ground_Moss.uasset" 733
"../../../../../Uni/3r/Motors2/survival-craft/One_Man_Land/Content/StarterContent/Materials/M_Metal_Chrome.uasset" 734
"../../../../../Uni/3r/Motors2/survival-craft/One_Man_Land/Content/StarterContent/Textures/T_Metal_Gold_D.uasset" 735
"../../../../../Uni/3r/Motors2/survival-craft/One_Man_Land/Content/StarterContent/Materials/M_Metal_Gold.uasset" 736
"../../../../../Uni/3r/Motors2/survival-craft/One_Man_Land/Content/StarterContent/Textures/T_Metal_Rust_D.uasset" 737
"../../../../../Uni/3r/Motors2/survival-craft/One_Man_Land/Content/StarterContent/Materials/M_Metal_Rust.uasset" 738
"../../../../../Uni/3r/Motors2/survival-craft/One_Man_Land/Content/StarterContent/Textures/T_Metal_Steel_D.uasset" 739
"../../../../../Uni/3r/Motors2/survival-craft/One_Man_Land/Content/StarterContent/Textures/T_Metal_Steel_N.uasset" 740
"../../../../../Uni/3r/Motors2/survival-craft/One_Man_Land/Content/StarterContent/Materials/M_Metal_Steel.uasset" 741
"../../../../../Uni/3r/Motors2/survival-craft/One_Man_Land/Content/StarterContent/Textures/T_Rock_Basalt_N.uasset" 742
"../../../../../Uni/3r/Motors2/survival-craft/One_Man_Land/Content/StarterContent/Materials/M_Rock_Basalt.uasset" 743
"../../../../../Uni/3r/Motors2/survival-craft/One_Man_Land/Content/StarterContent/Materials/M_Rock_Marble_Polished.uasset" 744
"../../../../../Uni/3r/Motors2/survival-craft/One_Man_Land/Content/StarterContent/Textures/T_Rock_Sandstone_D.uasset" 745
"../../../../../Uni/3r/Motors2/survival-craft/One_Man_Land/Content/StarterContent/Textures/T_Rock_Sandstone_N.uasset" 746
"../../../../../Uni/3r/Motors2/survival-craft/One_Man_Land/Content/StarterContent/Materials/M_Rock_Sandstone.uasset" 747
"../../../../../Uni/3r/Motors2/survival-craft/One_Man_Land/Content/StarterContent/Textures/T_Rock_Slate_D.uasset" 748
"../../../../../Uni/3r/Motors2/survival-craft/One_Man_Land/Content/StarterContent/Textures/T_Rock_Slate_N.uasset" 749
"../../../../../Uni/3r/Motors2/survival-craft/One_Man_Land/Content/StarterContent/Materials/M_Rock_Slate.uasset" 750
"../../../../../Uni/3r/Motors2/survival-craft/One_Man_Land/Content/StarterContent/Textures/T_Checker_Noise_M.uasset" 751
"../../../../../Uni/3r/Motors2/survival-craft/One_Man_Land/Content/StarterContent/Textures/T_Single_Tile_N.uasset" 752
"../../../../../Uni/3r/Motors2/survival-craft/One_Man_Land/Content/StarterContent/Textures/T_Tech_Dot_M.uasset" 753
"../../../../../Uni/3r/Motors2/survival-craft/One_Man_Land/Content/StarterContent/Textures/T_Tech_Dot_N.uasset" 754
"../../../../../Uni/3r/Motors2/survival-craft/One_Man_Land/Content/StarterContent/Materials/M_Tech_Checker_Dot.uasset" 755
"../../../../../Uni/3r/Motors2/survival-craft/One_Man_Land/Content/StarterContent/Textures/T_Tech_Hex_Tile_M.uasset" 756
"../../../../../Uni/3r/Motors2/survival-craft/One_Man_Land/Content/StarterContent/Textures/T_Tech_Hex_Tile_N.uasset" 757
"../../../../../Uni/3r/Motors2/survival-craft/One_Man_Land/Content/StarterContent/Materials/M_Tech_Hex_Tile.uasset" 758
"../../../../../Uni/3r/Motors2/survival-craft/One_Man_Land/Content/StarterContent/Materials/M_Tech_Hex_Tile_Pulse.uasset" 759
"../../../../../Uni/3r/Motors2/survival-craft/One_Man_Land/Content/StarterContent/Textures/T_Tech_Panel_M.uasset" 760
"../../../../../Uni/3r/Motors2/survival-craft/One_Man_Land/Content/StarterContent/Textures/T_Tech_Panel_N.uasset" 761
"../../../../../Uni/3r/Motors2/survival-craft/One_Man_Land/Content/StarterContent/Materials/M_Tech_Panel.uasset" 762
"../../../../../Uni/3r/Motors2/survival-craft/One_Man_Land/Content/StarterContent/Materials/M_Water_Lake.uasset" 763
"../../../../../Uni/3r/Motors2/survival-craft/One_Man_Land/Content/StarterContent/Textures/T_Water_M.uasset" 764
"../../../../../Uni/3r/Motors2/survival-craft/One_Man_Land/Content/StarterContent/Materials/M_Water_Ocean.uasset" 765
"../../../../../Uni/3r/Motors2/survival-craft/One_Man_Land/Content/StarterContent/Textures/T_Wood_Floor_Walnut_D.uasset" 766
"../../../../../Uni/3r/Motors2/survival-craft/One_Man_Land/Content/StarterContent/Textures/T_Wood_Floor_Walnut_M.uasset" 767
"../../../../../Uni/3r/Motors2/survival-craft/One_Man_Land/Content/StarterContent/Textures/T_Wood_Floor_Walnut_N.uasset" 768
"../../../../../Uni/3r/Motors2/survival-craft/One_Man_Land/Content/StarterContent/Materials/M_Wood_Floor_Walnut_Polished.uasset" 769
"../../../Engine/Content/Functions/Engine_MaterialFunctions01/Opacity/AlphaOffset.uasset" 770
"../../../../../Uni/3r/Motors2/survival-craft/One_Man_Land/Content/StarterContent/Materials/M_Wood_Floor_Walnut_Worn.uasset" 771
"../../../../../Uni/3r/Motors2/survival-craft/One_Man_Land/Content/StarterContent/Textures/T_Wood_Oak_D.uasset" 772
"../../../../../Uni/3r/Motors2/survival-craft/One_Man_Land/Content/StarterContent/Textures/T_Wood_Oak_N.uasset" 773
"../../../../../Uni/3r/Motors2/survival-craft/One_Man_Land/Content/StarterContent/Materials/M_Wood_Oak.uasset" 774
"../../../../../Uni/3r/Motors2/survival-craft/One_Man_Land/Content/StarterContent/Textures/T_Wood_Pine_D.uasset" 775
"../../../../../Uni/3r/Motors2/survival-craft/One_Man_Land/Content/StarterContent/Textures/T_Wood_Pine_N.uasset" 776
"../../../../../Uni/3r/Motors2/survival-craft/One_Man_Land/Content/StarterContent/Materials/M_Wood_Pine.uasset" 777
"../../../../../Uni/3r/Motors2/survival-craft/One_Man_Land/Content/StarterContent/Textures/T_Wood_Walnut_D.uasset" 778
"../../../../../Uni/3r/Motors2/survival-craft/One_Man_Land/Content/StarterContent/Textures/T_Wood_Walnut_N.uasset" 779
"../../../../../Uni/3r/Motors2/survival-craft/One_Man_Land/Content/StarterContent/Materials/M_Wood_Walnut.uasset" 780
"../../../../../Uni/3r/Motors2/survival-craft/One_Man_Land/Content/StarterContent/Architecture/Wall_400x200.uasset" 781
"../../../../../Uni/3r/Motors2/survival-craft/One_Man_Land/Content/StarterContent/Architecture/Wall_Door_400x300.uasset" 782
"../../../../../Uni/3r/Motors2/survival-craft/One_Man_Land/Content/StarterContent/Architecture/Wall_Window_400x300.uasset" 783
"../../../../../Uni/3r/Motors2/survival-craft/One_Man_Land/Content/StarterContent/Audio/Collapse_Cue.uasset" 784
"../../../../../Uni/3r/Motors2/survival-craft/One_Man_Land/Content/StarterContent/Audio/Starter_Music_Cue.uasset" 785
"../../../../../Uni/3r/Motors2/survival-craft/One_Man_Land/Content/StarterContent/Textures/T_Dust_Particle_D.uasset" 786
"../../../../../Uni/3r/Motors2/survival-craft/One_Man_Land/Content/StarterContent/Particles/Materials/M_Dust_Particle.uasset" 787
"../../../../../Uni/3r/Motors2/survival-craft/One_Man_Land/Content/StarterContent/Particles/P_Ambient_Dust.uasset" 788
"../../../../../Uni/3r/Motors2/survival-craft/One_Man_Land/Content/StarterContent/Props/MaterialSphere.uasset" 789
"../../../../../Uni/3r/Motors2/survival-craft/One_Man_Land/Content/StarterContent/Textures/T_Frame_M.uasset" 790
"../../../../../Uni/3r/Motors2/survival-craft/One_Man_Land/Content/StarterContent/Textures/T_Frame_N.uasset" 791
"../../../../../Uni/3r/Motors2/survival-craft/One_Man_Land/Content/StarterContent/Props/Materials/M_Frame.uasset" 792
"../../../../../Uni/3r/Motors2/survival-craft/One_Man_Land/Content/StarterContent/Props/SM_CornerFrame.uasset" 793
"../../../../../Uni/3r/Motors2/survival-craft/One_Man_Land/Content/StarterContent/Props/SM_DoorFrame.uasset" 794
"../../../../../Uni/3r/Motors2/survival-craft/One_Man_Land/Content/StarterContent/Props/SM_GlassWindow.uasset" 795
"../../../../../Uni/3r/Motors2/survival-craft/One_Man_Land/Content/StarterContent/Props/SM_PillarFrame.uasset" 796
"../../../../../Uni/3r/Motors2/survival-craft/One_Man_Land/Content/StarterContent/Props/SM_PillarFrame300.uasset" 797
"../../../../../Uni/3r/Motors2/survival-craft/One_Man_Land/Content/StarterContent/Props/SM_WindowFrame.uasset" 798
"../../../../../Uni/3r/Motors2/survival-craft/One_Man_Land/Content/StarterContent/Shapes/Shape_Cube.uasset" 799
"../../../../../Uni/3r/Motors2/survival-craft/One_Man_Land/Content/StarterContent/Shapes/Shape_QuadPyramid.uasset" 800
"../../../../../Uni/3r/Motors2/survival-craft/One_Man_Land/Content/StarterContent/Shapes/Shape_Sphere.uasset" 801
"../../../../../Uni/3r/Motors2/survival-craft/One_Man_Land/Content/StarterContent/Maps/StarterMap.umap" 802
"../../../Engine/Content/Maps/Entry_BuiltData.uasset" 803
"../../../Engine/Content/Maps/Entry.umap" 804
