Log file open, 04/25/20 19:32:56
LogWindows: Failed to load 'aqProf.dll' (GetLastError=126)
LogWindows: File 'aqProf.dll' does not exist
LogWindows: Failed to load 'VtuneApi.dll' (GetLastError=126)
LogWindows: File 'VtuneApi.dll' does not exist
LogWindows: Failed to load 'VtuneApi32e.dll' (GetLastError=126)
LogWindows: File 'VtuneApi32e.dll' does not exist
LogConsoleResponse: Display: Failed to find resolution value strings in scalability ini. Falling back to default.
LogInit: Display: Running engine for game: One_Man_Land
LogPlatformFile: Not using cached read wrapper
LogTaskGraph: Started task graph with 5 named threads and 23 total threads with 3 sets of task threads.
LogStats: Stats thread started at 4.180068
LogD3D11RHI: Loaded GFSDK_Aftermath_Lib.x64.dll
LogICUInternationalization: ICU TimeZone Detection - Raw Offset: +1:00, Platform Override: ''
LogPluginManager: Mounting plugin Paper2D
LogPluginManager: Mounting plugin AISupport
LogPluginManager: Mounting plugin LightPropagationVolume
LogPluginManager: Mounting plugin ActorLayerUtilities
LogPluginManager: Mounting plugin AnimationSharing
LogPluginManager: Mounting plugin CLionSourceCodeAccess
LogPluginManager: Mounting plugin CodeLiteSourceCodeAccess
LogPluginManager: Mounting plugin GitSourceControl
LogPluginManager: Mounting plugin KDevelopSourceCodeAccess
LogPluginManager: Mounting plugin NullSourceCodeAccess
LogPluginManager: Mounting plugin PerforceSourceControl
LogPluginManager: Mounting plugin PlasticSourceControl
LogPluginManager: Mounting plugin SubversionSourceControl
LogPluginManager: Mounting plugin UObjectPlugin
LogPluginManager: Mounting plugin VisualStudioCodeSourceCodeAccess
LogPluginManager: Mounting plugin VisualStudioSourceCodeAccess
LogPluginManager: Mounting plugin XCodeSourceCodeAccess
LogPluginManager: Mounting plugin AssetManagerEditor
LogPluginManager: Mounting plugin CryptoKeys
LogPluginManager: Mounting plugin CurveEditorTools
LogPluginManager: Mounting plugin DataValidation
LogPluginManager: Mounting plugin FacialAnimation
LogPluginManager: Mounting plugin GameplayTagsEditor
LogPluginManager: Mounting plugin MacGraphicsSwitching
LogPluginManager: Mounting plugin MaterialAnalyzer
LogPluginManager: Mounting plugin MobileLauncherProfileWizard
LogPluginManager: Mounting plugin PluginBrowser
LogPluginManager: Mounting plugin SpeedTreeImporter
LogPluginManager: Mounting plugin DatasmithContent
LogPluginManager: Mounting plugin VariantManagerContent
LogPluginManager: Mounting plugin AlembicImporter
LogPluginManager: Mounting plugin AutomationUtils
LogPluginManager: Mounting plugin BackChannel
LogPluginManager: Mounting plugin CharacterAI
LogPluginManager: Mounting plugin GeometryCache
LogPluginManager: Mounting plugin PlatformCrypto
LogPluginManager: Mounting plugin ProxyLODPlugin
LogPluginManager: Mounting plugin SkeletalReduction
LogPluginManager: Mounting plugin MagicLeap
LogPluginManager: Mounting plugin MagicLeapMedia
LogPluginManager: Mounting plugin MLSDK
LogPluginManager: Mounting plugin AndroidMedia
LogPluginManager: Mounting plugin AvfMedia
LogPluginManager: Mounting plugin ImgMedia
LogPluginManager: Mounting plugin MediaCompositing
LogPluginManager: Mounting plugin MediaPlayerEditor
LogPluginManager: Mounting plugin WebMMedia
LogPluginManager: Mounting plugin WmfMedia
LogPluginManager: Mounting plugin TcpMessaging
LogPluginManager: Mounting plugin UdpMessaging
LogPluginManager: Mounting plugin ActorSequence
LogPluginManager: Mounting plugin LevelSequenceEditor
LogPluginManager: Mounting plugin MatineeToLevelSequence
LogPluginManager: Mounting plugin NetcodeUnitTest
LogPluginManager: Mounting plugin NUTUnrealEngine4
LogPluginManager: Mounting plugin OnlineSubsystemGooglePlay
LogPluginManager: Mounting plugin OnlineSubsystemIOS
LogPluginManager: Mounting plugin OnlineSubsystem
LogPluginManager: Mounting plugin OnlineSubsystemNull
LogPluginManager: Mounting plugin OnlineSubsystemUtils
LogPluginManager: Mounting plugin LauncherChunkInstaller
LogPluginManager: Mounting plugin AndroidDeviceProfileSelector
LogPluginManager: Mounting plugin AndroidMoviePlayer
LogPluginManager: Mounting plugin AndroidPermission
LogPluginManager: Mounting plugin AppleImageUtils
LogPluginManager: Mounting plugin AppleMoviePlayer
LogPluginManager: Mounting plugin ArchVisCharacter
LogPluginManager: Mounting plugin AssetTags
LogPluginManager: Mounting plugin AudioCapture
LogPluginManager: Mounting plugin CableComponent
LogPluginManager: Mounting plugin CustomMeshComponent
LogPluginManager: Mounting plugin EditableMesh
LogPluginManager: Mounting plugin ExampleDeviceProfileSelector
LogPluginManager: Mounting plugin GoogleCloudMessaging
LogPluginManager: Mounting plugin IOSDeviceProfileSelector
LogPluginManager: Mounting plugin LinuxDeviceProfileSelector
LogPluginManager: Mounting plugin LocationServicesBPLibrary
LogPluginManager: Mounting plugin MobilePatchingUtils
LogPluginManager: Mounting plugin OculusVR
LogPluginManager: Mounting plugin PhysXVehicles
LogPluginManager: Mounting plugin PostSplashScreen
LogPluginManager: Mounting plugin ProceduralMeshComponent
LogPluginManager: Mounting plugin RuntimePhysXCooking
LogPluginManager: Mounting plugin SignificanceManager
LogPluginManager: Mounting plugin SteamVR
LogPluginManager: Mounting plugin WebMMoviePlayer
LogPluginManager: Mounting plugin WindowsMoviePlayer
LogPluginManager: Mounting plugin ScreenshotTools
LogInit: Using libcurl 7.55.1-DEV
LogInit:  - built for x86_64-pc-win32
LogInit:  - supports SSL with OpenSSL/1.1.1
LogInit:  - supports HTTP deflate (compression) using libz 1.2.8
LogInit:  - other features:
LogInit:      CURL_VERSION_SSL
LogInit:      CURL_VERSION_LIBZ
LogInit:      CURL_VERSION_IPV6
LogInit:      CURL_VERSION_ASYNCHDNS
LogInit:      CURL_VERSION_LARGEFILE
LogInit:      CURL_VERSION_IDN
LogInit:  CurlRequestOptions (configurable via config and command line):
LogInit:  - bVerifyPeer = true  - Libcurl will verify peer certificate
LogInit:  - bUseHttpProxy = false  - Libcurl will NOT use HTTP proxy
LogInit:  - bDontReuseConnections = false  - Libcurl will reuse connections
LogInit:  - MaxHostConnections = 16  - Libcurl will limit the number of connections to a host
LogInit:  - LocalHostAddr = Default
LogInit:  - BufferSize = 65536
LogOnline: OSS: Creating online subsystem instance for: NULL
LogInit: WinSock: version 1.1 (2.2), MaxSocks=32767, MaxUdp=65467
LogOnline: OSS: TryLoadSubsystemAndSetDefault: Loaded subsystem for module [NULL]
LogInit: Build: ++UE4+Release-4.24-CL-11100242
LogInit: Engine Version: 4.24.2-11100242+++UE4+Release-4.24
LogInit: Compatible Engine Version: 4.24.0-10570792+++UE4+Release-4.24
LogInit: Net CL: 10570792
LogInit: OS: Windows 10 (Release 1903) (), CPU: Intel(R) Core(TM) i5-8300H CPU @ 2.30GHz, GPU: Intel(R) UHD Graphics 630
LogInit: Compiled (64-bit): Jan 24 2020 02:05:53
LogInit: Compiled with Visual C++: 19.16.27032.01
LogInit: Build Configuration: Development
LogInit: Branch Name: ++UE4+Release-4.24
LogInit: Command Line: 
LogInit: Base Directory: D:/Instalacions/UE_4.24/Engine/Binaries/Win64/
LogInit: Installed Engine Build: 1
LogDevObjectVersion: Number of dev versions registered: 25
LogDevObjectVersion:   Dev-Blueprints (B0D832E4-1F89-4F0D-ACCF-7EB736FD4AA2): 10
LogDevObjectVersion:   Dev-Build (E1C64328-A22C-4D53-A36C-8E866417BD8C): 0
LogDevObjectVersion:   Dev-Core (375EC13C-06E4-48FB-B500-84F0262A717E): 3
LogDevObjectVersion:   Dev-Editor (E4B068ED-F494-42E9-A231-DA0B2E46BB41): 37
LogDevObjectVersion:   Dev-Framework (CFFC743F-43B0-4480-9391-14DF171D2073): 36
LogDevObjectVersion:   Dev-Mobile (B02B49B5-BB20-44E9-A304-32B752E40360): 2
LogDevObjectVersion:   Dev-Networking (A4E4105C-59A1-49B5-A7C5-40C4547EDFEE): 0
LogDevObjectVersion:   Dev-Online (39C831C9-5AE6-47DC-9A44-9C173E1C8E7C): 0
LogDevObjectVersion:   Dev-Physics (78F01B33-EBEA-4F98-B9B4-84EACCB95AA2): 2
LogDevObjectVersion:   Dev-Platform (6631380F-2D4D-43E0-8009-CF276956A95A): 0
LogDevObjectVersion:   Dev-Rendering (12F88B9F-8875-4AFC-A67C-D90C383ABD29): 36
LogDevObjectVersion:   Dev-Sequencer (7B5AE74C-D270-4C10-A958-57980B212A5A): 11
LogDevObjectVersion:   Dev-VR (D7296918-1DD6-4BDD-9DE2-64A83CC13884): 2
LogDevObjectVersion:   Dev-LoadTimes (C2A15278-BFE7-4AFE-6C17-90FF531DF755): 1
LogDevObjectVersion:   Private-Geometry (6EACA3D4-40EC-4CC1-B786-8BED09428FC5): 3
LogDevObjectVersion:   Dev-AnimPhys (29E575DD-E0A3-4627-9D10-D276232CDCEA): 17
LogDevObjectVersion:   Dev-Anim (AF43A65D-7FD3-4947-9873-3E8ED9C1BB05): 2
LogDevObjectVersion:   Dev-ReflectionCapture (6B266CEC-1EC7-4B8F-A30B-E4D90942FC07): 1
LogDevObjectVersion:   Dev-Automation (0DF73D61-A23F-47EA-B727-89E90C41499A): 1
LogDevObjectVersion:   FortniteMain (601D1886-AC64-4F84-AA16-D3DE0DEAC7D6): 31
LogDevObjectVersion:   Dev-Enterprise (9DFFBCD6-494F-0158-E221-12823C92A888): 8
LogDevObjectVersion:   Dev-Niagara (F2AED0AC-9AFE-416F-8664-AA7FFA26D6FC): 1
LogDevObjectVersion:   Dev-Destruction (174F1F0B-B4C6-45A5-B13F-2EE8D0FB917D): 9
LogDevObjectVersion:   Dev-Physics-Ext (35F94A83-E258-406C-A318-09F59610247C): 8
LogDevObjectVersion:   Dev-CineCamera (B2E18506-4273-CFC2-A54E-F4BB758BBA07): 1
LogInit: Presizing for max 25165824 objects, including 0 objects not considered by GC, pre-allocating 0 bytes for permanent pool.
LogInit: Object subsystem initialized
LogConfig: Setting CVar [[con.DebugEarlyDefault:1]]
LogConfig: Setting CVar [[r.setres:1280x720]]
[2020.04.25-17.32.59:027][  0]LogConfig: Setting CVar [[r.VSync:0]]
[2020.04.25-17.32.59:027][  0]LogConfig: Setting CVar [[r.RHICmdBypass:0]]
[2020.04.25-17.32.59:027][  0]LogConfig: Applying CVar settings from Section [/Script/Engine.RendererSettings] File [D:/Uni/3r/Motors2/survival-craft/One_Man_Land/Saved/Config/Windows/Engine.ini]
[2020.04.25-17.32.59:027][  0]LogConfig: Setting CVar [[r.GPUCrashDebugging:0]]
[2020.04.25-17.32.59:027][  0]LogConfig: Applying CVar settings from Section [/Script/Engine.RendererOverrideSettings] File [D:/Uni/3r/Motors2/survival-craft/One_Man_Land/Saved/Config/Windows/Engine.ini]
[2020.04.25-17.32.59:027][  0]LogConfig: Applying CVar settings from Section [/Script/Engine.StreamingSettings] File [D:/Uni/3r/Motors2/survival-craft/One_Man_Land/Saved/Config/Windows/Engine.ini]
[2020.04.25-17.32.59:027][  0]LogConfig: Setting CVar [[s.MinBulkDataSizeForAsyncLoading:131072]]
[2020.04.25-17.32.59:027][  0]LogConfig: Setting CVar [[s.AsyncLoadingThreadEnabled:0]]
[2020.04.25-17.32.59:027][  0]LogConfig: Setting CVar [[s.EventDrivenLoaderEnabled:1]]
[2020.04.25-17.32.59:027][  0]LogConfig: Setting CVar [[s.WarnIfTimeLimitExceeded:0]]
[2020.04.25-17.32.59:027][  0]LogConfig: Setting CVar [[s.TimeLimitExceededMultiplier:1.5]]
[2020.04.25-17.32.59:027][  0]LogConfig: Setting CVar [[s.TimeLimitExceededMinTime:0.005]]
[2020.04.25-17.32.59:027][  0]LogConfig: Setting CVar [[s.UseBackgroundLevelStreaming:1]]
[2020.04.25-17.32.59:027][  0]LogConfig: Setting CVar [[s.PriorityAsyncLoadingExtraTime:15.0]]
[2020.04.25-17.32.59:028][  0]LogConfig: Setting CVar [[s.LevelStreamingActorsUpdateTimeLimit:5.0]]
[2020.04.25-17.32.59:028][  0]LogConfig: Setting CVar [[s.PriorityLevelStreamingActorsUpdateExtraTime:5.0]]
[2020.04.25-17.32.59:028][  0]LogConfig: Setting CVar [[s.LevelStreamingComponentsRegistrationGranularity:10]]
[2020.04.25-17.32.59:028][  0]LogConfig: Setting CVar [[s.UnregisterComponentsTimeLimit:1.0]]
[2020.04.25-17.32.59:028][  0]LogConfig: Setting CVar [[s.LevelStreamingComponentsUnregistrationGranularity:5]]
[2020.04.25-17.32.59:028][  0]LogConfig: Setting CVar [[s.FlushStreamingOnExit:1]]
[2020.04.25-17.32.59:028][  0]LogConfig: Applying CVar settings from Section [/Script/Engine.GarbageCollectionSettings] File [D:/Uni/3r/Motors2/survival-craft/One_Man_Land/Saved/Config/Windows/Engine.ini]
[2020.04.25-17.32.59:028][  0]LogConfig: Setting CVar [[gc.MaxObjectsNotConsideredByGC:1]]
[2020.04.25-17.32.59:028][  0]LogConfig: Setting CVar [[gc.SizeOfPermanentObjectPool:0]]
[2020.04.25-17.32.59:028][  0]LogConfig: Setting CVar [[gc.FlushStreamingOnGC:0]]
[2020.04.25-17.32.59:028][  0]LogConfig: Setting CVar [[gc.NumRetriesBeforeForcingGC:10]]
[2020.04.25-17.32.59:028][  0]LogConfig: Setting CVar [[gc.AllowParallelGC:1]]
[2020.04.25-17.32.59:028][  0]LogConfig: Setting CVar [[gc.TimeBetweenPurgingPendingKillObjects:61.1]]
[2020.04.25-17.32.59:028][  0]LogConfig: Setting CVar [[gc.MaxObjectsInEditor:25165824]]
[2020.04.25-17.32.59:028][  0]LogConfig: Setting CVar [[gc.IncrementalBeginDestroyEnabled:1]]
[2020.04.25-17.32.59:028][  0]LogConfig: Setting CVar [[gc.CreateGCClusters:1]]
[2020.04.25-17.32.59:028][  0]LogConfig: Setting CVar [[gc.MinGCClusterSize:5]]
[2020.04.25-17.32.59:028][  0]LogConfig: Setting CVar [[gc.ActorClusteringEnabled:0]]
[2020.04.25-17.32.59:028][  0]LogConfig: Setting CVar [[gc.BlueprintClusteringEnabled:0]]
[2020.04.25-17.32.59:028][  0]LogConfig: Setting CVar [[gc.UseDisregardForGCOnDedicatedServers:0]]
[2020.04.25-17.32.59:028][  0]LogConfig: Applying CVar settings from Section [/Script/Engine.NetworkSettings] File [D:/Uni/3r/Motors2/survival-craft/One_Man_Land/Saved/Config/Windows/Engine.ini]
[2020.04.25-17.32.59:028][  0]LogConfig: Applying CVar settings from Section [/Script/UnrealEd.CookerSettings] File [D:/Uni/3r/Motors2/survival-craft/One_Man_Land/Saved/Config/Windows/Engine.ini]
[2020.04.25-17.32.59:030][  0]LogConfig: Applying CVar settings from Section [ViewDistanceQuality@3] File [D:/Uni/3r/Motors2/survival-craft/One_Man_Land/Saved/Config/Windows/Scalability.ini]
[2020.04.25-17.32.59:030][  0]LogConfig: Setting CVar [[r.SkeletalMeshLODBias:0]]
[2020.04.25-17.32.59:030][  0]LogConfig: Setting CVar [[r.ViewDistanceScale:1.0]]
[2020.04.25-17.32.59:030][  0]LogConfig: Applying CVar settings from Section [AntiAliasingQuality@3] File [D:/Uni/3r/Motors2/survival-craft/One_Man_Land/Saved/Config/Windows/Scalability.ini]
[2020.04.25-17.32.59:030][  0]LogConfig: Setting CVar [[r.PostProcessAAQuality:4]]
[2020.04.25-17.32.59:030][  0]LogConfig: Applying CVar settings from Section [ShadowQuality@3] File [D:/Uni/3r/Motors2/survival-craft/One_Man_Land/Saved/Config/Windows/Scalability.ini]
[2020.04.25-17.32.59:031][  0]LogConfig: Setting CVar [[r.LightFunctionQuality:1]]
[2020.04.25-17.32.59:031][  0]LogConfig: Setting CVar [[r.ShadowQuality:5]]
[2020.04.25-17.32.59:031][  0]LogConfig: Setting CVar [[r.Shadow.CSM.MaxCascades:10]]
[2020.04.25-17.32.59:031][  0]LogConfig: Setting CVar [[r.Shadow.MaxResolution:2048]]
[2020.04.25-17.32.59:031][  0]LogConfig: Setting CVar [[r.Shadow.MaxCSMResolution:2048]]
[2020.04.25-17.32.59:031][  0]LogConfig: Setting CVar [[r.Shadow.RadiusThreshold:0.01]]
[2020.04.25-17.32.59:031][  0]LogConfig: Setting CVar [[r.Shadow.DistanceScale:1.0]]
[2020.04.25-17.32.59:031][  0]LogConfig: Setting CVar [[r.Shadow.CSM.TransitionScale:1.0]]
[2020.04.25-17.32.59:031][  0]LogConfig: Setting CVar [[r.Shadow.PreShadowResolutionFactor:1.0]]
[2020.04.25-17.32.59:031][  0]LogConfig: Setting CVar [[r.DistanceFieldShadowing:1]]
[2020.04.25-17.32.59:031][  0]LogConfig: Setting CVar [[r.DistanceFieldAO:1]]
[2020.04.25-17.32.59:031][  0]LogConfig: Setting CVar [[r.AOQuality:2]]
[2020.04.25-17.32.59:031][  0]LogConfig: Setting CVar [[r.VolumetricFog:1]]
[2020.04.25-17.32.59:031][  0]LogConfig: Setting CVar [[r.VolumetricFog.GridPixelSize:8]]
[2020.04.25-17.32.59:031][  0]LogConfig: Setting CVar [[r.VolumetricFog.GridSizeZ:128]]
[2020.04.25-17.32.59:031][  0]LogConfig: Setting CVar [[r.VolumetricFog.HistoryMissSupersampleCount:4]]
[2020.04.25-17.32.59:031][  0]LogConfig: Setting CVar [[r.LightMaxDrawDistanceScale:1]]
[2020.04.25-17.32.59:031][  0]LogConfig: Setting CVar [[r.CapsuleShadows:1]]
[2020.04.25-17.32.59:031][  0]LogConfig: Applying CVar settings from Section [PostProcessQuality@3] File [D:/Uni/3r/Motors2/survival-craft/One_Man_Land/Saved/Config/Windows/Scalability.ini]
[2020.04.25-17.32.59:031][  0]LogConfig: Setting CVar [[r.MotionBlurQuality:4]]
[2020.04.25-17.32.59:031][  0]LogConfig: Setting CVar [[r.AmbientOcclusionMipLevelFactor:0.4]]
[2020.04.25-17.32.59:031][  0]LogConfig: Setting CVar [[r.AmbientOcclusionMaxQuality:100]]
[2020.04.25-17.32.59:031][  0]LogConfig: Setting CVar [[r.AmbientOcclusionLevels:-1]]
[2020.04.25-17.32.59:031][  0]LogConfig: Setting CVar [[r.AmbientOcclusionRadiusScale:1.0]]
[2020.04.25-17.32.59:031][  0]LogConfig: Setting CVar [[r.DepthOfFieldQuality:2]]
[2020.04.25-17.32.59:031][  0]LogConfig: Setting CVar [[r.RenderTargetPoolMin:400]]
[2020.04.25-17.32.59:031][  0]LogConfig: Setting CVar [[r.LensFlareQuality:2]]
[2020.04.25-17.32.59:031][  0]LogConfig: Setting CVar [[r.SceneColorFringeQuality:1]]
[2020.04.25-17.32.59:031][  0]LogConfig: Setting CVar [[r.EyeAdaptationQuality:2]]
[2020.04.25-17.32.59:031][  0]LogConfig: Setting CVar [[r.BloomQuality:5]]
[2020.04.25-17.32.59:031][  0]LogConfig: Setting CVar [[r.FastBlurThreshold:100]]
[2020.04.25-17.32.59:031][  0]LogConfig: Setting CVar [[r.Upscale.Quality:3]]
[2020.04.25-17.32.59:031][  0]LogConfig: Setting CVar [[r.Tonemapper.GrainQuantization:1]]
[2020.04.25-17.32.59:031][  0]LogConfig: Setting CVar [[r.LightShaftQuality:1]]
[2020.04.25-17.32.59:031][  0]LogConfig: Setting CVar [[r.Filter.SizeScale:1]]
[2020.04.25-17.32.59:031][  0]LogConfig: Setting CVar [[r.Tonemapper.Quality:5]]
[2020.04.25-17.32.59:031][  0]LogConfig: Setting CVar [[r.DOF.Gather.AccumulatorQuality:1        ; higher gathering accumulator quality]]
[2020.04.25-17.32.59:031][  0]LogConfig: Setting CVar [[r.DOF.Gather.PostfilterMethod:1          ; Median3x3 postfilering method]]
[2020.04.25-17.32.59:031][  0]LogConfig: Setting CVar [[r.DOF.Gather.EnableBokehSettings:0       ; no bokeh simulation when gathering]]
[2020.04.25-17.32.59:031][  0]LogConfig: Setting CVar [[r.DOF.Gather.RingCount:4                 ; medium number of samples when gathering]]
[2020.04.25-17.32.59:031][  0]LogConfig: Setting CVar [[r.DOF.Scatter.ForegroundCompositing:1    ; additive foreground scattering]]
[2020.04.25-17.32.59:031][  0]LogConfig: Setting CVar [[r.DOF.Scatter.BackgroundCompositing:2    ; additive background scattering]]
[2020.04.25-17.32.59:031][  0]LogConfig: Setting CVar [[r.DOF.Scatter.EnableBokehSettings:1      ; bokeh simulation when scattering]]
[2020.04.25-17.32.59:031][  0]LogConfig: Setting CVar [[r.DOF.Scatter.MaxSpriteRatio:0.1         ; only a maximum of 10% of scattered bokeh]]
[2020.04.25-17.32.59:031][  0]LogConfig: Setting CVar [[r.DOF.Recombine.Quality:1                ; cheap slight out of focus]]
[2020.04.25-17.32.59:031][  0]LogConfig: Setting CVar [[r.DOF.Recombine.EnableBokehSettings:0    ; no bokeh simulation on slight out of focus]]
[2020.04.25-17.32.59:031][  0]LogConfig: Setting CVar [[r.DOF.TemporalAAQuality:1                ; more stable temporal accumulation]]
[2020.04.25-17.32.59:031][  0]LogConfig: Setting CVar [[r.DOF.Kernel.MaxForegroundRadius:0.025]]
[2020.04.25-17.32.59:031][  0]LogConfig: Setting CVar [[r.DOF.Kernel.MaxBackgroundRadius:0.025]]
[2020.04.25-17.32.59:031][  0]LogConfig: Applying CVar settings from Section [TextureQuality@3] File [D:/Uni/3r/Motors2/survival-craft/One_Man_Land/Saved/Config/Windows/Scalability.ini]
[2020.04.25-17.32.59:031][  0]LogConfig: Setting CVar [[r.Streaming.MipBias:0]]
[2020.04.25-17.32.59:031][  0]LogConfig: Setting CVar [[r.Streaming.AmortizeCPUToGPUCopy:0]]
[2020.04.25-17.32.59:032][  0]LogConfig: Setting CVar [[r.Streaming.MaxNumTexturesToStreamPerFrame:0]]
[2020.04.25-17.32.59:032][  0]LogConfig: Setting CVar [[r.Streaming.Boost:1]]
[2020.04.25-17.32.59:032][  0]LogConfig: Setting CVar [[r.MaxAnisotropy:8]]
[2020.04.25-17.32.59:032][  0]LogConfig: Setting CVar [[r.VT.MaxAnisotropy:8]]
[2020.04.25-17.32.59:032][  0]LogConfig: Setting CVar [[r.Streaming.LimitPoolSizeToVRAM:0]]
[2020.04.25-17.32.59:032][  0]LogConfig: Setting CVar [[r.Streaming.PoolSize:1000]]
[2020.04.25-17.32.59:032][  0]LogConfig: Setting CVar [[r.Streaming.MaxEffectiveScreenSize:0]]
[2020.04.25-17.32.59:032][  0]LogConfig: Applying CVar settings from Section [EffectsQuality@3] File [D:/Uni/3r/Motors2/survival-craft/One_Man_Land/Saved/Config/Windows/Scalability.ini]
[2020.04.25-17.32.59:032][  0]LogConfig: Setting CVar [[r.TranslucencyLightingVolumeDim:64]]
[2020.04.25-17.32.59:032][  0]LogConfig: Setting CVar [[r.RefractionQuality:2]]
[2020.04.25-17.32.59:032][  0]LogConfig: Setting CVar [[r.SSR.Quality:3]]
[2020.04.25-17.32.59:032][  0]LogConfig: Setting CVar [[r.SSR.HalfResSceneColor:0]]
[2020.04.25-17.32.59:032][  0]LogConfig: Setting CVar [[r.SceneColorFormat:4]]
[2020.04.25-17.32.59:032][  0]LogConfig: Setting CVar [[r.DetailMode:2]]
[2020.04.25-17.32.59:032][  0]LogConfig: Setting CVar [[r.TranslucencyVolumeBlur:1]]
[2020.04.25-17.32.59:032][  0]LogConfig: Setting CVar [[r.MaterialQualityLevel:1 ; High quality]]
[2020.04.25-17.32.59:032][  0]LogConfig: Setting CVar [[r.SSS.Scale:1]]
[2020.04.25-17.32.59:032][  0]LogConfig: Setting CVar [[r.SSS.SampleSet:2]]
[2020.04.25-17.32.59:032][  0]LogConfig: Setting CVar [[r.SSS.Quality:1]]
[2020.04.25-17.32.59:032][  0]LogConfig: Setting CVar [[r.SSS.HalfRes:1]]
[2020.04.25-17.32.59:032][  0]LogConfig: Setting CVar [[r.SSGI.Quality:3]]
[2020.04.25-17.32.59:032][  0]LogConfig: Setting CVar [[r.EmitterSpawnRateScale:1.0]]
[2020.04.25-17.32.59:032][  0]LogConfig: Setting CVar [[r.ParticleLightQuality:2]]
[2020.04.25-17.32.59:032][  0]LogConfig: Setting CVar [[r.SkyAtmosphere.AerialPerspectiveLUT.FastApplyOnOpaque:1 ; Always have FastSkyLUT 1 in this case to avoid wrong sky]]
[2020.04.25-17.32.59:032][  0]LogConfig: Setting CVar [[r.SkyAtmosphere.AerialPerspectiveLUT.SampleCountPerSlice:1]]
[2020.04.25-17.32.59:032][  0]LogConfig: Setting CVar [[r.SkyAtmosphere.AerialPerspectiveLUT.DepthResolution:16.0]]
[2020.04.25-17.32.59:032][  0]LogConfig: Setting CVar [[r.SkyAtmosphere.FastSkyLUT:1]]
[2020.04.25-17.32.59:032][  0]LogConfig: Setting CVar [[r.SkyAtmosphere.FastSkyLUT.SampleCountMin:4.0]]
[2020.04.25-17.32.59:032][  0]LogConfig: Setting CVar [[r.SkyAtmosphere.FastSkyLUT.SampleCountMax:32.0]]
[2020.04.25-17.32.59:032][  0]LogConfig: Setting CVar [[r.SkyAtmosphere.SampleCountMin:4.0]]
[2020.04.25-17.32.59:032][  0]LogConfig: Setting CVar [[r.SkyAtmosphere.SampleCountMax:32.0]]
[2020.04.25-17.32.59:032][  0]LogConfig: Setting CVar [[r.SkyAtmosphere.TransmittanceLUT.UseSmallFormat:0]]
[2020.04.25-17.32.59:032][  0]LogConfig: Setting CVar [[r.SkyAtmosphere.TransmittanceLUT.SampleCount:10.0]]
[2020.04.25-17.32.59:032][  0]LogConfig: Setting CVar [[r.SkyAtmosphere.MultiScatteringLUT.SampleCount:15.0]]
[2020.04.25-17.32.59:032][  0]LogConfig: Applying CVar settings from Section [FoliageQuality@3] File [D:/Uni/3r/Motors2/survival-craft/One_Man_Land/Saved/Config/Windows/Scalability.ini]
[2020.04.25-17.32.59:032][  0]LogConfig: Setting CVar [[foliage.DensityScale:1.0]]
[2020.04.25-17.32.59:032][  0]LogConfig: Setting CVar [[grass.DensityScale:1.0]]
[2020.04.25-17.32.59:032][  0]LogConfig: Applying CVar settings from Section [ShadingQuality@3] File [D:/Uni/3r/Motors2/survival-craft/One_Man_Land/Saved/Config/Windows/Scalability.ini]
[2020.04.25-17.32.59:032][  0]LogConfig: Setting CVar [[r.HairStrands.SkyLighting.SampleCount:16]]
[2020.04.25-17.32.59:032][  0]LogConfig: Setting CVar [[r.HairStrands.SkyLighting.JitterIntegration:0]]
[2020.04.25-17.32.59:032][  0]LogConfig: Setting CVar [[r.HairStrands.SkyAO.SampleCount:16]]
[2020.04.25-17.32.59:032][  0]LogInit: Selected Device Profile: [Windows]
[2020.04.25-17.32.59:032][  0]LogInit: Applying CVar settings loaded from the selected device profile: [Windows]
[2020.04.25-17.32.59:075][  0]LogHAL: Display: Platform has ~ 8 GB [8424574976 / 8589934592 / 8], which maps to Default [LargestMinGB=32, LargerMinGB=12, DefaultMinGB=8, SmallerMinGB=6, SmallestMinGB=0)
[2020.04.25-17.32.59:075][  0]LogInit: Going up to parent DeviceProfile []
[2020.04.25-17.32.59:075][  0]LogConfig: Applying CVar settings from Section [ViewDistanceQuality@3] File [D:/Uni/3r/Motors2/survival-craft/One_Man_Land/Saved/Config/Windows/Scalability.ini]
[2020.04.25-17.32.59:075][  0]LogConfig: Setting CVar [[r.SkeletalMeshLODBias:0]]
[2020.04.25-17.32.59:075][  0]LogConfig: Setting CVar [[r.ViewDistanceScale:1.0]]
[2020.04.25-17.32.59:075][  0]LogConfig: Applying CVar settings from Section [AntiAliasingQuality@3] File [D:/Uni/3r/Motors2/survival-craft/One_Man_Land/Saved/Config/Windows/Scalability.ini]
[2020.04.25-17.32.59:075][  0]LogConfig: Setting CVar [[r.PostProcessAAQuality:4]]
[2020.04.25-17.32.59:075][  0]LogConfig: Applying CVar settings from Section [ShadowQuality@3] File [D:/Uni/3r/Motors2/survival-craft/One_Man_Land/Saved/Config/Windows/Scalability.ini]
[2020.04.25-17.32.59:075][  0]LogConfig: Setting CVar [[r.LightFunctionQuality:1]]
[2020.04.25-17.32.59:075][  0]LogConfig: Setting CVar [[r.ShadowQuality:5]]
[2020.04.25-17.32.59:075][  0]LogConfig: Setting CVar [[r.Shadow.CSM.MaxCascades:10]]
[2020.04.25-17.32.59:075][  0]LogConfig: Setting CVar [[r.Shadow.MaxResolution:2048]]
[2020.04.25-17.32.59:075][  0]LogConfig: Setting CVar [[r.Shadow.MaxCSMResolution:2048]]
[2020.04.25-17.32.59:075][  0]LogConfig: Setting CVar [[r.Shadow.RadiusThreshold:0.01]]
[2020.04.25-17.32.59:075][  0]LogConfig: Setting CVar [[r.Shadow.DistanceScale:1.0]]
[2020.04.25-17.32.59:075][  0]LogConfig: Setting CVar [[r.Shadow.CSM.TransitionScale:1.0]]
[2020.04.25-17.32.59:075][  0]LogConfig: Setting CVar [[r.Shadow.PreShadowResolutionFactor:1.0]]
[2020.04.25-17.32.59:075][  0]LogConfig: Setting CVar [[r.DistanceFieldShadowing:1]]
[2020.04.25-17.32.59:075][  0]LogConfig: Setting CVar [[r.DistanceFieldAO:1]]
[2020.04.25-17.32.59:075][  0]LogConfig: Setting CVar [[r.AOQuality:2]]
[2020.04.25-17.32.59:075][  0]LogConfig: Setting CVar [[r.VolumetricFog:1]]
[2020.04.25-17.32.59:075][  0]LogConfig: Setting CVar [[r.VolumetricFog.GridPixelSize:8]]
[2020.04.25-17.32.59:075][  0]LogConfig: Setting CVar [[r.VolumetricFog.GridSizeZ:128]]
[2020.04.25-17.32.59:075][  0]LogConfig: Setting CVar [[r.VolumetricFog.HistoryMissSupersampleCount:4]]
[2020.04.25-17.32.59:075][  0]LogConfig: Setting CVar [[r.LightMaxDrawDistanceScale:1]]
[2020.04.25-17.32.59:075][  0]LogConfig: Setting CVar [[r.CapsuleShadows:1]]
[2020.04.25-17.32.59:075][  0]LogConfig: Applying CVar settings from Section [PostProcessQuality@3] File [D:/Uni/3r/Motors2/survival-craft/One_Man_Land/Saved/Config/Windows/Scalability.ini]
[2020.04.25-17.32.59:075][  0]LogConfig: Setting CVar [[r.MotionBlurQuality:4]]
[2020.04.25-17.32.59:075][  0]LogConfig: Setting CVar [[r.AmbientOcclusionMipLevelFactor:0.4]]
[2020.04.25-17.32.59:075][  0]LogConfig: Setting CVar [[r.AmbientOcclusionMaxQuality:100]]
[2020.04.25-17.32.59:075][  0]LogConfig: Setting CVar [[r.AmbientOcclusionLevels:-1]]
[2020.04.25-17.32.59:075][  0]LogConfig: Setting CVar [[r.AmbientOcclusionRadiusScale:1.0]]
[2020.04.25-17.32.59:075][  0]LogConfig: Setting CVar [[r.DepthOfFieldQuality:2]]
[2020.04.25-17.32.59:075][  0]LogConfig: Setting CVar [[r.RenderTargetPoolMin:400]]
[2020.04.25-17.32.59:075][  0]LogConfig: Setting CVar [[r.LensFlareQuality:2]]
[2020.04.25-17.32.59:075][  0]LogConfig: Setting CVar [[r.SceneColorFringeQuality:1]]
[2020.04.25-17.32.59:075][  0]LogConfig: Setting CVar [[r.EyeAdaptationQuality:2]]
[2020.04.25-17.32.59:075][  0]LogConfig: Setting CVar [[r.BloomQuality:5]]
[2020.04.25-17.32.59:075][  0]LogConfig: Setting CVar [[r.FastBlurThreshold:100]]
[2020.04.25-17.32.59:075][  0]LogConfig: Setting CVar [[r.Upscale.Quality:3]]
[2020.04.25-17.32.59:075][  0]LogConfig: Setting CVar [[r.Tonemapper.GrainQuantization:1]]
[2020.04.25-17.32.59:075][  0]LogConfig: Setting CVar [[r.LightShaftQuality:1]]
[2020.04.25-17.32.59:075][  0]LogConfig: Setting CVar [[r.Filter.SizeScale:1]]
[2020.04.25-17.32.59:075][  0]LogConfig: Setting CVar [[r.Tonemapper.Quality:5]]
[2020.04.25-17.32.59:075][  0]LogConfig: Setting CVar [[r.DOF.Gather.AccumulatorQuality:1        ; higher gathering accumulator quality]]
[2020.04.25-17.32.59:075][  0]LogConfig: Setting CVar [[r.DOF.Gather.PostfilterMethod:1          ; Median3x3 postfilering method]]
[2020.04.25-17.32.59:075][  0]LogConfig: Setting CVar [[r.DOF.Gather.EnableBokehSettings:0       ; no bokeh simulation when gathering]]
[2020.04.25-17.32.59:075][  0]LogConfig: Setting CVar [[r.DOF.Gather.RingCount:4                 ; medium number of samples when gathering]]
[2020.04.25-17.32.59:075][  0]LogConfig: Setting CVar [[r.DOF.Scatter.ForegroundCompositing:1    ; additive foreground scattering]]
[2020.04.25-17.32.59:075][  0]LogConfig: Setting CVar [[r.DOF.Scatter.BackgroundCompositing:2    ; additive background scattering]]
[2020.04.25-17.32.59:075][  0]LogConfig: Setting CVar [[r.DOF.Scatter.EnableBokehSettings:1      ; bokeh simulation when scattering]]
[2020.04.25-17.32.59:075][  0]LogConfig: Setting CVar [[r.DOF.Scatter.MaxSpriteRatio:0.1         ; only a maximum of 10% of scattered bokeh]]
[2020.04.25-17.32.59:075][  0]LogConfig: Setting CVar [[r.DOF.Recombine.Quality:1                ; cheap slight out of focus]]
[2020.04.25-17.32.59:075][  0]LogConfig: Setting CVar [[r.DOF.Recombine.EnableBokehSettings:0    ; no bokeh simulation on slight out of focus]]
[2020.04.25-17.32.59:075][  0]LogConfig: Setting CVar [[r.DOF.TemporalAAQuality:1                ; more stable temporal accumulation]]
[2020.04.25-17.32.59:075][  0]LogConfig: Setting CVar [[r.DOF.Kernel.MaxForegroundRadius:0.025]]
[2020.04.25-17.32.59:075][  0]LogConfig: Setting CVar [[r.DOF.Kernel.MaxBackgroundRadius:0.025]]
[2020.04.25-17.32.59:075][  0]LogConfig: Applying CVar settings from Section [TextureQuality@3] File [D:/Uni/3r/Motors2/survival-craft/One_Man_Land/Saved/Config/Windows/Scalability.ini]
[2020.04.25-17.32.59:075][  0]LogConfig: Setting CVar [[r.Streaming.MipBias:0]]
[2020.04.25-17.32.59:075][  0]LogConfig: Setting CVar [[r.Streaming.AmortizeCPUToGPUCopy:0]]
[2020.04.25-17.32.59:075][  0]LogConfig: Setting CVar [[r.Streaming.MaxNumTexturesToStreamPerFrame:0]]
[2020.04.25-17.32.59:075][  0]LogConfig: Setting CVar [[r.Streaming.Boost:1]]
[2020.04.25-17.32.59:075][  0]LogConfig: Setting CVar [[r.MaxAnisotropy:8]]
[2020.04.25-17.32.59:075][  0]LogConfig: Setting CVar [[r.VT.MaxAnisotropy:8]]
[2020.04.25-17.32.59:075][  0]LogConfig: Setting CVar [[r.Streaming.LimitPoolSizeToVRAM:0]]
[2020.04.25-17.32.59:075][  0]LogConfig: Setting CVar [[r.Streaming.PoolSize:1000]]
[2020.04.25-17.32.59:075][  0]LogConfig: Setting CVar [[r.Streaming.MaxEffectiveScreenSize:0]]
[2020.04.25-17.32.59:075][  0]LogConfig: Applying CVar settings from Section [EffectsQuality@3] File [D:/Uni/3r/Motors2/survival-craft/One_Man_Land/Saved/Config/Windows/Scalability.ini]
[2020.04.25-17.32.59:076][  0]LogConfig: Setting CVar [[r.TranslucencyLightingVolumeDim:64]]
[2020.04.25-17.32.59:076][  0]LogConfig: Setting CVar [[r.RefractionQuality:2]]
[2020.04.25-17.32.59:076][  0]LogConfig: Setting CVar [[r.SSR.Quality:3]]
[2020.04.25-17.32.59:076][  0]LogConfig: Setting CVar [[r.SSR.HalfResSceneColor:0]]
[2020.04.25-17.32.59:076][  0]LogConfig: Setting CVar [[r.SceneColorFormat:4]]
[2020.04.25-17.32.59:076][  0]LogConfig: Setting CVar [[r.DetailMode:2]]
[2020.04.25-17.32.59:076][  0]LogConfig: Setting CVar [[r.TranslucencyVolumeBlur:1]]
[2020.04.25-17.32.59:076][  0]LogConfig: Setting CVar [[r.MaterialQualityLevel:1 ; High quality]]
[2020.04.25-17.32.59:076][  0]LogConfig: Setting CVar [[r.SSS.Scale:1]]
[2020.04.25-17.32.59:076][  0]LogConfig: Setting CVar [[r.SSS.SampleSet:2]]
[2020.04.25-17.32.59:076][  0]LogConfig: Setting CVar [[r.SSS.Quality:1]]
[2020.04.25-17.32.59:076][  0]LogConfig: Setting CVar [[r.SSS.HalfRes:1]]
[2020.04.25-17.32.59:076][  0]LogConfig: Setting CVar [[r.SSGI.Quality:3]]
[2020.04.25-17.32.59:076][  0]LogConfig: Setting CVar [[r.EmitterSpawnRateScale:1.0]]
[2020.04.25-17.32.59:076][  0]LogConfig: Setting CVar [[r.ParticleLightQuality:2]]
[2020.04.25-17.32.59:076][  0]LogConfig: Setting CVar [[r.SkyAtmosphere.AerialPerspectiveLUT.FastApplyOnOpaque:1 ; Always have FastSkyLUT 1 in this case to avoid wrong sky]]
[2020.04.25-17.32.59:076][  0]LogConfig: Setting CVar [[r.SkyAtmosphere.AerialPerspectiveLUT.SampleCountPerSlice:1]]
[2020.04.25-17.32.59:076][  0]LogConfig: Setting CVar [[r.SkyAtmosphere.AerialPerspectiveLUT.DepthResolution:16.0]]
[2020.04.25-17.32.59:076][  0]LogConfig: Setting CVar [[r.SkyAtmosphere.FastSkyLUT:1]]
[2020.04.25-17.32.59:076][  0]LogConfig: Setting CVar [[r.SkyAtmosphere.FastSkyLUT.SampleCountMin:4.0]]
[2020.04.25-17.32.59:076][  0]LogConfig: Setting CVar [[r.SkyAtmosphere.FastSkyLUT.SampleCountMax:32.0]]
[2020.04.25-17.32.59:076][  0]LogConfig: Setting CVar [[r.SkyAtmosphere.SampleCountMin:4.0]]
[2020.04.25-17.32.59:076][  0]LogConfig: Setting CVar [[r.SkyAtmosphere.SampleCountMax:32.0]]
[2020.04.25-17.32.59:076][  0]LogConfig: Setting CVar [[r.SkyAtmosphere.TransmittanceLUT.UseSmallFormat:0]]
[2020.04.25-17.32.59:076][  0]LogConfig: Setting CVar [[r.SkyAtmosphere.TransmittanceLUT.SampleCount:10.0]]
[2020.04.25-17.32.59:076][  0]LogConfig: Setting CVar [[r.SkyAtmosphere.MultiScatteringLUT.SampleCount:15.0]]
[2020.04.25-17.32.59:076][  0]LogConfig: Applying CVar settings from Section [FoliageQuality@3] File [D:/Uni/3r/Motors2/survival-craft/One_Man_Land/Saved/Config/Windows/Scalability.ini]
[2020.04.25-17.32.59:076][  0]LogConfig: Setting CVar [[foliage.DensityScale:1.0]]
[2020.04.25-17.32.59:076][  0]LogConfig: Setting CVar [[grass.DensityScale:1.0]]
[2020.04.25-17.32.59:076][  0]LogConfig: Applying CVar settings from Section [ShadingQuality@3] File [D:/Uni/3r/Motors2/survival-craft/One_Man_Land/Saved/Config/Windows/Scalability.ini]
[2020.04.25-17.32.59:076][  0]LogConfig: Setting CVar [[r.HairStrands.SkyLighting.SampleCount:16]]
[2020.04.25-17.32.59:076][  0]LogConfig: Setting CVar [[r.HairStrands.SkyLighting.JitterIntegration:0]]
[2020.04.25-17.32.59:076][  0]LogConfig: Setting CVar [[r.HairStrands.SkyAO.SampleCount:16]]
[2020.04.25-17.32.59:076][  0]LogConfig: Applying CVar settings from Section [Startup] File [../../../Engine/Config/ConsoleVariables.ini]
[2020.04.25-17.32.59:076][  0]LogConfig: Setting CVar [[net.UseAdaptiveNetUpdateFrequency:0]]
[2020.04.25-17.32.59:076][  0]LogConfig: Setting CVar [[p.chaos.AllowCreatePhysxBodies:1]]
[2020.04.25-17.32.59:076][  0]LogConfig: Applying CVar settings from Section [ConsoleVariables] File [D:/Uni/3r/Motors2/survival-craft/One_Man_Land/Saved/Config/Windows/Engine.ini]
[2020.04.25-17.32.59:076][  0]LogInit: Computer: DESKTOP-C54KNHT
[2020.04.25-17.32.59:076][  0]LogInit: User: Usuari
[2020.04.25-17.32.59:076][  0]LogInit: CPU Page size=4096, Cores=4
[2020.04.25-17.32.59:076][  0]LogInit: High frequency timer resolution =10.000000 MHz
[2020.04.25-17.32.59:076][  0]LogMemory: Memory total: Physical=7.8GB (8GB approx)
[2020.04.25-17.32.59:076][  0]LogMemory: Platform Memory Stats for Windows
[2020.04.25-17.32.59:076][  0]LogMemory: Process Physical Memory: 105.52 MB used, 105.53 MB peak
[2020.04.25-17.32.59:076][  0]LogMemory: Process Virtual Memory: 100.56 MB used, 100.56 MB peak
[2020.04.25-17.32.59:076][  0]LogMemory: Physical Memory: 5353.80 MB used,  2680.50 MB free, 8034.30 MB total
[2020.04.25-17.32.59:076][  0]LogMemory: Virtual Memory: 5137.52 MB used,  134212592.00 MB free, 134217728.00 MB total
[2020.04.25-17.32.59:081][  0]LogWindows: WindowsPlatformFeatures enabled
[2020.04.25-17.32.59:787][  0]LogInit: Overriding language with editor language configuration option (en).
[2020.04.25-17.32.59:787][  0]LogInit: Overriding locale with editor culture configuration option ().
[2020.04.25-17.32.59:787][  0]LogInit: Using OS detected locale (es-ES).
[2020.04.25-17.33.02:026][  0]LogInit: Setting process to per monitor DPI aware
[2020.04.25-17.33.02:218][  0]LogSlate: New Slate User Created.  User Index 0, Is Virtual User: 0
[2020.04.25-17.33.02:218][  0]LogSlate: Slate User Registered.  User Index 0, Is Virtual User: 0
[2020.04.25-17.33.09:456][  0]LogHMD: Failed to initialize OpenVR with code 110
[2020.04.25-17.33.09:456][  0]LogD3D11RHI: D3D11 min allowed feature level: 11_0
[2020.04.25-17.33.09:456][  0]LogD3D11RHI: D3D11 max allowed feature level: 11_0
[2020.04.25-17.33.09:456][  0]LogD3D11RHI: D3D11 adapters:
[2020.04.25-17.33.10:442][  0]LogD3D11RHI:    0. 'NVIDIA GeForce GTX 1060' (Feature Level 11_0)
[2020.04.25-17.33.10:442][  0]LogD3D11RHI:       6052/0/4017 MB DedicatedVideo/DedicatedSystem/SharedSystem, Outputs:1, VendorId:0x10de
[2020.04.25-17.33.10:463][  0]LogD3D11RHI:    1. 'Intel(R) UHD Graphics 630' (Feature Level 11_0)
[2020.04.25-17.33.10:463][  0]LogD3D11RHI:       128/0/4017 MB DedicatedVideo/DedicatedSystem/SharedSystem, Outputs:0, VendorId:0x8086
[2020.04.25-17.33.10:466][  0]LogD3D11RHI:    2. 'Microsoft Basic Render Driver' (Feature Level 11_0)
[2020.04.25-17.33.10:466][  0]LogD3D11RHI:       0/0/4017 MB DedicatedVideo/DedicatedSystem/SharedSystem, Outputs:0, VendorId:0x1414
[2020.04.25-17.33.10:466][  0]LogD3D11RHI: Chosen D3D11 Adapter: 0
[2020.04.25-17.33.10:504][  0]LogD3D11RHI: Creating new Direct3DDevice
[2020.04.25-17.33.10:505][  0]LogD3D11RHI:     GPU DeviceId: 0x1c20 (for the marketing name, search the web for "GPU Device Id")
[2020.04.25-17.33.10:505][  0]LogWindows: EnumDisplayDevices:
[2020.04.25-17.33.10:505][  0]LogWindows:    0. 'Intel(R) UHD Graphics 630' (P:1 D:1)
[2020.04.25-17.33.10:505][  0]LogWindows:    1. 'Intel(R) UHD Graphics 630' (P:0 D:0)
[2020.04.25-17.33.10:505][  0]LogWindows:    2. 'Intel(R) UHD Graphics 630' (P:0 D:0)
[2020.04.25-17.33.10:506][  0]LogWindows:    3. 'NVIDIA GeForce GTX 1060' (P:0 D:0)
[2020.04.25-17.33.10:506][  0]LogWindows: DebugString: PrimaryIsNotTheChoosenAdapter PrimaryIsNotTheChoosenAdapter PrimaryIsNotTheChoosenAdapter 
[2020.04.25-17.33.10:506][  0]LogD3D11RHI:     Adapter Name: NVIDIA GeForce GTX 1060
[2020.04.25-17.33.10:506][  0]LogD3D11RHI:   Driver Version: 419.72 (internal:25.21.14.1972, unified:419.72)
[2020.04.25-17.33.10:506][  0]LogD3D11RHI:      Driver Date: 3-18-2019
[2020.04.25-17.33.10:506][  0]LogRHI: Texture pool is 4236 MB (70% of 6052 MB)
[2020.04.25-17.33.10:559][  0]LogD3D11RHI: RHI has support for 64 bit atomics
[2020.04.25-17.33.10:559][  0]LogD3D11RHI: Async texture creation enabled
[2020.04.25-17.33.10:672][  0]LogD3D11RHI: GPU Timing Frequency: 1000.000000 (Debug: 2 1)
[2020.04.25-17.33.14:113][  0]LogTargetPlatformManager: Display: Loaded TargetPlatform 'AllDesktop'
[2020.04.25-17.33.14:231][  0]LogTargetPlatformManager: Display: Loaded TargetPlatform 'Android'
[2020.04.25-17.33.14:231][  0]LogTargetPlatformManager: Display: Loaded TargetPlatform 'Android_ASTC'
[2020.04.25-17.33.14:231][  0]LogTargetPlatformManager: Display: Loaded TargetPlatform 'Android_ATC'
[2020.04.25-17.33.14:231][  0]LogTargetPlatformManager: Display: Loaded TargetPlatform 'Android_DXT'
[2020.04.25-17.33.14:231][  0]LogTargetPlatformManager: Display: Loaded TargetPlatform 'Android_ETC1'
[2020.04.25-17.33.14:231][  0]LogTargetPlatformManager: Display: Loaded TargetPlatform 'Android_ETC1a'
[2020.04.25-17.33.14:231][  0]LogTargetPlatformManager: Display: Loaded TargetPlatform 'Android_ETC2'
[2020.04.25-17.33.14:232][  0]LogTargetPlatformManager: Display: Loaded TargetPlatform 'Android_PVRTC'
[2020.04.25-17.33.14:232][  0]LogTargetPlatformManager: Display: Loaded TargetPlatform 'AndroidClient'
[2020.04.25-17.33.14:232][  0]LogTargetPlatformManager: Display: Loaded TargetPlatform 'Android_ASTCClient'
[2020.04.25-17.33.14:232][  0]LogTargetPlatformManager: Display: Loaded TargetPlatform 'Android_ATCClient'
[2020.04.25-17.33.14:232][  0]LogTargetPlatformManager: Display: Loaded TargetPlatform 'Android_DXTClient'
[2020.04.25-17.33.14:232][  0]LogTargetPlatformManager: Display: Loaded TargetPlatform 'Android_ETC1Client'
[2020.04.25-17.33.14:232][  0]LogTargetPlatformManager: Display: Loaded TargetPlatform 'Android_ETC1aClient'
[2020.04.25-17.33.14:232][  0]LogTargetPlatformManager: Display: Loaded TargetPlatform 'Android_ETC2Client'
[2020.04.25-17.33.14:232][  0]LogTargetPlatformManager: Display: Loaded TargetPlatform 'Android_PVRTCClient'
[2020.04.25-17.33.14:232][  0]LogTargetPlatformManager: Display: Loaded TargetPlatform 'Android_Multi'
[2020.04.25-17.33.14:232][  0]LogTargetPlatformManager: Display: Loaded TargetPlatform 'Android_MultiClient'
[2020.04.25-17.33.14:440][  0]LogTargetPlatformManager: Display: Loaded TargetPlatform 'IOSClient'
[2020.04.25-17.33.14:440][  0]LogTargetPlatformManager: Display: Loaded TargetPlatform 'IOS'
[2020.04.25-17.33.14:457][  0]LogTargetPlatformManager: Display: Loaded TargetPlatform 'LinuxNoEditor'
[2020.04.25-17.33.14:464][  0]LogTargetPlatformManager: Display: Loaded TargetPlatform 'LinuxClient'
[2020.04.25-17.33.14:469][  0]LogTargetPlatformManager: Display: Loaded TargetPlatform 'LinuxServer'
[2020.04.25-17.33.14:475][  0]LogTargetPlatformManager: Display: Loaded TargetPlatform 'LinuxAArch64NoEditor'
[2020.04.25-17.33.14:481][  0]LogTargetPlatformManager: Display: Loaded TargetPlatform 'LinuxAArch64Client'
[2020.04.25-17.33.14:487][  0]LogTargetPlatformManager: Display: Loaded TargetPlatform 'LinuxAArch64Server'
[2020.04.25-17.33.14:514][  0]LogTargetPlatformManager: Display: Loaded TargetPlatform 'Lumin'
[2020.04.25-17.33.14:514][  0]LogTargetPlatformManager: Display: Loaded TargetPlatform 'LuminClient'
[2020.04.25-17.33.14:525][  0]LogTargetPlatformManager: Display: Loaded TargetPlatform 'TVOSClient'
[2020.04.25-17.33.14:525][  0]LogTargetPlatformManager: Display: Loaded TargetPlatform 'TVOS'
[2020.04.25-17.33.14:531][  0]LogTargetPlatformManager: Display: Loaded TargetPlatform 'WindowsNoEditor'
[2020.04.25-17.33.14:614][  0]LogTargetPlatformManager: Display: Loaded TargetPlatform 'Windows'
[2020.04.25-17.33.14:622][  0]LogTargetPlatformManager: Display: Loaded TargetPlatform 'WindowsClient'
[2020.04.25-17.33.14:629][  0]LogTargetPlatformManager: Display: Loaded TargetPlatform 'WindowsServer'
[2020.04.25-17.33.14:629][  0]LogTargetPlatformManager: Display: Building Assets For Windows
[2020.04.25-17.33.14:685][  0]LogAudioDebug: Display: Lib vorbis DLL was dynamically loaded.
[2020.04.25-17.33.15:200][  0]LogShaderCompilers: Guid format shader working directory is -10 characters bigger than the processId version (../../../../../Uni/3r/Motors2/survival-craft/One_Man_Land/Intermediate/Shaders/WorkingDirectory/5192/).
[2020.04.25-17.33.15:200][  0]LogShaderCompilers: Cleaned the shader compiler working directory 'C:/Users/Usuari/AppData/Local/Temp/UnrealShaderWorkingDir/E7AD3107458DDD8353A4D5BA15588B66/'.
[2020.04.25-17.33.15:201][  0]LogXGEController: Cleaning working directory: C:/Users/Usuari/AppData/Local/Temp/UnrealXGEWorkingDir/
[2020.04.25-17.33.15:202][  0]LogXGEController: Cannot use XGE Controller as Incredibuild is not installed on this machine.
[2020.04.25-17.33.15:202][  0]LogShaderCompilers: Cannot use XGE Shader Compiler as Incredibuild is not installed on this machine.
[2020.04.25-17.33.15:202][  0]LogShaderCompilers: Display: Using Local Shader Compiler.
[2020.04.25-17.33.16:154][  0]LogDerivedDataCache: Display: Max Cache Size: 512 MB
[2020.04.25-17.33.16:361][  0]LogDerivedDataCache: Loaded boot cache 0.21s 78MB C:/Users/Usuari/AppData/Local/UnrealEngine/4.24/DerivedDataCache/Boot.ddc.
[2020.04.25-17.33.16:361][  0]LogDerivedDataCache: Display: Loaded Boot cache: C:/Users/Usuari/AppData/Local/UnrealEngine/4.24/DerivedDataCache/Boot.ddc
[2020.04.25-17.33.16:361][  0]LogDerivedDataCache: FDerivedDataBackendGraph:  Pak pak cache file ../../../../../Uni/3r/Motors2/survival-craft/One_Man_Land/DerivedDataCache/DDC.ddp not found, will not use a pak cache.
[2020.04.25-17.33.16:361][  0]LogDerivedDataCache: Unable to find inner node Pak for hierarchical cache Hierarchy.
[2020.04.25-17.33.16:362][  0]LogDerivedDataCache: FDerivedDataBackendGraph:  CompressedPak pak cache file ../../../../../Uni/3r/Motors2/survival-craft/One_Man_Land/DerivedDataCache/Compressed.ddp not found, will not use a pak cache.
[2020.04.25-17.33.16:362][  0]LogDerivedDataCache: Unable to find inner node CompressedPak for hierarchical cache Hierarchy.
[2020.04.25-17.33.16:407][  0]LogDerivedDataCache: Display: Pak cache opened for reading ../../../Engine/DerivedDataCache/Compressed.ddp.
[2020.04.25-17.33.16:407][  0]LogDerivedDataCache: FDerivedDataBackendGraph:  EnterprisePak pak cache file ../../../Enterprise/DerivedDataCache/Compressed.ddp not found, will not use a pak cache.
[2020.04.25-17.33.16:407][  0]LogDerivedDataCache: Unable to find inner node EnterprisePak for hierarchical cache Hierarchy.
[2020.04.25-17.33.16:417][  0]LogDerivedDataCache: Using Local data cache path C:/Users/Usuari/AppData/Local/UnrealEngine/Common/DerivedDataCache: Writable
[2020.04.25-17.33.16:417][  0]LogDerivedDataCache: Shared data cache path not found in *engine.ini, will not use an Shared cache.
[2020.04.25-17.33.16:417][  0]LogDerivedDataCache: Unable to find inner node Shared for hierarchical cache Hierarchy.
[2020.04.25-17.33.16:440][  0]LogMaterial: Verifying Global Shaders for PCD3D_SM5
[2020.04.25-17.33.16:479][  0]LogSlate: Using FreeType 2.10.0
[2020.04.25-17.33.16:479][  0]LogSlate: SlateFontServices - WITH_FREETYPE: 1, WITH_HARFBUZZ: 1
[2020.04.25-17.33.16:927][  0]LogAssetRegistry: FAssetRegistry took 0.0100 seconds to start up
[2020.04.25-17.33.18:972][  0]LogInit: Selected Device Profile: [Windows]
[2020.04.25-17.33.19:776][  0]LogMeshReduction: Using QuadricMeshReduction for automatic static mesh reduction
[2020.04.25-17.33.19:776][  0]LogMeshReduction: Using SimplygonMeshReduction for automatic skeletal mesh reduction
[2020.04.25-17.33.19:776][  0]LogMeshReduction: Using ProxyLODMeshReduction for automatic mesh merging
[2020.04.25-17.33.19:776][  0]LogMeshReduction: No distributed automatic mesh merging module available
[2020.04.25-17.33.19:776][  0]LogMeshMerging: No distributed automatic mesh merging module available
[2020.04.25-17.33.19:931][  0]LogNetVersion: One_Man_Land 1.0.0, NetCL: 10570792, EngineNetVer: 13, GameNetVer: 0 (Checksum: 3489033838)
[2020.04.25-17.33.42:331][  0]LogPackageLocalizationCache: Processed 10 localized package path(s) for 1 prioritized culture(s) in 0.071297 seconds
[2020.04.25-17.33.42:338][  0]LogUObjectArray: 46750 objects as part of root set at end of initial load.
[2020.04.25-17.33.42:338][  0]LogUObjectAllocator: 8137160 out of 0 bytes used by permanent object pool.
[2020.04.25-17.33.42:338][  0]LogUObjectArray: CloseDisregardForGC: 0/0 objects in disregard for GC pool
[2020.04.25-17.33.47:048][  0]LogTcpMessaging: Initializing TcpMessaging bridge
[2020.04.25-17.33.47:086][  0]LogUdpMessaging: Initializing bridge on interface 0.0.0.0:0 to multicast group 230.0.0.1:6666.
[2020.04.25-17.33.47:854][  0]SourceControl: Source control is disabled
[2020.04.25-17.33.47:854][  0]SourceControl: Source control is disabled
[2020.04.25-17.33.48:098][  0]SourceControl: Source control is disabled
[2020.04.25-17.33.48:142][  0]SourceControl: Source control is disabled
[2020.04.25-17.33.48:212][  0]SourceControl: Source control is disabled
[2020.04.25-17.33.49:875][  0]LogAndroidPermission: UAndroidPermissionCallbackProxy::GetInstance
[2020.04.25-17.33.49:984][  0]LogAudioCaptureCore: Display: No Audio Capture implementations found. Audio input will be silent.
[2020.04.25-17.33.49:984][  0]LogAudioCaptureCore: Display: No Audio Capture implementations found. Audio input will be silent.
[2020.04.25-17.33.50:583][  0]LogOcInput: OculusInput pre-init called
[2020.04.25-17.33.50:750][  0]LogWindows: Failed to load 'OVRPlugin.dll' (GetLastError=126)
[2020.04.25-17.33.50:750][  0]LogWindows: File 'OVRPlugin.dll' does not exist
[2020.04.25-17.33.51:568][  0]LogEngine: Initializing Engine...
[2020.04.25-17.33.51:620][  0]LogHMD: Failed to initialize OpenVR with code 110
[2020.04.25-17.33.51:670][  0]LogStats: UGameplayTagsManager::InitializeManager -  0.049 s
[2020.04.25-17.33.52:248][  0]LogInit: Initializing FReadOnlyCVARCache
[2020.04.25-17.33.52:443][  0]LogAIModule: Creating AISystem for world Untitled
[2020.04.25-17.33.52:446][  0]LogAudioMixer: Display: Audio Mixer Platform Settings:
[2020.04.25-17.33.52:446][  0]LogAudioMixer: Display: 	Sample Rate:						  48000
[2020.04.25-17.33.52:446][  0]LogAudioMixer: Display: 	Callback Buffer Frame Size Requested: 1024
[2020.04.25-17.33.52:446][  0]LogAudioMixer: Display: 	Callback Buffer Frame Size To Use:	  1024
[2020.04.25-17.33.52:446][  0]LogAudioMixer: Display: 	Number of buffers to queue:			  2
[2020.04.25-17.33.52:446][  0]LogAudioMixer: Display: 	Max Channels (voices):				  32
[2020.04.25-17.33.52:446][  0]LogAudioMixer: Display: 	Number of Async Source Workers:		  0
[2020.04.25-17.33.52:446][  0]LogAudio: Display: AudioDevice MaxSources: 32
[2020.04.25-17.33.52:446][  0]LogAudio: Display: Using built-in audio occlusion.
[2020.04.25-17.33.52:446][  0]LogAudioMixer: Display: Initializing audio mixer.
[2020.04.25-17.33.52:463][  0]LogAudioMixer: Display: Audio Device Output Speaker Info:
[2020.04.25-17.33.52:463][  0]LogAudioMixer: Display: Name: Altavoces (Realtek High Definition Audio)
[2020.04.25-17.33.52:463][  0]LogAudioMixer: Display: Is Default: Yes
[2020.04.25-17.33.52:463][  0]LogAudioMixer: Display: Sample Rate: 48000
[2020.04.25-17.33.52:463][  0]LogAudioMixer: Display: Channel Count Used: 2
[2020.04.25-17.33.52:463][  0]LogAudioMixer: Display: Device Channel Count: 2
[2020.04.25-17.33.52:463][  0]LogAudioMixer: Display: Channel Order:
[2020.04.25-17.33.52:463][  0]LogAudioMixer: Display: 0: FrontLeft
[2020.04.25-17.33.52:463][  0]LogAudioMixer: Display: 1: FrontRight
[2020.04.25-17.33.52:488][  0]LogAudioMixer: Display: Using Audio Device Altavoces (Realtek High Definition Audio)
[2020.04.25-17.33.52:493][  0]LogInit: FAudioDevice initialized.
[2020.04.25-17.33.52:494][  0]LogNetVersion: Set ProjectVersion to 1.0.0.0. Version Checksum will be recalculated on next use.
[2020.04.25-17.33.52:646][  0]LogDerivedDataCache: Saved boot cache 0.15s 78MB C:/Users/Usuari/AppData/Local/UnrealEngine/4.24/DerivedDataCache/Boot.ddc.
[2020.04.25-17.33.52:652][  0]LogInit: Texture streaming: Enabled
[2020.04.25-17.33.52:805][  0]LogEngineSessionManager: EngineSessionManager initialized
[2020.04.25-17.33.52:840][  0]LogEngineSessionManager: EngineSessionManager sent abnormal shutdown report. Type=Crashed, SessionId={58439764-4812-A038-2C35-809F5DC5130C}
[2020.04.25-17.33.52:840][  0]LogEditorSessionSummary: Verbose: Initializing EditorSessionSummaryWriter for editor session tracking
[2020.04.25-17.33.52:841][  0]LogEditorSessionSummary: EditorSessionSummaryWriter initialized
[2020.04.25-17.33.53:180][  0]LogInit: Transaction tracking system initialized
[2020.04.25-17.33.53:683][  0]BlueprintLog: New page: Editor Load
[2020.04.25-17.33.55:338][  0]LocalizationService: Localization service is disabled
[2020.04.25-17.33.57:740][  0]LogCook: Display: Max memory allowance for cook 16384mb min free memory 0mb
[2020.04.25-17.33.57:740][  0]LogCook: Display: Mobile HDR setting 1
[2020.04.25-17.33.58:969][  0]LogFileCache: Scanning file cache for directory 'D:/Uni/3r/Motors2/survival-craft/One_Man_Land/Content/' took 0.42s
[2020.04.25-17.34.01:733][  0]SourceControl: Source control is disabled
[2020.04.25-17.34.02:143][  0]LogSlate: Took 0.000189 seconds to synchronously load lazily loaded font '../../../Engine/Content/Slate/Fonts/Roboto-Regular.ttf' (155K)
[2020.04.25-17.47.30:323][  0]LogSlate: Window 'Restore Packages' being destroyed
[2020.04.25-17.51.50:812][  0]LogSlate: Window 'Unable to Check Out From Source Control!' being destroyed
[2020.04.25-17.51.50:911][  0]LogWindowsTextInputMethodSystem: Display: IME system now deactivated.
[2020.04.25-17.51.51:056][  0]LogWindowsTextInputMethodSystem: Display: IME system now deactivated.
[2020.04.25-17.51.51:057][  0]Cmd: MAP LOAD FILE="../../../../../Uni/3r/Motors2/survival-craft/One_Man_Land/Content/FirstPersonBP/Maps/FirstPersonExampleMap.umap" TEMPLATE=0 SHOWPROGRESS=1 FEATURELEVEL=3
[2020.04.25-17.51.51:057][  0]LightingResults: New page: Lighting Build
[2020.04.25-17.51.51:222][  0]LogWorld: UWorld::CleanupWorld for Untitled, bSessionEnded=true, bCleanupResources=true
[2020.04.25-17.51.51:222][  0]LogSlate: InvalidateAllWidgets triggered.  All widgets were invalidated
[2020.04.25-17.51.51:222][  0]MapCheck: New page: Map Check
[2020.04.25-17.51.51:222][  0]LightingResults: New page: Lighting Build
[2020.04.25-17.51.51:276][  0]LogUObjectHash: Compacting FUObjectHashTables data took   1.68ms
[2020.04.25-17.51.56:298][  0]LogAIModule: Creating AISystem for world FirstPersonExampleMap
[2020.04.25-17.51.56:367][  0]LogEditorServer: Finished looking for orphan Actors (0.000 secs)
[2020.04.25-17.51.56:580][  0]LogUObjectHash: Compacting FUObjectHashTables data took   7.94ms
[2020.04.25-17.51.56:583][  0]Cmd: MAP CHECKDEP NOCLEARLOG
[2020.04.25-17.51.56:583][  0]MapCheck: Map check complete: 0 Error(s), 0 Warning(s), took 0,261ms to complete.
[2020.04.25-17.51.56:584][  0]LogFileHelpers: Loading map 'FirstPersonExampleMap' took 5.527
[2020.04.25-17.51.56:851][  0]LogSlate: Updating window title bar state: overlay mode, drag disabled, window buttons hidden, title bar hidden
[2020.04.25-17.51.56:857][  0]LogSlate: Updating window title bar state: overlay mode, drag disabled, window buttons hidden, title bar hidden
[2020.04.25-17.51.56:863][  0]LogSlate: Updating window title bar state: overlay mode, drag disabled, window buttons hidden, title bar hidden
[2020.04.25-17.51.56:868][  0]LogSlate: Updating window title bar state: overlay mode, drag disabled, window buttons hidden, title bar hidden
[2020.04.25-17.51.56:912][  0]LogCollectionManager: Loaded 0 collections in 0.000733 seconds
[2020.04.25-17.51.57:161][  0]LogFileCache: Scanning file cache for directory 'D:/Uni/3r/Motors2/survival-craft/One_Man_Land/Saved/Collections/' took 0.00s
[2020.04.25-17.51.57:161][  0]LogFileCache: Scanning file cache for directory 'D:/Uni/3r/Motors2/survival-craft/One_Man_Land/Content/Developers/Usuari/Collections/' took 0.00s
[2020.04.25-17.51.57:161][  0]LogFileCache: Scanning file cache for directory 'D:/Uni/3r/Motors2/survival-craft/One_Man_Land/Content/Collections/' took 0.00s
[2020.04.25-17.51.57:161][  0]LogContentBrowser: Native class hierarchy populated in 0.0088 seconds. Added 3015 classes and 717 folders.
[2020.04.25-17.51.57:375][  0]LogContentBrowser: Native class hierarchy updated for 'WidgetCarousel' in 0.0003 seconds. Added 0 classes and 0 folders.
[2020.04.25-17.51.58:212][  0]LogContentBrowser: Native class hierarchy updated for 'AddContentDialog' in 0.0002 seconds. Added 0 classes and 0 folders.
[2020.04.25-17.51.58:301][  0]LogContentBrowser: Native class hierarchy updated for 'SceneOutliner' in 0.0002 seconds. Added 2 classes and 3 folders.
[2020.04.25-17.51.58:462][  0]LogSlate: Took 0.004471 seconds to synchronously load lazily loaded font '../../../Engine/Content/Slate/Fonts/Roboto-Bold.ttf' (160K)
[2020.04.25-17.51.58:486][  0]LogSlate: Took 0.019197 seconds to synchronously load lazily loaded font '../../../Engine/Content/Editor/Slate/Fonts/FontAwesome.ttf' (139K)
[2020.04.25-17.51.58:732][  0]LogRenderer: Reallocating scene render targets to support 960x460 Format 10 NumSamples 1 (Frame:1).
[2020.04.25-17.51.58:947][  0]LogSlate: Took 0.037618 seconds to synchronously load lazily loaded font '../../../Engine/Content/Slate/Fonts/Roboto-Light.ttf' (167K)
[2020.04.25-17.51.59:078][  0]LogContentBrowser: Native class hierarchy updated for 'HierarchicalLODOutliner' in 0.0002 seconds. Added 0 classes and 0 folders.
[2020.04.25-17.51.59:078][  0]LogLoad: (Engine Initialization) Total time: 1162.46 seconds
[2020.04.25-17.51.59:078][  0]LogLoad: (Engine Initialization) Total Blueprint compile time: 0.00 seconds
[2020.04.25-17.51.59:250][  0]LogMaterial: Display: Missing cached shader map for material Material_0, compiling. 
[2020.04.25-17.51.59:764][  0]LogShaderCompilers: Display: Worker (1/5): shaders left to compile 4
[2020.04.25-17.51.59:764][  0]LogShaderCompilers: Display: Worker (2/5): shaders left to compile 3
[2020.04.25-17.51.59:764][  0]LogShaderCompilers: Display: Worker (3/5): shaders left to compile 2
[2020.04.25-17.51.59:764][  0]LogShaderCompilers: Display: Worker (4/5): shaders left to compile 1
[2020.04.25-17.51.59:764][  0]LogContentStreaming: Texture pool size now 1000 MB
[2020.04.25-17.52.00:387][  4]LogSlate: Took 0.000169 seconds to synchronously load lazily loaded font '../../../Engine/Content/Slate/Fonts/Roboto-Light.ttf' (167K)
[2020.04.25-17.52.04:239][ 44]LogAssetRegistry: Asset discovery search completed in 1127.3126 seconds
[2020.04.25-17.52.04:243][ 44]LogCollectionManager: Fixed up redirectors for 0 collections in 0.000008 seconds (updated 0 objects)
[2020.04.25-17.52.45:494][269]LogAssetEditorSubsystem: Opening Asset editor for Blueprint /Game/PickupItems/PickupPrefabs/Barrow/BowPF.BowPF
[2020.04.25-17.52.45:775][269]LogContentBrowser: Native class hierarchy updated for 'BlueprintGraph' in 0.0006 seconds. Added 121 classes and 0 folders.
[2020.04.25-17.52.46:825][269]LogAssetEditorSubsystem: Opening Asset editor for StaticMesh /Game/PickupItems/Mesh/Bow/Bow.Bow
[2020.04.25-17.52.47:692][269]LogAssetEditorSubsystem: Opening Asset editor for Material /Game/PickupItems/Mesh/Bow/BowMaterial.BowMaterial
[2020.04.25-17.52.47:700][269]LogMaterial: Display: Missing cached shader map for material BowMaterial, compiling. 
[2020.04.25-17.52.47:805][269]LogMaterial: Display: Missing cached shader map for material BowMaterial, compiling. 
[2020.04.25-17.52.47:817][269]LogMaterial: Display: Missing cached shader map for material BowMaterial, compiling. 
[2020.04.25-17.52.47:833][269]LogShaderCompilers: Display: Worker (1/5): shaders left to compile 9
[2020.04.25-17.52.47:833][269]LogShaderCompilers: Display: Worker (2/5): shaders left to compile 8
[2020.04.25-17.52.47:833][269]LogShaderCompilers: Display: Worker (3/5): shaders left to compile 7
[2020.04.25-17.52.47:833][269]LogShaderCompilers: Display: Worker (4/5): shaders left to compile 6
[2020.04.25-17.52.47:838][269]LogMaterial: Display: Missing cached shader map for material FMatExpressionPreview MaterialExpressionTextureSample_0, compiling. 
[2020.04.25-17.52.47:966][269]LogAssetEditorSubsystem: Opening Asset editor for WidgetBlueprint /Game/FirstPersonBP/HUD/Inventory/MainInventory.MainInventory
[2020.04.25-17.52.52:270][269]LogShaderCompilers: Display: Worker (3/5): shaders left to compile 9
[2020.04.25-17.52.52:270][269]LogShaderCompilers: Display: Worker (4/5): shaders left to compile 8
[2020.04.25-17.52.52:271][269]LogShaderCompilers: Display: Worker (1/5): shaders left to compile 7
[2020.04.25-17.52.52:271][269]LogShaderCompilers: Display: Worker (2/5): shaders left to compile 6
[2020.04.25-17.52.52:271][269]LogShaderCompilers: Display: Worker (4/5): shaders left to compile 5
[2020.04.25-17.52.52:271][269]LogShaderCompilers: Display: Worker (1/5): shaders left to compile 4
[2020.04.25-17.52.52:271][269]LogShaderCompilers: Display: Worker (3/5): shaders left to compile 3
[2020.04.25-17.52.52:271][269]LogShaderCompilers: Display: Worker (2/5): shaders left to compile 2
[2020.04.25-17.52.52:271][269]LogShaderCompilers: Display: Worker (4/5): shaders left to compile 1
[2020.04.25-17.52.52:355][269]LogAssetEditorSubsystem: Opening Asset editor for Blueprint /Game/FirstPersonBP/Blueprints/FirstPersonCharacter.FirstPersonCharacter
[2020.04.25-17.52.54:140][269]MaterialEditorStats: Base pass shader: 120 instructions
[2020.04.25-17.52.54:140][269]MaterialEditorStats: Base pass shader with Volumetric Lightmap: 194 instructions
[2020.04.25-17.52.54:140][269]MaterialEditorStats: Base pass vertex shader: 44 instructions
[2020.04.25-17.52.54:140][269]MaterialEditorStats: Texture samplers: 3/16
[2020.04.25-17.52.54:140][269]MaterialEditorStats: Texture Lookups (Est.): VS(0), PS(1)
[2020.04.25-17.52.54:140][269]MaterialEditorStats: User interpolators: 2/4 Scalars (1/4 Vectors) (TexCoords: 2, Custom: 0)
[2020.04.25-17.52.54:501][269]LogSlate: Took 0.237352 seconds to synchronously load lazily loaded font '../../../Engine/Content/Slate/Fonts/Roboto-BoldCondensed.ttf' (158K)
[2020.04.25-17.52.55:778][270]LogSlate: Took 0.025693 seconds to synchronously load lazily loaded font '../../../Engine/Content/Slate/Fonts/Roboto-Italic.ttf' (157K)
[2020.04.25-17.52.59:041][419]LogRenderer: Reallocating scene render targets to support 960x536 Format 10 NumSamples 1 (Frame:1).
[2020.04.25-17.53.13:436][122]LogSlate: Warning: Ignoring SetUserFocus because it's not an active modal Window (user 0 not set to SSCSTreeType [SSCSEditor.cpp(3553)].
[2020.04.25-17.53.45:976][899]LogRenderer: Reallocating scene render targets to support 1144x704 Format 10 NumSamples 1 (Frame:1).
[2020.04.25-17.55.57:841][183]LogSlate: Prevented a slow task dialog from being summoned while a context menu was open
[2020.04.25-17.57.15:095][500]BlueprintLog: New page: Compile FirstPersonCharacter
[2020.04.25-17.57.16:153][500]LogUObjectHash: Compacting FUObjectHashTables data took   5.07ms
[2020.04.25-17.57.17:837][576]LogTemp: Repeating last play command: Selected Viewport
[2020.04.25-17.57.17:917][576]LogBlueprintUserMessages: Early PlayInEditor Detection: Level '/Game/FirstPersonBP/Maps/FirstPersonExampleMap.FirstPersonExampleMap:PersistentLevel' has LevelScriptBlueprint '/Game/FirstPersonBP/Maps/FirstPersonExampleMap.FirstPersonExampleMap:PersistentLevel.FirstPersonExampleMap' with GeneratedClass '/Game/FirstPersonBP/Maps/FirstPersonExampleMap.FirstPersonExampleMap_C' with ClassGeneratedBy '/Game/FirstPersonBP/Maps/FirstPersonExampleMap.FirstPersonExampleMap:PersistentLevel.FirstPersonExampleMap'
[2020.04.25-17.57.18:009][576]LogPlayLevel: PlayLevel: No blueprints needed recompiling
[2020.04.25-17.57.18:195][576]PIE: New page: PIE session: FirstPersonExampleMap (25 abr. 2020 21:57:18)
[2020.04.25-17.57.18:264][576]LogOnline: OSS: Creating online subsystem instance for: NULL
[2020.04.25-17.57.18:299][576]LogOnline: OSS: TryLoadSubsystemAndSetDefault: Loaded subsystem for module [NULL]
[2020.04.25-17.57.18:333][576]LogPlayLevel: Creating play world package: /Game/FirstPersonBP/Maps/UEDPIE_0_FirstPersonExampleMap
[2020.04.25-17.57.18:426][576]LogPlayLevel: PIE: StaticDuplicateObject took: (0.092167s)
[2020.04.25-17.57.18:446][576]LogAIModule: Creating AISystem for world FirstPersonExampleMap
[2020.04.25-17.57.18:455][576]LogPlayLevel: PIE: World Init took: (0.028508s)
[2020.04.25-17.57.18:455][576]LogPlayLevel: PIE: Created PIE world by copying editor world from /Game/FirstPersonBP/Maps/FirstPersonExampleMap.FirstPersonExampleMap to /Game/FirstPersonBP/Maps/UEDPIE_0_FirstPersonExampleMap.FirstPersonExampleMap (0.121258s)
[2020.04.25-17.57.18:577][576]LogUObjectHash: Compacting FUObjectHashTables data took   5.18ms
[2020.04.25-17.57.18:587][576]LogAudioMixer: Display: Audio Mixer Platform Settings:
[2020.04.25-17.57.18:587][576]LogAudioMixer: Display: 	Sample Rate:						  48000
[2020.04.25-17.57.18:587][576]LogAudioMixer: Display: 	Callback Buffer Frame Size Requested: 1024
[2020.04.25-17.57.18:587][576]LogAudioMixer: Display: 	Callback Buffer Frame Size To Use:	  1024
[2020.04.25-17.57.18:587][576]LogAudioMixer: Display: 	Number of buffers to queue:			  2
[2020.04.25-17.57.18:588][576]LogAudioMixer: Display: 	Max Channels (voices):				  32
[2020.04.25-17.57.18:588][576]LogAudioMixer: Display: 	Number of Async Source Workers:		  0
[2020.04.25-17.57.18:588][576]LogAudio: Display: AudioDevice MaxSources: 32
[2020.04.25-17.57.18:588][576]LogAudio: Display: Using built-in audio occlusion.
[2020.04.25-17.57.18:588][576]LogAudioMixer: Display: Initializing audio mixer.
[2020.04.25-17.57.18:594][576]LogAudioMixer: Display: Audio Device Output Speaker Info:
[2020.04.25-17.57.18:594][576]LogAudioMixer: Display: Name: Altavoces (Realtek High Definition Audio)
[2020.04.25-17.57.18:594][576]LogAudioMixer: Display: Is Default: Yes
[2020.04.25-17.57.18:594][576]LogAudioMixer: Display: Sample Rate: 48000
[2020.04.25-17.57.18:594][576]LogAudioMixer: Display: Channel Count Used: 2
[2020.04.25-17.57.18:594][576]LogAudioMixer: Display: Device Channel Count: 2
[2020.04.25-17.57.18:594][576]LogAudioMixer: Display: Channel Order:
[2020.04.25-17.57.18:594][576]LogAudioMixer: Display: 0: FrontLeft
[2020.04.25-17.57.18:594][576]LogAudioMixer: Display: 1: FrontRight
[2020.04.25-17.57.18:607][576]LogAudioMixer: Display: Using Audio Device Altavoces (Realtek High Definition Audio)
[2020.04.25-17.57.18:621][576]LogInit: FAudioDevice initialized.
[2020.04.25-17.57.18:672][576]LogLoad: Game class is 'FirstPersonGameMode_C'
[2020.04.25-17.57.18:850][576]LogWorld: Bringing World /Game/FirstPersonBP/Maps/UEDPIE_0_FirstPersonExampleMap.FirstPersonExampleMap up for play (max tick rate 60) at 2020.04.25-19.57.18
[2020.04.25-17.57.18:882][576]LogWorld: Bringing up level for play took: 0.187694
[2020.04.25-17.57.18:896][576]LogOnline: OSS: Creating online subsystem instance for: :Context_10
[2020.04.25-17.57.19:210][576]LogSpawn: Warning: SpawnActor failed because no class was specified
[2020.04.25-17.57.19:526][576]LogContentBrowser: Native class hierarchy updated for 'MovieSceneCapture' in 0.0003 seconds. Added 20 classes and 0 folders.
[2020.04.25-17.57.19:829][576]LogBlueprintUserMessages: [FirstPersonCharacter_C_1] AxePF_C
[2020.04.25-17.57.19:830][576]LogBlueprintUserMessages: [FirstPersonCharacter_C_1] AxePF_C
[2020.04.25-17.57.19:831][576]PIE: Play in editor start time for /Game/FirstPersonBP/Maps/UEDPIE_0_FirstPersonExampleMap 1,059
[2020.04.25-17.57.19:831][576]LogBlueprintUserMessages: Late PlayInEditor Detection: Level '/Game/FirstPersonBP/Maps/FirstPersonExampleMap.FirstPersonExampleMap:PersistentLevel' has LevelScriptBlueprint '/Game/FirstPersonBP/Maps/FirstPersonExampleMap.FirstPersonExampleMap:PersistentLevel.FirstPersonExampleMap' with GeneratedClass '/Game/FirstPersonBP/Maps/FirstPersonExampleMap.FirstPersonExampleMap_C' with ClassGeneratedBy '/Game/FirstPersonBP/Maps/FirstPersonExampleMap.FirstPersonExampleMap:PersistentLevel.FirstPersonExampleMap'
[2020.04.25-17.57.22:497][687]LogBlueprintUserMessages: [FirstPersonCharacter_C_1] BinocularsPF_C
[2020.04.25-17.57.23:129][725]LogBlueprintUserMessages: [FirstPersonCharacter_C_1] AxePF_C
[2020.04.25-17.57.23:764][763]LogBlueprintUserMessages: [FirstPersonCharacter_C_1] BinocularsPF_C
[2020.04.25-17.57.24:581][812]LogBlueprintUserMessages: [FirstPersonCharacter_C_1] AxePF_C
[2020.04.25-17.57.25:030][839]LogBlueprintUserMessages: [FirstPersonCharacter_C_1] BinocularsPF_C
[2020.04.25-17.57.25:279][854]LogBlueprintUserMessages: [FirstPersonCharacter_C_1] AxePF_C
[2020.04.25-17.57.25:580][872]LogBlueprintUserMessages: [FirstPersonCharacter_C_1] BinocularsPF_C
[2020.04.25-17.57.26:134][905]LogBlueprintUserMessages: [FirstPersonCharacter_C_1] AxePF_C
[2020.04.25-17.57.26:433][923]LogBlueprintUserMessages: [FirstPersonCharacter_C_1] BinocularsPF_C
[2020.04.25-17.57.26:650][936]LogBlueprintUserMessages: [FirstPersonCharacter_C_1] AxePF_C
[2020.04.25-17.57.26:950][954]LogBlueprintUserMessages: [FirstPersonCharacter_C_1] BinocularsPF_C
[2020.04.25-17.57.27:234][971]LogBlueprintUserMessages: [FirstPersonCharacter_C_1] AxePF_C
[2020.04.25-17.57.27:482][986]LogBlueprintUserMessages: [FirstPersonCharacter_C_1] BinocularsPF_C
[2020.04.25-17.57.27:800][  5]LogBlueprintUserMessages: [FirstPersonCharacter_C_1] AxePF_C
[2020.04.25-17.57.28:100][ 23]LogBlueprintUserMessages: [FirstPersonCharacter_C_1] BinocularsPF_C
[2020.04.25-17.57.29:768][123]LogAudioMixer: Display: No commands were queued while flushing the source manager.
[2020.04.25-17.57.29:768][123]LogAudioMixer: Display: No commands were queued while flushing the source manager.
[2020.04.25-17.57.29:794][123]LogBlueprintUserMessages: Early EndPlayMap Detection: Level '/Game/FirstPersonBP/Maps/FirstPersonExampleMap.FirstPersonExampleMap:PersistentLevel' has LevelScriptBlueprint '/Game/FirstPersonBP/Maps/FirstPersonExampleMap.FirstPersonExampleMap:PersistentLevel.FirstPersonExampleMap' with GeneratedClass '/Game/FirstPersonBP/Maps/FirstPersonExampleMap.FirstPersonExampleMap_C' with ClassGeneratedBy '/Game/FirstPersonBP/Maps/FirstPersonExampleMap.FirstPersonExampleMap:PersistentLevel.FirstPersonExampleMap'
[2020.04.25-17.57.29:864][123]LogSlate: Updating window title bar state: overlay mode, drag disabled, window buttons hidden, title bar hidden
[2020.04.25-17.57.29:864][123]LogWorld: BeginTearingDown for /Game/FirstPersonBP/Maps/UEDPIE_0_FirstPersonExampleMap
[2020.04.25-17.57.29:864][123]LogAudioMixer: Display: No commands were queued while flushing the source manager.
[2020.04.25-17.57.29:909][123]LogWorld: UWorld::CleanupWorld for FirstPersonExampleMap, bSessionEnded=true, bCleanupResources=true
[2020.04.25-17.57.29:919][123]LogSlate: InvalidateAllWidgets triggered.  All widgets were invalidated
[2020.04.25-17.57.29:962][123]LogPlayLevel: Display: Shutting down PIE online subsystems
[2020.04.25-17.57.29:962][123]LogBlueprintUserMessages: Late EndPlayMap Detection: Level '/Game/FirstPersonBP/Maps/FirstPersonExampleMap.FirstPersonExampleMap:PersistentLevel' has LevelScriptBlueprint '/Game/FirstPersonBP/Maps/FirstPersonExampleMap.FirstPersonExampleMap:PersistentLevel.FirstPersonExampleMap' with GeneratedClass '/Game/FirstPersonBP/Maps/FirstPersonExampleMap.FirstPersonExampleMap_C' with ClassGeneratedBy '/Game/FirstPersonBP/Maps/FirstPersonExampleMap.FirstPersonExampleMap:PersistentLevel.FirstPersonExampleMap'
[2020.04.25-17.57.30:005][123]LogSlate: InvalidateAllWidgets triggered.  All widgets were invalidated
[2020.04.25-17.57.30:117][123]LogAudioMixer: Display: No commands were queued while flushing the source manager.
[2020.04.25-17.57.30:147][123]LogSlate: Updating window title bar state: overlay mode, drag disabled, window buttons hidden, title bar hidden
[2020.04.25-17.57.30:370][123]LogUObjectHash: Compacting FUObjectHashTables data took   4.57ms
[2020.04.25-17.57.30:421][124]LogPlayLevel: Display: Destroying online subsystem :Context_10
[2020.04.25-17.58.48:727][409]BlueprintLog: New page: Compile FirstPersonCharacter
[2020.04.25-17.58.49:346][409]LogUObjectHash: Compacting FUObjectHashTables data took   5.87ms
[2020.04.25-17.59.32:896][741]BlueprintLog: New page: Compile FirstPersonCharacter
[2020.04.25-17.59.33:203][741]LogUObjectHash: Compacting FUObjectHashTables data took   4.30ms
[2020.04.25-17.59.47:570][543]LogTemp: Repeating last play command: Selected Viewport
[2020.04.25-17.59.47:595][543]LogBlueprintUserMessages: Early PlayInEditor Detection: Level '/Game/FirstPersonBP/Maps/FirstPersonExampleMap.FirstPersonExampleMap:PersistentLevel' has LevelScriptBlueprint '/Game/FirstPersonBP/Maps/FirstPersonExampleMap.FirstPersonExampleMap:PersistentLevel.FirstPersonExampleMap' with GeneratedClass '/Game/FirstPersonBP/Maps/FirstPersonExampleMap.FirstPersonExampleMap_C' with ClassGeneratedBy '/Game/FirstPersonBP/Maps/FirstPersonExampleMap.FirstPersonExampleMap:PersistentLevel.FirstPersonExampleMap'
[2020.04.25-17.59.47:595][543]LogPlayLevel: PlayLevel: No blueprints needed recompiling
[2020.04.25-17.59.47:595][543]PIE: New page: PIE session: FirstPersonExampleMap (25 abr. 2020 21:59:47)
[2020.04.25-17.59.47:596][543]LogPlayLevel: Creating play world package: /Game/FirstPersonBP/Maps/UEDPIE_0_FirstPersonExampleMap
[2020.04.25-17.59.47:617][543]LogPlayLevel: PIE: StaticDuplicateObject took: (0.021526s)
[2020.04.25-17.59.47:618][543]LogAIModule: Creating AISystem for world FirstPersonExampleMap
[2020.04.25-17.59.47:618][543]LogPlayLevel: PIE: World Init took: (0.001068s)
[2020.04.25-17.59.47:618][543]LogPlayLevel: PIE: Created PIE world by copying editor world from /Game/FirstPersonBP/Maps/FirstPersonExampleMap.FirstPersonExampleMap to /Game/FirstPersonBP/Maps/UEDPIE_0_FirstPersonExampleMap.FirstPersonExampleMap (0.022742s)
[2020.04.25-17.59.47:686][543]LogUObjectHash: Compacting FUObjectHashTables data took   4.15ms
[2020.04.25-17.59.47:687][543]LogAudioMixer: Display: Audio Mixer Platform Settings:
[2020.04.25-17.59.47:687][543]LogAudioMixer: Display: 	Sample Rate:						  48000
[2020.04.25-17.59.47:687][543]LogAudioMixer: Display: 	Callback Buffer Frame Size Requested: 1024
[2020.04.25-17.59.47:687][543]LogAudioMixer: Display: 	Callback Buffer Frame Size To Use:	  1024
[2020.04.25-17.59.47:687][543]LogAudioMixer: Display: 	Number of buffers to queue:			  2
[2020.04.25-17.59.47:687][543]LogAudioMixer: Display: 	Max Channels (voices):				  32
[2020.04.25-17.59.47:687][543]LogAudioMixer: Display: 	Number of Async Source Workers:		  0
[2020.04.25-17.59.47:687][543]LogAudio: Display: AudioDevice MaxSources: 32
[2020.04.25-17.59.47:687][543]LogAudio: Display: Using built-in audio occlusion.
[2020.04.25-17.59.47:687][543]LogAudioMixer: Display: Initializing audio mixer.
[2020.04.25-17.59.47:692][543]LogAudioMixer: Display: Audio Device Output Speaker Info:
[2020.04.25-17.59.47:692][543]LogAudioMixer: Display: Name: Altavoces (Realtek High Definition Audio)
[2020.04.25-17.59.47:692][543]LogAudioMixer: Display: Is Default: Yes
[2020.04.25-17.59.47:692][543]LogAudioMixer: Display: Sample Rate: 48000
[2020.04.25-17.59.47:692][543]LogAudioMixer: Display: Channel Count Used: 2
[2020.04.25-17.59.47:692][543]LogAudioMixer: Display: Device Channel Count: 2
[2020.04.25-17.59.47:692][543]LogAudioMixer: Display: Channel Order:
[2020.04.25-17.59.47:692][543]LogAudioMixer: Display: 0: FrontLeft
[2020.04.25-17.59.47:692][543]LogAudioMixer: Display: 1: FrontRight
[2020.04.25-17.59.47:705][543]LogAudioMixer: Display: Using Audio Device Altavoces (Realtek High Definition Audio)
[2020.04.25-17.59.47:706][543]LogInit: FAudioDevice initialized.
[2020.04.25-17.59.47:716][543]LogLoad: Game class is 'FirstPersonGameMode_C'
[2020.04.25-17.59.47:719][543]LogWorld: Bringing World /Game/FirstPersonBP/Maps/UEDPIE_0_FirstPersonExampleMap.FirstPersonExampleMap up for play (max tick rate 60) at 2020.04.25-19.59.47
[2020.04.25-17.59.47:720][543]LogWorld: Bringing up level for play took: 0.003046
[2020.04.25-17.59.47:720][543]LogOnline: OSS: Creating online subsystem instance for: :Context_11
[2020.04.25-17.59.47:722][543]LogSpawn: Warning: SpawnActor failed because no class was specified
[2020.04.25-17.59.47:741][543]PIE: Play in editor start time for /Game/FirstPersonBP/Maps/UEDPIE_0_FirstPersonExampleMap 0,969
[2020.04.25-17.59.47:741][543]LogBlueprintUserMessages: Late PlayInEditor Detection: Level '/Game/FirstPersonBP/Maps/FirstPersonExampleMap.FirstPersonExampleMap:PersistentLevel' has LevelScriptBlueprint '/Game/FirstPersonBP/Maps/FirstPersonExampleMap.FirstPersonExampleMap:PersistentLevel.FirstPersonExampleMap' with GeneratedClass '/Game/FirstPersonBP/Maps/FirstPersonExampleMap.FirstPersonExampleMap_C' with ClassGeneratedBy '/Game/FirstPersonBP/Maps/FirstPersonExampleMap.FirstPersonExampleMap:PersistentLevel.FirstPersonExampleMap'
[2020.04.25-17.59.53:281][865]LogAudioMixer: Display: No commands were queued while flushing the source manager.
[2020.04.25-17.59.53:282][865]LogAudioMixer: Display: No commands were queued while flushing the source manager.
[2020.04.25-17.59.53:282][865]LogBlueprintUserMessages: Early EndPlayMap Detection: Level '/Game/FirstPersonBP/Maps/FirstPersonExampleMap.FirstPersonExampleMap:PersistentLevel' has LevelScriptBlueprint '/Game/FirstPersonBP/Maps/FirstPersonExampleMap.FirstPersonExampleMap:PersistentLevel.FirstPersonExampleMap' with GeneratedClass '/Game/FirstPersonBP/Maps/FirstPersonExampleMap.FirstPersonExampleMap_C' with ClassGeneratedBy '/Game/FirstPersonBP/Maps/FirstPersonExampleMap.FirstPersonExampleMap:PersistentLevel.FirstPersonExampleMap'
[2020.04.25-17.59.53:284][865]LogSlate: Updating window title bar state: overlay mode, drag disabled, window buttons hidden, title bar hidden
[2020.04.25-17.59.53:284][865]LogWorld: BeginTearingDown for /Game/FirstPersonBP/Maps/UEDPIE_0_FirstPersonExampleMap
[2020.04.25-17.59.53:284][865]LogAudioMixer: Display: No commands were queued while flushing the source manager.
[2020.04.25-17.59.53:285][865]LogWorld: UWorld::CleanupWorld for FirstPersonExampleMap, bSessionEnded=true, bCleanupResources=true
[2020.04.25-17.59.53:285][865]LogSlate: InvalidateAllWidgets triggered.  All widgets were invalidated
[2020.04.25-17.59.53:301][865]LogPlayLevel: Display: Shutting down PIE online subsystems
[2020.04.25-17.59.53:302][865]LogBlueprintUserMessages: Late EndPlayMap Detection: Level '/Game/FirstPersonBP/Maps/FirstPersonExampleMap.FirstPersonExampleMap:PersistentLevel' has LevelScriptBlueprint '/Game/FirstPersonBP/Maps/FirstPersonExampleMap.FirstPersonExampleMap:PersistentLevel.FirstPersonExampleMap' with GeneratedClass '/Game/FirstPersonBP/Maps/FirstPersonExampleMap.FirstPersonExampleMap_C' with ClassGeneratedBy '/Game/FirstPersonBP/Maps/FirstPersonExampleMap.FirstPersonExampleMap:PersistentLevel.FirstPersonExampleMap'
[2020.04.25-17.59.53:307][865]LogSlate: InvalidateAllWidgets triggered.  All widgets were invalidated
[2020.04.25-17.59.53:344][865]LogAudioMixer: Display: No commands were queued while flushing the source manager.
[2020.04.25-17.59.53:347][865]LogSlate: Updating window title bar state: overlay mode, drag disabled, window buttons hidden, title bar hidden
[2020.04.25-17.59.53:351][865]LogUObjectHash: Compacting FUObjectHashTables data took   2.95ms
[2020.04.25-17.59.53:407][867]LogPlayLevel: Display: Destroying online subsystem :Context_11
[2020.04.25-18.01.25:273][261]BlueprintLog: New page: Compile FirstPersonCharacter
[2020.04.25-18.01.25:568][261]LogUObjectHash: Compacting FUObjectHashTables data took   4.04ms
[2020.04.25-18.01.40:324][ 87]BlueprintLog: New page: Compile FirstPersonCharacter
[2020.04.25-18.01.40:624][ 87]LogUObjectHash: Compacting FUObjectHashTables data took   4.65ms
[2020.04.25-18.03.46:014][900]BlueprintLog: New page: Compile FirstPersonCharacter
[2020.04.25-18.03.46:201][900]LogBlueprint: Error: [Compiler FlashlightPickup] In use pin  <Unnamed>  no longer exists on node  Toggle Light . Please refresh node or break links to remove pin.
[2020.04.25-18.03.46:201][900]LogBlueprint: Error: [Compiler FlashlightPickup] In use pin  <Unnamed>  no longer exists on node  Toggle Light . Please refresh node or break links to remove pin.
[2020.04.25-18.03.46:201][900]LogBlueprint: Error: [Compiler FlashlightPickup] In use pin  Target  no longer exists on node  Toggle Light . Please refresh node or break links to remove pin.
[2020.04.25-18.03.46:201][900]LogBlueprint: Error: [Compiler FlashlightPickup] Could not find a function named "ToggleLight" in 'FirstPersonCharacter_C'.
Make sure 'FirstPersonCharacter_C' has been compiled for  Toggle Light
[2020.04.25-18.03.46:219][900]LogBlueprint: Error: [Compiler ActionBar] In use pin  <Unnamed>  no longer exists on node  Toggle Light . Please refresh node or break links to remove pin.
[2020.04.25-18.03.46:219][900]LogBlueprint: Error: [Compiler ActionBar] In use pin  Target  no longer exists on node  Toggle Light . Please refresh node or break links to remove pin.
[2020.04.25-18.03.46:219][900]LogBlueprint: Error: [Compiler ActionBar] Could not find a function named "ToggleLight" in 'FirstPersonCharacter_C'.
Make sure 'FirstPersonCharacter_C' has been compiled for  Toggle Light
[2020.04.25-18.03.46:244][900]LogBlueprint: Warning: [Compiler FirstPersonCharacter] Could not find the function 'SelectSlot' called from  Select Slot
[2020.04.25-18.03.46:244][900]LogBlueprint: Warning: [Compiler FirstPersonCharacter] Could not find the function 'SelectSlot' called from  Select Slot
[2020.04.25-18.03.46:245][900]LogBlueprint: Warning: [Compiler FirstPersonCharacter] Could not find the function 'SelectSlot' called from  Select Slot
[2020.04.25-18.03.46:245][900]LogBlueprint: Warning: [Compiler FirstPersonCharacter] Could not find the function 'SelectSlot' called from  Select Slot
[2020.04.25-18.03.46:245][900]LogBlueprint: Warning: [Compiler FirstPersonCharacter] Could not find the function 'SelectSlot' called from  Select Slot
[2020.04.25-18.03.46:245][900]LogBlueprint: Warning: [Compiler FirstPersonCharacter] Could not find the function 'SelectSlot' called from  Select Slot
[2020.04.25-18.03.46:573][900]LogUObjectHash: Compacting FUObjectHashTables data took   4.47ms
[2020.04.25-18.04.14:543][333]LogAssetEditorSubsystem: Opening Asset editor for WidgetBlueprint /Game/FirstPersonBP/HUD/Inventory/ActionBar.ActionBar
[2020.04.25-18.04.24:537][871]BlueprintLog: New page: Compile ActionBar
[2020.04.25-18.04.24:832][871]LogUObjectHash: Compacting FUObjectHashTables data took   4.65ms
[2020.04.25-18.04.26:372][933]LogRenderer: Reallocating scene render targets to support 1428x880 Format 10 NumSamples 1 (Frame:24321).
[2020.04.25-18.04.27:362][977]BlueprintLog: New page: Compile FirstPersonCharacter
[2020.04.25-18.04.27:673][977]LogUObjectHash: Compacting FUObjectHashTables data took   4.44ms
[2020.04.25-18.04.55:351][307]BlueprintLog: New page: Compile FirstPersonCharacter
[2020.04.25-18.04.55:666][307]LogUObjectHash: Compacting FUObjectHashTables data took   4.78ms
[2020.04.25-18.04.57:315][393]LogTemp: Repeating last play command: Selected Viewport
[2020.04.25-18.04.57:342][393]LogBlueprintUserMessages: Early PlayInEditor Detection: Level '/Game/FirstPersonBP/Maps/FirstPersonExampleMap.FirstPersonExampleMap:PersistentLevel' has LevelScriptBlueprint '/Game/FirstPersonBP/Maps/FirstPersonExampleMap.FirstPersonExampleMap:PersistentLevel.FirstPersonExampleMap' with GeneratedClass '/Game/FirstPersonBP/Maps/FirstPersonExampleMap.FirstPersonExampleMap_C' with ClassGeneratedBy '/Game/FirstPersonBP/Maps/FirstPersonExampleMap.FirstPersonExampleMap:PersistentLevel.FirstPersonExampleMap'
[2020.04.25-18.04.57:342][393]LogPlayLevel: PlayLevel: No blueprints needed recompiling
[2020.04.25-18.04.57:343][393]BlueprintLog: Warning: Blueprint failed to compile:  FlashlightPickup
[2020.04.25-18.04.57:437][393]LogCustomDialog: Dialog displayed:
[2020.04.25-18.05.00:999][393]LogAssetEditorSubsystem: Opening Asset editor for Blueprint /Game/PickupItems/FlashlightPickup.FlashlightPickup
[2020.04.25-18.05.03:232][393]LogSlate: Window 'Blueprint Compilation Errors' being destroyed
[2020.04.25-18.05.05:651][504]LogSlate: Window 'Message Log' being destroyed
[2020.04.25-18.05.05:663][504]LogSlate: Window 'Message Log' being destroyed
[2020.04.25-18.05.16:429][ 80]BlueprintLog: New page: Compile FlashlightPickup
[2020.04.25-18.05.16:672][ 80]LogUObjectHash: Compacting FUObjectHashTables data took   4.49ms
[2020.04.25-18.05.48:764][841]LogEditorTransaction: Undo Add Component
[2020.04.25-18.05.48:990][841]LogMaterial: Display: Missing cached shader map for material BowMaterial, compiling. 
[2020.04.25-18.05.49:203][841]LogShaderCompilers: Display: Worker (1/5): shaders left to compile 9
[2020.04.25-18.05.49:203][841]LogShaderCompilers: Display: Worker (2/5): shaders left to compile 8
[2020.04.25-18.05.49:203][841]LogShaderCompilers: Display: Worker (3/5): shaders left to compile 7
[2020.04.25-18.05.49:203][841]LogShaderCompilers: Display: Worker (4/5): shaders left to compile 6
[2020.04.25-18.05.49:930][862]LogShaderCompilers: Display: Worker (3/5): shaders left to compile 5
[2020.04.25-18.05.50:430][876]LogShaderCompilers: Display: Worker (4/5): shaders left to compile 4
[2020.04.25-18.05.50:498][878]LogShaderCompilers: Display: Worker (2/5): shaders left to compile 3
[2020.04.25-18.05.50:559][880]LogShaderCompilers: Display: Worker (1/5): shaders left to compile 2
[2020.04.25-18.05.51:232][901]LogShaderCompilers: Display: Worker (4/5): shaders left to compile 1
[2020.04.25-18.05.51:730][917]MaterialEditorStats: Base pass shader: 120 instructions
[2020.04.25-18.05.51:730][917]MaterialEditorStats: Base pass shader with Volumetric Lightmap: 194 instructions
[2020.04.25-18.05.51:730][917]MaterialEditorStats: Base pass vertex shader: 44 instructions
[2020.04.25-18.05.51:730][917]MaterialEditorStats: Texture samplers: 3/16
[2020.04.25-18.05.51:730][917]MaterialEditorStats: Texture Lookups (Est.): VS(0), PS(1)
[2020.04.25-18.05.51:730][917]MaterialEditorStats: User interpolators: 2/4 Scalars (1/4 Vectors) (TexCoords: 2, Custom: 0)
[2020.04.25-18.06.52:038][157]BlueprintLog: New page: Compile FlashlightPickup
[2020.04.25-18.06.52:302][157]LogUObjectHash: Compacting FUObjectHashTables data took   4.12ms
[2020.04.25-18.07.06:332][932]BlueprintLog: New page: Compile FlashlightPickup
[2020.04.25-18.07.06:570][932]LogUObjectHash: Compacting FUObjectHashTables data took   4.30ms
[2020.04.25-18.07.17:413][125]LogTemp: Repeating last play command: Selected Viewport
[2020.04.25-18.07.17:449][125]LogBlueprintUserMessages: Early PlayInEditor Detection: Level '/Game/FirstPersonBP/Maps/FirstPersonExampleMap.FirstPersonExampleMap:PersistentLevel' has LevelScriptBlueprint '/Game/FirstPersonBP/Maps/FirstPersonExampleMap.FirstPersonExampleMap:PersistentLevel.FirstPersonExampleMap' with GeneratedClass '/Game/FirstPersonBP/Maps/FirstPersonExampleMap.FirstPersonExampleMap_C' with ClassGeneratedBy '/Game/FirstPersonBP/Maps/FirstPersonExampleMap.FirstPersonExampleMap:PersistentLevel.FirstPersonExampleMap'
[2020.04.25-18.07.17:449][125]LogPlayLevel: PlayLevel: No blueprints needed recompiling
[2020.04.25-18.07.17:449][125]PIE: New page: PIE session: FirstPersonExampleMap (25 abr. 2020 22:07:17)
[2020.04.25-18.07.17:449][125]LogPlayLevel: Creating play world package: /Game/FirstPersonBP/Maps/UEDPIE_0_FirstPersonExampleMap
[2020.04.25-18.07.17:466][125]LogPlayLevel: PIE: StaticDuplicateObject took: (0.017291s)
[2020.04.25-18.07.17:467][125]LogAIModule: Creating AISystem for world FirstPersonExampleMap
[2020.04.25-18.07.17:468][125]LogPlayLevel: PIE: World Init took: (0.001146s)
[2020.04.25-18.07.17:468][125]LogPlayLevel: PIE: Created PIE world by copying editor world from /Game/FirstPersonBP/Maps/FirstPersonExampleMap.FirstPersonExampleMap to /Game/FirstPersonBP/Maps/UEDPIE_0_FirstPersonExampleMap.FirstPersonExampleMap (0.018584s)
[2020.04.25-18.07.17:551][125]LogUObjectHash: Compacting FUObjectHashTables data took   3.77ms
[2020.04.25-18.07.17:552][125]LogAudioMixer: Display: Audio Mixer Platform Settings:
[2020.04.25-18.07.17:552][125]LogAudioMixer: Display: 	Sample Rate:						  48000
[2020.04.25-18.07.17:552][125]LogAudioMixer: Display: 	Callback Buffer Frame Size Requested: 1024
[2020.04.25-18.07.17:552][125]LogAudioMixer: Display: 	Callback Buffer Frame Size To Use:	  1024
[2020.04.25-18.07.17:552][125]LogAudioMixer: Display: 	Number of buffers to queue:			  2
[2020.04.25-18.07.17:552][125]LogAudioMixer: Display: 	Max Channels (voices):				  32
[2020.04.25-18.07.17:552][125]LogAudioMixer: Display: 	Number of Async Source Workers:		  0
[2020.04.25-18.07.17:552][125]LogAudio: Display: AudioDevice MaxSources: 32
[2020.04.25-18.07.17:553][125]LogAudio: Display: Using built-in audio occlusion.
[2020.04.25-18.07.17:553][125]LogAudioMixer: Display: Initializing audio mixer.
[2020.04.25-18.07.17:558][125]LogAudioMixer: Display: Audio Device Output Speaker Info:
[2020.04.25-18.07.17:558][125]LogAudioMixer: Display: Name: Altavoces (Realtek High Definition Audio)
[2020.04.25-18.07.17:558][125]LogAudioMixer: Display: Is Default: Yes
[2020.04.25-18.07.17:558][125]LogAudioMixer: Display: Sample Rate: 48000
[2020.04.25-18.07.17:558][125]LogAudioMixer: Display: Channel Count Used: 2
[2020.04.25-18.07.17:558][125]LogAudioMixer: Display: Device Channel Count: 2
[2020.04.25-18.07.17:558][125]LogAudioMixer: Display: Channel Order:
[2020.04.25-18.07.17:558][125]LogAudioMixer: Display: 0: FrontLeft
[2020.04.25-18.07.17:558][125]LogAudioMixer: Display: 1: FrontRight
[2020.04.25-18.07.17:572][125]LogAudioMixer: Display: Using Audio Device Altavoces (Realtek High Definition Audio)
[2020.04.25-18.07.17:573][125]LogInit: FAudioDevice initialized.
[2020.04.25-18.07.17:579][125]LogLoad: Game class is 'FirstPersonGameMode_C'
[2020.04.25-18.07.17:582][125]LogWorld: Bringing World /Game/FirstPersonBP/Maps/UEDPIE_0_FirstPersonExampleMap.FirstPersonExampleMap up for play (max tick rate 60) at 2020.04.25-20.07.17
[2020.04.25-18.07.17:583][125]LogWorld: Bringing up level for play took: 0.003024
[2020.04.25-18.07.17:583][125]LogOnline: OSS: Creating online subsystem instance for: :Context_15
[2020.04.25-18.07.17:585][125]LogSpawn: Warning: SpawnActor failed because no class was specified
[2020.04.25-18.07.17:603][125]PIE: Play in editor start time for /Game/FirstPersonBP/Maps/UEDPIE_0_FirstPersonExampleMap 0,832
[2020.04.25-18.07.17:603][125]LogBlueprintUserMessages: Late PlayInEditor Detection: Level '/Game/FirstPersonBP/Maps/FirstPersonExampleMap.FirstPersonExampleMap:PersistentLevel' has LevelScriptBlueprint '/Game/FirstPersonBP/Maps/FirstPersonExampleMap.FirstPersonExampleMap:PersistentLevel.FirstPersonExampleMap' with GeneratedClass '/Game/FirstPersonBP/Maps/FirstPersonExampleMap.FirstPersonExampleMap_C' with ClassGeneratedBy '/Game/FirstPersonBP/Maps/FirstPersonExampleMap.FirstPersonExampleMap:PersistentLevel.FirstPersonExampleMap'
[2020.04.25-18.07.25:611][604]LogAudioMixer: Display: No commands were queued while flushing the source manager.
[2020.04.25-18.07.25:611][604]LogAudioMixer: Display: No commands were queued while flushing the source manager.
[2020.04.25-18.07.25:611][604]LogBlueprintUserMessages: Early EndPlayMap Detection: Level '/Game/FirstPersonBP/Maps/FirstPersonExampleMap.FirstPersonExampleMap:PersistentLevel' has LevelScriptBlueprint '/Game/FirstPersonBP/Maps/FirstPersonExampleMap.FirstPersonExampleMap:PersistentLevel.FirstPersonExampleMap' with GeneratedClass '/Game/FirstPersonBP/Maps/FirstPersonExampleMap.FirstPersonExampleMap_C' with ClassGeneratedBy '/Game/FirstPersonBP/Maps/FirstPersonExampleMap.FirstPersonExampleMap:PersistentLevel.FirstPersonExampleMap'
[2020.04.25-18.07.25:612][604]LogSlate: Updating window title bar state: overlay mode, drag disabled, window buttons hidden, title bar hidden
[2020.04.25-18.07.25:612][604]LogWorld: BeginTearingDown for /Game/FirstPersonBP/Maps/UEDPIE_0_FirstPersonExampleMap
[2020.04.25-18.07.25:612][604]LogAudioMixer: Display: No commands were queued while flushing the source manager.
[2020.04.25-18.07.25:612][604]LogWorld: UWorld::CleanupWorld for FirstPersonExampleMap, bSessionEnded=true, bCleanupResources=true
[2020.04.25-18.07.25:613][604]LogSlate: InvalidateAllWidgets triggered.  All widgets were invalidated
[2020.04.25-18.07.25:627][604]LogPlayLevel: Display: Shutting down PIE online subsystems
[2020.04.25-18.07.25:627][604]LogBlueprintUserMessages: Late EndPlayMap Detection: Level '/Game/FirstPersonBP/Maps/FirstPersonExampleMap.FirstPersonExampleMap:PersistentLevel' has LevelScriptBlueprint '/Game/FirstPersonBP/Maps/FirstPersonExampleMap.FirstPersonExampleMap:PersistentLevel.FirstPersonExampleMap' with GeneratedClass '/Game/FirstPersonBP/Maps/FirstPersonExampleMap.FirstPersonExampleMap_C' with ClassGeneratedBy '/Game/FirstPersonBP/Maps/FirstPersonExampleMap.FirstPersonExampleMap:PersistentLevel.FirstPersonExampleMap'
[2020.04.25-18.07.25:633][604]LogSlate: InvalidateAllWidgets triggered.  All widgets were invalidated
[2020.04.25-18.07.25:674][604]LogAudioMixer: Display: No commands were queued while flushing the source manager.
[2020.04.25-18.07.25:677][604]LogSlate: Updating window title bar state: overlay mode, drag disabled, window buttons hidden, title bar hidden
[2020.04.25-18.07.25:683][604]LogUObjectHash: Compacting FUObjectHashTables data took   3.27ms
[2020.04.25-18.07.25:749][606]LogPlayLevel: Display: Destroying online subsystem :Context_15
[2020.04.25-18.07.51:739][ 15]LogSlate: Prevented a slow task dialog from being summoned while a context menu was open
[2020.04.25-18.08.04:458][658]LogEditorTransaction: Undo Edit Child Actor Class
[2020.04.25-18.08.04:467][658]LogOutputDevice: Warning: 

Script Stack (0 frames):

[2020.04.25-18.08.04:467][658]LogWindows: Windows GetLastError: La operación se completó correctamente. (0)
[2020.04.25-18.08.35:081][658]LogWindows: Error: === Critical error: ===
[2020.04.25-18.08.35:081][658]LogWindows: Error: 
[2020.04.25-18.08.35:081][658]LogWindows: Error: Fatal error: [File:D:/Build/++UE4/Sync/Engine/Source/Runtime/Engine/Private/LevelActor.cpp] [Line: 395] 
[2020.04.25-18.08.35:081][658]LogWindows: Error: An actor of name 'ChildActor_GEN_VARIABLE_Actor_CAT_0' already exists in level 'Level /Game/FirstPersonBP/Maps/FirstPersonExampleMap.FirstPersonExampleMap:PersistentLevel'.
[2020.04.25-18.08.35:081][658]LogWindows: Error: 
[2020.04.25-18.08.35:081][658]LogWindows: Error: 
[2020.04.25-18.08.35:081][658]LogWindows: Error: [Callstack] 0x00007ffef78fa799 KERNELBASE.dll!UnknownFunction []
[2020.04.25-18.08.35:081][658]LogWindows: Error: [Callstack] 0x00007ffe9251a9a6 UE4Editor-Core.dll!UnknownFunction []
[2020.04.25-18.08.35:082][658]LogWindows: Error: [Callstack] 0x00007ffe9251de48 UE4Editor-Core.dll!UnknownFunction []
[2020.04.25-18.08.35:082][658]LogWindows: Error: [Callstack] 0x00007ffe922d2c7d UE4Editor-Core.dll!UnknownFunction []
[2020.04.25-18.08.35:082][658]LogWindows: Error: [Callstack] 0x00007ffe81e7ffbd UE4Editor-Engine.dll!UnknownFunction []
[2020.04.25-18.08.35:082][658]LogWindows: Error: [Callstack] 0x00007ffe81e81117 UE4Editor-Engine.dll!UnknownFunction []
[2020.04.25-18.08.35:082][658]LogWindows: Error: [Callstack] 0x00007ffe819c4aff UE4Editor-Engine.dll!UnknownFunction []
[2020.04.25-18.08.35:082][658]LogWindows: Error: [Callstack] 0x00007ffe819517e0 UE4Editor-Engine.dll!UnknownFunction []
[2020.04.25-18.08.35:082][658]LogWindows: Error: [Callstack] 0x00007ffe814ee6d7 UE4Editor-Engine.dll!UnknownFunction []
[2020.04.25-18.08.35:082][658]LogWindows: Error: [Callstack] 0x00007ffe81984040 UE4Editor-Engine.dll!UnknownFunction []
[2020.04.25-18.08.35:082][658]LogWindows: Error: [Callstack] 0x00007ffe8193a090 UE4Editor-Engine.dll!UnknownFunction []
[2020.04.25-18.08.35:082][658]LogWindows: Error: [Callstack] 0x00007ffe81a1052d UE4Editor-Engine.dll!UnknownFunction []
[2020.04.25-18.08.35:082][658]LogWindows: Error: [Callstack] 0x00007ffe819b9c36 UE4Editor-Engine.dll!UnknownFunction []
[2020.04.25-18.08.35:082][658]LogWindows: Error: [Callstack] 0x00007ffe819399bf UE4Editor-Engine.dll!UnknownFunction []
[2020.04.25-18.08.35:082][658]LogWindows: Error: [Callstack] 0x00007ffe81587022 UE4Editor-Engine.dll!UnknownFunction []
[2020.04.25-18.08.35:082][658]LogWindows: Error: [Callstack] 0x00007ffe815afc10 UE4Editor-Engine.dll!UnknownFunction []
[2020.04.25-18.08.35:082][658]LogWindows: Error: [Callstack] 0x00007ffe8194a182 UE4Editor-Engine.dll!UnknownFunction []
[2020.04.25-18.08.35:082][658]LogWindows: Error: [Callstack] 0x00007ffe81a33007 UE4Editor-Engine.dll!UnknownFunction []
[2020.04.25-18.08.35:082][658]LogWindows: Error: [Callstack] 0x00007ffe819e5c69 UE4Editor-Engine.dll!UnknownFunction []
[2020.04.25-18.08.35:082][658]LogWindows: Error: [Callstack] 0x00007ffe859fb75b UE4Editor-CoreUObject.dll!UnknownFunction []
[2020.04.25-18.08.35:082][658]LogWindows: Error: [Callstack] 0x00007ffe800ac764 UE4Editor-UnrealEd.dll!UnknownFunction []
[2020.04.25-18.08.35:082][658]LogWindows: Error: [Callstack] 0x00007ffe800eea12 UE4Editor-UnrealEd.dll!UnknownFunction []
[2020.04.25-18.08.35:082][658]LogWindows: Error: [Callstack] 0x00007ffe8008ec6f UE4Editor-UnrealEd.dll!UnknownFunction []
[2020.04.25-18.08.35:082][658]LogWindows: Error: [Callstack] 0x00007ffe7eff25c8 UE4Editor-Kismet.dll!UnknownFunction []
[2020.04.25-18.08.35:082][658]LogWindows: Error: [Callstack] 0x00007ffe85239ada UE4Editor-Slate.dll!UnknownFunction []
[2020.04.25-18.08.35:082][658]LogWindows: Error: [Callstack] 0x00007ffe852703de UE4Editor-Slate.dll!UnknownFunction []
[2020.04.25-18.08.35:082][658]LogWindows: Error: [Callstack] 0x00007ffe808655ce UE4Editor-UnrealEd.dll!UnknownFunction []
[2020.04.25-18.08.35:082][658]LogWindows: Error: [Callstack] 0x00007ffe80853161 UE4Editor-UnrealEd.dll!UnknownFunction []
[2020.04.25-18.08.35:082][658]LogWindows: Error: [Callstack] 0x00007ffe85201041 UE4Editor-Slate.dll!UnknownFunction []
[2020.04.25-18.08.35:082][658]LogWindows: Error: [Callstack] 0x00007ffe8527224d UE4Editor-Slate.dll!UnknownFunction []
[2020.04.25-18.08.35:082][658]LogWindows: Error: [Callstack] 0x00007ffe85267b0f UE4Editor-Slate.dll!UnknownFunction []
[2020.04.25-18.08.35:082][658]LogWindows: Error: [Callstack] 0x00007ffede964918 UE4Editor-ApplicationCore.dll!UnknownFunction []
[2020.04.25-18.08.35:082][658]LogWindows: Error: [Callstack] 0x00007ffede95242f UE4Editor-ApplicationCore.dll!UnknownFunction []
[2020.04.25-18.08.35:082][658]LogWindows: Error: [Callstack] 0x00007ffede967195 UE4Editor-ApplicationCore.dll!UnknownFunction []
[2020.04.25-18.08.35:082][658]LogWindows: Error: [Callstack] 0x00007ffede94ec40 UE4Editor-ApplicationCore.dll!UnknownFunction []
[2020.04.25-18.08.35:082][658]LogWindows: Error: [Callstack] 0x00007ffef8fc5c0d USER32.dll!UnknownFunction []
[2020.04.25-18.08.35:082][658]LogWindows: Error: [Callstack] 0x00007ffef8fc5602 USER32.dll!UnknownFunction []
[2020.04.25-18.08.35:083][658]LogWindows: Error: [Callstack] 0x00007ffede968699 UE4Editor-ApplicationCore.dll!UnknownFunction []
[2020.04.25-18.08.35:083][658]LogWindows: Error: [Callstack] 0x00007ff6d2176db0 UE4Editor.exe!UnknownFunction []
[2020.04.25-18.08.35:083][658]LogWindows: Error: [Callstack] 0x00007ff6d218c3ec UE4Editor.exe!UnknownFunction []
[2020.04.25-18.08.35:083][658]LogWindows: Error: [Callstack] 0x00007ff6d218c4ca UE4Editor.exe!UnknownFunction []
[2020.04.25-18.08.35:083][658]LogWindows: Error: [Callstack] 0x00007ff6d219ceae UE4Editor.exe!UnknownFunction []
[2020.04.25-18.08.35:083][658]LogWindows: Error: [Callstack] 0x00007ff6d219fcbe UE4Editor.exe!UnknownFunction []
[2020.04.25-18.08.35:083][658]LogWindows: Error: [Callstack] 0x00007ffefa507bd4 KERNEL32.DLL!UnknownFunction []
[2020.04.25-18.08.35:083][658]LogWindows: Error: [Callstack] 0x00007ffefa76ce51 ntdll.dll!UnknownFunction []
[2020.04.25-18.08.35:083][658]LogWindows: Error: 
[2020.04.25-18.08.35:105][658]LogExit: Executing StaticShutdownAfterError
[2020.04.25-18.08.36:002][658]LogWindows: FPlatformMisc::RequestExit(1)
[2020.04.25-18.08.36:032][658]LogCore: Engine exit requested (reason: Win RequestExit)
[2020.04.25-18.08.36:077][658]Log file closed, 04/25/20 20:08:36
