Log file open, 03/02/20 12:18:20
LogWindows: Failed to load 'aqProf.dll' (GetLastError=126)
LogWindows: File 'aqProf.dll' does not exist
LogWindows: Failed to load 'VtuneApi.dll' (GetLastError=126)
LogWindows: File 'VtuneApi.dll' does not exist
LogWindows: Failed to load 'VtuneApi32e.dll' (GetLastError=126)
LogWindows: File 'VtuneApi32e.dll' does not exist
LogConsoleResponse: Display: Failed to find resolution value strings in scalability ini. Falling back to default.
LogInit: Display: Running engine for game: One_Man_Land
LogPlatformFile: Not using cached read wrapper
LogTaskGraph: Started task graph with 5 named threads and 14 total threads with 3 sets of task threads.
LogStats: Stats thread started at 0.083758
LogD3D11RHI: Loaded GFSDK_Aftermath_Lib.x64.dll
LogICUInternationalization: ICU TimeZone Detection - Raw Offset: +1:00, Platform Override: ''
LogPluginManager: Mounting plugin Paper2D
LogPluginManager: Mounting plugin AISupport
LogPluginManager: Mounting plugin LightPropagationVolume
LogPluginManager: Mounting plugin ActorLayerUtilities
LogPluginManager: Mounting plugin AnimationSharing
LogPluginManager: Mounting plugin CLionSourceCodeAccess
LogPluginManager: Mounting plugin CodeLiteSourceCodeAccess
LogPluginManager: Mounting plugin GitSourceControl
LogPluginManager: Mounting plugin KDevelopSourceCodeAccess
LogPluginManager: Mounting plugin NullSourceCodeAccess
LogPluginManager: Mounting plugin PerforceSourceControl
LogPluginManager: Mounting plugin PlasticSourceControl
LogPluginManager: Mounting plugin SubversionSourceControl
LogPluginManager: Mounting plugin UObjectPlugin
LogPluginManager: Mounting plugin VisualStudioCodeSourceCodeAccess
LogPluginManager: Mounting plugin VisualStudioSourceCodeAccess
LogPluginManager: Mounting plugin XCodeSourceCodeAccess
LogPluginManager: Mounting plugin AssetManagerEditor
LogPluginManager: Mounting plugin CryptoKeys
LogPluginManager: Mounting plugin CurveEditorTools
LogPluginManager: Mounting plugin DataValidation
LogPluginManager: Mounting plugin FacialAnimation
LogPluginManager: Mounting plugin GameplayTagsEditor
LogPluginManager: Mounting plugin MacGraphicsSwitching
LogPluginManager: Mounting plugin MaterialAnalyzer
LogPluginManager: Mounting plugin MobileLauncherProfileWizard
LogPluginManager: Mounting plugin PluginBrowser
LogPluginManager: Mounting plugin SpeedTreeImporter
LogPluginManager: Mounting plugin DatasmithContent
LogPluginManager: Mounting plugin VariantManagerContent
LogPluginManager: Mounting plugin AlembicImporter
LogPluginManager: Mounting plugin AutomationUtils
LogPluginManager: Mounting plugin BackChannel
LogPluginManager: Mounting plugin CharacterAI
LogPluginManager: Mounting plugin GeometryCache
LogPluginManager: Mounting plugin PlatformCrypto
LogPluginManager: Mounting plugin ProxyLODPlugin
LogPluginManager: Mounting plugin SkeletalReduction
LogPluginManager: Mounting plugin MagicLeap
LogPluginManager: Mounting plugin MagicLeapMedia
LogPluginManager: Mounting plugin MLSDK
LogPluginManager: Mounting plugin AndroidMedia
LogPluginManager: Mounting plugin AvfMedia
LogPluginManager: Mounting plugin ImgMedia
LogPluginManager: Mounting plugin MediaCompositing
LogPluginManager: Mounting plugin MediaPlayerEditor
LogPluginManager: Mounting plugin WebMMedia
LogPluginManager: Mounting plugin WmfMedia
LogPluginManager: Mounting plugin TcpMessaging
LogPluginManager: Mounting plugin UdpMessaging
LogPluginManager: Mounting plugin ActorSequence
LogPluginManager: Mounting plugin LevelSequenceEditor
LogPluginManager: Mounting plugin MatineeToLevelSequence
LogPluginManager: Mounting plugin NetcodeUnitTest
LogPluginManager: Mounting plugin NUTUnrealEngine4
LogPluginManager: Mounting plugin OnlineSubsystemGooglePlay
LogPluginManager: Mounting plugin OnlineSubsystemIOS
LogPluginManager: Mounting plugin OnlineSubsystem
LogPluginManager: Mounting plugin OnlineSubsystemNull
LogPluginManager: Mounting plugin OnlineSubsystemUtils
LogPluginManager: Mounting plugin LauncherChunkInstaller
LogPluginManager: Mounting plugin AndroidDeviceProfileSelector
LogPluginManager: Mounting plugin AndroidMoviePlayer
LogPluginManager: Mounting plugin AndroidPermission
LogPluginManager: Mounting plugin AppleImageUtils
LogPluginManager: Mounting plugin AppleMoviePlayer
LogPluginManager: Mounting plugin ArchVisCharacter
LogPluginManager: Mounting plugin AssetTags
LogPluginManager: Mounting plugin AudioCapture
LogPluginManager: Mounting plugin CableComponent
LogPluginManager: Mounting plugin CustomMeshComponent
LogPluginManager: Mounting plugin EditableMesh
LogPluginManager: Mounting plugin ExampleDeviceProfileSelector
LogPluginManager: Mounting plugin GoogleCloudMessaging
LogPluginManager: Mounting plugin IOSDeviceProfileSelector
LogPluginManager: Mounting plugin LinuxDeviceProfileSelector
LogPluginManager: Mounting plugin LocationServicesBPLibrary
LogPluginManager: Mounting plugin MobilePatchingUtils
LogPluginManager: Mounting plugin OculusVR
LogPluginManager: Mounting plugin PhysXVehicles
LogPluginManager: Mounting plugin PostSplashScreen
LogPluginManager: Mounting plugin ProceduralMeshComponent
LogPluginManager: Mounting plugin RuntimePhysXCooking
LogPluginManager: Mounting plugin SignificanceManager
LogPluginManager: Mounting plugin SteamVR
LogPluginManager: Mounting plugin WebMMoviePlayer
LogPluginManager: Mounting plugin WindowsMoviePlayer
LogPluginManager: Mounting plugin ScreenshotTools
LogInit: Using libcurl 7.55.1-DEV
LogInit:  - built for x86_64-pc-win32
LogInit:  - supports SSL with OpenSSL/1.1.1
LogInit:  - supports HTTP deflate (compression) using libz 1.2.8
LogInit:  - other features:
LogInit:      CURL_VERSION_SSL
LogInit:      CURL_VERSION_LIBZ
LogInit:      CURL_VERSION_IPV6
LogInit:      CURL_VERSION_ASYNCHDNS
LogInit:      CURL_VERSION_LARGEFILE
LogInit:      CURL_VERSION_IDN
LogInit:  CurlRequestOptions (configurable via config and command line):
LogInit:  - bVerifyPeer = true  - Libcurl will verify peer certificate
LogInit:  - bUseHttpProxy = false  - Libcurl will NOT use HTTP proxy
LogInit:  - bDontReuseConnections = false  - Libcurl will reuse connections
LogInit:  - MaxHostConnections = 16  - Libcurl will limit the number of connections to a host
LogInit:  - LocalHostAddr = Default
LogInit:  - BufferSize = 65536
LogOnline: OSS: Creating online subsystem instance for: NULL
LogInit: WinSock: version 1.1 (2.2), MaxSocks=32767, MaxUdp=65467
LogOnline: OSS: TryLoadSubsystemAndSetDefault: Loaded subsystem for module [NULL]
LogInit: Build: ++UE4+Release-4.24-CL-10757647
LogInit: Engine Version: 4.24.1-10757647+++UE4+Release-4.24
LogInit: Compatible Engine Version: 4.24.0-10570792+++UE4+Release-4.24
LogInit: Net CL: 10570792
LogInit: OS: Windows 10 (Release 1909) (), CPU: Intel(R) Core(TM) i5-7300HQ CPU @ 2.50GHz, GPU: Intel(R) HD Graphics 630
LogInit: Compiled (64-bit): Dec 17 2019 02:08:03
LogInit: Compiled with Visual C++: 19.16.27032.01
LogInit: Build Configuration: Development
LogInit: Branch Name: ++UE4+Release-4.24
LogInit: Command Line: 
LogInit: Base Directory: C:/Program Files/Epic Games/UE_4.24/Engine/Binaries/Win64/
LogInit: Installed Engine Build: 1
LogDevObjectVersion: Number of dev versions registered: 25
LogDevObjectVersion:   Dev-Blueprints (B0D832E4-1F89-4F0D-ACCF-7EB736FD4AA2): 10
LogDevObjectVersion:   Dev-Build (E1C64328-A22C-4D53-A36C-8E866417BD8C): 0
LogDevObjectVersion:   Dev-Core (375EC13C-06E4-48FB-B500-84F0262A717E): 3
LogDevObjectVersion:   Dev-Editor (E4B068ED-F494-42E9-A231-DA0B2E46BB41): 37
LogDevObjectVersion:   Dev-Framework (CFFC743F-43B0-4480-9391-14DF171D2073): 36
LogDevObjectVersion:   Dev-Mobile (B02B49B5-BB20-44E9-A304-32B752E40360): 2
LogDevObjectVersion:   Dev-Networking (A4E4105C-59A1-49B5-A7C5-40C4547EDFEE): 0
LogDevObjectVersion:   Dev-Online (39C831C9-5AE6-47DC-9A44-9C173E1C8E7C): 0
LogDevObjectVersion:   Dev-Physics (78F01B33-EBEA-4F98-B9B4-84EACCB95AA2): 2
LogDevObjectVersion:   Dev-Platform (6631380F-2D4D-43E0-8009-CF276956A95A): 0
LogDevObjectVersion:   Dev-Rendering (12F88B9F-8875-4AFC-A67C-D90C383ABD29): 36
LogDevObjectVersion:   Dev-Sequencer (7B5AE74C-D270-4C10-A958-57980B212A5A): 11
LogDevObjectVersion:   Dev-VR (D7296918-1DD6-4BDD-9DE2-64A83CC13884): 2
LogDevObjectVersion:   Dev-LoadTimes (C2A15278-BFE7-4AFE-6C17-90FF531DF755): 1
LogDevObjectVersion:   Private-Geometry (6EACA3D4-40EC-4CC1-B786-8BED09428FC5): 3
LogDevObjectVersion:   Dev-AnimPhys (29E575DD-E0A3-4627-9D10-D276232CDCEA): 17
LogDevObjectVersion:   Dev-Anim (AF43A65D-7FD3-4947-9873-3E8ED9C1BB05): 2
LogDevObjectVersion:   Dev-ReflectionCapture (6B266CEC-1EC7-4B8F-A30B-E4D90942FC07): 1
LogDevObjectVersion:   Dev-Automation (0DF73D61-A23F-47EA-B727-89E90C41499A): 1
LogDevObjectVersion:   FortniteMain (601D1886-AC64-4F84-AA16-D3DE0DEAC7D6): 31
LogDevObjectVersion:   Dev-Enterprise (9DFFBCD6-494F-0158-E221-12823C92A888): 8
LogDevObjectVersion:   Dev-Niagara (F2AED0AC-9AFE-416F-8664-AA7FFA26D6FC): 1
LogDevObjectVersion:   Dev-Destruction (174F1F0B-B4C6-45A5-B13F-2EE8D0FB917D): 9
LogDevObjectVersion:   Dev-Physics-Ext (35F94A83-E258-406C-A318-09F59610247C): 8
LogDevObjectVersion:   Dev-CineCamera (B2E18506-4273-CFC2-A54E-F4BB758BBA07): 1
LogInit: Presizing for max 25165824 objects, including 0 objects not considered by GC, pre-allocating 0 bytes for permanent pool.
LogInit: Object subsystem initialized
LogConfig: Setting CVar [[con.DebugEarlyDefault:1]]
LogConfig: Setting CVar [[r.setres:1280x720]]
[2020.03.02-11.18.21:152][  0]LogConfig: Setting CVar [[r.VSync:0]]
[2020.03.02-11.18.21:152][  0]LogConfig: Setting CVar [[r.RHICmdBypass:0]]
[2020.03.02-11.18.21:152][  0]LogConfig: Applying CVar settings from Section [/Script/Engine.RendererSettings] File [C:/Users/roger/Documents/GitHub/survival-craft/One_Man_Land/Saved/Config/Windows/Engine.ini]
[2020.03.02-11.18.21:152][  0]LogConfig: Setting CVar [[r.GPUCrashDebugging:0]]
[2020.03.02-11.18.21:152][  0]LogConfig: Applying CVar settings from Section [/Script/Engine.RendererOverrideSettings] File [C:/Users/roger/Documents/GitHub/survival-craft/One_Man_Land/Saved/Config/Windows/Engine.ini]
[2020.03.02-11.18.21:152][  0]LogConfig: Applying CVar settings from Section [/Script/Engine.StreamingSettings] File [C:/Users/roger/Documents/GitHub/survival-craft/One_Man_Land/Saved/Config/Windows/Engine.ini]
[2020.03.02-11.18.21:152][  0]LogConfig: Setting CVar [[s.MinBulkDataSizeForAsyncLoading:131072]]
[2020.03.02-11.18.21:152][  0]LogConfig: Setting CVar [[s.AsyncLoadingThreadEnabled:0]]
[2020.03.02-11.18.21:152][  0]LogConfig: Setting CVar [[s.EventDrivenLoaderEnabled:1]]
[2020.03.02-11.18.21:152][  0]LogConfig: Setting CVar [[s.WarnIfTimeLimitExceeded:0]]
[2020.03.02-11.18.21:152][  0]LogConfig: Setting CVar [[s.TimeLimitExceededMultiplier:1.5]]
[2020.03.02-11.18.21:152][  0]LogConfig: Setting CVar [[s.TimeLimitExceededMinTime:0.005]]
[2020.03.02-11.18.21:152][  0]LogConfig: Setting CVar [[s.UseBackgroundLevelStreaming:1]]
[2020.03.02-11.18.21:152][  0]LogConfig: Setting CVar [[s.PriorityAsyncLoadingExtraTime:15.0]]
[2020.03.02-11.18.21:152][  0]LogConfig: Setting CVar [[s.LevelStreamingActorsUpdateTimeLimit:5.0]]
[2020.03.02-11.18.21:152][  0]LogConfig: Setting CVar [[s.PriorityLevelStreamingActorsUpdateExtraTime:5.0]]
[2020.03.02-11.18.21:153][  0]LogConfig: Setting CVar [[s.LevelStreamingComponentsRegistrationGranularity:10]]
[2020.03.02-11.18.21:153][  0]LogConfig: Setting CVar [[s.UnregisterComponentsTimeLimit:1.0]]
[2020.03.02-11.18.21:153][  0]LogConfig: Setting CVar [[s.LevelStreamingComponentsUnregistrationGranularity:5]]
[2020.03.02-11.18.21:153][  0]LogConfig: Setting CVar [[s.FlushStreamingOnExit:1]]
[2020.03.02-11.18.21:153][  0]LogConfig: Applying CVar settings from Section [/Script/Engine.GarbageCollectionSettings] File [C:/Users/roger/Documents/GitHub/survival-craft/One_Man_Land/Saved/Config/Windows/Engine.ini]
[2020.03.02-11.18.21:153][  0]LogConfig: Setting CVar [[gc.MaxObjectsNotConsideredByGC:1]]
[2020.03.02-11.18.21:153][  0]LogConfig: Setting CVar [[gc.SizeOfPermanentObjectPool:0]]
[2020.03.02-11.18.21:153][  0]LogConfig: Setting CVar [[gc.FlushStreamingOnGC:0]]
[2020.03.02-11.18.21:153][  0]LogConfig: Setting CVar [[gc.NumRetriesBeforeForcingGC:10]]
[2020.03.02-11.18.21:153][  0]LogConfig: Setting CVar [[gc.AllowParallelGC:1]]
[2020.03.02-11.18.21:153][  0]LogConfig: Setting CVar [[gc.TimeBetweenPurgingPendingKillObjects:61.1]]
[2020.03.02-11.18.21:153][  0]LogConfig: Setting CVar [[gc.MaxObjectsInEditor:25165824]]
[2020.03.02-11.18.21:153][  0]LogConfig: Setting CVar [[gc.IncrementalBeginDestroyEnabled:1]]
[2020.03.02-11.18.21:153][  0]LogConfig: Setting CVar [[gc.CreateGCClusters:1]]
[2020.03.02-11.18.21:153][  0]LogConfig: Setting CVar [[gc.MinGCClusterSize:5]]
[2020.03.02-11.18.21:153][  0]LogConfig: Setting CVar [[gc.ActorClusteringEnabled:0]]
[2020.03.02-11.18.21:153][  0]LogConfig: Setting CVar [[gc.BlueprintClusteringEnabled:0]]
[2020.03.02-11.18.21:153][  0]LogConfig: Setting CVar [[gc.UseDisregardForGCOnDedicatedServers:0]]
[2020.03.02-11.18.21:153][  0]LogConfig: Applying CVar settings from Section [/Script/Engine.NetworkSettings] File [C:/Users/roger/Documents/GitHub/survival-craft/One_Man_Land/Saved/Config/Windows/Engine.ini]
[2020.03.02-11.18.21:153][  0]LogConfig: Applying CVar settings from Section [/Script/UnrealEd.CookerSettings] File [C:/Users/roger/Documents/GitHub/survival-craft/One_Man_Land/Saved/Config/Windows/Engine.ini]
[2020.03.02-11.18.21:156][  0]LogConfig: Applying CVar settings from Section [ViewDistanceQuality@3] File [C:/Users/roger/Documents/GitHub/survival-craft/One_Man_Land/Saved/Config/Windows/Scalability.ini]
[2020.03.02-11.18.21:156][  0]LogConfig: Setting CVar [[r.SkeletalMeshLODBias:0]]
[2020.03.02-11.18.21:156][  0]LogConfig: Setting CVar [[r.ViewDistanceScale:1.0]]
[2020.03.02-11.18.21:156][  0]LogConfig: Applying CVar settings from Section [AntiAliasingQuality@3] File [C:/Users/roger/Documents/GitHub/survival-craft/One_Man_Land/Saved/Config/Windows/Scalability.ini]
[2020.03.02-11.18.21:156][  0]LogConfig: Setting CVar [[r.PostProcessAAQuality:4]]
[2020.03.02-11.18.21:156][  0]LogConfig: Applying CVar settings from Section [ShadowQuality@3] File [C:/Users/roger/Documents/GitHub/survival-craft/One_Man_Land/Saved/Config/Windows/Scalability.ini]
[2020.03.02-11.18.21:156][  0]LogConfig: Setting CVar [[r.LightFunctionQuality:1]]
[2020.03.02-11.18.21:156][  0]LogConfig: Setting CVar [[r.ShadowQuality:5]]
[2020.03.02-11.18.21:156][  0]LogConfig: Setting CVar [[r.Shadow.CSM.MaxCascades:10]]
[2020.03.02-11.18.21:156][  0]LogConfig: Setting CVar [[r.Shadow.MaxResolution:2048]]
[2020.03.02-11.18.21:156][  0]LogConfig: Setting CVar [[r.Shadow.MaxCSMResolution:2048]]
[2020.03.02-11.18.21:156][  0]LogConfig: Setting CVar [[r.Shadow.RadiusThreshold:0.01]]
[2020.03.02-11.18.21:156][  0]LogConfig: Setting CVar [[r.Shadow.DistanceScale:1.0]]
[2020.03.02-11.18.21:156][  0]LogConfig: Setting CVar [[r.Shadow.CSM.TransitionScale:1.0]]
[2020.03.02-11.18.21:156][  0]LogConfig: Setting CVar [[r.Shadow.PreShadowResolutionFactor:1.0]]
[2020.03.02-11.18.21:156][  0]LogConfig: Setting CVar [[r.DistanceFieldShadowing:1]]
[2020.03.02-11.18.21:156][  0]LogConfig: Setting CVar [[r.DistanceFieldAO:1]]
[2020.03.02-11.18.21:156][  0]LogConfig: Setting CVar [[r.AOQuality:2]]
[2020.03.02-11.18.21:156][  0]LogConfig: Setting CVar [[r.VolumetricFog:1]]
[2020.03.02-11.18.21:156][  0]LogConfig: Setting CVar [[r.VolumetricFog.GridPixelSize:8]]
[2020.03.02-11.18.21:156][  0]LogConfig: Setting CVar [[r.VolumetricFog.GridSizeZ:128]]
[2020.03.02-11.18.21:156][  0]LogConfig: Setting CVar [[r.VolumetricFog.HistoryMissSupersampleCount:4]]
[2020.03.02-11.18.21:156][  0]LogConfig: Setting CVar [[r.LightMaxDrawDistanceScale:1]]
[2020.03.02-11.18.21:156][  0]LogConfig: Setting CVar [[r.CapsuleShadows:1]]
[2020.03.02-11.18.21:156][  0]LogConfig: Applying CVar settings from Section [PostProcessQuality@3] File [C:/Users/roger/Documents/GitHub/survival-craft/One_Man_Land/Saved/Config/Windows/Scalability.ini]
[2020.03.02-11.18.21:156][  0]LogConfig: Setting CVar [[r.MotionBlurQuality:4]]
[2020.03.02-11.18.21:156][  0]LogConfig: Setting CVar [[r.AmbientOcclusionMipLevelFactor:0.4]]
[2020.03.02-11.18.21:156][  0]LogConfig: Setting CVar [[r.AmbientOcclusionMaxQuality:100]]
[2020.03.02-11.18.21:156][  0]LogConfig: Setting CVar [[r.AmbientOcclusionLevels:-1]]
[2020.03.02-11.18.21:156][  0]LogConfig: Setting CVar [[r.AmbientOcclusionRadiusScale:1.0]]
[2020.03.02-11.18.21:156][  0]LogConfig: Setting CVar [[r.DepthOfFieldQuality:2]]
[2020.03.02-11.18.21:156][  0]LogConfig: Setting CVar [[r.RenderTargetPoolMin:400]]
[2020.03.02-11.18.21:156][  0]LogConfig: Setting CVar [[r.LensFlareQuality:2]]
[2020.03.02-11.18.21:157][  0]LogConfig: Setting CVar [[r.SceneColorFringeQuality:1]]
[2020.03.02-11.18.21:157][  0]LogConfig: Setting CVar [[r.EyeAdaptationQuality:2]]
[2020.03.02-11.18.21:157][  0]LogConfig: Setting CVar [[r.BloomQuality:5]]
[2020.03.02-11.18.21:157][  0]LogConfig: Setting CVar [[r.FastBlurThreshold:100]]
[2020.03.02-11.18.21:157][  0]LogConfig: Setting CVar [[r.Upscale.Quality:3]]
[2020.03.02-11.18.21:157][  0]LogConfig: Setting CVar [[r.Tonemapper.GrainQuantization:1]]
[2020.03.02-11.18.21:157][  0]LogConfig: Setting CVar [[r.LightShaftQuality:1]]
[2020.03.02-11.18.21:157][  0]LogConfig: Setting CVar [[r.Filter.SizeScale:1]]
[2020.03.02-11.18.21:157][  0]LogConfig: Setting CVar [[r.Tonemapper.Quality:5]]
[2020.03.02-11.18.21:157][  0]LogConfig: Setting CVar [[r.DOF.Gather.AccumulatorQuality:1        ; higher gathering accumulator quality]]
[2020.03.02-11.18.21:157][  0]LogConfig: Setting CVar [[r.DOF.Gather.PostfilterMethod:1          ; Median3x3 postfilering method]]
[2020.03.02-11.18.21:157][  0]LogConfig: Setting CVar [[r.DOF.Gather.EnableBokehSettings:0       ; no bokeh simulation when gathering]]
[2020.03.02-11.18.21:157][  0]LogConfig: Setting CVar [[r.DOF.Gather.RingCount:4                 ; medium number of samples when gathering]]
[2020.03.02-11.18.21:157][  0]LogConfig: Setting CVar [[r.DOF.Scatter.ForegroundCompositing:1    ; additive foreground scattering]]
[2020.03.02-11.18.21:157][  0]LogConfig: Setting CVar [[r.DOF.Scatter.BackgroundCompositing:2    ; additive background scattering]]
[2020.03.02-11.18.21:157][  0]LogConfig: Setting CVar [[r.DOF.Scatter.EnableBokehSettings:1      ; bokeh simulation when scattering]]
[2020.03.02-11.18.21:157][  0]LogConfig: Setting CVar [[r.DOF.Scatter.MaxSpriteRatio:0.1         ; only a maximum of 10% of scattered bokeh]]
[2020.03.02-11.18.21:157][  0]LogConfig: Setting CVar [[r.DOF.Recombine.Quality:1                ; cheap slight out of focus]]
[2020.03.02-11.18.21:157][  0]LogConfig: Setting CVar [[r.DOF.Recombine.EnableBokehSettings:0    ; no bokeh simulation on slight out of focus]]
[2020.03.02-11.18.21:157][  0]LogConfig: Setting CVar [[r.DOF.TemporalAAQuality:1                ; more stable temporal accumulation]]
[2020.03.02-11.18.21:157][  0]LogConfig: Setting CVar [[r.DOF.Kernel.MaxForegroundRadius:0.025]]
[2020.03.02-11.18.21:157][  0]LogConfig: Setting CVar [[r.DOF.Kernel.MaxBackgroundRadius:0.025]]
[2020.03.02-11.18.21:157][  0]LogConfig: Applying CVar settings from Section [TextureQuality@3] File [C:/Users/roger/Documents/GitHub/survival-craft/One_Man_Land/Saved/Config/Windows/Scalability.ini]
[2020.03.02-11.18.21:157][  0]LogConfig: Setting CVar [[r.Streaming.MipBias:0]]
[2020.03.02-11.18.21:157][  0]LogConfig: Setting CVar [[r.Streaming.AmortizeCPUToGPUCopy:0]]
[2020.03.02-11.18.21:157][  0]LogConfig: Setting CVar [[r.Streaming.MaxNumTexturesToStreamPerFrame:0]]
[2020.03.02-11.18.21:157][  0]LogConfig: Setting CVar [[r.Streaming.Boost:1]]
[2020.03.02-11.18.21:157][  0]LogConfig: Setting CVar [[r.MaxAnisotropy:8]]
[2020.03.02-11.18.21:157][  0]LogConfig: Setting CVar [[r.VT.MaxAnisotropy:8]]
[2020.03.02-11.18.21:157][  0]LogConfig: Setting CVar [[r.Streaming.LimitPoolSizeToVRAM:0]]
[2020.03.02-11.18.21:157][  0]LogConfig: Setting CVar [[r.Streaming.PoolSize:1000]]
[2020.03.02-11.18.21:157][  0]LogConfig: Setting CVar [[r.Streaming.MaxEffectiveScreenSize:0]]
[2020.03.02-11.18.21:157][  0]LogConfig: Applying CVar settings from Section [EffectsQuality@3] File [C:/Users/roger/Documents/GitHub/survival-craft/One_Man_Land/Saved/Config/Windows/Scalability.ini]
[2020.03.02-11.18.21:157][  0]LogConfig: Setting CVar [[r.TranslucencyLightingVolumeDim:64]]
[2020.03.02-11.18.21:157][  0]LogConfig: Setting CVar [[r.RefractionQuality:2]]
[2020.03.02-11.18.21:157][  0]LogConfig: Setting CVar [[r.SSR.Quality:3]]
[2020.03.02-11.18.21:157][  0]LogConfig: Setting CVar [[r.SSR.HalfResSceneColor:0]]
[2020.03.02-11.18.21:157][  0]LogConfig: Setting CVar [[r.SceneColorFormat:4]]
[2020.03.02-11.18.21:157][  0]LogConfig: Setting CVar [[r.DetailMode:2]]
[2020.03.02-11.18.21:157][  0]LogConfig: Setting CVar [[r.TranslucencyVolumeBlur:1]]
[2020.03.02-11.18.21:157][  0]LogConfig: Setting CVar [[r.MaterialQualityLevel:1 ; High quality]]
[2020.03.02-11.18.21:157][  0]LogConfig: Setting CVar [[r.SSS.Scale:1]]
[2020.03.02-11.18.21:157][  0]LogConfig: Setting CVar [[r.SSS.SampleSet:2]]
[2020.03.02-11.18.21:157][  0]LogConfig: Setting CVar [[r.SSS.Quality:1]]
[2020.03.02-11.18.21:157][  0]LogConfig: Setting CVar [[r.SSS.HalfRes:1]]
[2020.03.02-11.18.21:157][  0]LogConfig: Setting CVar [[r.SSGI.Quality:3]]
[2020.03.02-11.18.21:157][  0]LogConfig: Setting CVar [[r.EmitterSpawnRateScale:1.0]]
[2020.03.02-11.18.21:157][  0]LogConfig: Setting CVar [[r.ParticleLightQuality:2]]
[2020.03.02-11.18.21:157][  0]LogConfig: Setting CVar [[r.SkyAtmosphere.AerialPerspectiveLUT.FastApplyOnOpaque:1 ; Always have FastSkyLUT 1 in this case to avoid wrong sky]]
[2020.03.02-11.18.21:157][  0]LogConfig: Setting CVar [[r.SkyAtmosphere.AerialPerspectiveLUT.SampleCountPerSlice:1]]
[2020.03.02-11.18.21:157][  0]LogConfig: Setting CVar [[r.SkyAtmosphere.AerialPerspectiveLUT.DepthResolution:16.0]]
[2020.03.02-11.18.21:157][  0]LogConfig: Setting CVar [[r.SkyAtmosphere.FastSkyLUT:1]]
[2020.03.02-11.18.21:157][  0]LogConfig: Setting CVar [[r.SkyAtmosphere.FastSkyLUT.SampleCountMin:4.0]]
[2020.03.02-11.18.21:157][  0]LogConfig: Setting CVar [[r.SkyAtmosphere.FastSkyLUT.SampleCountMax:32.0]]
[2020.03.02-11.18.21:157][  0]LogConfig: Setting CVar [[r.SkyAtmosphere.SampleCountMin:4.0]]
[2020.03.02-11.18.21:157][  0]LogConfig: Setting CVar [[r.SkyAtmosphere.SampleCountMax:32.0]]
[2020.03.02-11.18.21:157][  0]LogConfig: Setting CVar [[r.SkyAtmosphere.TransmittanceLUT.UseSmallFormat:0]]
[2020.03.02-11.18.21:158][  0]LogConfig: Setting CVar [[r.SkyAtmosphere.TransmittanceLUT.SampleCount:10.0]]
[2020.03.02-11.18.21:158][  0]LogConfig: Setting CVar [[r.SkyAtmosphere.MultiScatteringLUT.SampleCount:15.0]]
[2020.03.02-11.18.21:158][  0]LogConfig: Applying CVar settings from Section [FoliageQuality@3] File [C:/Users/roger/Documents/GitHub/survival-craft/One_Man_Land/Saved/Config/Windows/Scalability.ini]
[2020.03.02-11.18.21:158][  0]LogConfig: Setting CVar [[foliage.DensityScale:1.0]]
[2020.03.02-11.18.21:158][  0]LogConfig: Setting CVar [[grass.DensityScale:1.0]]
[2020.03.02-11.18.21:158][  0]LogConfig: Applying CVar settings from Section [ShadingQuality@3] File [C:/Users/roger/Documents/GitHub/survival-craft/One_Man_Land/Saved/Config/Windows/Scalability.ini]
[2020.03.02-11.18.21:158][  0]LogConfig: Setting CVar [[r.HairStrands.SkyLighting.SampleCount:16]]
[2020.03.02-11.18.21:158][  0]LogConfig: Setting CVar [[r.HairStrands.SkyLighting.JitterIntegration:0]]
[2020.03.02-11.18.21:158][  0]LogConfig: Setting CVar [[r.HairStrands.SkyAO.SampleCount:16]]
[2020.03.02-11.18.21:158][  0]LogInit: Selected Device Profile: [Windows]
[2020.03.02-11.18.21:158][  0]LogInit: Applying CVar settings loaded from the selected device profile: [Windows]
[2020.03.02-11.18.21:161][  0]LogHAL: Display: Platform has ~ 8 GB [8506994688 / 8589934592 / 8], which maps to Default [LargestMinGB=32, LargerMinGB=12, DefaultMinGB=8, SmallerMinGB=6, SmallestMinGB=0)
[2020.03.02-11.18.21:161][  0]LogInit: Going up to parent DeviceProfile []
[2020.03.02-11.18.21:161][  0]LogConfig: Applying CVar settings from Section [ViewDistanceQuality@3] File [C:/Users/roger/Documents/GitHub/survival-craft/One_Man_Land/Saved/Config/Windows/Scalability.ini]
[2020.03.02-11.18.21:161][  0]LogConfig: Setting CVar [[r.SkeletalMeshLODBias:0]]
[2020.03.02-11.18.21:161][  0]LogConfig: Setting CVar [[r.ViewDistanceScale:1.0]]
[2020.03.02-11.18.21:161][  0]LogConfig: Applying CVar settings from Section [AntiAliasingQuality@3] File [C:/Users/roger/Documents/GitHub/survival-craft/One_Man_Land/Saved/Config/Windows/Scalability.ini]
[2020.03.02-11.18.21:161][  0]LogConfig: Setting CVar [[r.PostProcessAAQuality:4]]
[2020.03.02-11.18.21:161][  0]LogConfig: Applying CVar settings from Section [ShadowQuality@3] File [C:/Users/roger/Documents/GitHub/survival-craft/One_Man_Land/Saved/Config/Windows/Scalability.ini]
[2020.03.02-11.18.21:161][  0]LogConfig: Setting CVar [[r.LightFunctionQuality:1]]
[2020.03.02-11.18.21:161][  0]LogConfig: Setting CVar [[r.ShadowQuality:5]]
[2020.03.02-11.18.21:161][  0]LogConfig: Setting CVar [[r.Shadow.CSM.MaxCascades:10]]
[2020.03.02-11.18.21:161][  0]LogConfig: Setting CVar [[r.Shadow.MaxResolution:2048]]
[2020.03.02-11.18.21:161][  0]LogConfig: Setting CVar [[r.Shadow.MaxCSMResolution:2048]]
[2020.03.02-11.18.21:161][  0]LogConfig: Setting CVar [[r.Shadow.RadiusThreshold:0.01]]
[2020.03.02-11.18.21:161][  0]LogConfig: Setting CVar [[r.Shadow.DistanceScale:1.0]]
[2020.03.02-11.18.21:161][  0]LogConfig: Setting CVar [[r.Shadow.CSM.TransitionScale:1.0]]
[2020.03.02-11.18.21:161][  0]LogConfig: Setting CVar [[r.Shadow.PreShadowResolutionFactor:1.0]]
[2020.03.02-11.18.21:161][  0]LogConfig: Setting CVar [[r.DistanceFieldShadowing:1]]
[2020.03.02-11.18.21:161][  0]LogConfig: Setting CVar [[r.DistanceFieldAO:1]]
[2020.03.02-11.18.21:161][  0]LogConfig: Setting CVar [[r.AOQuality:2]]
[2020.03.02-11.18.21:161][  0]LogConfig: Setting CVar [[r.VolumetricFog:1]]
[2020.03.02-11.18.21:161][  0]LogConfig: Setting CVar [[r.VolumetricFog.GridPixelSize:8]]
[2020.03.02-11.18.21:161][  0]LogConfig: Setting CVar [[r.VolumetricFog.GridSizeZ:128]]
[2020.03.02-11.18.21:161][  0]LogConfig: Setting CVar [[r.VolumetricFog.HistoryMissSupersampleCount:4]]
[2020.03.02-11.18.21:161][  0]LogConfig: Setting CVar [[r.LightMaxDrawDistanceScale:1]]
[2020.03.02-11.18.21:161][  0]LogConfig: Setting CVar [[r.CapsuleShadows:1]]
[2020.03.02-11.18.21:161][  0]LogConfig: Applying CVar settings from Section [PostProcessQuality@3] File [C:/Users/roger/Documents/GitHub/survival-craft/One_Man_Land/Saved/Config/Windows/Scalability.ini]
[2020.03.02-11.18.21:161][  0]LogConfig: Setting CVar [[r.MotionBlurQuality:4]]
[2020.03.02-11.18.21:161][  0]LogConfig: Setting CVar [[r.AmbientOcclusionMipLevelFactor:0.4]]
[2020.03.02-11.18.21:161][  0]LogConfig: Setting CVar [[r.AmbientOcclusionMaxQuality:100]]
[2020.03.02-11.18.21:161][  0]LogConfig: Setting CVar [[r.AmbientOcclusionLevels:-1]]
[2020.03.02-11.18.21:161][  0]LogConfig: Setting CVar [[r.AmbientOcclusionRadiusScale:1.0]]
[2020.03.02-11.18.21:161][  0]LogConfig: Setting CVar [[r.DepthOfFieldQuality:2]]
[2020.03.02-11.18.21:161][  0]LogConfig: Setting CVar [[r.RenderTargetPoolMin:400]]
[2020.03.02-11.18.21:161][  0]LogConfig: Setting CVar [[r.LensFlareQuality:2]]
[2020.03.02-11.18.21:161][  0]LogConfig: Setting CVar [[r.SceneColorFringeQuality:1]]
[2020.03.02-11.18.21:162][  0]LogConfig: Setting CVar [[r.EyeAdaptationQuality:2]]
[2020.03.02-11.18.21:162][  0]LogConfig: Setting CVar [[r.BloomQuality:5]]
[2020.03.02-11.18.21:162][  0]LogConfig: Setting CVar [[r.FastBlurThreshold:100]]
[2020.03.02-11.18.21:162][  0]LogConfig: Setting CVar [[r.Upscale.Quality:3]]
[2020.03.02-11.18.21:162][  0]LogConfig: Setting CVar [[r.Tonemapper.GrainQuantization:1]]
[2020.03.02-11.18.21:162][  0]LogConfig: Setting CVar [[r.LightShaftQuality:1]]
[2020.03.02-11.18.21:162][  0]LogConfig: Setting CVar [[r.Filter.SizeScale:1]]
[2020.03.02-11.18.21:162][  0]LogConfig: Setting CVar [[r.Tonemapper.Quality:5]]
[2020.03.02-11.18.21:162][  0]LogConfig: Setting CVar [[r.DOF.Gather.AccumulatorQuality:1        ; higher gathering accumulator quality]]
[2020.03.02-11.18.21:162][  0]LogConfig: Setting CVar [[r.DOF.Gather.PostfilterMethod:1          ; Median3x3 postfilering method]]
[2020.03.02-11.18.21:162][  0]LogConfig: Setting CVar [[r.DOF.Gather.EnableBokehSettings:0       ; no bokeh simulation when gathering]]
[2020.03.02-11.18.21:162][  0]LogConfig: Setting CVar [[r.DOF.Gather.RingCount:4                 ; medium number of samples when gathering]]
[2020.03.02-11.18.21:162][  0]LogConfig: Setting CVar [[r.DOF.Scatter.ForegroundCompositing:1    ; additive foreground scattering]]
[2020.03.02-11.18.21:162][  0]LogConfig: Setting CVar [[r.DOF.Scatter.BackgroundCompositing:2    ; additive background scattering]]
[2020.03.02-11.18.21:162][  0]LogConfig: Setting CVar [[r.DOF.Scatter.EnableBokehSettings:1      ; bokeh simulation when scattering]]
[2020.03.02-11.18.21:162][  0]LogConfig: Setting CVar [[r.DOF.Scatter.MaxSpriteRatio:0.1         ; only a maximum of 10% of scattered bokeh]]
[2020.03.02-11.18.21:162][  0]LogConfig: Setting CVar [[r.DOF.Recombine.Quality:1                ; cheap slight out of focus]]
[2020.03.02-11.18.21:162][  0]LogConfig: Setting CVar [[r.DOF.Recombine.EnableBokehSettings:0    ; no bokeh simulation on slight out of focus]]
[2020.03.02-11.18.21:162][  0]LogConfig: Setting CVar [[r.DOF.TemporalAAQuality:1                ; more stable temporal accumulation]]
[2020.03.02-11.18.21:162][  0]LogConfig: Setting CVar [[r.DOF.Kernel.MaxForegroundRadius:0.025]]
[2020.03.02-11.18.21:162][  0]LogConfig: Setting CVar [[r.DOF.Kernel.MaxBackgroundRadius:0.025]]
[2020.03.02-11.18.21:162][  0]LogConfig: Applying CVar settings from Section [TextureQuality@3] File [C:/Users/roger/Documents/GitHub/survival-craft/One_Man_Land/Saved/Config/Windows/Scalability.ini]
[2020.03.02-11.18.21:162][  0]LogConfig: Setting CVar [[r.Streaming.MipBias:0]]
[2020.03.02-11.18.21:162][  0]LogConfig: Setting CVar [[r.Streaming.AmortizeCPUToGPUCopy:0]]
[2020.03.02-11.18.21:162][  0]LogConfig: Setting CVar [[r.Streaming.MaxNumTexturesToStreamPerFrame:0]]
[2020.03.02-11.18.21:162][  0]LogConfig: Setting CVar [[r.Streaming.Boost:1]]
[2020.03.02-11.18.21:162][  0]LogConfig: Setting CVar [[r.MaxAnisotropy:8]]
[2020.03.02-11.18.21:162][  0]LogConfig: Setting CVar [[r.VT.MaxAnisotropy:8]]
[2020.03.02-11.18.21:162][  0]LogConfig: Setting CVar [[r.Streaming.LimitPoolSizeToVRAM:0]]
[2020.03.02-11.18.21:162][  0]LogConfig: Setting CVar [[r.Streaming.PoolSize:1000]]
[2020.03.02-11.18.21:162][  0]LogConfig: Setting CVar [[r.Streaming.MaxEffectiveScreenSize:0]]
[2020.03.02-11.18.21:162][  0]LogConfig: Applying CVar settings from Section [EffectsQuality@3] File [C:/Users/roger/Documents/GitHub/survival-craft/One_Man_Land/Saved/Config/Windows/Scalability.ini]
[2020.03.02-11.18.21:162][  0]LogConfig: Setting CVar [[r.TranslucencyLightingVolumeDim:64]]
[2020.03.02-11.18.21:162][  0]LogConfig: Setting CVar [[r.RefractionQuality:2]]
[2020.03.02-11.18.21:162][  0]LogConfig: Setting CVar [[r.SSR.Quality:3]]
[2020.03.02-11.18.21:162][  0]LogConfig: Setting CVar [[r.SSR.HalfResSceneColor:0]]
[2020.03.02-11.18.21:162][  0]LogConfig: Setting CVar [[r.SceneColorFormat:4]]
[2020.03.02-11.18.21:162][  0]LogConfig: Setting CVar [[r.DetailMode:2]]
[2020.03.02-11.18.21:162][  0]LogConfig: Setting CVar [[r.TranslucencyVolumeBlur:1]]
[2020.03.02-11.18.21:162][  0]LogConfig: Setting CVar [[r.MaterialQualityLevel:1 ; High quality]]
[2020.03.02-11.18.21:162][  0]LogConfig: Setting CVar [[r.SSS.Scale:1]]
[2020.03.02-11.18.21:162][  0]LogConfig: Setting CVar [[r.SSS.SampleSet:2]]
[2020.03.02-11.18.21:162][  0]LogConfig: Setting CVar [[r.SSS.Quality:1]]
[2020.03.02-11.18.21:162][  0]LogConfig: Setting CVar [[r.SSS.HalfRes:1]]
[2020.03.02-11.18.21:162][  0]LogConfig: Setting CVar [[r.SSGI.Quality:3]]
[2020.03.02-11.18.21:162][  0]LogConfig: Setting CVar [[r.EmitterSpawnRateScale:1.0]]
[2020.03.02-11.18.21:162][  0]LogConfig: Setting CVar [[r.ParticleLightQuality:2]]
[2020.03.02-11.18.21:162][  0]LogConfig: Setting CVar [[r.SkyAtmosphere.AerialPerspectiveLUT.FastApplyOnOpaque:1 ; Always have FastSkyLUT 1 in this case to avoid wrong sky]]
[2020.03.02-11.18.21:162][  0]LogConfig: Setting CVar [[r.SkyAtmosphere.AerialPerspectiveLUT.SampleCountPerSlice:1]]
[2020.03.02-11.18.21:162][  0]LogConfig: Setting CVar [[r.SkyAtmosphere.AerialPerspectiveLUT.DepthResolution:16.0]]
[2020.03.02-11.18.21:162][  0]LogConfig: Setting CVar [[r.SkyAtmosphere.FastSkyLUT:1]]
[2020.03.02-11.18.21:162][  0]LogConfig: Setting CVar [[r.SkyAtmosphere.FastSkyLUT.SampleCountMin:4.0]]
[2020.03.02-11.18.21:162][  0]LogConfig: Setting CVar [[r.SkyAtmosphere.FastSkyLUT.SampleCountMax:32.0]]
[2020.03.02-11.18.21:162][  0]LogConfig: Setting CVar [[r.SkyAtmosphere.SampleCountMin:4.0]]
[2020.03.02-11.18.21:162][  0]LogConfig: Setting CVar [[r.SkyAtmosphere.SampleCountMax:32.0]]
[2020.03.02-11.18.21:162][  0]LogConfig: Setting CVar [[r.SkyAtmosphere.TransmittanceLUT.UseSmallFormat:0]]
[2020.03.02-11.18.21:162][  0]LogConfig: Setting CVar [[r.SkyAtmosphere.TransmittanceLUT.SampleCount:10.0]]
[2020.03.02-11.18.21:162][  0]LogConfig: Setting CVar [[r.SkyAtmosphere.MultiScatteringLUT.SampleCount:15.0]]
[2020.03.02-11.18.21:162][  0]LogConfig: Applying CVar settings from Section [FoliageQuality@3] File [C:/Users/roger/Documents/GitHub/survival-craft/One_Man_Land/Saved/Config/Windows/Scalability.ini]
[2020.03.02-11.18.21:163][  0]LogConfig: Setting CVar [[foliage.DensityScale:1.0]]
[2020.03.02-11.18.21:163][  0]LogConfig: Setting CVar [[grass.DensityScale:1.0]]
[2020.03.02-11.18.21:163][  0]LogConfig: Applying CVar settings from Section [ShadingQuality@3] File [C:/Users/roger/Documents/GitHub/survival-craft/One_Man_Land/Saved/Config/Windows/Scalability.ini]
[2020.03.02-11.18.21:163][  0]LogConfig: Setting CVar [[r.HairStrands.SkyLighting.SampleCount:16]]
[2020.03.02-11.18.21:163][  0]LogConfig: Setting CVar [[r.HairStrands.SkyLighting.JitterIntegration:0]]
[2020.03.02-11.18.21:163][  0]LogConfig: Setting CVar [[r.HairStrands.SkyAO.SampleCount:16]]
[2020.03.02-11.18.21:163][  0]LogConfig: Applying CVar settings from Section [Startup] File [../../../Engine/Config/ConsoleVariables.ini]
[2020.03.02-11.18.21:163][  0]LogConfig: Setting CVar [[net.UseAdaptiveNetUpdateFrequency:0]]
[2020.03.02-11.18.21:163][  0]LogConfig: Setting CVar [[p.chaos.AllowCreatePhysxBodies:1]]
[2020.03.02-11.18.21:163][  0]LogConfig: Applying CVar settings from Section [ConsoleVariables] File [C:/Users/roger/Documents/GitHub/survival-craft/One_Man_Land/Saved/Config/Windows/Engine.ini]
[2020.03.02-11.18.21:163][  0]LogInit: Computer: DESKTOP-EMFF6OQ
[2020.03.02-11.18.21:163][  0]LogInit: User: roger
[2020.03.02-11.18.21:163][  0]LogInit: CPU Page size=4096, Cores=4
[2020.03.02-11.18.21:163][  0]LogInit: High frequency timer resolution =10.000000 MHz
[2020.03.02-11.18.21:163][  0]LogMemory: Memory total: Physical=7.9GB (8GB approx)
[2020.03.02-11.18.21:163][  0]LogMemory: Platform Memory Stats for Windows
[2020.03.02-11.18.21:163][  0]LogMemory: Process Physical Memory: 105.27 MB used, 105.27 MB peak
[2020.03.02-11.18.21:163][  0]LogMemory: Process Virtual Memory: 99.83 MB used, 99.83 MB peak
[2020.03.02-11.18.21:163][  0]LogMemory: Physical Memory: 4299.28 MB used,  3813.62 MB free, 8112.90 MB total
[2020.03.02-11.18.21:163][  0]LogMemory: Virtual Memory: 5086.73 MB used,  134212640.00 MB free, 134217728.00 MB total
[2020.03.02-11.18.21:166][  0]LogWindows: WindowsPlatformFeatures enabled
[2020.03.02-11.18.21:192][  0]LogInit: Using OS detected language (en-GB).
[2020.03.02-11.18.21:192][  0]LogInit: Using OS detected locale (en-GB).
[2020.03.02-11.18.21:194][  0]LogTextLocalizationManager: No specific localization for 'en-GB' exists, so the 'en' localization will be used.
[2020.03.02-11.18.21:385][  0]LogInit: Setting process to per monitor DPI aware
[2020.03.02-11.18.21:412][  0]LogSlate: New Slate User Created.  User Index 0, Is Virtual User: 0
[2020.03.02-11.18.21:412][  0]LogSlate: Slate User Registered.  User Index 0, Is Virtual User: 0
[2020.03.02-11.18.21:641][  0]LogHMD: Failed to initialize OpenVR with code 110
[2020.03.02-11.18.21:641][  0]LogD3D11RHI: D3D11 min allowed feature level: 11_0
[2020.03.02-11.18.21:641][  0]LogD3D11RHI: D3D11 max allowed feature level: 11_0
[2020.03.02-11.18.21:641][  0]LogD3D11RHI: D3D11 adapters:
[2020.03.02-11.18.21:719][  0]LogD3D11RHI:    0. 'NVIDIA GeForce GTX 1050 Ti' (Feature Level 11_0)
[2020.03.02-11.18.21:719][  0]LogD3D11RHI:       4021/0/4056 MB DedicatedVideo/DedicatedSystem/SharedSystem, Outputs:1, VendorId:0x10de
[2020.03.02-11.18.21:728][  0]LogD3D11RHI:    1. 'Intel(R) HD Graphics 630' (Feature Level 11_0)
[2020.03.02-11.18.21:728][  0]LogD3D11RHI:       128/0/4056 MB DedicatedVideo/DedicatedSystem/SharedSystem, Outputs:0, VendorId:0x8086
[2020.03.02-11.18.21:731][  0]LogD3D11RHI:    2. 'Microsoft Basic Render Driver' (Feature Level 11_0)
[2020.03.02-11.18.21:731][  0]LogD3D11RHI:       0/0/4056 MB DedicatedVideo/DedicatedSystem/SharedSystem, Outputs:0, VendorId:0x1414
[2020.03.02-11.18.21:731][  0]LogD3D11RHI: Chosen D3D11 Adapter: 0
[2020.03.02-11.18.21:785][  0]LogD3D11RHI: Creating new Direct3DDevice
[2020.03.02-11.18.21:785][  0]LogD3D11RHI:     GPU DeviceId: 0x1c8c (for the marketing name, search the web for "GPU Device Id")
[2020.03.02-11.18.21:785][  0]LogWindows: EnumDisplayDevices:
[2020.03.02-11.18.21:785][  0]LogWindows:    0. 'Intel(R) HD Graphics 630' (P:1 D:1)
[2020.03.02-11.18.21:785][  0]LogWindows:    1. 'Intel(R) HD Graphics 630' (P:0 D:0)
[2020.03.02-11.18.21:786][  0]LogWindows:    2. 'Intel(R) HD Graphics 630' (P:0 D:0)
[2020.03.02-11.18.21:786][  0]LogWindows: DebugString: PrimaryIsNotTheChoosenAdapter PrimaryIsNotTheChoosenAdapter PrimaryIsNotTheChoosenAdapter FoundDriverCount:0 
[2020.03.02-11.18.21:786][  0]LogD3D11RHI:     Adapter Name: NVIDIA GeForce GTX 1050 Ti
[2020.03.02-11.18.21:786][  0]LogD3D11RHI:   Driver Version: Unknown (internal:Unknown, unified:Unknown)
[2020.03.02-11.18.21:786][  0]LogD3D11RHI:      Driver Date: Unknown
[2020.03.02-11.18.21:786][  0]LogRHI: Texture pool is 2814 MB (70% of 4021 MB)
[2020.03.02-11.18.21:837][  0]LogD3D11RHI: RHI has support for 64 bit atomics
[2020.03.02-11.18.21:837][  0]LogD3D11RHI: Async texture creation enabled
[2020.03.02-11.18.21:849][  0]LogD3D11RHI: GPU Timing Frequency: 1000.000000 (Debug: 2 1)
[2020.03.02-11.18.22:181][  0]LogTargetPlatformManager: Display: Loaded TargetPlatform 'AllDesktop'
[2020.03.02-11.18.22:215][  0]LogTargetPlatformManager: Display: Loaded TargetPlatform 'Android'
[2020.03.02-11.18.22:215][  0]LogTargetPlatformManager: Display: Loaded TargetPlatform 'Android_ASTC'
[2020.03.02-11.18.22:215][  0]LogTargetPlatformManager: Display: Loaded TargetPlatform 'Android_ATC'
[2020.03.02-11.18.22:215][  0]LogTargetPlatformManager: Display: Loaded TargetPlatform 'Android_DXT'
[2020.03.02-11.18.22:215][  0]LogTargetPlatformManager: Display: Loaded TargetPlatform 'Android_ETC1'
[2020.03.02-11.18.22:215][  0]LogTargetPlatformManager: Display: Loaded TargetPlatform 'Android_ETC1a'
[2020.03.02-11.18.22:215][  0]LogTargetPlatformManager: Display: Loaded TargetPlatform 'Android_ETC2'
[2020.03.02-11.18.22:215][  0]LogTargetPlatformManager: Display: Loaded TargetPlatform 'Android_PVRTC'
[2020.03.02-11.18.22:215][  0]LogTargetPlatformManager: Display: Loaded TargetPlatform 'AndroidClient'
[2020.03.02-11.18.22:215][  0]LogTargetPlatformManager: Display: Loaded TargetPlatform 'Android_ASTCClient'
[2020.03.02-11.18.22:215][  0]LogTargetPlatformManager: Display: Loaded TargetPlatform 'Android_ATCClient'
[2020.03.02-11.18.22:215][  0]LogTargetPlatformManager: Display: Loaded TargetPlatform 'Android_DXTClient'
[2020.03.02-11.18.22:215][  0]LogTargetPlatformManager: Display: Loaded TargetPlatform 'Android_ETC1Client'
[2020.03.02-11.18.22:215][  0]LogTargetPlatformManager: Display: Loaded TargetPlatform 'Android_ETC1aClient'
[2020.03.02-11.18.22:215][  0]LogTargetPlatformManager: Display: Loaded TargetPlatform 'Android_ETC2Client'
[2020.03.02-11.18.22:215][  0]LogTargetPlatformManager: Display: Loaded TargetPlatform 'Android_PVRTCClient'
[2020.03.02-11.18.22:215][  0]LogTargetPlatformManager: Display: Loaded TargetPlatform 'Android_Multi'
[2020.03.02-11.18.22:215][  0]LogTargetPlatformManager: Display: Loaded TargetPlatform 'Android_MultiClient'
[2020.03.02-11.18.22:235][  0]LogTargetPlatformManager: Display: Loaded TargetPlatform 'IOSClient'
[2020.03.02-11.18.22:235][  0]LogTargetPlatformManager: Display: Loaded TargetPlatform 'IOS'
[2020.03.02-11.18.22:243][  0]LogTargetPlatformManager: Display: Loaded TargetPlatform 'LinuxNoEditor'
[2020.03.02-11.18.22:251][  0]LogTargetPlatformManager: Display: Loaded TargetPlatform 'LinuxClient'
[2020.03.02-11.18.22:259][  0]LogTargetPlatformManager: Display: Loaded TargetPlatform 'LinuxServer'
[2020.03.02-11.18.22:267][  0]LogTargetPlatformManager: Display: Loaded TargetPlatform 'LinuxAArch64NoEditor'
[2020.03.02-11.18.22:275][  0]LogTargetPlatformManager: Display: Loaded TargetPlatform 'LinuxAArch64Client'
[2020.03.02-11.18.22:283][  0]LogTargetPlatformManager: Display: Loaded TargetPlatform 'LinuxAArch64Server'
[2020.03.02-11.18.22:310][  0]LogTargetPlatformManager: Display: Loaded TargetPlatform 'Lumin'
[2020.03.02-11.18.22:310][  0]LogTargetPlatformManager: Display: Loaded TargetPlatform 'LuminClient'
[2020.03.02-11.18.22:326][  0]LogTargetPlatformManager: Display: Loaded TargetPlatform 'TVOSClient'
[2020.03.02-11.18.22:326][  0]LogTargetPlatformManager: Display: Loaded TargetPlatform 'TVOS'
[2020.03.02-11.18.22:334][  0]LogTargetPlatformManager: Display: Loaded TargetPlatform 'WindowsNoEditor'
[2020.03.02-11.18.22:342][  0]LogTargetPlatformManager: Display: Loaded TargetPlatform 'Windows'
[2020.03.02-11.18.22:350][  0]LogTargetPlatformManager: Display: Loaded TargetPlatform 'WindowsClient'
[2020.03.02-11.18.22:358][  0]LogTargetPlatformManager: Display: Loaded TargetPlatform 'WindowsServer'
[2020.03.02-11.18.22:358][  0]LogTargetPlatformManager: Display: Building Assets For Windows
[2020.03.02-11.18.22:362][  0]LogAudioDebug: Display: Lib vorbis DLL was dynamically loaded.
[2020.03.02-11.18.22:389][  0]LogShaderCompilers: Guid format shader working directory is -28 characters bigger than the processId version (../../../../../../Users/roger/Documents/GitHub/survival-craft/One_Man_Land/Intermediate/Shaders/WorkingDirectory/1476/).
[2020.03.02-11.18.22:390][  0]LogShaderCompilers: Cleaned the shader compiler working directory 'C:/Users/roger/AppData/Local/Temp/UnrealShaderWorkingDir/79D8DA7D482075DEB83BA281AA620F9A/'.
[2020.03.02-11.18.22:390][  0]LogXGEController: Cannot use XGE Controller as Incredibuild is not installed on this machine.
[2020.03.02-11.18.22:390][  0]LogShaderCompilers: Cannot use XGE Shader Compiler as Incredibuild is not installed on this machine.
[2020.03.02-11.18.22:390][  0]LogShaderCompilers: Display: Using Local Shader Compiler.
[2020.03.02-11.18.23:188][  0]LogDerivedDataCache: Display: Max Cache Size: 512 MB
[2020.03.02-11.18.23:255][  0]LogDerivedDataCache: Loaded boot cache 0.07s 78MB C:/Users/roger/AppData/Local/UnrealEngine/4.24/DerivedDataCache/Boot.ddc.
[2020.03.02-11.18.23:255][  0]LogDerivedDataCache: Display: Loaded Boot cache: C:/Users/roger/AppData/Local/UnrealEngine/4.24/DerivedDataCache/Boot.ddc
[2020.03.02-11.18.23:255][  0]LogDerivedDataCache: FDerivedDataBackendGraph:  Pak pak cache file ../../../../../../Users/roger/Documents/GitHub/survival-craft/One_Man_Land/DerivedDataCache/DDC.ddp not found, will not use a pak cache.
[2020.03.02-11.18.23:255][  0]LogDerivedDataCache: Unable to find inner node Pak for hierarchical cache Hierarchy.
[2020.03.02-11.18.23:255][  0]LogDerivedDataCache: FDerivedDataBackendGraph:  CompressedPak pak cache file ../../../../../../Users/roger/Documents/GitHub/survival-craft/One_Man_Land/DerivedDataCache/Compressed.ddp not found, will not use a pak cache.
[2020.03.02-11.18.23:255][  0]LogDerivedDataCache: Unable to find inner node CompressedPak for hierarchical cache Hierarchy.
[2020.03.02-11.18.23:266][  0]LogDerivedDataCache: Display: Pak cache opened for reading ../../../Engine/DerivedDataCache/Compressed.ddp.
[2020.03.02-11.18.23:267][  0]LogDerivedDataCache: FDerivedDataBackendGraph:  EnterprisePak pak cache file ../../../Enterprise/DerivedDataCache/Compressed.ddp not found, will not use a pak cache.
[2020.03.02-11.18.23:267][  0]LogDerivedDataCache: Unable to find inner node EnterprisePak for hierarchical cache Hierarchy.
[2020.03.02-11.18.23:268][  0]LogDerivedDataCache: Using Local data cache path C:/Users/roger/AppData/Local/UnrealEngine/Common/DerivedDataCache: Writable
[2020.03.02-11.18.23:268][  0]LogDerivedDataCache: Shared data cache path not found in *engine.ini, will not use an Shared cache.
[2020.03.02-11.18.23:268][  0]LogDerivedDataCache: Unable to find inner node Shared for hierarchical cache Hierarchy.
[2020.03.02-11.18.23:296][  0]LogMaterial: Verifying Global Shaders for PCD3D_SM5
[2020.03.02-11.18.23:299][  0]LogSlate: Using FreeType 2.10.0
[2020.03.02-11.18.23:300][  0]LogSlate: SlateFontServices - WITH_FREETYPE: 1, WITH_HARFBUZZ: 1
[2020.03.02-11.18.23:364][  0]LogAssetRegistry: FAssetRegistry took 0.0027 seconds to start up
[2020.03.02-11.18.23:669][  0]LogInit: Selected Device Profile: [Windows]
[2020.03.02-11.18.23:839][  0]LogMeshReduction: Using QuadricMeshReduction for automatic static mesh reduction
[2020.03.02-11.18.23:839][  0]LogMeshReduction: Using SimplygonMeshReduction for automatic skeletal mesh reduction
[2020.03.02-11.18.23:839][  0]LogMeshReduction: Using ProxyLODMeshReduction for automatic mesh merging
[2020.03.02-11.18.23:839][  0]LogMeshReduction: No distributed automatic mesh merging module available
[2020.03.02-11.18.23:839][  0]LogMeshMerging: No distributed automatic mesh merging module available
[2020.03.02-11.18.23:852][  0]LogNetVersion: One_Man_Land 1.0.0, NetCL: 10570792, EngineNetVer: 13, GameNetVer: 0 (Checksum: 3489033838)
[2020.03.02-11.18.25:072][  0]LogPackageLocalizationCache: Processed 10 localized package path(s) for 1 prioritized culture(s) in 0.035065 seconds
[2020.03.02-11.18.25:080][  0]LogUObjectArray: 46750 objects as part of root set at end of initial load.
[2020.03.02-11.18.25:080][  0]LogUObjectAllocator: 8137160 out of 0 bytes used by permanent object pool.
[2020.03.02-11.18.25:080][  0]LogUObjectArray: CloseDisregardForGC: 0/0 objects in disregard for GC pool
[2020.03.02-11.18.25:693][  0]LogTcpMessaging: Initializing TcpMessaging bridge
[2020.03.02-11.18.25:697][  0]LogUdpMessaging: Initializing bridge on interface 0.0.0.0:0 to multicast group 230.0.0.1:6666.
[2020.03.02-11.18.25:750][  0]SourceControl: Source control is disabled
[2020.03.02-11.18.25:750][  0]SourceControl: Source control is disabled
[2020.03.02-11.18.25:751][  0]SourceControl: Source control is disabled
[2020.03.02-11.18.25:752][  0]SourceControl: Source control is disabled
[2020.03.02-11.18.25:753][  0]SourceControl: Source control is disabled
[2020.03.02-11.18.25:762][  0]LogVSAccessor: Display: Unable to create Visual Studio setup instance: 80040154
[2020.03.02-11.18.25:763][  0]LogVSAccessor: Display: Unable to create Visual Studio setup instance: 80040154
[2020.03.02-11.18.25:844][  0]LogAndroidPermission: UAndroidPermissionCallbackProxy::GetInstance
[2020.03.02-11.18.25:855][  0]LogAudioCaptureCore: Display: No Audio Capture implementations found. Audio input will be silent.
[2020.03.02-11.18.25:855][  0]LogAudioCaptureCore: Display: No Audio Capture implementations found. Audio input will be silent.
[2020.03.02-11.18.25:948][  0]LogOcInput: OculusInput pre-init called
[2020.03.02-11.18.25:957][  0]LogWindows: Failed to load 'OVRPlugin.dll' (GetLastError=126)
[2020.03.02-11.18.25:957][  0]LogWindows: File 'OVRPlugin.dll' does not exist
[2020.03.02-11.18.26:028][  0]LogEngine: Initializing Engine...
[2020.03.02-11.18.26:029][  0]LogHMD: Failed to initialize OpenVR with code 110
[2020.03.02-11.18.26:030][  0]LogStats: UGameplayTagsManager::InitializeManager -  0.000 s
[2020.03.02-11.18.26:402][  0]LogInit: Initializing FReadOnlyCVARCache
[2020.03.02-11.18.26:410][  0]LogAIModule: Creating AISystem for world Untitled
[2020.03.02-11.18.26:433][  0]LogAudioMixer: Display: Audio Mixer Platform Settings:
[2020.03.02-11.18.26:433][  0]LogAudioMixer: Display: 	Sample Rate:						  48000
[2020.03.02-11.18.26:433][  0]LogAudioMixer: Display: 	Callback Buffer Frame Size Requested: 1024
[2020.03.02-11.18.26:433][  0]LogAudioMixer: Display: 	Callback Buffer Frame Size To Use:	  1024
[2020.03.02-11.18.26:433][  0]LogAudioMixer: Display: 	Number of buffers to queue:			  2
[2020.03.02-11.18.26:433][  0]LogAudioMixer: Display: 	Max Channels (voices):				  32
[2020.03.02-11.18.26:433][  0]LogAudioMixer: Display: 	Number of Async Source Workers:		  0
[2020.03.02-11.18.26:433][  0]LogAudio: Display: AudioDevice MaxSources: 32
[2020.03.02-11.18.26:433][  0]LogAudio: Display: Using built-in audio occlusion.
[2020.03.02-11.18.26:433][  0]LogAudioMixer: Display: Initializing audio mixer.
[2020.03.02-11.18.26:452][  0]LogAudioMixer: Display: Audio Device Output Speaker Info:
[2020.03.02-11.18.26:452][  0]LogAudioMixer: Display: Name: Speakers (2- Realtek High Definition Audio)
[2020.03.02-11.18.26:452][  0]LogAudioMixer: Display: Is Default: Yes
[2020.03.02-11.18.26:452][  0]LogAudioMixer: Display: Sample Rate: 48000
[2020.03.02-11.18.26:452][  0]LogAudioMixer: Display: Channel Count Used: 2
[2020.03.02-11.18.26:452][  0]LogAudioMixer: Display: Device Channel Count: 2
[2020.03.02-11.18.26:452][  0]LogAudioMixer: Display: Channel Order:
[2020.03.02-11.18.26:452][  0]LogAudioMixer: Display: 0: FrontLeft
[2020.03.02-11.18.26:452][  0]LogAudioMixer: Display: 1: FrontRight
[2020.03.02-11.18.26:523][  0]LogAudioMixer: Display: Using Audio Device Speakers (2- Realtek High Definition Audio)
[2020.03.02-11.18.26:529][  0]LogInit: FAudioDevice initialized.
[2020.03.02-11.18.26:529][  0]LogNetVersion: Set ProjectVersion to 1.0.0.0. Version Checksum will be recalculated on next use.
[2020.03.02-11.18.26:667][  0]LogDerivedDataCache: Saved boot cache 0.14s 78MB C:/Users/roger/AppData/Local/UnrealEngine/4.24/DerivedDataCache/Boot.ddc.
[2020.03.02-11.18.26:668][  0]LogInit: Texture streaming: Enabled
[2020.03.02-11.18.26:681][  0]LogEngineSessionManager: EngineSessionManager initialized
[2020.03.02-11.18.26:681][  0]LogEditorSessionSummary: Verbose: Initializing EditorSessionSummaryWriter for editor session tracking
[2020.03.02-11.18.26:692][  0]LogEditorSessionSummary: EditorSessionSummaryWriter initialized
[2020.03.02-11.18.26:736][  0]LogInit: Transaction tracking system initialized
[2020.03.02-11.18.26:746][  0]BlueprintLog: New page: Editor Load
[2020.03.02-11.18.26:778][  0]LocalizationService: Localization service is disabled
[2020.03.02-11.18.26:832][  0]LogVSAccessor: Display: Unable to create Visual Studio setup instance: 80040154
[2020.03.02-11.18.26:833][  0]LogVSAccessor: Display: Unable to create Visual Studio setup instance: 80040154
[2020.03.02-11.18.27:070][  0]LogFileCache: Scanning file cache for directory 'C:/Users/roger/Documents/GitHub/survival-craft/One_Man_Land/Content/' took 0.01s
[2020.03.02-11.18.27:070][  0]LogCook: Display: Max memory allowance for cook 16384mb min free memory 0mb
[2020.03.02-11.18.27:070][  0]LogCook: Display: Mobile HDR setting 1
[2020.03.02-11.18.27:894][  0]SourceControl: Source control is disabled
[2020.03.02-11.18.27:894][  0]Cmd: MAP LOAD FILE="../../../../../../Users/roger/Documents/GitHub/survival-craft/One_Man_Land/Content/FirstPersonBP/Maps/FirstPersonExampleMap.umap" TEMPLATE=0 SHOWPROGRESS=1 FEATURELEVEL=3
[2020.03.02-11.18.27:894][  0]LightingResults: New page: Lighting Build
[2020.03.02-11.18.27:895][  0]LogWorld: UWorld::CleanupWorld for Untitled, bSessionEnded=true, bCleanupResources=true
[2020.03.02-11.18.27:895][  0]LogSlate: InvalidateAllWidgets triggered.  All widgets were invalidated
[2020.03.02-11.18.27:895][  0]MapCheck: New page: Map Check
[2020.03.02-11.18.27:895][  0]LightingResults: New page: Lighting Build
[2020.03.02-11.18.27:923][  0]LogUObjectHash: Compacting FUObjectHashTables data took   1.85ms
[2020.03.02-11.18.28:610][  0]LogAIModule: Creating AISystem for world FirstPersonExampleMap
[2020.03.02-11.18.28:629][  0]LogEditorServer: Finished looking for orphan Actors (0.000 secs)
[2020.03.02-11.18.28:668][  0]LogUObjectHash: Compacting FUObjectHashTables data took   2.87ms
[2020.03.02-11.18.28:672][  0]Cmd: MAP CHECKDEP NOCLEARLOG
[2020.03.02-11.18.28:672][  0]MapCheck: Map check complete: 0 Error(s), 0 Warning(s), took 0.206ms to complete.
[2020.03.02-11.18.28:672][  0]LogFileHelpers: Loading map 'FirstPersonExampleMap' took 0.779
[2020.03.02-11.18.28:818][  0]LogSlate: Updating window title bar state: overlay mode, drag disabled, window buttons hidden, title bar hidden
[2020.03.02-11.18.28:826][  0]LogSlate: Updating window title bar state: overlay mode, drag disabled, window buttons hidden, title bar hidden
[2020.03.02-11.18.28:833][  0]LogSlate: Updating window title bar state: overlay mode, drag disabled, window buttons hidden, title bar hidden
[2020.03.02-11.18.28:841][  0]LogSlate: Updating window title bar state: overlay mode, drag disabled, window buttons hidden, title bar hidden
[2020.03.02-11.18.28:852][  0]LogCollectionManager: Loaded 0 collections in 0.003154 seconds
[2020.03.02-11.18.28:865][  0]LogFileCache: Scanning file cache for directory 'C:/Users/roger/Documents/GitHub/survival-craft/One_Man_Land/Saved/Collections/' took 0.00s
[2020.03.02-11.18.28:865][  0]LogFileCache: Scanning file cache for directory 'C:/Users/roger/Documents/GitHub/survival-craft/One_Man_Land/Content/Developers/roger/Collections/' took 0.00s
[2020.03.02-11.18.28:865][  0]LogFileCache: Scanning file cache for directory 'C:/Users/roger/Documents/GitHub/survival-craft/One_Man_Land/Content/Collections/' took 0.00s
[2020.03.02-11.18.28:865][  0]LogContentBrowser: Native class hierarchy populated in 0.0087 seconds. Added 3015 classes and 717 folders.
[2020.03.02-11.18.28:868][  0]LogContentBrowser: Native class hierarchy updated for 'WidgetCarousel' in 0.0002 seconds. Added 0 classes and 0 folders.
[2020.03.02-11.18.28:960][  0]LogContentBrowser: Native class hierarchy updated for 'AddContentDialog' in 0.0002 seconds. Added 0 classes and 0 folders.
[2020.03.02-11.18.28:964][  0]LogContentBrowser: Native class hierarchy updated for 'SceneOutliner' in 0.0003 seconds. Added 2 classes and 3 folders.
[2020.03.02-11.18.29:019][  0]LogSlate: Took 0.000227 seconds to synchronously load lazily loaded font '../../../Engine/Content/Slate/Fonts/Roboto-Regular.ttf' (155K)
[2020.03.02-11.18.29:022][  0]LogSlate: Took 0.000890 seconds to synchronously load lazily loaded font '../../../Engine/Content/Slate/Fonts/Roboto-Bold.ttf' (160K)
[2020.03.02-11.18.29:027][  0]LogSlate: Took 0.000216 seconds to synchronously load lazily loaded font '../../../Engine/Content/Editor/Slate/Fonts/FontAwesome.ttf' (139K)
[2020.03.02-11.18.29:107][  0]LogRenderer: Reallocating scene render targets to support 964x472 Format 10 NumSamples 1 (Frame:1).
[2020.03.02-11.18.29:245][  0]LogContentBrowser: Native class hierarchy updated for 'HierarchicalLODOutliner' in 0.0003 seconds. Added 0 classes and 0 folders.
[2020.03.02-11.18.29:246][  0]LogLoad: (Engine Initialization) Total time: 11.09 seconds
[2020.03.02-11.18.29:246][  0]LogLoad: (Engine Initialization) Total Blueprint compile time: 0.00 seconds
[2020.03.02-11.18.29:331][  0]LogContentStreaming: Texture pool size now 1000 MB
[2020.03.02-11.18.29:356][  0]LogSlate: Took 0.000180 seconds to synchronously load lazily loaded font '../../../Engine/Content/Slate/Fonts/Roboto-Light.ttf' (167K)
[2020.03.02-11.18.29:365][  1]LogFileCache: Retrieving MD5 hashes for directory 'C:/Users/roger/Documents/GitHub/survival-craft/One_Man_Land/Content/' took 0.09s
[2020.03.02-11.18.29:541][  1]LogAssetRegistry: Asset discovery search completed in 6.1775 seconds
[2020.03.02-11.18.29:546][  1]LogCollectionManager: Fixed up redirectors for 0 collections in 0.000009 seconds (updated 0 objects)
[2020.03.02-11.18.35:251][473]LogSlate: Took 0.000218 seconds to synchronously load lazily loaded font '../../../Engine/Content/Slate/Fonts/Roboto-Light.ttf' (167K)
[2020.03.02-11.18.35:275][473]LogAssetEditorSubsystem: Opening Asset editor for Blueprint /Game/FirstPersonBP/Blueprints/FirstPersonCharacter.FirstPersonCharacter
[2020.03.02-11.18.35:513][473]LogContentBrowser: Native class hierarchy updated for 'BlueprintGraph' in 0.0005 seconds. Added 121 classes and 0 folders.
[2020.03.02-11.18.36:555][473]LogSlate: Took 0.000241 seconds to synchronously load lazily loaded font '../../../Engine/Content/Slate/Fonts/Roboto-BoldCondensed.ttf' (158K)
[2020.03.02-11.18.36:859][474]LogSlate: Took 0.000310 seconds to synchronously load lazily loaded font '../../../Engine/Content/Slate/Fonts/Roboto-Italic.ttf' (157K)
[2020.03.02-11.18.39:246][566]LogRenderer: Reallocating scene render targets to support 1096x536 Format 10 NumSamples 1 (Frame:1).
[2020.03.02-11.19.03:200][638]LogFactory: FactoryCreateFile: StaticMesh with FbxFactory (0 0 C:\Users\roger\Desktop\3D Joc2\Assets\Destral\Destral.fbx)
[2020.03.02-11.19.03:215][638]LogFbx: Loading FBX Scene from C:\Users\roger\Desktop\3D Joc2\Assets\Destral\Destral.fbx
[2020.03.02-11.19.03:223][638]LogFbx: FBX Scene Loaded Succesfully
[2020.03.02-11.19.04:718][638]LogSlate: Window 'FBX Import Options' being destroyed
[2020.03.02-11.19.34:016][981]LogFactory: FactoryCreateFile: StaticMesh with FbxFactory (0 0 C:\Users\roger\Desktop\3D Joc2\Assets\Destral\Destral.fbx)
[2020.03.02-11.19.34:031][981]LogFbx: Loading FBX Scene from C:\Users\roger\Desktop\3D Joc2\Assets\Destral\Destral.fbx
[2020.03.02-11.19.34:039][981]LogFbx: FBX Scene Loaded Succesfully
[2020.03.02-11.19.35:527][981]LogSlate: Window 'FBX Import Options' being destroyed
[2020.03.02-11.19.35:790][981]LogLinker: Failed to load '/Game/FirstPerson/Axe/Destral_Color': Can't find file.
[2020.03.02-11.19.35:791][981]LogLinker: Failed to load '/Game/FirstPerson/Axe/Destral_Color': Can't find file.
[2020.03.02-11.19.35:816][981]LogTexture: Display: Building textures: Destral_Color (BGRA8, 1417X1417)
[2020.03.02-11.19.35:899][981]LogMaterial: Display: Missing cached shader map for material Material__25, compiling. 
[2020.03.02-11.19.35:955][981]LogStaticMesh: Building static mesh Destral...
[2020.03.02-11.19.35:962][981]LogShaderCompilers: Display: Worker (1/3): shaders left to compile 15
[2020.03.02-11.19.35:963][981]LogShaderCompilers: Display: Worker (2/3): shaders left to compile 9
[2020.03.02-11.19.35:963][981]LogShaderCompilers: Display: Worker (3/3): shaders left to compile 3
[2020.03.02-11.19.35:963][981]LogStaticMesh: Built static mesh [0.01s] /Game/FirstPerson/Axe/Destral.Destral
[2020.03.02-11.19.35:966][981]FBXImport: Warning: No smoothing group information was found in this FBX scene.  Please make sure to enable the 'Export Smoothing Groups' option in the FBX Exporter plug-in before exporting the file.  Even for tools that don't support smoothing groups, the FBX Exporter will generate appropriate smoothing data at export-time so that correct vertex normals can be inferred while importing. 
[2020.03.02-11.19.38:247][ 77]LogSlate: Window 'Message Log' being destroyed
[2020.03.02-11.19.38:255][ 77]LogSlate: Window 'Message Log' being destroyed
[2020.03.02-11.21.24:419][525]LogAssetEditorSubsystem: Opening Asset editor for StaticMesh /Game/FirstPerson/Axe/Destral.Destral
[2020.03.02-11.21.25:608][526]LogRenderer: Reallocating scene render targets to support 1144x704 Format 10 NumSamples 1 (Frame:1).
[2020.03.02-11.21.45:072][575]LogWorld: UWorld::CleanupWorld for World_7, bSessionEnded=true, bCleanupResources=true
[2020.03.02-11.21.45:072][575]LogSlate: InvalidateAllWidgets triggered.  All widgets were invalidated
[2020.03.02-11.21.50:240][916]LogUObjectHash: Compacting FUObjectHashTables data took   6.72ms
[2020.03.02-11.21.52:171][916]LogSlate: Window 'Delete Assets' being destroyed
[2020.03.02-11.21.52:357][916]LogUObjectHash: Compacting FUObjectHashTables data took   3.94ms
[2020.03.02-11.22.03:487][ 51]LogFactory: FactoryCreateFile: StaticMesh with FbxFactory (0 0 C:\Users\roger\Desktop\3D Joc2\Assets\Destral\Destral.fbx)
[2020.03.02-11.22.03:499][ 51]LogFbx: Loading FBX Scene from C:\Users\roger\Desktop\3D Joc2\Assets\Destral\Destral.fbx
[2020.03.02-11.22.03:507][ 51]LogFbx: FBX Scene Loaded Succesfully
[2020.03.02-11.22.23:525][ 51]LogSlate: Window 'FBX Import Options' being destroyed
[2020.03.02-11.22.23:730][ 51]LogMaterial: Display: Material /Game/FirstPerson/Axe/Material__25.Material__25 needed to have new flag set bUsedWithSkeletalMesh !
[2020.03.02-11.22.23:735][ 51]LogMaterial: Display: Missing cached shader map for material Material__25, compiling. 
[2020.03.02-11.22.23:779][ 51]LogShaderCompilers: Display: Worker (1/3): shaders left to compile 39
[2020.03.02-11.22.23:779][ 51]LogShaderCompilers: Display: Worker (2/3): shaders left to compile 29
[2020.03.02-11.22.23:779][ 51]LogShaderCompilers: Display: Worker (3/3): shaders left to compile 19
[2020.03.02-11.22.23:814][ 51]LogTexture: Display: Building textures: Destral_Color (BGRA8, 1417X1417)
[2020.03.02-11.22.23:900][ 51]LogMaterial: Display: Missing cached shader map for material Material__25, compiling. 
[2020.03.02-11.22.23:952][ 51]LogFbx: Warning: Bones digested - 1  Depth of hierarchy - 1
[2020.03.02-11.22.24:039][ 51]LogSkeletalMesh: Section 0: 134 vertices, 1 active bones
[2020.03.02-11.22.24:039][ 51]LogSkeletalMesh: Section 0: Material=0, 124 triangles
[2020.03.02-11.22.24:040][ 51]LogSkeletalMesh: Building Skeletal Mesh Destral...
[2020.03.02-11.22.24:043][ 51]LogSkeletalMesh: Section 0: 134 vertices, 1 active bones
[2020.03.02-11.22.24:043][ 51]LogSkeletalMesh: Section 0: Material=0, 124 triangles
[2020.03.02-11.22.24:044][ 51]LogSkeletalMesh: Built Skeletal Mesh [0.00s] /Game/FirstPerson/Axe/Destral.Destral
[2020.03.02-11.22.24:045][ 51]LogLinker: Failed to load '/Game/FirstPerson/Axe/Destral_Skeleton': Can't find file.
[2020.03.02-11.22.24:045][ 51]LogLinker: Failed to load '/Game/FirstPerson/Axe/Destral_Skeleton': Can't find file.
[2020.03.02-11.22.24:082][ 51]LogLinker: Failed to load '/Game/FirstPerson/Axe/Destral_PhysicsAsset': Can't find file.
[2020.03.02-11.22.24:082][ 51]LogLinker: Failed to load '/Game/FirstPerson/Axe/Destral_PhysicsAsset': Can't find file.
[2020.03.02-11.22.24:104][ 51]LogWorld: UWorld::CleanupWorld for World_8, bSessionEnded=true, bCleanupResources=true
[2020.03.02-11.22.24:104][ 51]LogSlate: InvalidateAllWidgets triggered.  All widgets were invalidated
[2020.03.02-11.22.24:118][ 51]FBXImport: Warning: No smoothing group information was found in this FBX scene.  Please make sure to enable the 'Export Smoothing Groups' option in the FBX Exporter plug-in before exporting the file.  Even for tools that don't support smoothing groups, the FBX Exporter will generate appropriate smoothing data at export-time so that correct vertex normals can be inferred while importing. 
[2020.03.02-11.22.24:118][ 51]FBXImport: Warning: Could not find the bind pose.  It will use time 0 as bind pose. 
[2020.03.02-11.22.27:398][247]LogSlate: Window 'Message Log' being destroyed
[2020.03.02-11.22.27:404][247]LogSlate: Window 'Message Log' being destroyed
[2020.03.02-11.22.42:333][ 38]LogShaderCompilers: Display: Worker (3/3): shaders left to compile 39
[2020.03.02-11.22.43:206][ 79]LogShaderCompilers: Display: Worker (2/3): shaders left to compile 29
[2020.03.02-11.22.53:411][540]LogPhysics: Warning: Scale for /Engine/Transient.World_3:PersistentLevel.FirstPersonCharacter_C_0.Sphere has a component set to zero, which will result in a bad body instance. Scale:X=0.118 Y=0.118 Z=0.000
[2020.03.02-11.22.53:440][541]LogPhysics: Warning: Scale for /Engine/Transient.World_3:PersistentLevel.FirstPersonCharacter_C_0.Sphere has a component set to zero, which will result in a bad body instance. Scale:X=0.118 Y=0.118 Z=0.000
[2020.03.02-11.22.54:593][594]LogPhysics: Warning: Scale for /Engine/Transient.World_3:PersistentLevel.FirstPersonCharacter_C_0.Sphere has a component set to zero, which will result in a bad body instance. Scale:X=0.118 Y=0.118 Z=0.000
[2020.03.02-11.22.54:787][602]LogPhysics: Warning: Scale for /Engine/Transient.World_3:PersistentLevel.FirstPersonCharacter_C_0.Sphere has a component set to zero, which will result in a bad body instance. Scale:X=0.118 Y=0.118 Z=0.000
[2020.03.02-11.22.55:038][613]LogPhysics: Warning: Scale for /Engine/Transient.World_3:PersistentLevel.FirstPersonCharacter_C_0.Sphere has a component set to zero, which will result in a bad body instance. Scale:X=0.118 Y=0.118 Z=0.000
[2020.03.02-11.22.55:061][614]LogPhysics: Warning: Scale for /Engine/Transient.World_3:PersistentLevel.FirstPersonCharacter_C_0.Sphere has a component set to zero, which will result in a bad body instance. Scale:X=0.118 Y=0.118 Z=0.000
[2020.03.02-11.23.07:756][214]LogShaderCompilers: Display: Worker (2/3): shaders left to compile 19
[2020.03.02-11.23.09:427][295]LogShaderCompilers: Display: Worker (3/3): shaders left to compile 12
[2020.03.02-11.23.18:570][684]LogEditorTransaction: Undo Modify Component(s)
[2020.03.02-11.23.18:976][686]Cmd: TRANSACTION UNDO
[2020.03.02-11.23.18:976][686]LogEditorTransaction: Undo Modify Component(s)
[2020.03.02-11.23.19:105][686]LogShaderCompilers: Display: Worker (3/3): shaders left to compile 7
[2020.03.02-11.23.20:358][745]Cmd: TRANSACTION UNDO
[2020.03.02-11.23.20:358][745]LogEditorTransaction: Undo Modify Component(s)
[2020.03.02-11.23.21:685][784]LogShaderCompilers: Display: Worker (2/3): shaders left to compile 4
[2020.03.02-11.23.22:515][784]LogShaderCompilers: Display: Worker (3/3): shaders left to compile 2
[2020.03.02-11.23.22:931][784]LogShaderCompilers: Display: Worker (2/3): shaders left to compile 1
[2020.03.02-11.23.26:158][784]LogD3D11RHI: GetQueryData is taking a very long time (5.0 s)
[2020.03.02-11.23.40:191][784]LogRHI: Error: SyncInterval 0
[2020.03.02-11.23.40:191][784]LogRHI: Error: SwapChainDesc.BufferDesc.Width 1938
[2020.03.02-11.23.40:191][784]LogRHI: Error: SwapChainDesc.BufferDesc.Height 1048
[2020.03.02-11.23.40:192][784]LogRHI: Error: SwapChainDesc.BufferDesc.RefreshRate.Numerator 0
[2020.03.02-11.23.40:192][784]LogRHI: Error: SwapChainDesc.BufferDesc.RefreshRate.Denominator 0
[2020.03.02-11.23.40:192][784]LogRHI: Error: SwapChainDesc.BufferDesc.Format 24
[2020.03.02-11.23.40:192][784]LogRHI: Error: SwapChainDesc.BufferDesc.ScanlineOrdering 0
[2020.03.02-11.23.40:192][784]LogRHI: Error: SwapChainDesc.BufferDesc.Scaling 0
[2020.03.02-11.23.40:192][784]LogRHI: Error: SwapChainDesc.SampleDesc.Count 1
[2020.03.02-11.23.40:192][784]LogRHI: Error: SwapChainDesc.SampleDesc.Quality 0
[2020.03.02-11.23.40:192][784]LogRHI: Error: SwapChainDesc.BufferUsage 48
[2020.03.02-11.23.40:192][784]LogRHI: Error: SwapChainDesc.BufferCount 2
[2020.03.02-11.23.40:192][784]LogRHI: Error: SwapChainDesc.OutputWindow 00000000000D0B04
[2020.03.02-11.23.40:192][784]LogRHI: Error: SwapChainDesc.Windowed true
[2020.03.02-11.23.40:192][784]LogRHI: Error: SwapChainDesc.SwapEffect 4
[2020.03.02-11.23.40:192][784]LogRHI: Error: SwapChainDesc.Flags 2050
[2020.03.02-11.23.40:192][784]LogD3D11RHI: Error: Result failed 
 at D:/Build/++UE4/Sync/Engine/Source/Runtime/Windows/D3D11RHI/Private/D3D11Viewport.cpp:389 
 with error DXGI_ERROR_DEVICE_REMOVED 00000000
[2020.03.02-11.23.40:192][784]LogD3D11RHI: [Aftermath] GDynamicRHI=000002B7BCB620C0, GDX11NVAfterMathEnabled=0, Result=0xFFFFFFFF, bDeviceActive=0
[2020.03.02-11.23.40:192][784]LogWindows: Windows GetLastError: The operation completed successfully. (0)
[2020.03.02-11.23.41:925][784]LogThreadingWindows: Error: Runnable thread RenderThread 5 crashed.
[2020.03.02-11.23.41:925][784]LogOutputDevice: Warning: 

Script Stack (0 frames):

[2020.03.02-11.23.41:925][784]LogWindows: Windows GetLastError: The operation completed successfully. (0)
[2020.03.02-11.23.41:925][784]LogWindows: Error: HandleError re-entered.
[2020.03.02-11.23.41:925][784]LogWindows: FPlatformMisc::RequestExit(1)
[2020.03.02-11.23.41:925][784]LogCore: Engine exit requested (reason: Win RequestExit)
[2020.03.02-11.23.41:925][784]LogOutputDevice: Warning: 

Script Stack (0 frames):

[2020.03.02-11.23.41:926][784]LogWindows: Error: === Critical error: ===
[2020.03.02-11.23.41:926][784]LogWindows: Error: 
[2020.03.02-11.23.41:926][784]LogWindows: Error: Ensure condition failed: !IsLocked() [File:D:/Build/++UE4/Sync/Engine/Source/Developer/EditorAnalyticsSession/Private/EditorAnalyticsSession.cpp] [Line: 259] 
[2020.03.02-11.23.41:926][784]LogWindows: Error: 
[2020.03.02-11.23.41:926][784]LogWindows: Error: 
[2020.03.02-11.23.41:926][784]LogWindows: Error: 
[2020.03.02-11.23.41:926][784]LogWindows: Error: 
[2020.03.02-11.23.41:992][784]LogExit: Executing StaticShutdownAfterError
[2020.03.02-11.23.41:992][784]LogWindows: FPlatformMisc::RequestExit(1)
[2020.03.02-11.23.41:992][784]LogCore: Engine exit requested (reason: Win RequestExit; note: exit was already requested)
[2020.03.02-11.23.42:035][784]Log file closed, 03/02/20 12:23:42
