Log file open, 06/04/20 17:08:51
LogWindows: Failed to load 'aqProf.dll' (GetLastError=126)
LogWindows: File 'aqProf.dll' does not exist
LogWindows: Failed to load 'VtuneApi.dll' (GetLastError=126)
LogWindows: File 'VtuneApi.dll' does not exist
LogWindows: Failed to load 'VtuneApi32e.dll' (GetLastError=126)
LogWindows: File 'VtuneApi32e.dll' does not exist
LogConsoleResponse: Display: Failed to find resolution value strings in scalability ini. Falling back to default.
LogInit: Display: Running engine for game: One_Man_Land
LogPlatformFile: Not using cached read wrapper
LogTaskGraph: Started task graph with 5 named threads and 35 total threads with 3 sets of task threads.
LogStats: Stats thread started at 3.925273
LogD3D11RHI: Loaded GFSDK_Aftermath_Lib.x64.dll
LogICUInternationalization: ICU TimeZone Detection - Raw Offset: +1:00, Platform Override: ''
LogPluginManager: Mounting plugin Paper2D
LogPluginManager: Mounting plugin AISupport
LogPluginManager: Mounting plugin LightPropagationVolume
LogPluginManager: Mounting plugin ActorLayerUtilities
LogPluginManager: Mounting plugin AnimationSharing
LogPluginManager: Mounting plugin CLionSourceCodeAccess
LogPluginManager: Mounting plugin CodeLiteSourceCodeAccess
LogPluginManager: Mounting plugin GitSourceControl
LogPluginManager: Mounting plugin KDevelopSourceCodeAccess
LogPluginManager: Mounting plugin NullSourceCodeAccess
LogPluginManager: Mounting plugin PerforceSourceControl
LogPluginManager: Mounting plugin PlasticSourceControl
LogPluginManager: Mounting plugin SubversionSourceControl
LogPluginManager: Mounting plugin UObjectPlugin
LogPluginManager: Mounting plugin VisualStudioCodeSourceCodeAccess
LogPluginManager: Mounting plugin VisualStudioSourceCodeAccess
LogPluginManager: Mounting plugin XCodeSourceCodeAccess
LogPluginManager: Mounting plugin AssetManagerEditor
LogPluginManager: Mounting plugin CryptoKeys
LogPluginManager: Mounting plugin CurveEditorTools
LogPluginManager: Mounting plugin DataValidation
LogPluginManager: Mounting plugin FacialAnimation
LogPluginManager: Mounting plugin GameplayTagsEditor
LogPluginManager: Mounting plugin MacGraphicsSwitching
LogPluginManager: Mounting plugin MaterialAnalyzer
LogPluginManager: Mounting plugin MobileLauncherProfileWizard
LogPluginManager: Mounting plugin PluginBrowser
LogPluginManager: Mounting plugin SpeedTreeImporter
LogPluginManager: Mounting plugin DatasmithContent
LogPluginManager: Mounting plugin VariantManagerContent
LogPluginManager: Mounting plugin AlembicImporter
LogPluginManager: Mounting plugin AutomationUtils
LogPluginManager: Mounting plugin BackChannel
LogPluginManager: Mounting plugin CharacterAI
LogPluginManager: Mounting plugin GeometryCache
LogPluginManager: Mounting plugin PlatformCrypto
LogPluginManager: Mounting plugin ProxyLODPlugin
LogPluginManager: Mounting plugin SkeletalReduction
LogPluginManager: Mounting plugin MagicLeap
LogPluginManager: Mounting plugin MagicLeapMedia
LogPluginManager: Mounting plugin MLSDK
LogPluginManager: Mounting plugin AndroidMedia
LogPluginManager: Mounting plugin AvfMedia
LogPluginManager: Mounting plugin ImgMedia
LogPluginManager: Mounting plugin MediaCompositing
LogPluginManager: Mounting plugin MediaPlayerEditor
LogPluginManager: Mounting plugin WebMMedia
LogPluginManager: Mounting plugin WmfMedia
LogPluginManager: Mounting plugin TcpMessaging
LogPluginManager: Mounting plugin UdpMessaging
LogPluginManager: Mounting plugin ActorSequence
LogPluginManager: Mounting plugin LevelSequenceEditor
LogPluginManager: Mounting plugin MatineeToLevelSequence
LogPluginManager: Mounting plugin NetcodeUnitTest
LogPluginManager: Mounting plugin NUTUnrealEngine4
LogPluginManager: Mounting plugin OnlineSubsystemGooglePlay
LogPluginManager: Mounting plugin OnlineSubsystemIOS
LogPluginManager: Mounting plugin OnlineSubsystem
LogPluginManager: Mounting plugin OnlineSubsystemNull
LogPluginManager: Mounting plugin OnlineSubsystemUtils
LogPluginManager: Mounting plugin LauncherChunkInstaller
LogPluginManager: Mounting plugin AndroidDeviceProfileSelector
LogPluginManager: Mounting plugin AndroidMoviePlayer
LogPluginManager: Mounting plugin AndroidPermission
LogPluginManager: Mounting plugin AppleImageUtils
LogPluginManager: Mounting plugin AppleMoviePlayer
LogPluginManager: Mounting plugin ArchVisCharacter
LogPluginManager: Mounting plugin AssetTags
LogPluginManager: Mounting plugin AudioCapture
LogPluginManager: Mounting plugin CableComponent
LogPluginManager: Mounting plugin CustomMeshComponent
LogPluginManager: Mounting plugin EditableMesh
LogPluginManager: Mounting plugin ExampleDeviceProfileSelector
LogPluginManager: Mounting plugin GoogleCloudMessaging
LogPluginManager: Mounting plugin IOSDeviceProfileSelector
LogPluginManager: Mounting plugin LinuxDeviceProfileSelector
LogPluginManager: Mounting plugin LocationServicesBPLibrary
LogPluginManager: Mounting plugin MobilePatchingUtils
LogPluginManager: Mounting plugin OculusVR
LogPluginManager: Mounting plugin PhysXVehicles
LogPluginManager: Mounting plugin PostSplashScreen
LogPluginManager: Mounting plugin ProceduralMeshComponent
LogPluginManager: Mounting plugin RuntimePhysXCooking
LogPluginManager: Mounting plugin SignificanceManager
LogPluginManager: Mounting plugin SteamVR
LogPluginManager: Mounting plugin WebMMoviePlayer
LogPluginManager: Mounting plugin WindowsMoviePlayer
LogPluginManager: Mounting plugin ScreenshotTools
LogInit: Using libcurl 7.55.1-DEV
LogInit:  - built for x86_64-pc-win32
LogInit:  - supports SSL with OpenSSL/1.1.1
LogInit:  - supports HTTP deflate (compression) using libz 1.2.8
LogInit:  - other features:
LogInit:      CURL_VERSION_SSL
LogInit:      CURL_VERSION_LIBZ
LogInit:      CURL_VERSION_IPV6
LogInit:      CURL_VERSION_ASYNCHDNS
LogInit:      CURL_VERSION_LARGEFILE
LogInit:      CURL_VERSION_IDN
LogInit:  CurlRequestOptions (configurable via config and command line):
LogInit:  - bVerifyPeer = true  - Libcurl will verify peer certificate
LogInit:  - bUseHttpProxy = false  - Libcurl will NOT use HTTP proxy
LogInit:  - bDontReuseConnections = false  - Libcurl will reuse connections
LogInit:  - MaxHostConnections = 16  - Libcurl will limit the number of connections to a host
LogInit:  - LocalHostAddr = Default
LogInit:  - BufferSize = 65536
LogOnline: OSS: Creating online subsystem instance for: NULL
LogInit: WinSock: version 1.1 (2.2), MaxSocks=32767, MaxUdp=65467
LogOnline: OSS: TryLoadSubsystemAndSetDefault: Loaded subsystem for module [NULL]
LogInit: Build: ++UE4+Release-4.24-CL-11590370
LogInit: Engine Version: 4.24.3-11590370+++UE4+Release-4.24
LogInit: Compatible Engine Version: 4.24.0-10570792+++UE4+Release-4.24
LogInit: Net CL: 10570792
LogInit: OS: Windows 10 (Release 1909) (), CPU: Intel(R) Core(TM) i7-8750H CPU @ 2.20GHz, GPU: Intel(R) UHD Graphics 630
LogInit: Compiled (64-bit): Feb 24 2020 15:39:18
LogInit: Compiled with Visual C++: 19.16.27032.01
LogInit: Build Configuration: Development
LogInit: Branch Name: ++UE4+Release-4.24
LogInit: Command Line: 
LogInit: Base Directory: D:/Unreal Engine/UE_4.24/Engine/Binaries/Win64/
LogInit: Installed Engine Build: 1
LogDevObjectVersion: Number of dev versions registered: 25
LogDevObjectVersion:   Dev-Blueprints (B0D832E4-1F89-4F0D-ACCF-7EB736FD4AA2): 10
LogDevObjectVersion:   Dev-Build (E1C64328-A22C-4D53-A36C-8E866417BD8C): 0
LogDevObjectVersion:   Dev-Core (375EC13C-06E4-48FB-B500-84F0262A717E): 3
LogDevObjectVersion:   Dev-Editor (E4B068ED-F494-42E9-A231-DA0B2E46BB41): 37
LogDevObjectVersion:   Dev-Framework (CFFC743F-43B0-4480-9391-14DF171D2073): 36
LogDevObjectVersion:   Dev-Mobile (B02B49B5-BB20-44E9-A304-32B752E40360): 2
LogDevObjectVersion:   Dev-Networking (A4E4105C-59A1-49B5-A7C5-40C4547EDFEE): 0
LogDevObjectVersion:   Dev-Online (39C831C9-5AE6-47DC-9A44-9C173E1C8E7C): 0
LogDevObjectVersion:   Dev-Physics (78F01B33-EBEA-4F98-B9B4-84EACCB95AA2): 2
LogDevObjectVersion:   Dev-Platform (6631380F-2D4D-43E0-8009-CF276956A95A): 0
LogDevObjectVersion:   Dev-Rendering (12F88B9F-8875-4AFC-A67C-D90C383ABD29): 36
LogDevObjectVersion:   Dev-Sequencer (7B5AE74C-D270-4C10-A958-57980B212A5A): 11
LogDevObjectVersion:   Dev-VR (D7296918-1DD6-4BDD-9DE2-64A83CC13884): 2
LogDevObjectVersion:   Dev-LoadTimes (C2A15278-BFE7-4AFE-6C17-90FF531DF755): 1
LogDevObjectVersion:   Private-Geometry (6EACA3D4-40EC-4CC1-B786-8BED09428FC5): 3
LogDevObjectVersion:   Dev-AnimPhys (29E575DD-E0A3-4627-9D10-D276232CDCEA): 17
LogDevObjectVersion:   Dev-Anim (AF43A65D-7FD3-4947-9873-3E8ED9C1BB05): 2
LogDevObjectVersion:   Dev-ReflectionCapture (6B266CEC-1EC7-4B8F-A30B-E4D90942FC07): 1
LogDevObjectVersion:   Dev-Automation (0DF73D61-A23F-47EA-B727-89E90C41499A): 1
LogDevObjectVersion:   FortniteMain (601D1886-AC64-4F84-AA16-D3DE0DEAC7D6): 31
LogDevObjectVersion:   Dev-Enterprise (9DFFBCD6-494F-0158-E221-12823C92A888): 8
LogDevObjectVersion:   Dev-Niagara (F2AED0AC-9AFE-416F-8664-AA7FFA26D6FC): 1
LogDevObjectVersion:   Dev-Destruction (174F1F0B-B4C6-45A5-B13F-2EE8D0FB917D): 9
LogDevObjectVersion:   Dev-Physics-Ext (35F94A83-E258-406C-A318-09F59610247C): 8
LogDevObjectVersion:   Dev-CineCamera (B2E18506-4273-CFC2-A54E-F4BB758BBA07): 1
LogInit: Presizing for max 25165824 objects, including 0 objects not considered by GC, pre-allocating 0 bytes for permanent pool.
LogInit: Object subsystem initialized
LogConfig: Setting CVar [[con.DebugEarlyDefault:1]]
LogConfig: Setting CVar [[r.setres:1280x720]]
[2020.06.04-15.08.53:489][  0]LogConfig: Setting CVar [[r.VSync:0]]
[2020.06.04-15.08.53:489][  0]LogConfig: Setting CVar [[r.RHICmdBypass:0]]
[2020.06.04-15.08.53:489][  0]LogConfig: Applying CVar settings from Section [/Script/Engine.RendererSettings] File [D:/Temp/survival-craft/One_Man_Land/Saved/Config/Windows/Engine.ini]
[2020.06.04-15.08.53:489][  0]LogConfig: Setting CVar [[r.GPUCrashDebugging:0]]
[2020.06.04-15.08.53:490][  0]LogConfig: Setting CVar [[r.NormalMapsForStaticLighting:0]]
[2020.06.04-15.08.53:490][  0]LogConfig: Applying CVar settings from Section [/Script/Engine.RendererOverrideSettings] File [D:/Temp/survival-craft/One_Man_Land/Saved/Config/Windows/Engine.ini]
[2020.06.04-15.08.53:490][  0]LogConfig: Applying CVar settings from Section [/Script/Engine.StreamingSettings] File [D:/Temp/survival-craft/One_Man_Land/Saved/Config/Windows/Engine.ini]
[2020.06.04-15.08.53:490][  0]LogConfig: Setting CVar [[s.MinBulkDataSizeForAsyncLoading:131072]]
[2020.06.04-15.08.53:490][  0]LogConfig: Setting CVar [[s.AsyncLoadingThreadEnabled:0]]
[2020.06.04-15.08.53:490][  0]LogConfig: Setting CVar [[s.EventDrivenLoaderEnabled:1]]
[2020.06.04-15.08.53:491][  0]LogConfig: Setting CVar [[s.WarnIfTimeLimitExceeded:0]]
[2020.06.04-15.08.53:491][  0]LogConfig: Setting CVar [[s.TimeLimitExceededMultiplier:1.5]]
[2020.06.04-15.08.53:491][  0]LogConfig: Setting CVar [[s.TimeLimitExceededMinTime:0.005]]
[2020.06.04-15.08.53:491][  0]LogConfig: Setting CVar [[s.UseBackgroundLevelStreaming:1]]
[2020.06.04-15.08.53:491][  0]LogConfig: Setting CVar [[s.PriorityAsyncLoadingExtraTime:15.0]]
[2020.06.04-15.08.53:491][  0]LogConfig: Setting CVar [[s.LevelStreamingActorsUpdateTimeLimit:5.0]]
[2020.06.04-15.08.53:492][  0]LogConfig: Setting CVar [[s.PriorityLevelStreamingActorsUpdateExtraTime:5.0]]
[2020.06.04-15.08.53:492][  0]LogConfig: Setting CVar [[s.LevelStreamingComponentsRegistrationGranularity:10]]
[2020.06.04-15.08.53:492][  0]LogConfig: Setting CVar [[s.UnregisterComponentsTimeLimit:1.0]]
[2020.06.04-15.08.53:492][  0]LogConfig: Setting CVar [[s.LevelStreamingComponentsUnregistrationGranularity:5]]
[2020.06.04-15.08.53:492][  0]LogConfig: Setting CVar [[s.FlushStreamingOnExit:1]]
[2020.06.04-15.08.53:492][  0]LogConfig: Applying CVar settings from Section [/Script/Engine.GarbageCollectionSettings] File [D:/Temp/survival-craft/One_Man_Land/Saved/Config/Windows/Engine.ini]
[2020.06.04-15.08.53:493][  0]LogConfig: Setting CVar [[gc.MaxObjectsNotConsideredByGC:1]]
[2020.06.04-15.08.53:493][  0]LogConfig: Setting CVar [[gc.SizeOfPermanentObjectPool:0]]
[2020.06.04-15.08.53:493][  0]LogConfig: Setting CVar [[gc.FlushStreamingOnGC:0]]
[2020.06.04-15.08.53:493][  0]LogConfig: Setting CVar [[gc.NumRetriesBeforeForcingGC:10]]
[2020.06.04-15.08.53:493][  0]LogConfig: Setting CVar [[gc.AllowParallelGC:1]]
[2020.06.04-15.08.53:493][  0]LogConfig: Setting CVar [[gc.TimeBetweenPurgingPendingKillObjects:61.1]]
[2020.06.04-15.08.53:494][  0]LogConfig: Setting CVar [[gc.MaxObjectsInEditor:25165824]]
[2020.06.04-15.08.53:494][  0]LogConfig: Setting CVar [[gc.IncrementalBeginDestroyEnabled:1]]
[2020.06.04-15.08.53:494][  0]LogConfig: Setting CVar [[gc.CreateGCClusters:1]]
[2020.06.04-15.08.53:494][  0]LogConfig: Setting CVar [[gc.MinGCClusterSize:5]]
[2020.06.04-15.08.53:494][  0]LogConfig: Setting CVar [[gc.ActorClusteringEnabled:0]]
[2020.06.04-15.08.53:495][  0]LogConfig: Setting CVar [[gc.BlueprintClusteringEnabled:0]]
[2020.06.04-15.08.53:495][  0]LogConfig: Setting CVar [[gc.UseDisregardForGCOnDedicatedServers:0]]
[2020.06.04-15.08.53:495][  0]LogConfig: Applying CVar settings from Section [/Script/Engine.NetworkSettings] File [D:/Temp/survival-craft/One_Man_Land/Saved/Config/Windows/Engine.ini]
[2020.06.04-15.08.53:495][  0]LogConfig: Applying CVar settings from Section [/Script/UnrealEd.CookerSettings] File [D:/Temp/survival-craft/One_Man_Land/Saved/Config/Windows/Engine.ini]
[2020.06.04-15.08.53:515][  0]LogConfig: Applying CVar settings from Section [ViewDistanceQuality@3] File [D:/Temp/survival-craft/One_Man_Land/Saved/Config/Windows/Scalability.ini]
[2020.06.04-15.08.53:515][  0]LogConfig: Setting CVar [[r.SkeletalMeshLODBias:0]]
[2020.06.04-15.08.53:515][  0]LogConfig: Setting CVar [[r.ViewDistanceScale:1.0]]
[2020.06.04-15.08.53:515][  0]LogConfig: Applying CVar settings from Section [AntiAliasingQuality@3] File [D:/Temp/survival-craft/One_Man_Land/Saved/Config/Windows/Scalability.ini]
[2020.06.04-15.08.53:516][  0]LogConfig: Setting CVar [[r.PostProcessAAQuality:4]]
[2020.06.04-15.08.53:516][  0]LogConfig: Applying CVar settings from Section [ShadowQuality@3] File [D:/Temp/survival-craft/One_Man_Land/Saved/Config/Windows/Scalability.ini]
[2020.06.04-15.08.53:516][  0]LogConfig: Setting CVar [[r.LightFunctionQuality:1]]
[2020.06.04-15.08.53:516][  0]LogConfig: Setting CVar [[r.ShadowQuality:5]]
[2020.06.04-15.08.53:516][  0]LogConfig: Setting CVar [[r.Shadow.CSM.MaxCascades:10]]
[2020.06.04-15.08.53:516][  0]LogConfig: Setting CVar [[r.Shadow.MaxResolution:2048]]
[2020.06.04-15.08.53:516][  0]LogConfig: Setting CVar [[r.Shadow.MaxCSMResolution:2048]]
[2020.06.04-15.08.53:517][  0]LogConfig: Setting CVar [[r.Shadow.RadiusThreshold:0.01]]
[2020.06.04-15.08.53:517][  0]LogConfig: Setting CVar [[r.Shadow.DistanceScale:1.0]]
[2020.06.04-15.08.53:517][  0]LogConfig: Setting CVar [[r.Shadow.CSM.TransitionScale:1.0]]
[2020.06.04-15.08.53:517][  0]LogConfig: Setting CVar [[r.Shadow.PreShadowResolutionFactor:1.0]]
[2020.06.04-15.08.53:517][  0]LogConfig: Setting CVar [[r.DistanceFieldShadowing:1]]
[2020.06.04-15.08.53:518][  0]LogConfig: Setting CVar [[r.DistanceFieldAO:1]]
[2020.06.04-15.08.53:518][  0]LogConfig: Setting CVar [[r.AOQuality:2]]
[2020.06.04-15.08.53:518][  0]LogConfig: Setting CVar [[r.VolumetricFog:1]]
[2020.06.04-15.08.53:518][  0]LogConfig: Setting CVar [[r.VolumetricFog.GridPixelSize:8]]
[2020.06.04-15.08.53:518][  0]LogConfig: Setting CVar [[r.VolumetricFog.GridSizeZ:128]]
[2020.06.04-15.08.53:519][  0]LogConfig: Setting CVar [[r.VolumetricFog.HistoryMissSupersampleCount:4]]
[2020.06.04-15.08.53:519][  0]LogConfig: Setting CVar [[r.LightMaxDrawDistanceScale:1]]
[2020.06.04-15.08.53:519][  0]LogConfig: Setting CVar [[r.CapsuleShadows:1]]
[2020.06.04-15.08.53:519][  0]LogConfig: Applying CVar settings from Section [PostProcessQuality@3] File [D:/Temp/survival-craft/One_Man_Land/Saved/Config/Windows/Scalability.ini]
[2020.06.04-15.08.53:520][  0]LogConfig: Setting CVar [[r.MotionBlurQuality:4]]
[2020.06.04-15.08.53:520][  0]LogConfig: Setting CVar [[r.AmbientOcclusionMipLevelFactor:0.4]]
[2020.06.04-15.08.53:520][  0]LogConfig: Setting CVar [[r.AmbientOcclusionMaxQuality:100]]
[2020.06.04-15.08.53:520][  0]LogConfig: Setting CVar [[r.AmbientOcclusionLevels:-1]]
[2020.06.04-15.08.53:520][  0]LogConfig: Setting CVar [[r.AmbientOcclusionRadiusScale:1.0]]
[2020.06.04-15.08.53:521][  0]LogConfig: Setting CVar [[r.DepthOfFieldQuality:2]]
[2020.06.04-15.08.53:521][  0]LogConfig: Setting CVar [[r.RenderTargetPoolMin:400]]
[2020.06.04-15.08.53:521][  0]LogConfig: Setting CVar [[r.LensFlareQuality:2]]
[2020.06.04-15.08.53:521][  0]LogConfig: Setting CVar [[r.SceneColorFringeQuality:1]]
[2020.06.04-15.08.53:521][  0]LogConfig: Setting CVar [[r.EyeAdaptationQuality:2]]
[2020.06.04-15.08.53:521][  0]LogConfig: Setting CVar [[r.BloomQuality:5]]
[2020.06.04-15.08.53:521][  0]LogConfig: Setting CVar [[r.FastBlurThreshold:100]]
[2020.06.04-15.08.53:521][  0]LogConfig: Setting CVar [[r.Upscale.Quality:3]]
[2020.06.04-15.08.53:521][  0]LogConfig: Setting CVar [[r.Tonemapper.GrainQuantization:1]]
[2020.06.04-15.08.53:522][  0]LogConfig: Setting CVar [[r.LightShaftQuality:1]]
[2020.06.04-15.08.53:522][  0]LogConfig: Setting CVar [[r.Filter.SizeScale:1]]
[2020.06.04-15.08.53:522][  0]LogConfig: Setting CVar [[r.Tonemapper.Quality:5]]
[2020.06.04-15.08.53:522][  0]LogConfig: Setting CVar [[r.DOF.Gather.AccumulatorQuality:1        ; higher gathering accumulator quality]]
[2020.06.04-15.08.53:522][  0]LogConfig: Setting CVar [[r.DOF.Gather.PostfilterMethod:1          ; Median3x3 postfilering method]]
[2020.06.04-15.08.53:523][  0]LogConfig: Setting CVar [[r.DOF.Gather.EnableBokehSettings:0       ; no bokeh simulation when gathering]]
[2020.06.04-15.08.53:523][  0]LogConfig: Setting CVar [[r.DOF.Gather.RingCount:4                 ; medium number of samples when gathering]]
[2020.06.04-15.08.53:523][  0]LogConfig: Setting CVar [[r.DOF.Scatter.ForegroundCompositing:1    ; additive foreground scattering]]
[2020.06.04-15.08.53:523][  0]LogConfig: Setting CVar [[r.DOF.Scatter.BackgroundCompositing:2    ; additive background scattering]]
[2020.06.04-15.08.53:523][  0]LogConfig: Setting CVar [[r.DOF.Scatter.EnableBokehSettings:1      ; bokeh simulation when scattering]]
[2020.06.04-15.08.53:523][  0]LogConfig: Setting CVar [[r.DOF.Scatter.MaxSpriteRatio:0.1         ; only a maximum of 10% of scattered bokeh]]
[2020.06.04-15.08.53:523][  0]LogConfig: Setting CVar [[r.DOF.Recombine.Quality:1                ; cheap slight out of focus]]
[2020.06.04-15.08.53:523][  0]LogConfig: Setting CVar [[r.DOF.Recombine.EnableBokehSettings:0    ; no bokeh simulation on slight out of focus]]
[2020.06.04-15.08.53:523][  0]LogConfig: Setting CVar [[r.DOF.TemporalAAQuality:1                ; more stable temporal accumulation]]
[2020.06.04-15.08.53:523][  0]LogConfig: Setting CVar [[r.DOF.Kernel.MaxForegroundRadius:0.025]]
[2020.06.04-15.08.53:523][  0]LogConfig: Setting CVar [[r.DOF.Kernel.MaxBackgroundRadius:0.025]]
[2020.06.04-15.08.53:523][  0]LogConfig: Applying CVar settings from Section [TextureQuality@3] File [D:/Temp/survival-craft/One_Man_Land/Saved/Config/Windows/Scalability.ini]
[2020.06.04-15.08.53:523][  0]LogConfig: Setting CVar [[r.Streaming.MipBias:0]]
[2020.06.04-15.08.53:524][  0]LogConfig: Setting CVar [[r.Streaming.AmortizeCPUToGPUCopy:0]]
[2020.06.04-15.08.53:524][  0]LogConfig: Setting CVar [[r.Streaming.MaxNumTexturesToStreamPerFrame:0]]
[2020.06.04-15.08.53:524][  0]LogConfig: Setting CVar [[r.Streaming.Boost:1]]
[2020.06.04-15.08.53:524][  0]LogConfig: Setting CVar [[r.MaxAnisotropy:8]]
[2020.06.04-15.08.53:524][  0]LogConfig: Setting CVar [[r.VT.MaxAnisotropy:8]]
[2020.06.04-15.08.53:524][  0]LogConfig: Setting CVar [[r.Streaming.LimitPoolSizeToVRAM:0]]
[2020.06.04-15.08.53:524][  0]LogConfig: Setting CVar [[r.Streaming.PoolSize:1000]]
[2020.06.04-15.08.53:524][  0]LogConfig: Setting CVar [[r.Streaming.MaxEffectiveScreenSize:0]]
[2020.06.04-15.08.53:525][  0]LogConfig: Applying CVar settings from Section [EffectsQuality@3] File [D:/Temp/survival-craft/One_Man_Land/Saved/Config/Windows/Scalability.ini]
[2020.06.04-15.08.53:525][  0]LogConfig: Setting CVar [[r.TranslucencyLightingVolumeDim:64]]
[2020.06.04-15.08.53:525][  0]LogConfig: Setting CVar [[r.RefractionQuality:2]]
[2020.06.04-15.08.53:525][  0]LogConfig: Setting CVar [[r.SSR.Quality:3]]
[2020.06.04-15.08.53:525][  0]LogConfig: Setting CVar [[r.SSR.HalfResSceneColor:0]]
[2020.06.04-15.08.53:525][  0]LogConfig: Setting CVar [[r.SceneColorFormat:4]]
[2020.06.04-15.08.53:525][  0]LogConfig: Setting CVar [[r.DetailMode:2]]
[2020.06.04-15.08.53:525][  0]LogConfig: Setting CVar [[r.TranslucencyVolumeBlur:1]]
[2020.06.04-15.08.53:525][  0]LogConfig: Setting CVar [[r.MaterialQualityLevel:1 ; High quality]]
[2020.06.04-15.08.53:525][  0]LogConfig: Setting CVar [[r.SSS.Scale:1]]
[2020.06.04-15.08.53:526][  0]LogConfig: Setting CVar [[r.SSS.SampleSet:2]]
[2020.06.04-15.08.53:526][  0]LogConfig: Setting CVar [[r.SSS.Quality:1]]
[2020.06.04-15.08.53:526][  0]LogConfig: Setting CVar [[r.SSS.HalfRes:1]]
[2020.06.04-15.08.53:526][  0]LogConfig: Setting CVar [[r.SSGI.Quality:3]]
[2020.06.04-15.08.53:526][  0]LogConfig: Setting CVar [[r.EmitterSpawnRateScale:1.0]]
[2020.06.04-15.08.53:526][  0]LogConfig: Setting CVar [[r.ParticleLightQuality:2]]
[2020.06.04-15.08.53:526][  0]LogConfig: Setting CVar [[r.SkyAtmosphere.AerialPerspectiveLUT.FastApplyOnOpaque:1 ; Always have FastSkyLUT 1 in this case to avoid wrong sky]]
[2020.06.04-15.08.53:526][  0]LogConfig: Setting CVar [[r.SkyAtmosphere.AerialPerspectiveLUT.SampleCountPerSlice:1]]
[2020.06.04-15.08.53:526][  0]LogConfig: Setting CVar [[r.SkyAtmosphere.AerialPerspectiveLUT.DepthResolution:16.0]]
[2020.06.04-15.08.53:527][  0]LogConfig: Setting CVar [[r.SkyAtmosphere.FastSkyLUT:1]]
[2020.06.04-15.08.53:527][  0]LogConfig: Setting CVar [[r.SkyAtmosphere.FastSkyLUT.SampleCountMin:4.0]]
[2020.06.04-15.08.53:527][  0]LogConfig: Setting CVar [[r.SkyAtmosphere.FastSkyLUT.SampleCountMax:32.0]]
[2020.06.04-15.08.53:527][  0]LogConfig: Setting CVar [[r.SkyAtmosphere.SampleCountMin:4.0]]
[2020.06.04-15.08.53:527][  0]LogConfig: Setting CVar [[r.SkyAtmosphere.SampleCountMax:32.0]]
[2020.06.04-15.08.53:527][  0]LogConfig: Setting CVar [[r.SkyAtmosphere.TransmittanceLUT.UseSmallFormat:0]]
[2020.06.04-15.08.53:527][  0]LogConfig: Setting CVar [[r.SkyAtmosphere.TransmittanceLUT.SampleCount:10.0]]
[2020.06.04-15.08.53:528][  0]LogConfig: Setting CVar [[r.SkyAtmosphere.MultiScatteringLUT.SampleCount:15.0]]
[2020.06.04-15.08.53:528][  0]LogConfig: Applying CVar settings from Section [FoliageQuality@3] File [D:/Temp/survival-craft/One_Man_Land/Saved/Config/Windows/Scalability.ini]
[2020.06.04-15.08.53:528][  0]LogConfig: Setting CVar [[foliage.DensityScale:1.0]]
[2020.06.04-15.08.53:528][  0]LogConfig: Setting CVar [[grass.DensityScale:1.0]]
[2020.06.04-15.08.53:528][  0]LogConfig: Applying CVar settings from Section [ShadingQuality@3] File [D:/Temp/survival-craft/One_Man_Land/Saved/Config/Windows/Scalability.ini]
[2020.06.04-15.08.53:528][  0]LogConfig: Setting CVar [[r.HairStrands.SkyLighting.SampleCount:16]]
[2020.06.04-15.08.53:528][  0]LogConfig: Setting CVar [[r.HairStrands.SkyLighting.JitterIntegration:0]]
[2020.06.04-15.08.53:528][  0]LogConfig: Setting CVar [[r.HairStrands.SkyAO.SampleCount:16]]
[2020.06.04-15.08.53:529][  0]LogInit: Selected Device Profile: [Windows]
[2020.06.04-15.08.53:529][  0]LogInit: Applying CVar settings loaded from the selected device profile: [Windows]
[2020.06.04-15.08.53:571][  0]LogHAL: Display: Platform has ~ 8 GB [8428691456 / 8589934592 / 8], which maps to Default [LargestMinGB=32, LargerMinGB=12, DefaultMinGB=8, SmallerMinGB=6, SmallestMinGB=0)
[2020.06.04-15.08.53:572][  0]LogInit: Going up to parent DeviceProfile []
[2020.06.04-15.08.53:572][  0]LogConfig: Applying CVar settings from Section [ViewDistanceQuality@2] File [D:/Temp/survival-craft/One_Man_Land/Saved/Config/Windows/Scalability.ini]
[2020.06.04-15.08.53:572][  0]LogConfig: Setting CVar [[r.SkeletalMeshLODBias:0]]
[2020.06.04-15.08.53:572][  0]LogConfig: Setting CVar [[r.ViewDistanceScale:0.8]]
[2020.06.04-15.08.53:572][  0]LogConfig: Applying CVar settings from Section [AntiAliasingQuality@2] File [D:/Temp/survival-craft/One_Man_Land/Saved/Config/Windows/Scalability.ini]
[2020.06.04-15.08.53:572][  0]LogConfig: Setting CVar [[r.PostProcessAAQuality:3]]
[2020.06.04-15.08.53:572][  0]LogConfig: Applying CVar settings from Section [ShadowQuality@2] File [D:/Temp/survival-craft/One_Man_Land/Saved/Config/Windows/Scalability.ini]
[2020.06.04-15.08.53:572][  0]LogConfig: Setting CVar [[r.LightFunctionQuality:1]]
[2020.06.04-15.08.53:572][  0]LogConfig: Setting CVar [[r.ShadowQuality:5]]
[2020.06.04-15.08.53:572][  0]LogConfig: Setting CVar [[r.Shadow.CSM.MaxCascades:4]]
[2020.06.04-15.08.53:572][  0]LogConfig: Setting CVar [[r.Shadow.MaxResolution:1024]]
[2020.06.04-15.08.53:572][  0]LogConfig: Setting CVar [[r.Shadow.MaxCSMResolution:2048]]
[2020.06.04-15.08.53:573][  0]LogConfig: Setting CVar [[r.Shadow.RadiusThreshold:0.04]]
[2020.06.04-15.08.53:573][  0]LogConfig: Setting CVar [[r.Shadow.DistanceScale:0.85]]
[2020.06.04-15.08.53:573][  0]LogConfig: Setting CVar [[r.Shadow.CSM.TransitionScale:0.8]]
[2020.06.04-15.08.53:573][  0]LogConfig: Setting CVar [[r.Shadow.PreShadowResolutionFactor:0.5]]
[2020.06.04-15.08.53:573][  0]LogConfig: Setting CVar [[r.DistanceFieldShadowing:1]]
[2020.06.04-15.08.53:573][  0]LogConfig: Setting CVar [[r.DistanceFieldAO:1]]
[2020.06.04-15.08.53:573][  0]LogConfig: Setting CVar [[r.AOQuality:1]]
[2020.06.04-15.08.53:573][  0]LogConfig: Setting CVar [[r.VolumetricFog:1]]
[2020.06.04-15.08.53:573][  0]LogConfig: Setting CVar [[r.VolumetricFog.GridPixelSize:16]]
[2020.06.04-15.08.53:573][  0]LogConfig: Setting CVar [[r.VolumetricFog.GridSizeZ:64]]
[2020.06.04-15.08.53:573][  0]LogConfig: Setting CVar [[r.VolumetricFog.HistoryMissSupersampleCount:4]]
[2020.06.04-15.08.53:573][  0]LogConfig: Setting CVar [[r.LightMaxDrawDistanceScale:1]]
[2020.06.04-15.08.53:573][  0]LogConfig: Setting CVar [[r.CapsuleShadows:1]]
[2020.06.04-15.08.53:573][  0]LogConfig: Applying CVar settings from Section [PostProcessQuality@2] File [D:/Temp/survival-craft/One_Man_Land/Saved/Config/Windows/Scalability.ini]
[2020.06.04-15.08.53:573][  0]LogConfig: Setting CVar [[r.MotionBlurQuality:3]]
[2020.06.04-15.08.53:573][  0]LogConfig: Setting CVar [[r.AmbientOcclusionMipLevelFactor:0.6]]
[2020.06.04-15.08.53:574][  0]LogConfig: Setting CVar [[r.AmbientOcclusionMaxQuality:100]]
[2020.06.04-15.08.53:574][  0]LogConfig: Setting CVar [[r.AmbientOcclusionLevels:-1]]
[2020.06.04-15.08.53:574][  0]LogConfig: Setting CVar [[r.AmbientOcclusionRadiusScale:1.5]]
[2020.06.04-15.08.53:574][  0]LogConfig: Setting CVar [[r.DepthOfFieldQuality:2]]
[2020.06.04-15.08.53:574][  0]LogConfig: Setting CVar [[r.RenderTargetPoolMin:400]]
[2020.06.04-15.08.53:574][  0]LogConfig: Setting CVar [[r.LensFlareQuality:2]]
[2020.06.04-15.08.53:574][  0]LogConfig: Setting CVar [[r.SceneColorFringeQuality:1]]
[2020.06.04-15.08.53:574][  0]LogConfig: Setting CVar [[r.EyeAdaptationQuality:2]]
[2020.06.04-15.08.53:574][  0]LogConfig: Setting CVar [[r.BloomQuality:5]]
[2020.06.04-15.08.53:574][  0]LogConfig: Setting CVar [[r.FastBlurThreshold:3]]
[2020.06.04-15.08.53:574][  0]LogConfig: Setting CVar [[r.Upscale.Quality:2]]
[2020.06.04-15.08.53:574][  0]LogConfig: Setting CVar [[r.Tonemapper.GrainQuantization:1]]
[2020.06.04-15.08.53:574][  0]LogConfig: Setting CVar [[r.LightShaftQuality:1]]
[2020.06.04-15.08.53:574][  0]LogConfig: Setting CVar [[r.Filter.SizeScale:0.8]]
[2020.06.04-15.08.53:574][  0]LogConfig: Setting CVar [[r.Tonemapper.Quality:5]]
[2020.06.04-15.08.53:574][  0]LogConfig: Setting CVar [[r.DOF.Gather.AccumulatorQuality:0        ; lower gathering accumulator quality]]
[2020.06.04-15.08.53:574][  0]LogConfig: Setting CVar [[r.DOF.Gather.PostfilterMethod:2          ; Max3x3 postfilering method]]
[2020.06.04-15.08.53:574][  0]LogConfig: Setting CVar [[r.DOF.Gather.EnableBokehSettings:0       ; no bokeh simulation when gathering]]
[2020.06.04-15.08.53:574][  0]LogConfig: Setting CVar [[r.DOF.Gather.RingCount:4                 ; medium number of samples when gathering]]
[2020.06.04-15.08.53:574][  0]LogConfig: Setting CVar [[r.DOF.Scatter.ForegroundCompositing:1    ; additive foreground scattering]]
[2020.06.04-15.08.53:574][  0]LogConfig: Setting CVar [[r.DOF.Scatter.BackgroundCompositing:1    ; no background occlusion]]
[2020.06.04-15.08.53:574][  0]LogConfig: Setting CVar [[r.DOF.Scatter.EnableBokehSettings:0      ; no bokeh simulation when scattering]]
[2020.06.04-15.08.53:574][  0]LogConfig: Setting CVar [[r.DOF.Scatter.MaxSpriteRatio:0.04        ; only a maximum of 4% of scattered bokeh]]
[2020.06.04-15.08.53:574][  0]LogConfig: Setting CVar [[r.DOF.Recombine.Quality:0                ; no slight out of focus]]
[2020.06.04-15.08.53:574][  0]LogConfig: Setting CVar [[r.DOF.TemporalAAQuality:0                ; faster temporal accumulation]]
[2020.06.04-15.08.53:574][  0]LogConfig: Setting CVar [[r.DOF.Kernel.MaxForegroundRadius:0.012   ; required because of AccumulatorQuality=0]]
[2020.06.04-15.08.53:575][  0]LogConfig: Setting CVar [[r.DOF.Kernel.MaxBackgroundRadius:0.012   ; required because of AccumulatorQuality=0]]
[2020.06.04-15.08.53:575][  0]LogConfig: Applying CVar settings from Section [TextureQuality@2] File [D:/Temp/survival-craft/One_Man_Land/Saved/Config/Windows/Scalability.ini]
[2020.06.04-15.08.53:575][  0]LogConfig: Setting CVar [[r.Streaming.MipBias:0]]
[2020.06.04-15.08.53:575][  0]LogConfig: Setting CVar [[r.Streaming.AmortizeCPUToGPUCopy:0]]
[2020.06.04-15.08.53:575][  0]LogConfig: Setting CVar [[r.Streaming.MaxNumTexturesToStreamPerFrame:0]]
[2020.06.04-15.08.53:575][  0]LogConfig: Setting CVar [[r.Streaming.Boost:1]]
[2020.06.04-15.08.53:576][  0]LogConfig: Setting CVar [[r.MaxAnisotropy:4]]
[2020.06.04-15.08.53:576][  0]LogConfig: Setting CVar [[r.VT.MaxAnisotropy:8]]
[2020.06.04-15.08.53:576][  0]LogConfig: Setting CVar [[r.Streaming.LimitPoolSizeToVRAM:1]]
[2020.06.04-15.08.53:576][  0]LogConfig: Setting CVar [[r.Streaming.PoolSize:800]]
[2020.06.04-15.08.53:576][  0]LogConfig: Setting CVar [[r.Streaming.MaxEffectiveScreenSize:0]]
[2020.06.04-15.08.53:576][  0]LogConfig: Applying CVar settings from Section [EffectsQuality@2] File [D:/Temp/survival-craft/One_Man_Land/Saved/Config/Windows/Scalability.ini]
[2020.06.04-15.08.53:576][  0]LogConfig: Setting CVar [[r.TranslucencyLightingVolumeDim:48]]
[2020.06.04-15.08.53:576][  0]LogConfig: Setting CVar [[r.RefractionQuality:2]]
[2020.06.04-15.08.53:576][  0]LogConfig: Setting CVar [[r.SSR.Quality:2]]
[2020.06.04-15.08.53:576][  0]LogConfig: Setting CVar [[r.SSR.HalfResSceneColor:1]]
[2020.06.04-15.08.53:576][  0]LogConfig: Setting CVar [[r.SceneColorFormat:3]]
[2020.06.04-15.08.53:576][  0]LogConfig: Setting CVar [[r.DetailMode:1]]
[2020.06.04-15.08.53:576][  0]LogConfig: Setting CVar [[r.TranslucencyVolumeBlur:1]]
[2020.06.04-15.08.53:576][  0]LogConfig: Setting CVar [[r.MaterialQualityLevel:1 ; High quality]]
[2020.06.04-15.08.53:576][  0]LogConfig: Setting CVar [[r.SSS.Scale:1]]
[2020.06.04-15.08.53:576][  0]LogConfig: Setting CVar [[r.SSS.SampleSet:1]]
[2020.06.04-15.08.53:576][  0]LogConfig: Setting CVar [[r.SSS.Quality:-1]]
[2020.06.04-15.08.53:576][  0]LogConfig: Setting CVar [[r.SSS.HalfRes:1]]
[2020.06.04-15.08.53:576][  0]LogConfig: Setting CVar [[r.SSGI.Quality:2]]
[2020.06.04-15.08.53:576][  0]LogConfig: Setting CVar [[r.EmitterSpawnRateScale:0.5]]
[2020.06.04-15.08.53:576][  0]LogConfig: Setting CVar [[r.ParticleLightQuality:1]]
[2020.06.04-15.08.53:576][  0]LogConfig: Setting CVar [[r.SkyAtmosphere.AerialPerspectiveLUT.FastApplyOnOpaque:1 ; Always have FastSkyLUT 1 in this case to avoid wrong sky]]
[2020.06.04-15.08.53:576][  0]LogConfig: Setting CVar [[r.SkyAtmosphere.AerialPerspectiveLUT.SampleCountPerSlice:1]]
[2020.06.04-15.08.53:576][  0]LogConfig: Setting CVar [[r.SkyAtmosphere.AerialPerspectiveLUT.DepthResolution:16.0]]
[2020.06.04-15.08.53:576][  0]LogConfig: Setting CVar [[r.SkyAtmosphere.FastSkyLUT:1]]
[2020.06.04-15.08.53:576][  0]LogConfig: Setting CVar [[r.SkyAtmosphere.FastSkyLUT.SampleCountMin:4.0]]
[2020.06.04-15.08.53:576][  0]LogConfig: Setting CVar [[r.SkyAtmosphere.FastSkyLUT.SampleCountMax:32.0]]
[2020.06.04-15.08.53:577][  0]LogConfig: Setting CVar [[r.SkyAtmosphere.SampleCountMin:4.0]]
[2020.06.04-15.08.53:577][  0]LogConfig: Setting CVar [[r.SkyAtmosphere.SampleCountMax:32.0]]
[2020.06.04-15.08.53:577][  0]LogConfig: Setting CVar [[r.SkyAtmosphere.TransmittanceLUT.UseSmallFormat:0]]
[2020.06.04-15.08.53:577][  0]LogConfig: Setting CVar [[r.SkyAtmosphere.TransmittanceLUT.SampleCount:10.0]]
[2020.06.04-15.08.53:577][  0]LogConfig: Setting CVar [[r.SkyAtmosphere.MultiScatteringLUT.SampleCount:15.0]]
[2020.06.04-15.08.53:577][  0]LogConfig: Applying CVar settings from Section [FoliageQuality@2] File [D:/Temp/survival-craft/One_Man_Land/Saved/Config/Windows/Scalability.ini]
[2020.06.04-15.08.53:577][  0]LogConfig: Setting CVar [[foliage.DensityScale:0.8]]
[2020.06.04-15.08.53:577][  0]LogConfig: Setting CVar [[grass.DensityScale:0.8]]
[2020.06.04-15.08.53:577][  0]LogConfig: Applying CVar settings from Section [ShadingQuality@2] File [D:/Temp/survival-craft/One_Man_Land/Saved/Config/Windows/Scalability.ini]
[2020.06.04-15.08.53:577][  0]LogConfig: Setting CVar [[r.HairStrands.SkyLighting.SampleCount:16]]
[2020.06.04-15.08.53:577][  0]LogConfig: Setting CVar [[r.HairStrands.SkyLighting.JitterIntegration:0]]
[2020.06.04-15.08.53:577][  0]LogConfig: Setting CVar [[r.HairStrands.SkyAO.SampleCount:16]]
[2020.06.04-15.08.53:577][  0]LogConfig: Applying CVar settings from Section [Startup] File [../../../Engine/Config/ConsoleVariables.ini]
[2020.06.04-15.08.53:578][  0]LogConfig: Setting CVar [[net.UseAdaptiveNetUpdateFrequency:0]]
[2020.06.04-15.08.53:578][  0]LogConfig: Setting CVar [[p.chaos.AllowCreatePhysxBodies:1]]
[2020.06.04-15.08.53:579][  0]LogConfig: Applying CVar settings from Section [ConsoleVariables] File [D:/Temp/survival-craft/One_Man_Land/Saved/Config/Windows/Engine.ini]
[2020.06.04-15.08.53:579][  0]LogInit: Computer: MSI
[2020.06.04-15.08.53:579][  0]LogInit: User: orvid
[2020.06.04-15.08.53:579][  0]LogInit: CPU Page size=4096, Cores=6
[2020.06.04-15.08.53:579][  0]LogInit: High frequency timer resolution =10.000000 MHz
[2020.06.04-15.08.53:580][  0]LogMemory: Memory total: Physical=7.8GB (8GB approx)
[2020.06.04-15.08.53:580][  0]LogMemory: Platform Memory Stats for Windows
[2020.06.04-15.08.53:580][  0]LogMemory: Process Physical Memory: 106.44 MB used, 106.44 MB peak
[2020.06.04-15.08.53:580][  0]LogMemory: Process Virtual Memory: 101.39 MB used, 101.39 MB peak
[2020.06.04-15.08.53:580][  0]LogMemory: Physical Memory: 6426.94 MB used,  1611.29 MB free, 8038.23 MB total
[2020.06.04-15.08.53:580][  0]LogMemory: Virtual Memory: 5124.93 MB used,  134212600.00 MB free, 134217728.00 MB total
[2020.06.04-15.08.54:101][  0]LogWindows: WindowsPlatformFeatures enabled
[2020.06.04-15.08.54:415][  0]LogInit: Using OS detected language (ca-ES).
[2020.06.04-15.08.54:415][  0]LogInit: Using OS detected locale (ca-ES).
[2020.06.04-15.08.54:421][  0]LogTextLocalizationManager: No localization for 'ca-ES' exists, so 'en' will be used for the language.
[2020.06.04-15.08.54:815][  0]LogInit: Setting process to per monitor DPI aware
[2020.06.04-15.08.54:843][  0]LogSlate: New Slate User Created.  User Index 0, Is Virtual User: 0
[2020.06.04-15.08.54:843][  0]LogSlate: Slate User Registered.  User Index 0, Is Virtual User: 0
[2020.06.04-15.08.55:160][  0]LogHMD: Failed to initialize OpenVR with code 110
[2020.06.04-15.08.55:160][  0]LogD3D11RHI: D3D11 min allowed feature level: 11_0
[2020.06.04-15.08.55:160][  0]LogD3D11RHI: D3D11 max allowed feature level: 11_0
[2020.06.04-15.08.55:160][  0]LogD3D11RHI: D3D11 adapters:
[2020.06.04-15.08.55:316][  0]LogD3D11RHI:    0. 'NVIDIA GeForce GTX 1050' (Feature Level 11_0)
[2020.06.04-15.08.55:316][  0]LogD3D11RHI:       4021/0/4019 MB DedicatedVideo/DedicatedSystem/SharedSystem, Outputs:1, VendorId:0x10de
[2020.06.04-15.08.55:389][  0]LogD3D11RHI:    1. 'Intel(R) UHD Graphics 630' (Feature Level 11_0)
[2020.06.04-15.08.55:389][  0]LogD3D11RHI:       128/0/4019 MB DedicatedVideo/DedicatedSystem/SharedSystem, Outputs:0, VendorId:0x8086
[2020.06.04-15.08.55:394][  0]LogD3D11RHI:    2. 'Microsoft Basic Render Driver' (Feature Level 11_0)
[2020.06.04-15.08.55:394][  0]LogD3D11RHI:       0/0/4019 MB DedicatedVideo/DedicatedSystem/SharedSystem, Outputs:0, VendorId:0x1414
[2020.06.04-15.08.55:398][  0]LogD3D11RHI:    3. 'Microsoft Basic Render Driver' (Feature Level 11_0)
[2020.06.04-15.08.55:398][  0]LogD3D11RHI:       0/0/4019 MB DedicatedVideo/DedicatedSystem/SharedSystem, Outputs:0, VendorId:0x1414
[2020.06.04-15.08.55:398][  0]LogD3D11RHI: Chosen D3D11 Adapter: 0
[2020.06.04-15.08.55:482][  0]LogD3D11RHI: Creating new Direct3DDevice
[2020.06.04-15.08.55:482][  0]LogD3D11RHI:     GPU DeviceId: 0x1c8d (for the marketing name, search the web for "GPU Device Id")
[2020.06.04-15.08.55:482][  0]LogWindows: EnumDisplayDevices:
[2020.06.04-15.08.55:482][  0]LogWindows:    0. 'Intel(R) UHD Graphics 630' (P:1 D:1)
[2020.06.04-15.08.55:483][  0]LogWindows:    1. 'Intel(R) UHD Graphics 630' (P:0 D:0)
[2020.06.04-15.08.55:483][  0]LogWindows:    2. 'Intel(R) UHD Graphics 630' (P:0 D:0)
[2020.06.04-15.08.55:483][  0]LogWindows:    3. 'Citrix Indirect Display Adapter' (P:0 D:0)
[2020.06.04-15.08.55:484][  0]LogWindows:    4. 'Citrix Indirect Display Adapter' (P:0 D:0)
[2020.06.04-15.08.55:484][  0]LogWindows:    5. 'Citrix Indirect Display Adapter' (P:0 D:0)
[2020.06.04-15.08.55:484][  0]LogWindows:    6. 'Citrix Indirect Display Adapter' (P:0 D:0)
[2020.06.04-15.08.55:485][  0]LogWindows:    7. 'Citrix Indirect Display Adapter' (P:0 D:0)
[2020.06.04-15.08.55:485][  0]LogWindows:    8. 'Citrix Indirect Display Adapter' (P:0 D:0)
[2020.06.04-15.08.55:486][  0]LogWindows:    9. 'Citrix Indirect Display Adapter' (P:0 D:0)
[2020.06.04-15.08.55:486][  0]LogWindows:    10. 'Citrix Indirect Display Adapter' (P:0 D:0)
[2020.06.04-15.08.55:486][  0]LogWindows: DebugString: PrimaryIsNotTheChoosenAdapter PrimaryIsNotTheChoosenAdapter PrimaryIsNotTheChoosenAdapter GetVideoDriverDetailsInvalid PrimaryIsNotTheChoosenAdapter GetVideoDriverDetailsInvalid PrimaryIsNotTheChoosenAdapter GetVideoDriverDetailsInvalid PrimaryIsNotTheChoosenAdapter GetVideoDriverDetailsInvalid PrimaryIsNotTheChoosenAdapter GetVideoDriverDetailsInvalid PrimaryIsNotTheChoosenAdapter GetVideoDriverDetailsInvalid PrimaryIsNotTheChoosenAdapter GetVideoDriverDetailsInvalid PrimaryIsNotTheChoosenAdapter GetVideoDriverDetailsInvalid PrimaryIsNotTheChoosenAdapter FoundDriverCount:0 
[2020.06.04-15.08.55:486][  0]LogD3D11RHI:     Adapter Name: NVIDIA GeForce GTX 1050
[2020.06.04-15.08.55:486][  0]LogD3D11RHI:   Driver Version: Unknown (internal:Unknown, unified:Unknown)
[2020.06.04-15.08.55:486][  0]LogD3D11RHI:      Driver Date: Unknown
[2020.06.04-15.08.55:486][  0]LogRHI: Texture pool is 2814 MB (70% of 4021 MB)
[2020.06.04-15.08.55:536][  0]LogD3D11RHI: RHI has support for 64 bit atomics
[2020.06.04-15.08.55:536][  0]LogD3D11RHI: Async texture creation enabled
[2020.06.04-15.08.55:549][  0]LogD3D11RHI: GPU Timing Frequency: 1000.000000 (Debug: 2 1)
[2020.06.04-15.08.57:061][  0]LogTargetPlatformManager: Display: Loaded TargetPlatform 'AllDesktop'
[2020.06.04-15.08.57:091][  0]LogTargetPlatformManager: Display: Loaded TargetPlatform 'Android'
[2020.06.04-15.08.57:091][  0]LogTargetPlatformManager: Display: Loaded TargetPlatform 'Android_ASTC'
[2020.06.04-15.08.57:091][  0]LogTargetPlatformManager: Display: Loaded TargetPlatform 'Android_ATC'
[2020.06.04-15.08.57:091][  0]LogTargetPlatformManager: Display: Loaded TargetPlatform 'Android_DXT'
[2020.06.04-15.08.57:091][  0]LogTargetPlatformManager: Display: Loaded TargetPlatform 'Android_ETC1'
[2020.06.04-15.08.57:091][  0]LogTargetPlatformManager: Display: Loaded TargetPlatform 'Android_ETC1a'
[2020.06.04-15.08.57:091][  0]LogTargetPlatformManager: Display: Loaded TargetPlatform 'Android_ETC2'
[2020.06.04-15.08.57:091][  0]LogTargetPlatformManager: Display: Loaded TargetPlatform 'Android_PVRTC'
[2020.06.04-15.08.57:091][  0]LogTargetPlatformManager: Display: Loaded TargetPlatform 'AndroidClient'
[2020.06.04-15.08.57:091][  0]LogTargetPlatformManager: Display: Loaded TargetPlatform 'Android_ASTCClient'
[2020.06.04-15.08.57:091][  0]LogTargetPlatformManager: Display: Loaded TargetPlatform 'Android_ATCClient'
[2020.06.04-15.08.57:091][  0]LogTargetPlatformManager: Display: Loaded TargetPlatform 'Android_DXTClient'
[2020.06.04-15.08.57:091][  0]LogTargetPlatformManager: Display: Loaded TargetPlatform 'Android_ETC1Client'
[2020.06.04-15.08.57:091][  0]LogTargetPlatformManager: Display: Loaded TargetPlatform 'Android_ETC1aClient'
[2020.06.04-15.08.57:091][  0]LogTargetPlatformManager: Display: Loaded TargetPlatform 'Android_ETC2Client'
[2020.06.04-15.08.57:091][  0]LogTargetPlatformManager: Display: Loaded TargetPlatform 'Android_PVRTCClient'
[2020.06.04-15.08.57:091][  0]LogTargetPlatformManager: Display: Loaded TargetPlatform 'Android_Multi'
[2020.06.04-15.08.57:091][  0]LogTargetPlatformManager: Display: Loaded TargetPlatform 'Android_MultiClient'
[2020.06.04-15.08.57:109][  0]LogTargetPlatformManager: Display: Loaded TargetPlatform 'IOSClient'
[2020.06.04-15.08.57:109][  0]LogTargetPlatformManager: Display: Loaded TargetPlatform 'IOS'
[2020.06.04-15.08.57:116][  0]LogTargetPlatformManager: Display: Loaded TargetPlatform 'LinuxNoEditor'
[2020.06.04-15.08.57:123][  0]LogTargetPlatformManager: Display: Loaded TargetPlatform 'LinuxClient'
[2020.06.04-15.08.57:130][  0]LogTargetPlatformManager: Display: Loaded TargetPlatform 'LinuxServer'
[2020.06.04-15.08.57:137][  0]LogTargetPlatformManager: Display: Loaded TargetPlatform 'LinuxAArch64NoEditor'
[2020.06.04-15.08.57:144][  0]LogTargetPlatformManager: Display: Loaded TargetPlatform 'LinuxAArch64Client'
[2020.06.04-15.08.57:153][  0]LogTargetPlatformManager: Display: Loaded TargetPlatform 'LinuxAArch64Server'
[2020.06.04-15.08.57:178][  0]LogTargetPlatformManager: Display: Loaded TargetPlatform 'Lumin'
[2020.06.04-15.08.57:178][  0]LogTargetPlatformManager: Display: Loaded TargetPlatform 'LuminClient'
[2020.06.04-15.08.57:193][  0]LogTargetPlatformManager: Display: Loaded TargetPlatform 'TVOSClient'
[2020.06.04-15.08.57:193][  0]LogTargetPlatformManager: Display: Loaded TargetPlatform 'TVOS'
[2020.06.04-15.08.57:200][  0]LogTargetPlatformManager: Display: Loaded TargetPlatform 'WindowsNoEditor'
[2020.06.04-15.08.57:208][  0]LogTargetPlatformManager: Display: Loaded TargetPlatform 'Windows'
[2020.06.04-15.08.57:215][  0]LogTargetPlatformManager: Display: Loaded TargetPlatform 'WindowsClient'
[2020.06.04-15.08.57:222][  0]LogTargetPlatformManager: Display: Loaded TargetPlatform 'WindowsServer'
[2020.06.04-15.08.57:222][  0]LogTargetPlatformManager: Display: Building Assets For Windows
[2020.06.04-15.08.57:225][  0]LogAudioDebug: Display: Lib vorbis DLL was dynamically loaded.
[2020.06.04-15.08.57:248][  0]LogShaderCompilers: Guid format shader working directory is -1 characters bigger than the processId version (../../../../../Temp/survival-craft/One_Man_Land/Intermediate/Shaders/WorkingDirectory/6692/).
[2020.06.04-15.08.57:248][  0]LogShaderCompilers: Cleaned the shader compiler working directory 'C:/Users/orvid/AppData/Local/Temp/UnrealShaderWorkingDir/FFA231844EAD7F63A3DC88AD116780A2/'.
[2020.06.04-15.08.57:249][  0]LogXGEController: Cannot use XGE Controller as Incredibuild is not installed on this machine.
[2020.06.04-15.08.57:249][  0]LogShaderCompilers: Cannot use XGE Shader Compiler as Incredibuild is not installed on this machine.
[2020.06.04-15.08.57:249][  0]LogShaderCompilers: Display: Using Local Shader Compiler.
[2020.06.04-15.08.58:075][  0]LogDerivedDataCache: Display: Max Cache Size: 512 MB
[2020.06.04-15.08.58:265][  0]LogDerivedDataCache: Loaded boot cache 0.19s 78MB C:/Users/orvid/AppData/Local/UnrealEngine/4.24/DerivedDataCache/Boot.ddc.
[2020.06.04-15.08.58:265][  0]LogDerivedDataCache: Display: Loaded Boot cache: C:/Users/orvid/AppData/Local/UnrealEngine/4.24/DerivedDataCache/Boot.ddc
[2020.06.04-15.08.58:265][  0]LogDerivedDataCache: FDerivedDataBackendGraph:  Pak pak cache file ../../../../../Temp/survival-craft/One_Man_Land/DerivedDataCache/DDC.ddp not found, will not use a pak cache.
[2020.06.04-15.08.58:265][  0]LogDerivedDataCache: Unable to find inner node Pak for hierarchical cache Hierarchy.
[2020.06.04-15.08.58:265][  0]LogDerivedDataCache: FDerivedDataBackendGraph:  CompressedPak pak cache file ../../../../../Temp/survival-craft/One_Man_Land/DerivedDataCache/Compressed.ddp not found, will not use a pak cache.
[2020.06.04-15.08.58:265][  0]LogDerivedDataCache: Unable to find inner node CompressedPak for hierarchical cache Hierarchy.
[2020.06.04-15.08.58:311][  0]LogDerivedDataCache: Display: Pak cache opened for reading ../../../Engine/DerivedDataCache/Compressed.ddp.
[2020.06.04-15.08.58:311][  0]LogDerivedDataCache: FDerivedDataBackendGraph:  EnterprisePak pak cache file ../../../Enterprise/DerivedDataCache/Compressed.ddp not found, will not use a pak cache.
[2020.06.04-15.08.58:311][  0]LogDerivedDataCache: Unable to find inner node EnterprisePak for hierarchical cache Hierarchy.
[2020.06.04-15.08.58:313][  0]LogDerivedDataCache: Using Local data cache path C:/Users/orvid/AppData/Local/UnrealEngine/Common/DerivedDataCache: Writable
[2020.06.04-15.08.58:313][  0]LogDerivedDataCache: Shared data cache path not found in *engine.ini, will not use an Shared cache.
[2020.06.04-15.08.58:313][  0]LogDerivedDataCache: Unable to find inner node Shared for hierarchical cache Hierarchy.
[2020.06.04-15.08.58:357][  0]LogMaterial: Verifying Global Shaders for PCD3D_SM5
[2020.06.04-15.08.58:359][  0]LogSlate: Using FreeType 2.10.0
[2020.06.04-15.08.58:367][  0]LogSlate: SlateFontServices - WITH_FREETYPE: 1, WITH_HARFBUZZ: 1
[2020.06.04-15.08.59:585][  0]LogAssetRegistry: FAssetRegistry took 0.0085 seconds to start up
[2020.06.04-15.09.00:045][  0]LogInit: Selected Device Profile: [Windows]
[2020.06.04-15.09.00:919][  0]LogMeshReduction: Using QuadricMeshReduction for automatic static mesh reduction
[2020.06.04-15.09.00:919][  0]LogMeshReduction: Using SimplygonMeshReduction for automatic skeletal mesh reduction
[2020.06.04-15.09.00:919][  0]LogMeshReduction: Using ProxyLODMeshReduction for automatic mesh merging
[2020.06.04-15.09.00:919][  0]LogMeshReduction: No distributed automatic mesh merging module available
[2020.06.04-15.09.00:919][  0]LogMeshMerging: No distributed automatic mesh merging module available
[2020.06.04-15.09.00:968][  0]LogNetVersion: One_Man_Land 1.0.0, NetCL: 10570792, EngineNetVer: 13, GameNetVer: 0 (Checksum: 3489033838)
[2020.06.04-15.09.27:036][  0]LogPackageLocalizationCache: Processed 10 localized package path(s) for 1 prioritized culture(s) in 0.282664 seconds
[2020.06.04-15.09.27:104][  0]LogUObjectArray: 46750 objects as part of root set at end of initial load.
[2020.06.04-15.09.27:105][  0]LogUObjectAllocator: 8137160 out of 0 bytes used by permanent object pool.
[2020.06.04-15.09.27:105][  0]LogUObjectArray: CloseDisregardForGC: 0/0 objects in disregard for GC pool
[2020.06.04-15.09.32:623][  0]LogTcpMessaging: Initializing TcpMessaging bridge
[2020.06.04-15.09.32:648][  0]LogUdpMessaging: Initializing bridge on interface 0.0.0.0:0 to multicast group 230.0.0.1:6666.
[2020.06.04-15.09.33:296][  0]SourceControl: Source control is disabled
[2020.06.04-15.09.33:308][  0]SourceControl: Source control is disabled
[2020.06.04-15.09.33:397][  0]SourceControl: Source control is disabled
[2020.06.04-15.09.33:422][  0]SourceControl: Source control is disabled
[2020.06.04-15.09.33:438][  0]SourceControl: Source control is disabled
[2020.06.04-15.09.34:683][  0]LogAndroidPermission: UAndroidPermissionCallbackProxy::GetInstance
[2020.06.04-15.09.34:842][  0]LogAudioCaptureCore: Display: No Audio Capture implementations found. Audio input will be silent.
[2020.06.04-15.09.34:843][  0]LogAudioCaptureCore: Display: No Audio Capture implementations found. Audio input will be silent.
[2020.06.04-15.09.35:386][  0]LogOcInput: OculusInput pre-init called
[2020.06.04-15.09.35:467][  0]LogWindows: Failed to load 'OVRPlugin.dll' (GetLastError=126)
[2020.06.04-15.09.35:467][  0]LogWindows: File 'OVRPlugin.dll' does not exist
[2020.06.04-15.09.37:323][  0]LogEngine: Initializing Engine...
[2020.06.04-15.09.37:427][  0]LogHMD: Failed to initialize OpenVR with code 110
[2020.06.04-15.09.37:515][  0]LogStats: UGameplayTagsManager::InitializeManager -  0.033 s
[2020.06.04-15.09.38:743][  0]LogInit: Initializing FReadOnlyCVARCache
[2020.06.04-15.09.39:401][  0]LogAIModule: Creating AISystem for world Untitled
[2020.06.04-15.09.39:774][  0]LogAudioMixer: Display: Audio Mixer Platform Settings:
[2020.06.04-15.09.39:774][  0]LogAudioMixer: Display: 	Sample Rate:						  48000
[2020.06.04-15.09.39:774][  0]LogAudioMixer: Display: 	Callback Buffer Frame Size Requested: 1024
[2020.06.04-15.09.39:774][  0]LogAudioMixer: Display: 	Callback Buffer Frame Size To Use:	  1024
[2020.06.04-15.09.39:774][  0]LogAudioMixer: Display: 	Number of buffers to queue:			  2
[2020.06.04-15.09.39:775][  0]LogAudioMixer: Display: 	Max Channels (voices):				  32
[2020.06.04-15.09.39:775][  0]LogAudioMixer: Display: 	Number of Async Source Workers:		  0
[2020.06.04-15.09.39:775][  0]LogAudio: Display: AudioDevice MaxSources: 32
[2020.06.04-15.09.39:780][  0]LogAudio: Display: Using built-in audio occlusion.
[2020.06.04-15.09.39:781][  0]LogAudioMixer: Display: Initializing audio mixer.
[2020.06.04-15.09.40:074][  0]LogAudioMixer: Display: Audio Device Output Speaker Info:
[2020.06.04-15.09.40:074][  0]LogAudioMixer: Display: Name: Speakers (Realtek(R) Audio)
[2020.06.04-15.09.40:074][  0]LogAudioMixer: Display: Is Default: Yes
[2020.06.04-15.09.40:074][  0]LogAudioMixer: Display: Sample Rate: 48000
[2020.06.04-15.09.40:074][  0]LogAudioMixer: Display: Channel Count Used: 8
[2020.06.04-15.09.40:074][  0]LogAudioMixer: Display: Device Channel Count: 8
[2020.06.04-15.09.40:074][  0]LogAudioMixer: Display: Channel Order:
[2020.06.04-15.09.40:074][  0]LogAudioMixer: Display: 0: FrontLeft
[2020.06.04-15.09.40:074][  0]LogAudioMixer: Display: 1: FrontRight
[2020.06.04-15.09.40:074][  0]LogAudioMixer: Display: 2: FrontCenter
[2020.06.04-15.09.40:074][  0]LogAudioMixer: Display: 3: LowFrequency
[2020.06.04-15.09.40:074][  0]LogAudioMixer: Display: 4: BackLeft
[2020.06.04-15.09.40:074][  0]LogAudioMixer: Display: 5: BackRight
[2020.06.04-15.09.40:074][  0]LogAudioMixer: Display: 6: SideLeft
[2020.06.04-15.09.40:074][  0]LogAudioMixer: Display: 7: SideRight
[2020.06.04-15.09.40:700][  0]LogAudioMixer: Display: Using Audio Device Speakers (Realtek(R) Audio)
[2020.06.04-15.09.40:731][  0]LogInit: FAudioDevice initialized.
[2020.06.04-15.09.40:751][  0]LogNetVersion: Set ProjectVersion to 1.0.0.0. Version Checksum will be recalculated on next use.
[2020.06.04-15.09.40:856][  0]LogDerivedDataCache: Saved boot cache 0.10s 78MB C:/Users/orvid/AppData/Local/UnrealEngine/4.24/DerivedDataCache/Boot.ddc.
[2020.06.04-15.09.40:863][  0]LogInit: Texture streaming: Enabled
[2020.06.04-15.09.41:086][  0]LogEngineSessionManager: EngineSessionManager initialized
[2020.06.04-15.09.41:092][  0]LogEditorSessionSummary: Verbose: Initializing EditorSessionSummaryWriter for editor session tracking
[2020.06.04-15.09.41:115][  0]LogEditorSessionSummary: EditorSessionSummaryWriter initialized
[2020.06.04-15.09.41:537][  0]LogInit: Transaction tracking system initialized
[2020.06.04-15.09.41:925][  0]BlueprintLog: New page: Editor Load
[2020.06.04-15.09.43:072][  0]LocalizationService: Localization service is disabled
[2020.06.04-15.09.45:612][  0]LogCook: Display: Max memory allowance for cook 16384mb min free memory 0mb
[2020.06.04-15.09.45:612][  0]LogCook: Display: Mobile HDR setting 1
[2020.06.04-15.09.46:263][  0]LogFileCache: Scanning file cache for directory 'D:/Temp/survival-craft/One_Man_Land/Content/' took 0.18s
[2020.06.04-15.09.49:195][  0]SourceControl: Source control is disabled
[2020.06.04-15.09.49:307][  0]Cmd: MAP LOAD FILE="../../../../../Temp/survival-craft/One_Man_Land/Content/FirstPersonBP/Maps/MenuProva.umap" TEMPLATE=0 SHOWPROGRESS=1 FEATURELEVEL=3
[2020.06.04-15.09.49:323][  0]LightingResults: New page: Lighting Build
[2020.06.04-15.09.49:459][  0]LogWorld: UWorld::CleanupWorld for Untitled, bSessionEnded=true, bCleanupResources=true
[2020.06.04-15.09.49:522][  0]LogSlate: InvalidateAllWidgets triggered.  All widgets were invalidated
[2020.06.04-15.09.49:551][  0]MapCheck: New page: Map Check
[2020.06.04-15.09.49:551][  0]LightingResults: New page: Lighting Build
[2020.06.04-15.09.50:138][  0]LogUObjectHash: Compacting FUObjectHashTables data took   6.71ms
[2020.06.04-15.09.54:082][  0]LogTexture: Display: Building textures: greysquare (BGRA8, 334X334)
[2020.06.04-15.09.54:082][  0]LogMaterial: Display: Missing cached shader map for material M_Heat_Distortion, compiling. 
[2020.06.04-15.09.54:516][  0]LogShaderCompilers: Display: Worker (1/9): shaders left to compile 38
[2020.06.04-15.09.54:516][  0]LogShaderCompilers: Display: Worker (2/9): shaders left to compile 33
[2020.06.04-15.09.54:516][  0]LogShaderCompilers: Display: Worker (3/9): shaders left to compile 28
[2020.06.04-15.09.54:517][  0]LogShaderCompilers: Display: Worker (4/9): shaders left to compile 23
[2020.06.04-15.09.54:517][  0]LogShaderCompilers: Display: Worker (5/9): shaders left to compile 18
[2020.06.04-15.09.54:517][  0]LogShaderCompilers: Display: Worker (6/9): shaders left to compile 13
[2020.06.04-15.09.54:517][  0]LogShaderCompilers: Display: Worker (7/9): shaders left to compile 8
[2020.06.04-15.09.54:517][  0]LogShaderCompilers: Display: Worker (8/9): shaders left to compile 3
[2020.06.04-15.09.54:517][  0]LogMaterial: Display: Missing cached shader map for material M_smoke_subUV, compiling. 
[2020.06.04-15.09.54:668][  0]LogMaterial: Display: Missing cached shader map for material M_Fire_SubUV, compiling. 
[2020.06.04-15.09.54:816][  0]LogShaderCompilers: Display: Worker (9/9): shaders left to compile 87
[2020.06.04-15.09.55:152][  0]LogStaticMesh: Building static mesh WolfDead...
[2020.06.04-15.09.55:331][  0]LogStaticMesh: Built static mesh [0.18s] /Game/Animals/Wolf/WolfDead.WolfDead
[2020.06.04-15.09.55:626][  0]LogStaticMesh: Building static mesh RabbitDead...
[2020.06.04-15.09.55:653][  0]LogStaticMesh: Built static mesh [0.03s] /Game/Animals/Rabbit/RabbitDead.RabbitDead
[2020.06.04-15.09.55:704][  0]LogSkeletalMesh: Building Skeletal Mesh Rabbit_Mesh...
[2020.06.04-15.09.55:864][  0]LogSkeletalMesh: Section 0: 982 vertices, 14 active bones
[2020.06.04-15.09.55:864][  0]LogSkeletalMesh: Section 0: Material=0, 1190 triangles
[2020.06.04-15.09.55:891][  0]LogSkeletalMesh: Built Skeletal Mesh [0.20s] /Game/Animals/Rabbit/Rabbit_Mesh.Rabbit_Mesh
[2020.06.04-15.09.56:191][  0]LogSkeletalMesh: Building Skeletal Mesh Wolf_Mesh...
[2020.06.04-15.09.56:227][  0]LogSkeletalMesh: Section 0: 652 vertices, 26 active bones
[2020.06.04-15.09.56:227][  0]LogSkeletalMesh: Section 1: 345 vertices, 18 active bones
[2020.06.04-15.09.56:227][  0]LogSkeletalMesh: Section 2: 192 vertices, 18 active bones
[2020.06.04-15.09.56:227][  0]LogSkeletalMesh: Section 3: 126 vertices, 2 active bones
[2020.06.04-15.09.56:227][  0]LogSkeletalMesh: Section 4: 25 vertices, 1 active bones
[2020.06.04-15.09.56:228][  0]LogSkeletalMesh: Section 0: Material=0, 806 triangles
[2020.06.04-15.09.56:228][  0]LogSkeletalMesh: Section 1: Material=1, 472 triangles
[2020.06.04-15.09.56:228][  0]LogSkeletalMesh: Section 2: Material=2, 172 triangles
[2020.06.04-15.09.56:228][  0]LogSkeletalMesh: Section 3: Material=3, 158 triangles
[2020.06.04-15.09.56:228][  0]LogSkeletalMesh: Section 4: Material=4, 20 triangles
[2020.06.04-15.09.56:231][  0]LogSkeletalMesh: Built Skeletal Mesh [0.04s] /Game/Animals/Wolf/Wolf_Mesh.Wolf_Mesh
[2020.06.04-15.09.56:402][  0]LogAIModule: Creating AISystem for world MenuProva
[2020.06.04-15.09.56:765][  0]LogEditorServer: Finished looking for orphan Actors (0.000 secs)
[2020.06.04-15.09.57:470][  0]LogUObjectHash: Compacting FUObjectHashTables data took   2.97ms
[2020.06.04-15.09.57:605][  0]Cmd: MAP CHECKDEP NOCLEARLOG
[2020.06.04-15.09.57:635][  0]MapCheck: Map check complete: 0 Error(s), 0 Warning(s), took 30,153ms to complete.
[2020.06.04-15.09.57:646][  0]LogFileHelpers: Loading map 'MenuProva' took 8.422
[2020.06.04-15.10.00:719][  0]LogShaderCompilers: Display: Worker (1/9): shaders left to compile 103
[2020.06.04-15.10.00:720][  0]LogShaderCompilers: Display: Worker (4/9): shaders left to compile 93
[2020.06.04-15.10.00:720][  0]LogShaderCompilers: Display: Worker (6/9): shaders left to compile 83
[2020.06.04-15.10.00:720][  0]LogShaderCompilers: Display: Worker (2/9): shaders left to compile 73
[2020.06.04-15.10.00:720][  0]LogSlate: Updating window title bar state: overlay mode, drag disabled, window buttons hidden, title bar hidden
[2020.06.04-15.10.00:773][  0]LogSlate: Updating window title bar state: overlay mode, drag disabled, window buttons hidden, title bar hidden
[2020.06.04-15.10.00:797][  0]LogSlate: Updating window title bar state: overlay mode, drag disabled, window buttons hidden, title bar hidden
[2020.06.04-15.10.00:832][  0]LogSlate: Updating window title bar state: overlay mode, drag disabled, window buttons hidden, title bar hidden
[2020.06.04-15.10.01:008][  0]LogCollectionManager: Loaded 0 collections in 0.019712 seconds
[2020.06.04-15.10.01:140][  0]LogFileCache: Scanning file cache for directory 'D:/Temp/survival-craft/One_Man_Land/Saved/Collections/' took 0.00s
[2020.06.04-15.10.01:140][  0]LogFileCache: Scanning file cache for directory 'D:/Temp/survival-craft/One_Man_Land/Content/Developers/orvid/Collections/' took 0.01s
[2020.06.04-15.10.01:140][  0]LogFileCache: Scanning file cache for directory 'D:/Temp/survival-craft/One_Man_Land/Content/Collections/' took 0.00s
[2020.06.04-15.10.01:140][  0]LogShaderCompilers: Display: Worker (7/9): shaders left to compile 64
[2020.06.04-15.10.01:140][  0]LogContentBrowser: Native class hierarchy populated in 0.0297 seconds. Added 3015 classes and 717 folders.
[2020.06.04-15.10.01:342][  0]LogContentBrowser: Native class hierarchy updated for 'WidgetCarousel' in 0.0007 seconds. Added 0 classes and 0 folders.
[2020.06.04-15.10.02:562][  0]LogShaderCompilers: Display: Worker (8/9): shaders left to compile 56
[2020.06.04-15.10.02:562][  0]LogShaderCompilers: Display: Worker (3/9): shaders left to compile 49
[2020.06.04-15.10.02:562][  0]LogContentBrowser: Native class hierarchy updated for 'AddContentDialog' in 0.0007 seconds. Added 0 classes and 0 folders.
[2020.06.04-15.10.02:636][  0]LogContentBrowser: Native class hierarchy updated for 'SceneOutliner' in 0.0006 seconds. Added 2 classes and 3 folders.
[2020.06.04-15.10.04:711][  0]LogShaderCompilers: Display: Worker (5/9): shaders left to compile 43
[2020.06.04-15.10.04:711][  0]LogSlate: Took 0.009601 seconds to synchronously load lazily loaded font '../../../Engine/Content/Slate/Fonts/Roboto-Regular.ttf' (155K)
[2020.06.04-15.10.04:882][  0]LogSlate: Took 0.012945 seconds to synchronously load lazily loaded font '../../../Engine/Content/Slate/Fonts/Roboto-Bold.ttf' (160K)
[2020.06.04-15.10.04:924][  0]LogSlate: Took 0.007729 seconds to synchronously load lazily loaded font '../../../Engine/Content/Editor/Slate/Fonts/FontAwesome.ttf' (139K)
[2020.06.04-15.10.05:831][  0]LogRenderer: Reallocating scene render targets to support 1528x352 Format 9 NumSamples 1 (Frame:1).
[2020.06.04-15.10.06:814][  0]LogSlate: Took 0.009275 seconds to synchronously load lazily loaded font '../../../Engine/Content/Slate/Fonts/Roboto-Light.ttf' (167K)
[2020.06.04-15.10.07:434][  0]LogContentBrowser: Native class hierarchy updated for 'HierarchicalLODOutliner' in 0.0009 seconds. Added 0 classes and 0 folders.
[2020.06.04-15.10.07:443][  0]LogLoad: (Engine Initialization) Total time: 102.40 seconds
[2020.06.04-15.10.07:444][  0]LogLoad: (Engine Initialization) Total Blueprint compile time: 0.00 seconds
[2020.06.04-15.10.08:236][  0]LogShaderCompilers: Display: Worker (8/9): shaders left to compile 38
[2020.06.04-15.10.08:582][  0]LogMaterial: Display: Missing cached shader map for material Material_0, compiling. 
[2020.06.04-15.10.09:071][  0]LogShaderCompilers: Display: Worker (9/9): shaders left to compile 37
[2020.06.04-15.10.09:071][  0]LogContentStreaming: Texture pool size now 800 MB
[2020.06.04-15.10.09:853][  1]LogFileCache: Retrieving MD5 hashes for directory 'D:/Temp/survival-craft/One_Man_Land/Content/' took 2.04s
[2020.06.04-15.10.11:453][ 16]LogShaderCompilers: Display: Worker (5/9): shaders left to compile 32
[2020.06.04-15.10.12:044][ 20]LogAssetRegistry: Asset discovery search completed in 72.4618 seconds
[2020.06.04-15.10.12:086][ 20]LogCollectionManager: Fixed up redirectors for 0 collections in 0.000034 seconds (updated 0 objects)
[2020.06.04-15.10.12:769][ 28]LogShaderCompilers: Display: Worker (3/9): shaders left to compile 27
[2020.06.04-15.10.13:595][ 36]LogShaderCompilers: Display: Worker (7/9): shaders left to compile 23
[2020.06.04-15.10.14:500][ 45]LogShaderCompilers: Display: Worker (6/9): shaders left to compile 20
[2020.06.04-15.10.14:543][ 46]LogShaderCompilers: Display: Worker (4/9): shaders left to compile 17
[2020.06.04-15.10.15:037][ 51]LogShaderCompilers: Display: Worker (5/9): shaders left to compile 14
[2020.06.04-15.10.15:466][ 55]LogShaderCompilers: Display: Worker (2/9): shaders left to compile 12
[2020.06.04-15.10.15:650][ 57]LogShaderCompilers: Display: Worker (7/9): shaders left to compile 10
[2020.06.04-15.10.15:906][ 58]LogShaderCompilers: Display: Worker (5/9): shaders left to compile 8
[2020.06.04-15.10.16:090][ 61]LogShaderCompilers: Display: Worker (8/9): shaders left to compile 6
[2020.06.04-15.10.16:707][ 68]LogShaderCompilers: Display: Worker (7/9): shaders left to compile 5
[2020.06.04-15.10.16:946][ 70]LogShaderCompilers: Display: Worker (1/9): shaders left to compile 4
[2020.06.04-15.10.17:071][ 72]LogShaderCompilers: Display: Worker (6/9): shaders left to compile 3
[2020.06.04-15.10.17:172][ 73]LogShaderCompilers: Display: Worker (2/9): shaders left to compile 2
[2020.06.04-15.10.17:296][ 74]LogShaderCompilers: Display: Worker (1/9): shaders left to compile 1
[2020.06.04-15.10.22:612][147]LogRenderer: Reallocating scene render targets to support 1528x364 Format 9 NumSamples 1 (Frame:151).
[2020.06.04-15.10.22:736][148]LogRenderer: Reallocating scene render targets to support 1528x408 Format 9 NumSamples 1 (Frame:153).
[2020.06.04-15.10.22:858][149]LogRenderer: Reallocating scene render targets to support 1528x420 Format 9 NumSamples 1 (Frame:155).
[2020.06.04-15.10.25:061][183]LogRenderer: Reallocating scene render targets to support 1528x436 Format 9 NumSamples 1 (Frame:188).
[2020.06.04-15.10.25:169][184]LogRenderer: Reallocating scene render targets to support 1528x460 Format 9 NumSamples 1 (Frame:190).
[2020.06.04-15.10.25:282][185]LogRenderer: Reallocating scene render targets to support 1528x488 Format 9 NumSamples 1 (Frame:192).
[2020.06.04-15.10.25:401][186]LogRenderer: Reallocating scene render targets to support 1528x520 Format 9 NumSamples 1 (Frame:194).
[2020.06.04-15.10.25:537][187]LogRenderer: Reallocating scene render targets to support 1528x544 Format 9 NumSamples 1 (Frame:196).
[2020.06.04-15.10.25:644][188]LogRenderer: Reallocating scene render targets to support 1528x560 Format 9 NumSamples 1 (Frame:198).
[2020.06.04-15.10.25:743][189]LogRenderer: Reallocating scene render targets to support 1528x572 Format 9 NumSamples 1 (Frame:200).
[2020.06.04-15.10.25:866][190]LogRenderer: Reallocating scene render targets to support 1528x576 Format 9 NumSamples 1 (Frame:202).
[2020.06.04-15.10.25:984][191]LogRenderer: Reallocating scene render targets to support 1528x584 Format 9 NumSamples 1 (Frame:204).
[2020.06.04-15.10.26:507][199]LogRenderer: Reallocating scene render targets to support 1528x604 Format 9 NumSamples 1 (Frame:206).
[2020.06.04-15.10.26:621][200]LogRenderer: Reallocating scene render targets to support 1528x608 Format 9 NumSamples 1 (Frame:208).
[2020.06.04-15.10.36:750][314]LogD3D11RHI: Timed out while waiting for GPU to catch up. (0.5 s) (ErrorCode 00000001)
[2020.06.04-15.10.36:901][314]LogD3D11RHI: Error: Result failed 
 at D:/Build/++UE4/Sync/Engine/Source/Runtime/Windows/D3D11RHI/Private/D3D11Query.cpp:348 
 with error DXGI_ERROR_DEVICE_REMOVED DXGI_ERROR_DEVICE_HUNG
[2020.06.04-15.10.36:901][314]LogD3D11RHI: [Aftermath] GDynamicRHI=000001251D7220C0, GDX11NVAfterMathEnabled=0, Result=0xFFFFFFFF, bDeviceActive=0
[2020.06.04-15.10.36:901][314]LogWindows: Windows GetLastError: La operación se completó correctamente. (0)
[2020.06.04-15.10.51:359][314]LogOutputDevice: Warning: 

Script Stack (0 frames):

[2020.06.04-15.10.51:360][314]LogWindows: Windows GetLastError: La operación se completó correctamente. (0)
[2020.06.04-15.10.51:423][314]LogWindows: Error: === Critical error: ===
[2020.06.04-15.10.51:423][314]LogWindows: Error: 
[2020.06.04-15.10.51:424][314]LogWindows: Error: Fatal error: [File:D:/Build/++UE4/Sync/Engine/Source/Runtime/RenderCore/Private/RenderingThread.cpp] [Line: 853] 
[2020.06.04-15.10.51:424][314]LogWindows: Error: Rendering thread exception:
[2020.06.04-15.10.51:424][314]LogWindows: Error: Fatal error: [File:D:/Build/++UE4/Sync/Engine/Source/Runtime/Windows/D3D11RHI/Private/D3D11Util.cpp] [Line: 198] 
[2020.06.04-15.10.51:424][314]LogWindows: Error: Unreal Engine is exiting due to D3D device being lost. (Error: 0x887A0006 - 'HUNG')
[2020.06.04-15.10.51:424][314]LogWindows: Error: 
[2020.06.04-15.10.51:424][314]LogWindows: Error: 
[2020.06.04-15.10.51:424][314]LogWindows: Error: Unhandled Exception: 0x00008000
[2020.06.04-15.10.51:424][314]LogWindows: Error: 
[2020.06.04-15.10.51:424][314]LogWindows: Error: [Callstack] 0x00007ffa6f99a799 KERNELBASE.dll!UnknownFunction []
[2020.06.04-15.10.51:424][314]LogWindows: Error: [Callstack] 0x00007ffa1c2ec166 UE4Editor-Core.dll!UnknownFunction []
[2020.06.04-15.10.51:424][314]LogWindows: Error: [Callstack] 0x00007ffa1c2edc51 UE4Editor-Core.dll!UnknownFunction []
[2020.06.04-15.10.51:424][314]LogWindows: Error: [Callstack] 0x00007ffa1c0a2c7d UE4Editor-Core.dll!UnknownFunction []
[2020.06.04-15.10.51:424][314]LogWindows: Error: [Callstack] 0x00007ffa28e613e9 UE4Editor-D3D11RHI.dll!UnknownFunction []
[2020.06.04-15.10.51:424][314]LogWindows: Error: [Callstack] 0x00007ffa28e65bbf UE4Editor-D3D11RHI.dll!UnknownFunction []
[2020.06.04-15.10.51:424][314]LogWindows: Error: [Callstack] 0x00007ffa28e460e3 UE4Editor-D3D11RHI.dll!UnknownFunction []
[2020.06.04-15.10.51:424][314]LogWindows: Error: [Callstack] 0x00007ffa28e5462c UE4Editor-D3D11RHI.dll!UnknownFunction []
[2020.06.04-15.10.51:424][314]LogWindows: Error: [Callstack] 0x00007ffa25bd41af UE4Editor-RHI.dll!UnknownFunction []
[2020.06.04-15.10.51:424][314]LogWindows: Error: [Callstack] 0x00007ff9eed0e358 UE4Editor-Renderer.dll!UnknownFunction []
[2020.06.04-15.10.51:424][314]LogWindows: Error: [Callstack] 0x00007ff9ef18b808 UE4Editor-Renderer.dll!UnknownFunction []
[2020.06.04-15.10.51:424][314]LogWindows: Error: [Callstack] 0x00007ff9ef16962c UE4Editor-Renderer.dll!UnknownFunction []
[2020.06.04-15.10.51:424][314]LogWindows: Error: [Callstack] 0x00007ffa1be79ff2 UE4Editor-Core.dll!UnknownFunction []
[2020.06.04-15.10.51:424][314]LogWindows: Error: [Callstack] 0x00007ffa1be7a393 UE4Editor-Core.dll!UnknownFunction []
[2020.06.04-15.10.51:424][314]LogWindows: Error: [Callstack] 0x00007ffa27b25391 UE4Editor-RenderCore.dll!UnknownFunction []
[2020.06.04-15.10.51:425][314]LogWindows: Error: [Callstack] 0x00007ffa27b2e254 UE4Editor-RenderCore.dll!UnknownFunction []
[2020.06.04-15.10.51:425][314]LogWindows: Error: [Callstack] 0x00007ffa1c2f32ef UE4Editor-Core.dll!UnknownFunction []
[2020.06.04-15.10.51:425][314]LogWindows: Error: [Callstack] 0x00007ffa1c2f2f94 UE4Editor-Core.dll!UnknownFunction []
[2020.06.04-15.10.51:425][314]LogWindows: Error: [Callstack] 0x00007ffa719a7bd4 KERNEL32.DLL!UnknownFunction []
[2020.06.04-15.10.51:425][314]LogWindows: Error: [Callstack] 0x00007ffa7288ce51 ntdll.dll!UnknownFunction []
[2020.06.04-15.10.51:425][314]LogWindows: Error: 
[2020.06.04-15.10.51:425][314]LogWindows: Error: 
[2020.06.04-15.10.51:425][314]LogWindows: Error: 
[2020.06.04-15.10.51:425][314]LogWindows: Error: 
[2020.06.04-15.10.51:484][314]LogExit: Executing StaticShutdownAfterError
[2020.06.04-15.10.51:826][314]LogWindows: FPlatformMisc::RequestExit(1)
[2020.06.04-15.10.51:827][314]LogCore: Engine exit requested (reason: Win RequestExit)
[2020.06.04-15.10.51:858][314]Log file closed, 06/04/20 17:10:51
