Log file open, 03/23/20 15:39:59
LogWindows: Failed to load 'aqProf.dll' (GetLastError=126)
LogWindows: File 'aqProf.dll' does not exist
LogWindows: Failed to load 'VtuneApi.dll' (GetLastError=126)
LogWindows: File 'VtuneApi.dll' does not exist
LogWindows: Failed to load 'VtuneApi32e.dll' (GetLastError=126)
LogWindows: File 'VtuneApi32e.dll' does not exist
LogConsoleResponse: Display: Failed to find resolution value strings in scalability ini. Falling back to default.
LogInit: Display: Running engine for game: One_Man_Land
LogPlatformFile: Not using cached read wrapper
LogTaskGraph: Started task graph with 5 named threads and 23 total threads with 3 sets of task threads.
LogStats: Stats thread started at 17.152148
LogD3D11RHI: Loaded GFSDK_Aftermath_Lib.x64.dll
LogICUInternationalization: ICU TimeZone Detection - Raw Offset: +1:00, Platform Override: ''
LogPluginManager: Mounting plugin Paper2D
LogPluginManager: Mounting plugin AISupport
LogPluginManager: Mounting plugin LightPropagationVolume
LogPluginManager: Mounting plugin ActorLayerUtilities
LogPluginManager: Mounting plugin AnimationSharing
LogPluginManager: Mounting plugin CLionSourceCodeAccess
LogPluginManager: Mounting plugin CodeLiteSourceCodeAccess
LogPluginManager: Mounting plugin GitSourceControl
LogPluginManager: Mounting plugin KDevelopSourceCodeAccess
LogPluginManager: Mounting plugin NullSourceCodeAccess
LogPluginManager: Mounting plugin PerforceSourceControl
LogPluginManager: Mounting plugin PlasticSourceControl
LogPluginManager: Mounting plugin SubversionSourceControl
LogPluginManager: Mounting plugin UObjectPlugin
LogPluginManager: Mounting plugin VisualStudioCodeSourceCodeAccess
LogPluginManager: Mounting plugin VisualStudioSourceCodeAccess
LogPluginManager: Mounting plugin XCodeSourceCodeAccess
LogPluginManager: Mounting plugin AssetManagerEditor
LogPluginManager: Mounting plugin CryptoKeys
LogPluginManager: Mounting plugin CurveEditorTools
LogPluginManager: Mounting plugin DataValidation
LogPluginManager: Mounting plugin FacialAnimation
LogPluginManager: Mounting plugin GameplayTagsEditor
LogPluginManager: Mounting plugin MacGraphicsSwitching
LogPluginManager: Mounting plugin MaterialAnalyzer
LogPluginManager: Mounting plugin MobileLauncherProfileWizard
LogPluginManager: Mounting plugin PluginBrowser
LogPluginManager: Mounting plugin SpeedTreeImporter
LogPluginManager: Mounting plugin DatasmithContent
LogPluginManager: Mounting plugin VariantManagerContent
LogPluginManager: Mounting plugin AlembicImporter
LogPluginManager: Mounting plugin AutomationUtils
LogPluginManager: Mounting plugin BackChannel
LogPluginManager: Mounting plugin CharacterAI
LogPluginManager: Mounting plugin GeometryCache
LogPluginManager: Mounting plugin PlatformCrypto
LogPluginManager: Mounting plugin ProxyLODPlugin
LogPluginManager: Mounting plugin SkeletalReduction
LogPluginManager: Mounting plugin MagicLeap
LogPluginManager: Mounting plugin MagicLeapMedia
LogPluginManager: Mounting plugin MLSDK
LogPluginManager: Mounting plugin AndroidMedia
LogPluginManager: Mounting plugin AvfMedia
LogPluginManager: Mounting plugin ImgMedia
LogPluginManager: Mounting plugin MediaCompositing
LogPluginManager: Mounting plugin MediaPlayerEditor
LogPluginManager: Mounting plugin WebMMedia
LogPluginManager: Mounting plugin WmfMedia
LogPluginManager: Mounting plugin TcpMessaging
LogPluginManager: Mounting plugin UdpMessaging
LogPluginManager: Mounting plugin ActorSequence
LogPluginManager: Mounting plugin LevelSequenceEditor
LogPluginManager: Mounting plugin MatineeToLevelSequence
LogPluginManager: Mounting plugin NetcodeUnitTest
LogPluginManager: Mounting plugin NUTUnrealEngine4
LogPluginManager: Mounting plugin OnlineSubsystemGooglePlay
LogPluginManager: Mounting plugin OnlineSubsystemIOS
LogPluginManager: Mounting plugin OnlineSubsystem
LogPluginManager: Mounting plugin OnlineSubsystemNull
LogPluginManager: Mounting plugin OnlineSubsystemUtils
LogPluginManager: Mounting plugin LauncherChunkInstaller
LogPluginManager: Mounting plugin AndroidDeviceProfileSelector
LogPluginManager: Mounting plugin AndroidMoviePlayer
LogPluginManager: Mounting plugin AndroidPermission
LogPluginManager: Mounting plugin AppleImageUtils
LogPluginManager: Mounting plugin AppleMoviePlayer
LogPluginManager: Mounting plugin ArchVisCharacter
LogPluginManager: Mounting plugin AssetTags
LogPluginManager: Mounting plugin AudioCapture
LogPluginManager: Mounting plugin CableComponent
LogPluginManager: Mounting plugin CustomMeshComponent
LogPluginManager: Mounting plugin EditableMesh
LogPluginManager: Mounting plugin ExampleDeviceProfileSelector
LogPluginManager: Mounting plugin GoogleCloudMessaging
LogPluginManager: Mounting plugin IOSDeviceProfileSelector
LogPluginManager: Mounting plugin LinuxDeviceProfileSelector
LogPluginManager: Mounting plugin LocationServicesBPLibrary
LogPluginManager: Mounting plugin MobilePatchingUtils
LogPluginManager: Mounting plugin OculusVR
LogPluginManager: Mounting plugin PhysXVehicles
LogPluginManager: Mounting plugin PostSplashScreen
LogPluginManager: Mounting plugin ProceduralMeshComponent
LogPluginManager: Mounting plugin RuntimePhysXCooking
LogPluginManager: Mounting plugin SignificanceManager
LogPluginManager: Mounting plugin SteamVR
LogPluginManager: Mounting plugin WebMMoviePlayer
LogPluginManager: Mounting plugin WindowsMoviePlayer
LogPluginManager: Mounting plugin ScreenshotTools
LogInit: Using libcurl 7.55.1-DEV
LogInit:  - built for x86_64-pc-win32
LogInit:  - supports SSL with OpenSSL/1.1.1
LogInit:  - supports HTTP deflate (compression) using libz 1.2.8
LogInit:  - other features:
LogInit:      CURL_VERSION_SSL
LogInit:      CURL_VERSION_LIBZ
LogInit:      CURL_VERSION_IPV6
LogInit:      CURL_VERSION_ASYNCHDNS
LogInit:      CURL_VERSION_LARGEFILE
LogInit:      CURL_VERSION_IDN
LogInit:  CurlRequestOptions (configurable via config and command line):
LogInit:  - bVerifyPeer = true  - Libcurl will verify peer certificate
LogInit:  - bUseHttpProxy = false  - Libcurl will NOT use HTTP proxy
LogInit:  - bDontReuseConnections = false  - Libcurl will reuse connections
LogInit:  - MaxHostConnections = 16  - Libcurl will limit the number of connections to a host
LogInit:  - LocalHostAddr = Default
LogInit:  - BufferSize = 65536
LogOnline: OSS: Creating online subsystem instance for: NULL
LogInit: WinSock: version 1.1 (2.2), MaxSocks=32767, MaxUdp=65467
LogOnline: OSS: TryLoadSubsystemAndSetDefault: Loaded subsystem for module [NULL]
LogInit: Build: ++UE4+Release-4.24-CL-11100242
LogInit: Engine Version: 4.24.2-11100242+++UE4+Release-4.24
LogInit: Compatible Engine Version: 4.24.0-10570792+++UE4+Release-4.24
LogInit: Net CL: 10570792
LogInit: OS: Windows 10 (Release 1903) (), CPU: Intel(R) Core(TM) i5-8300H CPU @ 2.30GHz, GPU: Intel(R) UHD Graphics 630
LogInit: Compiled (64-bit): Jan 24 2020 02:05:53
LogInit: Compiled with Visual C++: 19.16.27032.01
LogInit: Build Configuration: Development
LogInit: Branch Name: ++UE4+Release-4.24
LogInit: Command Line: 
LogInit: Base Directory: D:/Instalacions/UE_4.24/Engine/Binaries/Win64/
LogInit: Installed Engine Build: 1
LogDevObjectVersion: Number of dev versions registered: 25
LogDevObjectVersion:   Dev-Blueprints (B0D832E4-1F89-4F0D-ACCF-7EB736FD4AA2): 10
LogDevObjectVersion:   Dev-Build (E1C64328-A22C-4D53-A36C-8E866417BD8C): 0
LogDevObjectVersion:   Dev-Core (375EC13C-06E4-48FB-B500-84F0262A717E): 3
LogDevObjectVersion:   Dev-Editor (E4B068ED-F494-42E9-A231-DA0B2E46BB41): 37
LogDevObjectVersion:   Dev-Framework (CFFC743F-43B0-4480-9391-14DF171D2073): 36
LogDevObjectVersion:   Dev-Mobile (B02B49B5-BB20-44E9-A304-32B752E40360): 2
LogDevObjectVersion:   Dev-Networking (A4E4105C-59A1-49B5-A7C5-40C4547EDFEE): 0
LogDevObjectVersion:   Dev-Online (39C831C9-5AE6-47DC-9A44-9C173E1C8E7C): 0
LogDevObjectVersion:   Dev-Physics (78F01B33-EBEA-4F98-B9B4-84EACCB95AA2): 2
LogDevObjectVersion:   Dev-Platform (6631380F-2D4D-43E0-8009-CF276956A95A): 0
LogDevObjectVersion:   Dev-Rendering (12F88B9F-8875-4AFC-A67C-D90C383ABD29): 36
LogDevObjectVersion:   Dev-Sequencer (7B5AE74C-D270-4C10-A958-57980B212A5A): 11
LogDevObjectVersion:   Dev-VR (D7296918-1DD6-4BDD-9DE2-64A83CC13884): 2
LogDevObjectVersion:   Dev-LoadTimes (C2A15278-BFE7-4AFE-6C17-90FF531DF755): 1
LogDevObjectVersion:   Private-Geometry (6EACA3D4-40EC-4CC1-B786-8BED09428FC5): 3
LogDevObjectVersion:   Dev-AnimPhys (29E575DD-E0A3-4627-9D10-D276232CDCEA): 17
LogDevObjectVersion:   Dev-Anim (AF43A65D-7FD3-4947-9873-3E8ED9C1BB05): 2
LogDevObjectVersion:   Dev-ReflectionCapture (6B266CEC-1EC7-4B8F-A30B-E4D90942FC07): 1
LogDevObjectVersion:   Dev-Automation (0DF73D61-A23F-47EA-B727-89E90C41499A): 1
LogDevObjectVersion:   FortniteMain (601D1886-AC64-4F84-AA16-D3DE0DEAC7D6): 31
LogDevObjectVersion:   Dev-Enterprise (9DFFBCD6-494F-0158-E221-12823C92A888): 8
LogDevObjectVersion:   Dev-Niagara (F2AED0AC-9AFE-416F-8664-AA7FFA26D6FC): 1
LogDevObjectVersion:   Dev-Destruction (174F1F0B-B4C6-45A5-B13F-2EE8D0FB917D): 9
LogDevObjectVersion:   Dev-Physics-Ext (35F94A83-E258-406C-A318-09F59610247C): 8
LogDevObjectVersion:   Dev-CineCamera (B2E18506-4273-CFC2-A54E-F4BB758BBA07): 1
LogInit: Presizing for max 25165824 objects, including 0 objects not considered by GC, pre-allocating 0 bytes for permanent pool.
LogInit: Object subsystem initialized
LogConfig: Setting CVar [[con.DebugEarlyDefault:1]]
LogConfig: Setting CVar [[r.setres:1280x720]]
[2020.03.23-14.40.06:566][  0]LogConfig: Setting CVar [[r.VSync:0]]
[2020.03.23-14.40.06:566][  0]LogConfig: Setting CVar [[r.RHICmdBypass:0]]
[2020.03.23-14.40.06:566][  0]LogConfig: Applying CVar settings from Section [/Script/Engine.RendererSettings] File [D:/Uni/3r/Motors2/survival-craft/One_Man_Land/Saved/Config/Windows/Engine.ini]
[2020.03.23-14.40.06:566][  0]LogConfig: Setting CVar [[r.GPUCrashDebugging:0]]
[2020.03.23-14.40.06:566][  0]LogConfig: Applying CVar settings from Section [/Script/Engine.RendererOverrideSettings] File [D:/Uni/3r/Motors2/survival-craft/One_Man_Land/Saved/Config/Windows/Engine.ini]
[2020.03.23-14.40.06:566][  0]LogConfig: Applying CVar settings from Section [/Script/Engine.StreamingSettings] File [D:/Uni/3r/Motors2/survival-craft/One_Man_Land/Saved/Config/Windows/Engine.ini]
[2020.03.23-14.40.06:566][  0]LogConfig: Setting CVar [[s.MinBulkDataSizeForAsyncLoading:131072]]
[2020.03.23-14.40.06:566][  0]LogConfig: Setting CVar [[s.AsyncLoadingThreadEnabled:0]]
[2020.03.23-14.40.06:566][  0]LogConfig: Setting CVar [[s.EventDrivenLoaderEnabled:1]]
[2020.03.23-14.40.06:566][  0]LogConfig: Setting CVar [[s.WarnIfTimeLimitExceeded:0]]
[2020.03.23-14.40.06:566][  0]LogConfig: Setting CVar [[s.TimeLimitExceededMultiplier:1.5]]
[2020.03.23-14.40.06:566][  0]LogConfig: Setting CVar [[s.TimeLimitExceededMinTime:0.005]]
[2020.03.23-14.40.06:566][  0]LogConfig: Setting CVar [[s.UseBackgroundLevelStreaming:1]]
[2020.03.23-14.40.06:566][  0]LogConfig: Setting CVar [[s.PriorityAsyncLoadingExtraTime:15.0]]
[2020.03.23-14.40.06:566][  0]LogConfig: Setting CVar [[s.LevelStreamingActorsUpdateTimeLimit:5.0]]
[2020.03.23-14.40.06:566][  0]LogConfig: Setting CVar [[s.PriorityLevelStreamingActorsUpdateExtraTime:5.0]]
[2020.03.23-14.40.06:566][  0]LogConfig: Setting CVar [[s.LevelStreamingComponentsRegistrationGranularity:10]]
[2020.03.23-14.40.06:566][  0]LogConfig: Setting CVar [[s.UnregisterComponentsTimeLimit:1.0]]
[2020.03.23-14.40.06:566][  0]LogConfig: Setting CVar [[s.LevelStreamingComponentsUnregistrationGranularity:5]]
[2020.03.23-14.40.06:566][  0]LogConfig: Setting CVar [[s.FlushStreamingOnExit:1]]
[2020.03.23-14.40.06:566][  0]LogConfig: Applying CVar settings from Section [/Script/Engine.GarbageCollectionSettings] File [D:/Uni/3r/Motors2/survival-craft/One_Man_Land/Saved/Config/Windows/Engine.ini]
[2020.03.23-14.40.06:566][  0]LogConfig: Setting CVar [[gc.MaxObjectsNotConsideredByGC:1]]
[2020.03.23-14.40.06:566][  0]LogConfig: Setting CVar [[gc.SizeOfPermanentObjectPool:0]]
[2020.03.23-14.40.06:566][  0]LogConfig: Setting CVar [[gc.FlushStreamingOnGC:0]]
[2020.03.23-14.40.06:566][  0]LogConfig: Setting CVar [[gc.NumRetriesBeforeForcingGC:10]]
[2020.03.23-14.40.06:566][  0]LogConfig: Setting CVar [[gc.AllowParallelGC:1]]
[2020.03.23-14.40.06:566][  0]LogConfig: Setting CVar [[gc.TimeBetweenPurgingPendingKillObjects:61.1]]
[2020.03.23-14.40.06:567][  0]LogConfig: Setting CVar [[gc.MaxObjectsInEditor:25165824]]
[2020.03.23-14.40.06:567][  0]LogConfig: Setting CVar [[gc.IncrementalBeginDestroyEnabled:1]]
[2020.03.23-14.40.06:567][  0]LogConfig: Setting CVar [[gc.CreateGCClusters:1]]
[2020.03.23-14.40.06:567][  0]LogConfig: Setting CVar [[gc.MinGCClusterSize:5]]
[2020.03.23-14.40.06:567][  0]LogConfig: Setting CVar [[gc.ActorClusteringEnabled:0]]
[2020.03.23-14.40.06:567][  0]LogConfig: Setting CVar [[gc.BlueprintClusteringEnabled:0]]
[2020.03.23-14.40.06:567][  0]LogConfig: Setting CVar [[gc.UseDisregardForGCOnDedicatedServers:0]]
[2020.03.23-14.40.06:567][  0]LogConfig: Applying CVar settings from Section [/Script/Engine.NetworkSettings] File [D:/Uni/3r/Motors2/survival-craft/One_Man_Land/Saved/Config/Windows/Engine.ini]
[2020.03.23-14.40.06:567][  0]LogConfig: Applying CVar settings from Section [/Script/UnrealEd.CookerSettings] File [D:/Uni/3r/Motors2/survival-craft/One_Man_Land/Saved/Config/Windows/Engine.ini]
[2020.03.23-14.40.06:570][  0]LogConfig: Applying CVar settings from Section [ViewDistanceQuality@3] File [D:/Uni/3r/Motors2/survival-craft/One_Man_Land/Saved/Config/Windows/Scalability.ini]
[2020.03.23-14.40.06:570][  0]LogConfig: Setting CVar [[r.SkeletalMeshLODBias:0]]
[2020.03.23-14.40.06:570][  0]LogConfig: Setting CVar [[r.ViewDistanceScale:1.0]]
[2020.03.23-14.40.06:570][  0]LogConfig: Applying CVar settings from Section [AntiAliasingQuality@3] File [D:/Uni/3r/Motors2/survival-craft/One_Man_Land/Saved/Config/Windows/Scalability.ini]
[2020.03.23-14.40.06:570][  0]LogConfig: Setting CVar [[r.PostProcessAAQuality:4]]
[2020.03.23-14.40.06:570][  0]LogConfig: Applying CVar settings from Section [ShadowQuality@3] File [D:/Uni/3r/Motors2/survival-craft/One_Man_Land/Saved/Config/Windows/Scalability.ini]
[2020.03.23-14.40.06:570][  0]LogConfig: Setting CVar [[r.LightFunctionQuality:1]]
[2020.03.23-14.40.06:570][  0]LogConfig: Setting CVar [[r.ShadowQuality:5]]
[2020.03.23-14.40.06:570][  0]LogConfig: Setting CVar [[r.Shadow.CSM.MaxCascades:10]]
[2020.03.23-14.40.06:570][  0]LogConfig: Setting CVar [[r.Shadow.MaxResolution:2048]]
[2020.03.23-14.40.06:570][  0]LogConfig: Setting CVar [[r.Shadow.MaxCSMResolution:2048]]
[2020.03.23-14.40.06:570][  0]LogConfig: Setting CVar [[r.Shadow.RadiusThreshold:0.01]]
[2020.03.23-14.40.06:570][  0]LogConfig: Setting CVar [[r.Shadow.DistanceScale:1.0]]
[2020.03.23-14.40.06:570][  0]LogConfig: Setting CVar [[r.Shadow.CSM.TransitionScale:1.0]]
[2020.03.23-14.40.06:570][  0]LogConfig: Setting CVar [[r.Shadow.PreShadowResolutionFactor:1.0]]
[2020.03.23-14.40.06:570][  0]LogConfig: Setting CVar [[r.DistanceFieldShadowing:1]]
[2020.03.23-14.40.06:570][  0]LogConfig: Setting CVar [[r.DistanceFieldAO:1]]
[2020.03.23-14.40.06:570][  0]LogConfig: Setting CVar [[r.AOQuality:2]]
[2020.03.23-14.40.06:570][  0]LogConfig: Setting CVar [[r.VolumetricFog:1]]
[2020.03.23-14.40.06:570][  0]LogConfig: Setting CVar [[r.VolumetricFog.GridPixelSize:8]]
[2020.03.23-14.40.06:570][  0]LogConfig: Setting CVar [[r.VolumetricFog.GridSizeZ:128]]
[2020.03.23-14.40.06:570][  0]LogConfig: Setting CVar [[r.VolumetricFog.HistoryMissSupersampleCount:4]]
[2020.03.23-14.40.06:570][  0]LogConfig: Setting CVar [[r.LightMaxDrawDistanceScale:1]]
[2020.03.23-14.40.06:570][  0]LogConfig: Setting CVar [[r.CapsuleShadows:1]]
[2020.03.23-14.40.06:570][  0]LogConfig: Applying CVar settings from Section [PostProcessQuality@3] File [D:/Uni/3r/Motors2/survival-craft/One_Man_Land/Saved/Config/Windows/Scalability.ini]
[2020.03.23-14.40.06:570][  0]LogConfig: Setting CVar [[r.MotionBlurQuality:4]]
[2020.03.23-14.40.06:570][  0]LogConfig: Setting CVar [[r.AmbientOcclusionMipLevelFactor:0.4]]
[2020.03.23-14.40.06:570][  0]LogConfig: Setting CVar [[r.AmbientOcclusionMaxQuality:100]]
[2020.03.23-14.40.06:570][  0]LogConfig: Setting CVar [[r.AmbientOcclusionLevels:-1]]
[2020.03.23-14.40.06:570][  0]LogConfig: Setting CVar [[r.AmbientOcclusionRadiusScale:1.0]]
[2020.03.23-14.40.06:570][  0]LogConfig: Setting CVar [[r.DepthOfFieldQuality:2]]
[2020.03.23-14.40.06:570][  0]LogConfig: Setting CVar [[r.RenderTargetPoolMin:400]]
[2020.03.23-14.40.06:570][  0]LogConfig: Setting CVar [[r.LensFlareQuality:2]]
[2020.03.23-14.40.06:570][  0]LogConfig: Setting CVar [[r.SceneColorFringeQuality:1]]
[2020.03.23-14.40.06:570][  0]LogConfig: Setting CVar [[r.EyeAdaptationQuality:2]]
[2020.03.23-14.40.06:570][  0]LogConfig: Setting CVar [[r.BloomQuality:5]]
[2020.03.23-14.40.06:571][  0]LogConfig: Setting CVar [[r.FastBlurThreshold:100]]
[2020.03.23-14.40.06:571][  0]LogConfig: Setting CVar [[r.Upscale.Quality:3]]
[2020.03.23-14.40.06:571][  0]LogConfig: Setting CVar [[r.Tonemapper.GrainQuantization:1]]
[2020.03.23-14.40.06:571][  0]LogConfig: Setting CVar [[r.LightShaftQuality:1]]
[2020.03.23-14.40.06:571][  0]LogConfig: Setting CVar [[r.Filter.SizeScale:1]]
[2020.03.23-14.40.06:571][  0]LogConfig: Setting CVar [[r.Tonemapper.Quality:5]]
[2020.03.23-14.40.06:571][  0]LogConfig: Setting CVar [[r.DOF.Gather.AccumulatorQuality:1        ; higher gathering accumulator quality]]
[2020.03.23-14.40.06:571][  0]LogConfig: Setting CVar [[r.DOF.Gather.PostfilterMethod:1          ; Median3x3 postfilering method]]
[2020.03.23-14.40.06:571][  0]LogConfig: Setting CVar [[r.DOF.Gather.EnableBokehSettings:0       ; no bokeh simulation when gathering]]
[2020.03.23-14.40.06:571][  0]LogConfig: Setting CVar [[r.DOF.Gather.RingCount:4                 ; medium number of samples when gathering]]
[2020.03.23-14.40.06:571][  0]LogConfig: Setting CVar [[r.DOF.Scatter.ForegroundCompositing:1    ; additive foreground scattering]]
[2020.03.23-14.40.06:571][  0]LogConfig: Setting CVar [[r.DOF.Scatter.BackgroundCompositing:2    ; additive background scattering]]
[2020.03.23-14.40.06:571][  0]LogConfig: Setting CVar [[r.DOF.Scatter.EnableBokehSettings:1      ; bokeh simulation when scattering]]
[2020.03.23-14.40.06:571][  0]LogConfig: Setting CVar [[r.DOF.Scatter.MaxSpriteRatio:0.1         ; only a maximum of 10% of scattered bokeh]]
[2020.03.23-14.40.06:571][  0]LogConfig: Setting CVar [[r.DOF.Recombine.Quality:1                ; cheap slight out of focus]]
[2020.03.23-14.40.06:571][  0]LogConfig: Setting CVar [[r.DOF.Recombine.EnableBokehSettings:0    ; no bokeh simulation on slight out of focus]]
[2020.03.23-14.40.06:571][  0]LogConfig: Setting CVar [[r.DOF.TemporalAAQuality:1                ; more stable temporal accumulation]]
[2020.03.23-14.40.06:571][  0]LogConfig: Setting CVar [[r.DOF.Kernel.MaxForegroundRadius:0.025]]
[2020.03.23-14.40.06:571][  0]LogConfig: Setting CVar [[r.DOF.Kernel.MaxBackgroundRadius:0.025]]
[2020.03.23-14.40.06:571][  0]LogConfig: Applying CVar settings from Section [TextureQuality@3] File [D:/Uni/3r/Motors2/survival-craft/One_Man_Land/Saved/Config/Windows/Scalability.ini]
[2020.03.23-14.40.06:571][  0]LogConfig: Setting CVar [[r.Streaming.MipBias:0]]
[2020.03.23-14.40.06:571][  0]LogConfig: Setting CVar [[r.Streaming.AmortizeCPUToGPUCopy:0]]
[2020.03.23-14.40.06:571][  0]LogConfig: Setting CVar [[r.Streaming.MaxNumTexturesToStreamPerFrame:0]]
[2020.03.23-14.40.06:571][  0]LogConfig: Setting CVar [[r.Streaming.Boost:1]]
[2020.03.23-14.40.06:571][  0]LogConfig: Setting CVar [[r.MaxAnisotropy:8]]
[2020.03.23-14.40.06:571][  0]LogConfig: Setting CVar [[r.VT.MaxAnisotropy:8]]
[2020.03.23-14.40.06:571][  0]LogConfig: Setting CVar [[r.Streaming.LimitPoolSizeToVRAM:0]]
[2020.03.23-14.40.06:571][  0]LogConfig: Setting CVar [[r.Streaming.PoolSize:1000]]
[2020.03.23-14.40.06:571][  0]LogConfig: Setting CVar [[r.Streaming.MaxEffectiveScreenSize:0]]
[2020.03.23-14.40.06:571][  0]LogConfig: Applying CVar settings from Section [EffectsQuality@3] File [D:/Uni/3r/Motors2/survival-craft/One_Man_Land/Saved/Config/Windows/Scalability.ini]
[2020.03.23-14.40.06:571][  0]LogConfig: Setting CVar [[r.TranslucencyLightingVolumeDim:64]]
[2020.03.23-14.40.06:571][  0]LogConfig: Setting CVar [[r.RefractionQuality:2]]
[2020.03.23-14.40.06:571][  0]LogConfig: Setting CVar [[r.SSR.Quality:3]]
[2020.03.23-14.40.06:571][  0]LogConfig: Setting CVar [[r.SSR.HalfResSceneColor:0]]
[2020.03.23-14.40.06:571][  0]LogConfig: Setting CVar [[r.SceneColorFormat:4]]
[2020.03.23-14.40.06:571][  0]LogConfig: Setting CVar [[r.DetailMode:2]]
[2020.03.23-14.40.06:571][  0]LogConfig: Setting CVar [[r.TranslucencyVolumeBlur:1]]
[2020.03.23-14.40.06:571][  0]LogConfig: Setting CVar [[r.MaterialQualityLevel:1 ; High quality]]
[2020.03.23-14.40.06:571][  0]LogConfig: Setting CVar [[r.SSS.Scale:1]]
[2020.03.23-14.40.06:571][  0]LogConfig: Setting CVar [[r.SSS.SampleSet:2]]
[2020.03.23-14.40.06:571][  0]LogConfig: Setting CVar [[r.SSS.Quality:1]]
[2020.03.23-14.40.06:571][  0]LogConfig: Setting CVar [[r.SSS.HalfRes:1]]
[2020.03.23-14.40.06:571][  0]LogConfig: Setting CVar [[r.SSGI.Quality:3]]
[2020.03.23-14.40.06:571][  0]LogConfig: Setting CVar [[r.EmitterSpawnRateScale:1.0]]
[2020.03.23-14.40.06:571][  0]LogConfig: Setting CVar [[r.ParticleLightQuality:2]]
[2020.03.23-14.40.06:571][  0]LogConfig: Setting CVar [[r.SkyAtmosphere.AerialPerspectiveLUT.FastApplyOnOpaque:1 ; Always have FastSkyLUT 1 in this case to avoid wrong sky]]
[2020.03.23-14.40.06:571][  0]LogConfig: Setting CVar [[r.SkyAtmosphere.AerialPerspectiveLUT.SampleCountPerSlice:1]]
[2020.03.23-14.40.06:571][  0]LogConfig: Setting CVar [[r.SkyAtmosphere.AerialPerspectiveLUT.DepthResolution:16.0]]
[2020.03.23-14.40.06:571][  0]LogConfig: Setting CVar [[r.SkyAtmosphere.FastSkyLUT:1]]
[2020.03.23-14.40.06:571][  0]LogConfig: Setting CVar [[r.SkyAtmosphere.FastSkyLUT.SampleCountMin:4.0]]
[2020.03.23-14.40.06:572][  0]LogConfig: Setting CVar [[r.SkyAtmosphere.FastSkyLUT.SampleCountMax:32.0]]
[2020.03.23-14.40.06:572][  0]LogConfig: Setting CVar [[r.SkyAtmosphere.SampleCountMin:4.0]]
[2020.03.23-14.40.06:572][  0]LogConfig: Setting CVar [[r.SkyAtmosphere.SampleCountMax:32.0]]
[2020.03.23-14.40.06:572][  0]LogConfig: Setting CVar [[r.SkyAtmosphere.TransmittanceLUT.UseSmallFormat:0]]
[2020.03.23-14.40.06:572][  0]LogConfig: Setting CVar [[r.SkyAtmosphere.TransmittanceLUT.SampleCount:10.0]]
[2020.03.23-14.40.06:572][  0]LogConfig: Setting CVar [[r.SkyAtmosphere.MultiScatteringLUT.SampleCount:15.0]]
[2020.03.23-14.40.06:572][  0]LogConfig: Applying CVar settings from Section [FoliageQuality@3] File [D:/Uni/3r/Motors2/survival-craft/One_Man_Land/Saved/Config/Windows/Scalability.ini]
[2020.03.23-14.40.06:572][  0]LogConfig: Setting CVar [[foliage.DensityScale:1.0]]
[2020.03.23-14.40.06:572][  0]LogConfig: Setting CVar [[grass.DensityScale:1.0]]
[2020.03.23-14.40.06:572][  0]LogConfig: Applying CVar settings from Section [ShadingQuality@3] File [D:/Uni/3r/Motors2/survival-craft/One_Man_Land/Saved/Config/Windows/Scalability.ini]
[2020.03.23-14.40.06:572][  0]LogConfig: Setting CVar [[r.HairStrands.SkyLighting.SampleCount:16]]
[2020.03.23-14.40.06:572][  0]LogConfig: Setting CVar [[r.HairStrands.SkyLighting.JitterIntegration:0]]
[2020.03.23-14.40.06:572][  0]LogConfig: Setting CVar [[r.HairStrands.SkyAO.SampleCount:16]]
[2020.03.23-14.40.06:572][  0]LogInit: Selected Device Profile: [Windows]
[2020.03.23-14.40.06:572][  0]LogInit: Applying CVar settings loaded from the selected device profile: [Windows]
[2020.03.23-14.40.06:813][  0]LogHAL: Display: Platform has ~ 8 GB [8424574976 / 8589934592 / 8], which maps to Default [LargestMinGB=32, LargerMinGB=12, DefaultMinGB=8, SmallerMinGB=6, SmallestMinGB=0)
[2020.03.23-14.40.06:813][  0]LogInit: Going up to parent DeviceProfile []
[2020.03.23-14.40.06:813][  0]LogConfig: Applying CVar settings from Section [ViewDistanceQuality@3] File [D:/Uni/3r/Motors2/survival-craft/One_Man_Land/Saved/Config/Windows/Scalability.ini]
[2020.03.23-14.40.06:813][  0]LogConfig: Setting CVar [[r.SkeletalMeshLODBias:0]]
[2020.03.23-14.40.06:813][  0]LogConfig: Setting CVar [[r.ViewDistanceScale:1.0]]
[2020.03.23-14.40.06:813][  0]LogConfig: Applying CVar settings from Section [AntiAliasingQuality@3] File [D:/Uni/3r/Motors2/survival-craft/One_Man_Land/Saved/Config/Windows/Scalability.ini]
[2020.03.23-14.40.06:814][  0]LogConfig: Setting CVar [[r.PostProcessAAQuality:4]]
[2020.03.23-14.40.06:814][  0]LogConfig: Applying CVar settings from Section [ShadowQuality@3] File [D:/Uni/3r/Motors2/survival-craft/One_Man_Land/Saved/Config/Windows/Scalability.ini]
[2020.03.23-14.40.06:814][  0]LogConfig: Setting CVar [[r.LightFunctionQuality:1]]
[2020.03.23-14.40.06:814][  0]LogConfig: Setting CVar [[r.ShadowQuality:5]]
[2020.03.23-14.40.06:814][  0]LogConfig: Setting CVar [[r.Shadow.CSM.MaxCascades:10]]
[2020.03.23-14.40.06:814][  0]LogConfig: Setting CVar [[r.Shadow.MaxResolution:2048]]
[2020.03.23-14.40.06:814][  0]LogConfig: Setting CVar [[r.Shadow.MaxCSMResolution:2048]]
[2020.03.23-14.40.06:814][  0]LogConfig: Setting CVar [[r.Shadow.RadiusThreshold:0.01]]
[2020.03.23-14.40.06:814][  0]LogConfig: Setting CVar [[r.Shadow.DistanceScale:1.0]]
[2020.03.23-14.40.06:814][  0]LogConfig: Setting CVar [[r.Shadow.CSM.TransitionScale:1.0]]
[2020.03.23-14.40.06:814][  0]LogConfig: Setting CVar [[r.Shadow.PreShadowResolutionFactor:1.0]]
[2020.03.23-14.40.06:814][  0]LogConfig: Setting CVar [[r.DistanceFieldShadowing:1]]
[2020.03.23-14.40.06:814][  0]LogConfig: Setting CVar [[r.DistanceFieldAO:1]]
[2020.03.23-14.40.06:814][  0]LogConfig: Setting CVar [[r.AOQuality:2]]
[2020.03.23-14.40.06:814][  0]LogConfig: Setting CVar [[r.VolumetricFog:1]]
[2020.03.23-14.40.06:814][  0]LogConfig: Setting CVar [[r.VolumetricFog.GridPixelSize:8]]
[2020.03.23-14.40.06:814][  0]LogConfig: Setting CVar [[r.VolumetricFog.GridSizeZ:128]]
[2020.03.23-14.40.06:814][  0]LogConfig: Setting CVar [[r.VolumetricFog.HistoryMissSupersampleCount:4]]
[2020.03.23-14.40.06:814][  0]LogConfig: Setting CVar [[r.LightMaxDrawDistanceScale:1]]
[2020.03.23-14.40.06:814][  0]LogConfig: Setting CVar [[r.CapsuleShadows:1]]
[2020.03.23-14.40.06:814][  0]LogConfig: Applying CVar settings from Section [PostProcessQuality@3] File [D:/Uni/3r/Motors2/survival-craft/One_Man_Land/Saved/Config/Windows/Scalability.ini]
[2020.03.23-14.40.06:814][  0]LogConfig: Setting CVar [[r.MotionBlurQuality:4]]
[2020.03.23-14.40.06:814][  0]LogConfig: Setting CVar [[r.AmbientOcclusionMipLevelFactor:0.4]]
[2020.03.23-14.40.06:814][  0]LogConfig: Setting CVar [[r.AmbientOcclusionMaxQuality:100]]
[2020.03.23-14.40.06:814][  0]LogConfig: Setting CVar [[r.AmbientOcclusionLevels:-1]]
[2020.03.23-14.40.06:814][  0]LogConfig: Setting CVar [[r.AmbientOcclusionRadiusScale:1.0]]
[2020.03.23-14.40.06:814][  0]LogConfig: Setting CVar [[r.DepthOfFieldQuality:2]]
[2020.03.23-14.40.06:815][  0]LogConfig: Setting CVar [[r.RenderTargetPoolMin:400]]
[2020.03.23-14.40.06:815][  0]LogConfig: Setting CVar [[r.LensFlareQuality:2]]
[2020.03.23-14.40.06:815][  0]LogConfig: Setting CVar [[r.SceneColorFringeQuality:1]]
[2020.03.23-14.40.06:815][  0]LogConfig: Setting CVar [[r.EyeAdaptationQuality:2]]
[2020.03.23-14.40.06:815][  0]LogConfig: Setting CVar [[r.BloomQuality:5]]
[2020.03.23-14.40.06:815][  0]LogConfig: Setting CVar [[r.FastBlurThreshold:100]]
[2020.03.23-14.40.06:815][  0]LogConfig: Setting CVar [[r.Upscale.Quality:3]]
[2020.03.23-14.40.06:815][  0]LogConfig: Setting CVar [[r.Tonemapper.GrainQuantization:1]]
[2020.03.23-14.40.06:815][  0]LogConfig: Setting CVar [[r.LightShaftQuality:1]]
[2020.03.23-14.40.06:815][  0]LogConfig: Setting CVar [[r.Filter.SizeScale:1]]
[2020.03.23-14.40.06:815][  0]LogConfig: Setting CVar [[r.Tonemapper.Quality:5]]
[2020.03.23-14.40.06:815][  0]LogConfig: Setting CVar [[r.DOF.Gather.AccumulatorQuality:1        ; higher gathering accumulator quality]]
[2020.03.23-14.40.06:815][  0]LogConfig: Setting CVar [[r.DOF.Gather.PostfilterMethod:1          ; Median3x3 postfilering method]]
[2020.03.23-14.40.06:815][  0]LogConfig: Setting CVar [[r.DOF.Gather.EnableBokehSettings:0       ; no bokeh simulation when gathering]]
[2020.03.23-14.40.06:815][  0]LogConfig: Setting CVar [[r.DOF.Gather.RingCount:4                 ; medium number of samples when gathering]]
[2020.03.23-14.40.06:815][  0]LogConfig: Setting CVar [[r.DOF.Scatter.ForegroundCompositing:1    ; additive foreground scattering]]
[2020.03.23-14.40.06:815][  0]LogConfig: Setting CVar [[r.DOF.Scatter.BackgroundCompositing:2    ; additive background scattering]]
[2020.03.23-14.40.06:815][  0]LogConfig: Setting CVar [[r.DOF.Scatter.EnableBokehSettings:1      ; bokeh simulation when scattering]]
[2020.03.23-14.40.06:815][  0]LogConfig: Setting CVar [[r.DOF.Scatter.MaxSpriteRatio:0.1         ; only a maximum of 10% of scattered bokeh]]
[2020.03.23-14.40.06:815][  0]LogConfig: Setting CVar [[r.DOF.Recombine.Quality:1                ; cheap slight out of focus]]
[2020.03.23-14.40.06:815][  0]LogConfig: Setting CVar [[r.DOF.Recombine.EnableBokehSettings:0    ; no bokeh simulation on slight out of focus]]
[2020.03.23-14.40.06:815][  0]LogConfig: Setting CVar [[r.DOF.TemporalAAQuality:1                ; more stable temporal accumulation]]
[2020.03.23-14.40.06:815][  0]LogConfig: Setting CVar [[r.DOF.Kernel.MaxForegroundRadius:0.025]]
[2020.03.23-14.40.06:815][  0]LogConfig: Setting CVar [[r.DOF.Kernel.MaxBackgroundRadius:0.025]]
[2020.03.23-14.40.06:815][  0]LogConfig: Applying CVar settings from Section [TextureQuality@3] File [D:/Uni/3r/Motors2/survival-craft/One_Man_Land/Saved/Config/Windows/Scalability.ini]
[2020.03.23-14.40.06:815][  0]LogConfig: Setting CVar [[r.Streaming.MipBias:0]]
[2020.03.23-14.40.06:815][  0]LogConfig: Setting CVar [[r.Streaming.AmortizeCPUToGPUCopy:0]]
[2020.03.23-14.40.06:815][  0]LogConfig: Setting CVar [[r.Streaming.MaxNumTexturesToStreamPerFrame:0]]
[2020.03.23-14.40.06:816][  0]LogConfig: Setting CVar [[r.Streaming.Boost:1]]
[2020.03.23-14.40.06:816][  0]LogConfig: Setting CVar [[r.MaxAnisotropy:8]]
[2020.03.23-14.40.06:816][  0]LogConfig: Setting CVar [[r.VT.MaxAnisotropy:8]]
[2020.03.23-14.40.06:816][  0]LogConfig: Setting CVar [[r.Streaming.LimitPoolSizeToVRAM:0]]
[2020.03.23-14.40.06:816][  0]LogConfig: Setting CVar [[r.Streaming.PoolSize:1000]]
[2020.03.23-14.40.06:816][  0]LogConfig: Setting CVar [[r.Streaming.MaxEffectiveScreenSize:0]]
[2020.03.23-14.40.06:816][  0]LogConfig: Applying CVar settings from Section [EffectsQuality@3] File [D:/Uni/3r/Motors2/survival-craft/One_Man_Land/Saved/Config/Windows/Scalability.ini]
[2020.03.23-14.40.06:816][  0]LogConfig: Setting CVar [[r.TranslucencyLightingVolumeDim:64]]
[2020.03.23-14.40.06:816][  0]LogConfig: Setting CVar [[r.RefractionQuality:2]]
[2020.03.23-14.40.06:816][  0]LogConfig: Setting CVar [[r.SSR.Quality:3]]
[2020.03.23-14.40.06:816][  0]LogConfig: Setting CVar [[r.SSR.HalfResSceneColor:0]]
[2020.03.23-14.40.06:816][  0]LogConfig: Setting CVar [[r.SceneColorFormat:4]]
[2020.03.23-14.40.06:816][  0]LogConfig: Setting CVar [[r.DetailMode:2]]
[2020.03.23-14.40.06:816][  0]LogConfig: Setting CVar [[r.TranslucencyVolumeBlur:1]]
[2020.03.23-14.40.06:816][  0]LogConfig: Setting CVar [[r.MaterialQualityLevel:1 ; High quality]]
[2020.03.23-14.40.06:816][  0]LogConfig: Setting CVar [[r.SSS.Scale:1]]
[2020.03.23-14.40.06:816][  0]LogConfig: Setting CVar [[r.SSS.SampleSet:2]]
[2020.03.23-14.40.06:816][  0]LogConfig: Setting CVar [[r.SSS.Quality:1]]
[2020.03.23-14.40.06:816][  0]LogConfig: Setting CVar [[r.SSS.HalfRes:1]]
[2020.03.23-14.40.06:816][  0]LogConfig: Setting CVar [[r.SSGI.Quality:3]]
[2020.03.23-14.40.06:816][  0]LogConfig: Setting CVar [[r.EmitterSpawnRateScale:1.0]]
[2020.03.23-14.40.06:816][  0]LogConfig: Setting CVar [[r.ParticleLightQuality:2]]
[2020.03.23-14.40.06:816][  0]LogConfig: Setting CVar [[r.SkyAtmosphere.AerialPerspectiveLUT.FastApplyOnOpaque:1 ; Always have FastSkyLUT 1 in this case to avoid wrong sky]]
[2020.03.23-14.40.06:816][  0]LogConfig: Setting CVar [[r.SkyAtmosphere.AerialPerspectiveLUT.SampleCountPerSlice:1]]
[2020.03.23-14.40.06:816][  0]LogConfig: Setting CVar [[r.SkyAtmosphere.AerialPerspectiveLUT.DepthResolution:16.0]]
[2020.03.23-14.40.06:816][  0]LogConfig: Setting CVar [[r.SkyAtmosphere.FastSkyLUT:1]]
[2020.03.23-14.40.06:816][  0]LogConfig: Setting CVar [[r.SkyAtmosphere.FastSkyLUT.SampleCountMin:4.0]]
[2020.03.23-14.40.06:817][  0]LogConfig: Setting CVar [[r.SkyAtmosphere.FastSkyLUT.SampleCountMax:32.0]]
[2020.03.23-14.40.06:817][  0]LogConfig: Setting CVar [[r.SkyAtmosphere.SampleCountMin:4.0]]
[2020.03.23-14.40.06:817][  0]LogConfig: Setting CVar [[r.SkyAtmosphere.SampleCountMax:32.0]]
[2020.03.23-14.40.06:817][  0]LogConfig: Setting CVar [[r.SkyAtmosphere.TransmittanceLUT.UseSmallFormat:0]]
[2020.03.23-14.40.06:817][  0]LogConfig: Setting CVar [[r.SkyAtmosphere.TransmittanceLUT.SampleCount:10.0]]
[2020.03.23-14.40.06:817][  0]LogConfig: Setting CVar [[r.SkyAtmosphere.MultiScatteringLUT.SampleCount:15.0]]
[2020.03.23-14.40.06:817][  0]LogConfig: Applying CVar settings from Section [FoliageQuality@3] File [D:/Uni/3r/Motors2/survival-craft/One_Man_Land/Saved/Config/Windows/Scalability.ini]
[2020.03.23-14.40.06:817][  0]LogConfig: Setting CVar [[foliage.DensityScale:1.0]]
[2020.03.23-14.40.06:817][  0]LogConfig: Setting CVar [[grass.DensityScale:1.0]]
[2020.03.23-14.40.06:817][  0]LogConfig: Applying CVar settings from Section [ShadingQuality@3] File [D:/Uni/3r/Motors2/survival-craft/One_Man_Land/Saved/Config/Windows/Scalability.ini]
[2020.03.23-14.40.06:817][  0]LogConfig: Setting CVar [[r.HairStrands.SkyLighting.SampleCount:16]]
[2020.03.23-14.40.06:817][  0]LogConfig: Setting CVar [[r.HairStrands.SkyLighting.JitterIntegration:0]]
[2020.03.23-14.40.06:817][  0]LogConfig: Setting CVar [[r.HairStrands.SkyAO.SampleCount:16]]
[2020.03.23-14.40.06:817][  0]LogConfig: Applying CVar settings from Section [Startup] File [../../../Engine/Config/ConsoleVariables.ini]
[2020.03.23-14.40.07:031][  0]LogConfig: Setting CVar [[net.UseAdaptiveNetUpdateFrequency:0]]
[2020.03.23-14.40.07:031][  0]LogConfig: Setting CVar [[p.chaos.AllowCreatePhysxBodies:1]]
[2020.03.23-14.40.07:031][  0]LogConfig: Applying CVar settings from Section [ConsoleVariables] File [D:/Uni/3r/Motors2/survival-craft/One_Man_Land/Saved/Config/Windows/Engine.ini]
[2020.03.23-14.40.07:031][  0]LogInit: Computer: DESKTOP-C54KNHT
[2020.03.23-14.40.07:031][  0]LogInit: User: Usuari
[2020.03.23-14.40.07:031][  0]LogInit: CPU Page size=4096, Cores=4
[2020.03.23-14.40.07:031][  0]LogInit: High frequency timer resolution =10.000000 MHz
[2020.03.23-14.40.07:032][  0]LogMemory: Memory total: Physical=7.8GB (8GB approx)
[2020.03.23-14.40.07:032][  0]LogMemory: Platform Memory Stats for Windows
[2020.03.23-14.40.07:032][  0]LogMemory: Process Physical Memory: 105.88 MB used, 105.89 MB peak
[2020.03.23-14.40.07:032][  0]LogMemory: Process Virtual Memory: 100.38 MB used, 100.38 MB peak
[2020.03.23-14.40.07:032][  0]LogMemory: Physical Memory: 6556.68 MB used,  1477.62 MB free, 8034.30 MB total
[2020.03.23-14.40.07:032][  0]LogMemory: Virtual Memory: 5137.52 MB used,  134212592.00 MB free, 134217728.00 MB total
[2020.03.23-14.40.07:036][  0]LogWindows: WindowsPlatformFeatures enabled
[2020.03.23-14.40.08:820][  0]LogInit: Overriding language with editor language configuration option (en).
[2020.03.23-14.40.08:820][  0]LogInit: Overriding locale with editor culture configuration option ().
[2020.03.23-14.40.08:820][  0]LogInit: Using OS detected locale (es-ES).
[2020.03.23-14.40.12:104][  0]LogInit: Setting process to per monitor DPI aware
[2020.03.23-14.40.12:821][  0]LogSlate: New Slate User Created.  User Index 0, Is Virtual User: 0
[2020.03.23-14.40.12:821][  0]LogSlate: Slate User Registered.  User Index 0, Is Virtual User: 0
[2020.03.23-14.40.22:497][  0]LogHMD: Failed to initialize OpenVR with code 110
[2020.03.23-14.40.22:497][  0]LogD3D11RHI: D3D11 min allowed feature level: 11_0
[2020.03.23-14.40.22:497][  0]LogD3D11RHI: D3D11 max allowed feature level: 11_0
[2020.03.23-14.40.22:497][  0]LogD3D11RHI: D3D11 adapters:
[2020.03.23-14.40.22:984][  0]LogD3D11RHI:    0. 'NVIDIA GeForce GTX 1060' (Feature Level 11_0)
[2020.03.23-14.40.22:984][  0]LogD3D11RHI:       6052/0/4017 MB DedicatedVideo/DedicatedSystem/SharedSystem, Outputs:1, VendorId:0x10de
[2020.03.23-14.40.23:019][  0]LogD3D11RHI:    1. 'Intel(R) UHD Graphics 630' (Feature Level 11_0)
[2020.03.23-14.40.23:019][  0]LogD3D11RHI:       128/0/4017 MB DedicatedVideo/DedicatedSystem/SharedSystem, Outputs:0, VendorId:0x8086
[2020.03.23-14.40.23:026][  0]LogD3D11RHI:    2. 'Microsoft Basic Render Driver' (Feature Level 11_0)
[2020.03.23-14.40.23:026][  0]LogD3D11RHI:       0/0/4017 MB DedicatedVideo/DedicatedSystem/SharedSystem, Outputs:0, VendorId:0x1414
[2020.03.23-14.40.23:026][  0]LogD3D11RHI: Chosen D3D11 Adapter: 0
[2020.03.23-14.40.23:082][  0]LogD3D11RHI: Creating new Direct3DDevice
[2020.03.23-14.40.23:082][  0]LogD3D11RHI:     GPU DeviceId: 0x1c20 (for the marketing name, search the web for "GPU Device Id")
[2020.03.23-14.40.23:082][  0]LogWindows: EnumDisplayDevices:
[2020.03.23-14.40.23:083][  0]LogWindows:    0. 'Intel(R) UHD Graphics 630' (P:1 D:1)
[2020.03.23-14.40.23:083][  0]LogWindows:    1. 'Intel(R) UHD Graphics 630' (P:0 D:0)
[2020.03.23-14.40.23:084][  0]LogWindows:    2. 'Intel(R) UHD Graphics 630' (P:0 D:0)
[2020.03.23-14.40.23:084][  0]LogWindows:    3. 'NVIDIA GeForce GTX 1060' (P:0 D:0)
[2020.03.23-14.40.23:084][  0]LogWindows: DebugString: PrimaryIsNotTheChoosenAdapter PrimaryIsNotTheChoosenAdapter PrimaryIsNotTheChoosenAdapter 
[2020.03.23-14.40.23:084][  0]LogD3D11RHI:     Adapter Name: NVIDIA GeForce GTX 1060
[2020.03.23-14.40.23:084][  0]LogD3D11RHI:   Driver Version: 419.72 (internal:25.21.14.1972, unified:419.72)
[2020.03.23-14.40.23:084][  0]LogD3D11RHI:      Driver Date: 3-18-2019
[2020.03.23-14.40.23:084][  0]LogRHI: Texture pool is 4236 MB (70% of 6052 MB)
[2020.03.23-14.40.23:158][  0]LogD3D11RHI: RHI has support for 64 bit atomics
[2020.03.23-14.40.23:158][  0]LogD3D11RHI: Async texture creation enabled
[2020.03.23-14.40.23:177][  0]LogD3D11RHI: GPU Timing Frequency: 1000.000000 (Debug: 2 1)
[2020.03.23-14.40.24:285][  0]LogTargetPlatformManager: Display: Loaded TargetPlatform 'AllDesktop'
[2020.03.23-14.40.24:478][  0]LogTargetPlatformManager: Display: Loaded TargetPlatform 'Android'
[2020.03.23-14.40.24:478][  0]LogTargetPlatformManager: Display: Loaded TargetPlatform 'Android_ASTC'
[2020.03.23-14.40.24:478][  0]LogTargetPlatformManager: Display: Loaded TargetPlatform 'Android_ATC'
[2020.03.23-14.40.24:478][  0]LogTargetPlatformManager: Display: Loaded TargetPlatform 'Android_DXT'
[2020.03.23-14.40.24:478][  0]LogTargetPlatformManager: Display: Loaded TargetPlatform 'Android_ETC1'
[2020.03.23-14.40.24:478][  0]LogTargetPlatformManager: Display: Loaded TargetPlatform 'Android_ETC1a'
[2020.03.23-14.40.24:478][  0]LogTargetPlatformManager: Display: Loaded TargetPlatform 'Android_ETC2'
[2020.03.23-14.40.24:478][  0]LogTargetPlatformManager: Display: Loaded TargetPlatform 'Android_PVRTC'
[2020.03.23-14.40.24:478][  0]LogTargetPlatformManager: Display: Loaded TargetPlatform 'AndroidClient'
[2020.03.23-14.40.24:478][  0]LogTargetPlatformManager: Display: Loaded TargetPlatform 'Android_ASTCClient'
[2020.03.23-14.40.24:478][  0]LogTargetPlatformManager: Display: Loaded TargetPlatform 'Android_ATCClient'
[2020.03.23-14.40.24:478][  0]LogTargetPlatformManager: Display: Loaded TargetPlatform 'Android_DXTClient'
[2020.03.23-14.40.24:478][  0]LogTargetPlatformManager: Display: Loaded TargetPlatform 'Android_ETC1Client'
[2020.03.23-14.40.24:479][  0]LogTargetPlatformManager: Display: Loaded TargetPlatform 'Android_ETC1aClient'
[2020.03.23-14.40.24:479][  0]LogTargetPlatformManager: Display: Loaded TargetPlatform 'Android_ETC2Client'
[2020.03.23-14.40.24:479][  0]LogTargetPlatformManager: Display: Loaded TargetPlatform 'Android_PVRTCClient'
[2020.03.23-14.40.24:479][  0]LogTargetPlatformManager: Display: Loaded TargetPlatform 'Android_Multi'
[2020.03.23-14.40.24:479][  0]LogTargetPlatformManager: Display: Loaded TargetPlatform 'Android_MultiClient'
[2020.03.23-14.40.24:767][  0]LogTargetPlatformManager: Display: Loaded TargetPlatform 'IOSClient'
[2020.03.23-14.40.24:767][  0]LogTargetPlatformManager: Display: Loaded TargetPlatform 'IOS'
[2020.03.23-14.40.24:818][  0]LogTargetPlatformManager: Display: Loaded TargetPlatform 'LinuxNoEditor'
[2020.03.23-14.40.24:967][  0]LogTargetPlatformManager: Display: Loaded TargetPlatform 'LinuxClient'
[2020.03.23-14.40.25:070][  0]LogTargetPlatformManager: Display: Loaded TargetPlatform 'LinuxServer'
[2020.03.23-14.40.25:250][  0]LogTargetPlatformManager: Display: Loaded TargetPlatform 'LinuxAArch64NoEditor'
[2020.03.23-14.40.25:323][  0]LogTargetPlatformManager: Display: Loaded TargetPlatform 'LinuxAArch64Client'
[2020.03.23-14.40.25:390][  0]LogTargetPlatformManager: Display: Loaded TargetPlatform 'LinuxAArch64Server'
[2020.03.23-14.40.25:626][  0]LogTargetPlatformManager: Display: Loaded TargetPlatform 'Lumin'
[2020.03.23-14.40.25:626][  0]LogTargetPlatformManager: Display: Loaded TargetPlatform 'LuminClient'
[2020.03.23-14.40.25:722][  0]LogTargetPlatformManager: Display: Loaded TargetPlatform 'TVOSClient'
[2020.03.23-14.40.25:722][  0]LogTargetPlatformManager: Display: Loaded TargetPlatform 'TVOS'
[2020.03.23-14.40.25:871][  0]LogTargetPlatformManager: Display: Loaded TargetPlatform 'WindowsNoEditor'
[2020.03.23-14.40.25:942][  0]LogTargetPlatformManager: Display: Loaded TargetPlatform 'Windows'
[2020.03.23-14.40.26:028][  0]LogTargetPlatformManager: Display: Loaded TargetPlatform 'WindowsClient'
[2020.03.23-14.40.26:134][  0]LogTargetPlatformManager: Display: Loaded TargetPlatform 'WindowsServer'
[2020.03.23-14.40.26:134][  0]LogTargetPlatformManager: Display: Building Assets For Windows
[2020.03.23-14.40.26:882][  0]LogAudioDebug: Display: Lib vorbis DLL was dynamically loaded.
[2020.03.23-14.40.30:343][  0]LogShaderCompilers: Guid format shader working directory is -11 characters bigger than the processId version (../../../../../Uni/3r/Motors2/survival-craft/One_Man_Land/Intermediate/Shaders/WorkingDirectory/15048/).
[2020.03.23-14.40.30:344][  0]LogShaderCompilers: Cleaned the shader compiler working directory 'C:/Users/Usuari/AppData/Local/Temp/UnrealShaderWorkingDir/C2D1D73F4A608596433DC0A80A661EAE/'.
[2020.03.23-14.40.30:382][  0]LogXGEController: Cannot use XGE Controller as Incredibuild is not installed on this machine.
[2020.03.23-14.40.30:489][  0]LogShaderCompilers: Cannot use XGE Shader Compiler as Incredibuild is not installed on this machine.
[2020.03.23-14.40.30:489][  0]LogShaderCompilers: Display: Using Local Shader Compiler.
[2020.03.23-14.40.45:636][  0]LogDerivedDataCache: Display: Max Cache Size: 512 MB
[2020.03.23-14.40.45:899][  0]LogDerivedDataCache: Loaded boot cache 0.26s 78MB C:/Users/Usuari/AppData/Local/UnrealEngine/4.24/DerivedDataCache/Boot.ddc.
[2020.03.23-14.40.45:899][  0]LogDerivedDataCache: Display: Loaded Boot cache: C:/Users/Usuari/AppData/Local/UnrealEngine/4.24/DerivedDataCache/Boot.ddc
[2020.03.23-14.40.45:900][  0]LogDerivedDataCache: FDerivedDataBackendGraph:  Pak pak cache file ../../../../../Uni/3r/Motors2/survival-craft/One_Man_Land/DerivedDataCache/DDC.ddp not found, will not use a pak cache.
[2020.03.23-14.40.45:900][  0]LogDerivedDataCache: Unable to find inner node Pak for hierarchical cache Hierarchy.
[2020.03.23-14.40.45:900][  0]LogDerivedDataCache: FDerivedDataBackendGraph:  CompressedPak pak cache file ../../../../../Uni/3r/Motors2/survival-craft/One_Man_Land/DerivedDataCache/Compressed.ddp not found, will not use a pak cache.
[2020.03.23-14.40.45:900][  0]LogDerivedDataCache: Unable to find inner node CompressedPak for hierarchical cache Hierarchy.
[2020.03.23-14.40.46:158][  0]LogDerivedDataCache: Display: Pak cache opened for reading ../../../Engine/DerivedDataCache/Compressed.ddp.
[2020.03.23-14.40.46:158][  0]LogDerivedDataCache: FDerivedDataBackendGraph:  EnterprisePak pak cache file ../../../Enterprise/DerivedDataCache/Compressed.ddp not found, will not use a pak cache.
[2020.03.23-14.40.46:158][  0]LogDerivedDataCache: Unable to find inner node EnterprisePak for hierarchical cache Hierarchy.
[2020.03.23-14.40.46:160][  0]LogDerivedDataCache: Using Local data cache path C:/Users/Usuari/AppData/Local/UnrealEngine/Common/DerivedDataCache: Writable
[2020.03.23-14.40.46:161][  0]LogDerivedDataCache: Shared data cache path not found in *engine.ini, will not use an Shared cache.
[2020.03.23-14.40.46:161][  0]LogDerivedDataCache: Unable to find inner node Shared for hierarchical cache Hierarchy.
[2020.03.23-14.40.46:224][  0]LogMaterial: Verifying Global Shaders for PCD3D_SM5
[2020.03.23-14.40.46:311][  0]LogSlate: Using FreeType 2.10.0
[2020.03.23-14.40.46:455][  0]LogSlate: SlateFontServices - WITH_FREETYPE: 1, WITH_HARFBUZZ: 1
[2020.03.23-14.40.49:052][  0]LogAssetRegistry: FAssetRegistry took 0.0058 seconds to start up
[2020.03.23-14.40.51:847][  0]LogInit: Selected Device Profile: [Windows]
[2020.03.23-14.40.53:348][  0]LogMeshReduction: Using QuadricMeshReduction for automatic static mesh reduction
[2020.03.23-14.40.53:348][  0]LogMeshReduction: Using SimplygonMeshReduction for automatic skeletal mesh reduction
[2020.03.23-14.40.53:348][  0]LogMeshReduction: Using ProxyLODMeshReduction for automatic mesh merging
[2020.03.23-14.40.53:348][  0]LogMeshReduction: No distributed automatic mesh merging module available
[2020.03.23-14.40.53:348][  0]LogMeshMerging: No distributed automatic mesh merging module available
[2020.03.23-14.40.53:598][  0]LogNetVersion: One_Man_Land 1.0.0, NetCL: 10570792, EngineNetVer: 13, GameNetVer: 0 (Checksum: 3489033838)
[2020.03.23-14.41.39:303][  0]LogPackageLocalizationCache: Processed 10 localized package path(s) for 1 prioritized culture(s) in 0.784135 seconds
[2020.03.23-14.41.39:398][  0]LogUObjectArray: 46750 objects as part of root set at end of initial load.
[2020.03.23-14.41.39:398][  0]LogUObjectAllocator: 8137160 out of 0 bytes used by permanent object pool.
[2020.03.23-14.41.39:398][  0]LogUObjectArray: CloseDisregardForGC: 0/0 objects in disregard for GC pool
[2020.03.23-14.42.01:179][  0]LogTcpMessaging: Initializing TcpMessaging bridge
[2020.03.23-14.42.01:318][  0]LogUdpMessaging: Initializing bridge on interface 0.0.0.0:0 to multicast group 230.0.0.1:6666.
[2020.03.23-14.42.03:416][  0]SourceControl: Source control is disabled
[2020.03.23-14.42.03:438][  0]SourceControl: Source control is disabled
[2020.03.23-14.42.03:826][  0]SourceControl: Source control is disabled
[2020.03.23-14.42.03:882][  0]SourceControl: Source control is disabled
[2020.03.23-14.42.04:101][  0]SourceControl: Source control is disabled
[2020.03.23-14.42.11:556][  0]LogAndroidPermission: UAndroidPermissionCallbackProxy::GetInstance
[2020.03.23-14.42.11:887][  0]LogAudioCaptureCore: Display: No Audio Capture implementations found. Audio input will be silent.
[2020.03.23-14.42.11:887][  0]LogAudioCaptureCore: Display: No Audio Capture implementations found. Audio input will be silent.
[2020.03.23-14.42.13:246][  0]LogOcInput: OculusInput pre-init called
[2020.03.23-14.42.13:566][  0]LogWindows: Failed to load 'OVRPlugin.dll' (GetLastError=126)
[2020.03.23-14.42.13:566][  0]LogWindows: File 'OVRPlugin.dll' does not exist
[2020.03.23-14.42.19:370][  0]LogAutomationTest: Warning: Smoke tests took > 2s to run: 4.15s
[2020.03.23-14.42.19:739][  0]LogEngine: Initializing Engine...
[2020.03.23-14.42.19:885][  0]LogHMD: Failed to initialize OpenVR with code 110
[2020.03.23-14.42.20:239][  0]LogStats: UGameplayTagsManager::InitializeManager -  0.180 s
[2020.03.23-14.42.22:674][  0]LogInit: Initializing FReadOnlyCVARCache
[2020.03.23-14.42.26:487][  0]LogAIModule: Creating AISystem for world Untitled
[2020.03.23-14.42.28:518][  0]LogAudioMixer: Display: Audio Mixer Platform Settings:
[2020.03.23-14.42.28:518][  0]LogAudioMixer: Display: 	Sample Rate:						  48000
[2020.03.23-14.42.28:518][  0]LogAudioMixer: Display: 	Callback Buffer Frame Size Requested: 1024
[2020.03.23-14.42.28:518][  0]LogAudioMixer: Display: 	Callback Buffer Frame Size To Use:	  1024
[2020.03.23-14.42.28:519][  0]LogAudioMixer: Display: 	Number of buffers to queue:			  2
[2020.03.23-14.42.28:519][  0]LogAudioMixer: Display: 	Max Channels (voices):				  32
[2020.03.23-14.42.28:519][  0]LogAudioMixer: Display: 	Number of Async Source Workers:		  0
[2020.03.23-14.42.28:519][  0]LogAudio: Display: AudioDevice MaxSources: 32
[2020.03.23-14.42.28:528][  0]LogAudio: Display: Using built-in audio occlusion.
[2020.03.23-14.42.28:528][  0]LogAudioMixer: Display: Initializing audio mixer.
[2020.03.23-14.42.28:756][  0]LogAudioMixer: Display: Audio Device Output Speaker Info:
[2020.03.23-14.42.28:757][  0]LogAudioMixer: Display: Name: Altavoces (Realtek High Definition Audio)
[2020.03.23-14.42.28:757][  0]LogAudioMixer: Display: Is Default: Yes
[2020.03.23-14.42.28:757][  0]LogAudioMixer: Display: Sample Rate: 48000
[2020.03.23-14.42.28:757][  0]LogAudioMixer: Display: Channel Count Used: 2
[2020.03.23-14.42.28:757][  0]LogAudioMixer: Display: Device Channel Count: 2
[2020.03.23-14.42.28:757][  0]LogAudioMixer: Display: Channel Order:
[2020.03.23-14.42.28:757][  0]LogAudioMixer: Display: 0: FrontLeft
[2020.03.23-14.42.28:757][  0]LogAudioMixer: Display: 1: FrontRight
[2020.03.23-14.42.29:066][  0]LogAudioMixer: Display: Using Audio Device Altavoces (Realtek High Definition Audio)
[2020.03.23-14.42.29:373][  0]LogInit: FAudioDevice initialized.
[2020.03.23-14.42.29:424][  0]LogNetVersion: Set ProjectVersion to 1.0.0.0. Version Checksum will be recalculated on next use.
[2020.03.23-14.42.29:590][  0]LogDerivedDataCache: Saved boot cache 0.16s 78MB C:/Users/Usuari/AppData/Local/UnrealEngine/4.24/DerivedDataCache/Boot.ddc.
[2020.03.23-14.42.29:646][  0]LogInit: Texture streaming: Enabled
[2020.03.23-14.42.30:550][  0]LogEngineSessionManager: EngineSessionManager initialized
[2020.03.23-14.42.30:568][  0]LogEditorSessionSummary: Verbose: Initializing EditorSessionSummaryWriter for editor session tracking
[2020.03.23-14.42.30:670][  0]LogEditorSessionSummary: EditorSessionSummaryWriter initialized
[2020.03.23-14.42.32:704][  0]LogInit: Transaction tracking system initialized
[2020.03.23-14.42.34:413][  0]BlueprintLog: New page: Editor Load
[2020.03.23-14.42.39:539][  0]LocalizationService: Localization service is disabled
[2020.03.23-14.42.48:737][  0]LogFileCache: Scanning file cache for directory 'D:/Uni/3r/Motors2/survival-craft/One_Man_Land/Content/' took 0.22s
[2020.03.23-14.42.48:737][  0]LogCook: Display: Max memory allowance for cook 16384mb min free memory 0mb
[2020.03.23-14.42.48:775][  0]LogCook: Display: Mobile HDR setting 1
[2020.03.23-14.43.04:731][  0]SourceControl: Source control is disabled
[2020.03.23-14.43.05:840][  0]Cmd: MAP LOAD FILE="../../../../../Uni/3r/Motors2/survival-craft/One_Man_Land/Content/FirstPersonBP/Maps/FirstPersonExampleMap.umap" TEMPLATE=0 SHOWPROGRESS=1 FEATURELEVEL=3
[2020.03.23-14.43.05:981][  0]LightingResults: New page: Lighting Build
[2020.03.23-14.43.07:309][  0]LogWorld: UWorld::CleanupWorld for Untitled, bSessionEnded=true, bCleanupResources=true
[2020.03.23-14.43.07:335][  0]LogSlate: InvalidateAllWidgets triggered.  All widgets were invalidated
[2020.03.23-14.43.07:712][  0]MapCheck: New page: Map Check
[2020.03.23-14.43.07:712][  0]LightingResults: New page: Lighting Build
[2020.03.23-14.43.11:157][  0]LogUObjectHash: Compacting FUObjectHashTables data took   5.48ms
[2020.03.23-14.43.29:534][  0]LogAIModule: Creating AISystem for world FirstPersonExampleMap
[2020.03.23-14.43.33:075][  0]LogEditorServer: Finished looking for orphan Actors (0.000 secs)
[2020.03.23-14.43.33:705][  0]LogUObjectHash: Compacting FUObjectHashTables data took   7.18ms
[2020.03.23-14.43.33:750][  0]Cmd: MAP CHECKDEP NOCLEARLOG
[2020.03.23-14.43.33:849][  0]MapCheck: Map check complete: 0 Error(s), 0 Warning(s), took 99,068ms to complete.
[2020.03.23-14.43.33:878][  0]LogFileHelpers: Loading map 'FirstPersonExampleMap' took 28.811
[2020.03.23-14.43.41:173][  0]LogSlate: Updating window title bar state: overlay mode, drag disabled, window buttons hidden, title bar hidden
[2020.03.23-14.43.41:268][  0]LogSlate: Updating window title bar state: overlay mode, drag disabled, window buttons hidden, title bar hidden
[2020.03.23-14.43.41:282][  0]LogSlate: Updating window title bar state: overlay mode, drag disabled, window buttons hidden, title bar hidden
[2020.03.23-14.43.41:291][  0]LogSlate: Updating window title bar state: overlay mode, drag disabled, window buttons hidden, title bar hidden
[2020.03.23-14.43.42:028][  0]LogCollectionManager: Loaded 0 collections in 0.002681 seconds
[2020.03.23-14.43.42:569][  0]LogFileCache: Scanning file cache for directory 'D:/Uni/3r/Motors2/survival-craft/One_Man_Land/Saved/Collections/' took 0.00s
[2020.03.23-14.43.42:569][  0]LogFileCache: Scanning file cache for directory 'D:/Uni/3r/Motors2/survival-craft/One_Man_Land/Content/Developers/Usuari/Collections/' took 0.00s
[2020.03.23-14.43.42:569][  0]LogFileCache: Scanning file cache for directory 'D:/Uni/3r/Motors2/survival-craft/One_Man_Land/Content/Collections/' took 0.00s
[2020.03.23-14.43.42:569][  0]LogContentBrowser: Native class hierarchy populated in 0.0394 seconds. Added 3015 classes and 717 folders.
[2020.03.23-14.43.43:145][  0]LogContentBrowser: Native class hierarchy updated for 'WidgetCarousel' in 0.0003 seconds. Added 0 classes and 0 folders.
[2020.03.23-14.43.48:984][  0]LogContentBrowser: Native class hierarchy updated for 'AddContentDialog' in 0.0006 seconds. Added 0 classes and 0 folders.
[2020.03.23-14.43.49:803][  0]LogContentBrowser: Native class hierarchy updated for 'SceneOutliner' in 0.0005 seconds. Added 2 classes and 3 folders.
[2020.03.23-14.43.55:187][  0]LogSlate: Took 0.037910 seconds to synchronously load lazily loaded font '../../../Engine/Content/Slate/Fonts/Roboto-Regular.ttf' (155K)
[2020.03.23-14.43.55:382][  0]LogSlate: Took 0.056567 seconds to synchronously load lazily loaded font '../../../Engine/Content/Slate/Fonts/Roboto-Bold.ttf' (160K)
[2020.03.23-14.43.55:741][  0]LogSlate: Took 0.075407 seconds to synchronously load lazily loaded font '../../../Engine/Content/Editor/Slate/Fonts/FontAwesome.ttf' (139K)
[2020.03.23-14.43.57:942][  0]LogRenderer: Reallocating scene render targets to support 992x460 Format 10 NumSamples 1 (Frame:1).
[2020.03.23-14.43.59:494][  0]LogSlate: Took 0.080826 seconds to synchronously load lazily loaded font '../../../Engine/Content/Slate/Fonts/Roboto-Light.ttf' (167K)
[2020.03.23-14.44.00:013][  0]LogContentBrowser: Native class hierarchy updated for 'HierarchicalLODOutliner' in 0.0005 seconds. Added 0 classes and 0 folders.
[2020.03.23-14.44.00:013][  0]LogLoad: (Engine Initialization) Total time: 316.16 seconds
[2020.03.23-14.44.00:013][  0]LogLoad: (Engine Initialization) Total Blueprint compile time: 0.00 seconds
[2020.03.23-14.44.00:946][  0]LogMaterial: Display: Missing cached shader map for material Material_0, compiling. 
[2020.03.23-14.44.02:498][  0]LogShaderCompilers: Display: Worker (1/5): shaders left to compile 4
[2020.03.23-14.44.02:498][  0]LogShaderCompilers: Display: Worker (2/5): shaders left to compile 3
[2020.03.23-14.44.02:498][  0]LogShaderCompilers: Display: Worker (3/5): shaders left to compile 2
[2020.03.23-14.44.02:498][  0]LogShaderCompilers: Display: Worker (4/5): shaders left to compile 1
[2020.03.23-14.44.02:498][  0]LogContentStreaming: Texture pool size now 1000 MB
[2020.03.23-14.44.13:777][ 47]LogAssetRegistry: Asset discovery search completed in 204.7265 seconds
[2020.03.23-14.44.13:785][ 47]LogCollectionManager: Fixed up redirectors for 0 collections in 0.000021 seconds (updated 0 objects)
[2020.03.23-14.49.26:896][340]LogTemp: Repeating last play command: Selected Viewport
[2020.03.23-14.49.26:961][340]LogBlueprintUserMessages: Early PlayInEditor Detection: Level '/Game/FirstPersonBP/Maps/FirstPersonExampleMap.FirstPersonExampleMap:PersistentLevel' has LevelScriptBlueprint '/Game/FirstPersonBP/Maps/FirstPersonExampleMap.FirstPersonExampleMap:PersistentLevel.FirstPersonExampleMap' with GeneratedClass '/Game/FirstPersonBP/Maps/FirstPersonExampleMap.FirstPersonExampleMap_C' with ClassGeneratedBy '/Game/FirstPersonBP/Maps/FirstPersonExampleMap.FirstPersonExampleMap:PersistentLevel.FirstPersonExampleMap'
[2020.03.23-14.49.27:029][340]LogPlayLevel: PlayLevel: No blueprints needed recompiling
[2020.03.23-14.49.27:128][340]PIE: New page: PIE session: FirstPersonExampleMap (23 mar. 2020 16:49:27)
[2020.03.23-14.49.27:189][340]LogOnline: OSS: Creating online subsystem instance for: NULL
[2020.03.23-14.49.27:194][340]LogOnline: OSS: TryLoadSubsystemAndSetDefault: Loaded subsystem for module [NULL]
[2020.03.23-14.49.27:228][340]LogPlayLevel: Creating play world package: /Game/FirstPersonBP/Maps/UEDPIE_0_FirstPersonExampleMap
[2020.03.23-14.49.27:332][340]LogPlayLevel: PIE: StaticDuplicateObject took: (0.103754s)
[2020.03.23-14.49.27:335][340]LogAIModule: Creating AISystem for world FirstPersonExampleMap
[2020.03.23-14.49.27:348][340]LogPlayLevel: PIE: World Init took: (0.015974s)
[2020.03.23-14.49.27:349][340]LogPlayLevel: PIE: Created PIE world by copying editor world from /Game/FirstPersonBP/Maps/FirstPersonExampleMap.FirstPersonExampleMap to /Game/FirstPersonBP/Maps/UEDPIE_0_FirstPersonExampleMap.FirstPersonExampleMap (0.120963s)
[2020.03.23-14.49.27:390][340]LogUObjectHash: Compacting FUObjectHashTables data took   2.60ms
[2020.03.23-14.49.27:408][340]LogAudioMixer: Display: Audio Mixer Platform Settings:
[2020.03.23-14.49.27:408][340]LogAudioMixer: Display: 	Sample Rate:						  48000
[2020.03.23-14.49.27:408][340]LogAudioMixer: Display: 	Callback Buffer Frame Size Requested: 1024
[2020.03.23-14.49.27:408][340]LogAudioMixer: Display: 	Callback Buffer Frame Size To Use:	  1024
[2020.03.23-14.49.27:408][340]LogAudioMixer: Display: 	Number of buffers to queue:			  2
[2020.03.23-14.49.27:408][340]LogAudioMixer: Display: 	Max Channels (voices):				  32
[2020.03.23-14.49.27:408][340]LogAudioMixer: Display: 	Number of Async Source Workers:		  0
[2020.03.23-14.49.27:408][340]LogAudio: Display: AudioDevice MaxSources: 32
[2020.03.23-14.49.27:408][340]LogAudio: Display: Using built-in audio occlusion.
[2020.03.23-14.49.27:408][340]LogAudioMixer: Display: Initializing audio mixer.
[2020.03.23-14.49.27:417][340]LogAudioMixer: Display: Audio Device Output Speaker Info:
[2020.03.23-14.49.27:417][340]LogAudioMixer: Display: Name: Altavoces (Realtek High Definition Audio)
[2020.03.23-14.49.27:417][340]LogAudioMixer: Display: Is Default: Yes
[2020.03.23-14.49.27:417][340]LogAudioMixer: Display: Sample Rate: 48000
[2020.03.23-14.49.27:417][340]LogAudioMixer: Display: Channel Count Used: 2
[2020.03.23-14.49.27:417][340]LogAudioMixer: Display: Device Channel Count: 2
[2020.03.23-14.49.27:417][340]LogAudioMixer: Display: Channel Order:
[2020.03.23-14.49.27:417][340]LogAudioMixer: Display: 0: FrontLeft
[2020.03.23-14.49.27:417][340]LogAudioMixer: Display: 1: FrontRight
[2020.03.23-14.49.27:444][340]LogAudioMixer: Display: Using Audio Device Altavoces (Realtek High Definition Audio)
[2020.03.23-14.49.27:461][340]LogInit: FAudioDevice initialized.
[2020.03.23-14.49.27:537][340]LogLoad: Game class is 'FirstPersonGameMode_C'
[2020.03.23-14.49.27:714][340]LogWorld: Bringing World /Game/FirstPersonBP/Maps/UEDPIE_0_FirstPersonExampleMap.FirstPersonExampleMap up for play (max tick rate 0) at 2020.03.23-15.49.27
[2020.03.23-14.49.27:781][340]LogWorld: Bringing up level for play took: 0.114436
[2020.03.23-14.49.27:783][340]LogOnline: OSS: Creating online subsystem instance for: :Context_2
[2020.03.23-14.49.27:957][340]LogContentBrowser: Native class hierarchy updated for 'MovieSceneCapture' in 0.0010 seconds. Added 20 classes and 0 folders.
[2020.03.23-14.49.28:134][340]PIE: Play in editor start time for /Game/FirstPersonBP/Maps/UEDPIE_0_FirstPersonExampleMap 0,956
[2020.03.23-14.49.28:135][340]LogBlueprintUserMessages: Late PlayInEditor Detection: Level '/Game/FirstPersonBP/Maps/FirstPersonExampleMap.FirstPersonExampleMap:PersistentLevel' has LevelScriptBlueprint '/Game/FirstPersonBP/Maps/FirstPersonExampleMap.FirstPersonExampleMap:PersistentLevel.FirstPersonExampleMap' with GeneratedClass '/Game/FirstPersonBP/Maps/FirstPersonExampleMap.FirstPersonExampleMap_C' with ClassGeneratedBy '/Game/FirstPersonBP/Maps/FirstPersonExampleMap.FirstPersonExampleMap:PersistentLevel.FirstPersonExampleMap'
[2020.03.23-14.49.40:446][258]LogUObjectHash: Compacting FUObjectHashTables data took   2.63ms
[2020.03.23-14.49.40:653][258]LogSlate: Window 'One_Man_Land - Unreal Editor' being destroyed
[2020.03.23-14.49.40:655][258]LogWindowsTextInputMethodSystem: Display: IME system now deactivated.
[2020.03.23-14.49.40:882][258]LogBlueprintUserMessages: Early EndPlayMap Detection: Level '/Game/FirstPersonBP/Maps/FirstPersonExampleMap.FirstPersonExampleMap:PersistentLevel' has LevelScriptBlueprint '/Game/FirstPersonBP/Maps/FirstPersonExampleMap.FirstPersonExampleMap:PersistentLevel.FirstPersonExampleMap' with GeneratedClass '/Game/FirstPersonBP/Maps/FirstPersonExampleMap.FirstPersonExampleMap_C' with ClassGeneratedBy '/Game/FirstPersonBP/Maps/FirstPersonExampleMap.FirstPersonExampleMap:PersistentLevel.FirstPersonExampleMap'
[2020.03.23-14.49.40:885][258]LogSlate: Updating window title bar state: overlay mode, drag disabled, window buttons hidden, title bar hidden
[2020.03.23-14.49.40:885][258]LogWorld: BeginTearingDown for /Game/FirstPersonBP/Maps/UEDPIE_0_FirstPersonExampleMap
[2020.03.23-14.49.40:885][258]LogAudioMixer: Display: No commands were queued while flushing the source manager.
[2020.03.23-14.49.40:893][258]LogWorld: UWorld::CleanupWorld for FirstPersonExampleMap, bSessionEnded=true, bCleanupResources=true
[2020.03.23-14.49.40:896][258]LogSlate: InvalidateAllWidgets triggered.  All widgets were invalidated
[2020.03.23-14.49.40:906][258]LogPlayLevel: Display: Shutting down PIE online subsystems
[2020.03.23-14.49.40:906][258]LogBlueprintUserMessages: Late EndPlayMap Detection: Level '/Game/FirstPersonBP/Maps/FirstPersonExampleMap.FirstPersonExampleMap:PersistentLevel' has LevelScriptBlueprint '/Game/FirstPersonBP/Maps/FirstPersonExampleMap.FirstPersonExampleMap:PersistentLevel.FirstPersonExampleMap' with GeneratedClass '/Game/FirstPersonBP/Maps/FirstPersonExampleMap.FirstPersonExampleMap_C' with ClassGeneratedBy '/Game/FirstPersonBP/Maps/FirstPersonExampleMap.FirstPersonExampleMap:PersistentLevel.FirstPersonExampleMap'
[2020.03.23-14.49.40:919][258]LogSlate: InvalidateAllWidgets triggered.  All widgets were invalidated
[2020.03.23-14.49.40:974][258]LogAudioMixer: Display: No commands were queued while flushing the source manager.
[2020.03.23-14.49.40:980][258]LogSlate: Updating window title bar state: overlay mode, drag disabled, window buttons hidden, title bar hidden
[2020.03.23-14.49.41:106][258]LogUObjectHash: Compacting FUObjectHashTables data took   3.70ms
[2020.03.23-14.49.41:506][259]Cmd: QUIT_EDITOR
[2020.03.23-14.49.41:506][259]LogCore: Engine exit requested (reason: UUnrealEdEngine::CloseEditor())
[2020.03.23-14.49.41:573][259]LogCore: Engine exit requested (reason: EngineExit() was called; note: exit was already requested)
[2020.03.23-14.49.41:583][259]LogAudioMixer: Display: No commands were queued while flushing the source manager.
