Log file open, 06/04/20 20:48:06
LogWindows: Failed to load 'aqProf.dll' (GetLastError=126)
LogWindows: File 'aqProf.dll' does not exist
LogWindows: Failed to load 'VtuneApi.dll' (GetLastError=126)
LogWindows: File 'VtuneApi.dll' does not exist
LogWindows: Failed to load 'VtuneApi32e.dll' (GetLastError=126)
LogWindows: File 'VtuneApi32e.dll' does not exist
LogConsoleResponse: Display: Failed to find resolution value strings in scalability ini. Falling back to default.
LogInit: Display: Running engine for game: One_Man_Land
LogPlatformFile: Not using cached read wrapper
LogTaskGraph: Started task graph with 5 named threads and 23 total threads with 3 sets of task threads.
LogStats: Stats thread started at 0.074432
LogD3D11RHI: Loaded GFSDK_Aftermath_Lib.x64.dll
LogICUInternationalization: ICU TimeZone Detection - Raw Offset: +1:00, Platform Override: ''
LogPluginManager: Mounting plugin Paper2D
LogPluginManager: Mounting plugin AISupport
LogPluginManager: Mounting plugin LightPropagationVolume
LogPluginManager: Mounting plugin ActorLayerUtilities
LogPluginManager: Mounting plugin AnimationSharing
LogPluginManager: Mounting plugin CLionSourceCodeAccess
LogPluginManager: Mounting plugin CodeLiteSourceCodeAccess
LogPluginManager: Mounting plugin GitSourceControl
LogPluginManager: Mounting plugin KDevelopSourceCodeAccess
LogPluginManager: Mounting plugin NullSourceCodeAccess
LogPluginManager: Mounting plugin PerforceSourceControl
LogPluginManager: Mounting plugin PlasticSourceControl
LogPluginManager: Mounting plugin SubversionSourceControl
LogPluginManager: Mounting plugin UObjectPlugin
LogPluginManager: Mounting plugin VisualStudioCodeSourceCodeAccess
LogPluginManager: Mounting plugin VisualStudioSourceCodeAccess
LogPluginManager: Mounting plugin XCodeSourceCodeAccess
LogPluginManager: Mounting plugin AssetManagerEditor
LogPluginManager: Mounting plugin CryptoKeys
LogPluginManager: Mounting plugin CurveEditorTools
LogPluginManager: Mounting plugin DataValidation
LogPluginManager: Mounting plugin FacialAnimation
LogPluginManager: Mounting plugin GameplayTagsEditor
LogPluginManager: Mounting plugin MacGraphicsSwitching
LogPluginManager: Mounting plugin MaterialAnalyzer
LogPluginManager: Mounting plugin MobileLauncherProfileWizard
LogPluginManager: Mounting plugin PluginBrowser
LogPluginManager: Mounting plugin SpeedTreeImporter
LogPluginManager: Mounting plugin DatasmithContent
LogPluginManager: Mounting plugin VariantManagerContent
LogPluginManager: Mounting plugin AlembicImporter
LogPluginManager: Mounting plugin AutomationUtils
LogPluginManager: Mounting plugin BackChannel
LogPluginManager: Mounting plugin CharacterAI
LogPluginManager: Mounting plugin GeometryCache
LogPluginManager: Mounting plugin PlatformCrypto
LogPluginManager: Mounting plugin ProxyLODPlugin
LogPluginManager: Mounting plugin SkeletalReduction
LogPluginManager: Mounting plugin MagicLeap
LogPluginManager: Mounting plugin MagicLeapMedia
LogPluginManager: Mounting plugin MLSDK
LogPluginManager: Mounting plugin AndroidMedia
LogPluginManager: Mounting plugin AvfMedia
LogPluginManager: Mounting plugin ImgMedia
LogPluginManager: Mounting plugin MediaCompositing
LogPluginManager: Mounting plugin MediaPlayerEditor
LogPluginManager: Mounting plugin WebMMedia
LogPluginManager: Mounting plugin WmfMedia
LogPluginManager: Mounting plugin TcpMessaging
LogPluginManager: Mounting plugin UdpMessaging
LogPluginManager: Mounting plugin ActorSequence
LogPluginManager: Mounting plugin LevelSequenceEditor
LogPluginManager: Mounting plugin MatineeToLevelSequence
LogPluginManager: Mounting plugin NetcodeUnitTest
LogPluginManager: Mounting plugin NUTUnrealEngine4
LogPluginManager: Mounting plugin OnlineSubsystemGooglePlay
LogPluginManager: Mounting plugin OnlineSubsystemIOS
LogPluginManager: Mounting plugin OnlineSubsystem
LogPluginManager: Mounting plugin OnlineSubsystemNull
LogPluginManager: Mounting plugin OnlineSubsystemUtils
LogPluginManager: Mounting plugin LauncherChunkInstaller
LogPluginManager: Mounting plugin AndroidDeviceProfileSelector
LogPluginManager: Mounting plugin AndroidMoviePlayer
LogPluginManager: Mounting plugin AndroidPermission
LogPluginManager: Mounting plugin AppleImageUtils
LogPluginManager: Mounting plugin AppleMoviePlayer
LogPluginManager: Mounting plugin ArchVisCharacter
LogPluginManager: Mounting plugin AssetTags
LogPluginManager: Mounting plugin AudioCapture
LogPluginManager: Mounting plugin CableComponent
LogPluginManager: Mounting plugin CustomMeshComponent
LogPluginManager: Mounting plugin EditableMesh
LogPluginManager: Mounting plugin ExampleDeviceProfileSelector
LogPluginManager: Mounting plugin GoogleCloudMessaging
LogPluginManager: Mounting plugin IOSDeviceProfileSelector
LogPluginManager: Mounting plugin LinuxDeviceProfileSelector
LogPluginManager: Mounting plugin LocationServicesBPLibrary
LogPluginManager: Mounting plugin MobilePatchingUtils
LogPluginManager: Mounting plugin OculusVR
LogPluginManager: Mounting plugin PhysXVehicles
LogPluginManager: Mounting plugin PostSplashScreen
LogPluginManager: Mounting plugin ProceduralMeshComponent
LogPluginManager: Mounting plugin RuntimePhysXCooking
LogPluginManager: Mounting plugin SignificanceManager
LogPluginManager: Mounting plugin SteamVR
LogPluginManager: Mounting plugin WebMMoviePlayer
LogPluginManager: Mounting plugin WindowsMoviePlayer
LogPluginManager: Mounting plugin ScreenshotTools
LogInit: Using libcurl 7.55.1-DEV
LogInit:  - built for x86_64-pc-win32
LogInit:  - supports SSL with OpenSSL/1.1.1
LogInit:  - supports HTTP deflate (compression) using libz 1.2.8
LogInit:  - other features:
LogInit:      CURL_VERSION_SSL
LogInit:      CURL_VERSION_LIBZ
LogInit:      CURL_VERSION_IPV6
LogInit:      CURL_VERSION_ASYNCHDNS
LogInit:      CURL_VERSION_LARGEFILE
LogInit:      CURL_VERSION_IDN
LogInit:  CurlRequestOptions (configurable via config and command line):
LogInit:  - bVerifyPeer = true  - Libcurl will verify peer certificate
LogInit:  - bUseHttpProxy = false  - Libcurl will NOT use HTTP proxy
LogInit:  - bDontReuseConnections = false  - Libcurl will reuse connections
LogInit:  - MaxHostConnections = 16  - Libcurl will limit the number of connections to a host
LogInit:  - LocalHostAddr = Default
LogInit:  - BufferSize = 65536
LogOnline: OSS: Creating online subsystem instance for: NULL
LogInit: WinSock: version 1.1 (2.2), MaxSocks=32767, MaxUdp=65467
LogOnline: OSS: TryLoadSubsystemAndSetDefault: Loaded subsystem for module [NULL]
LogInit: Build: ++UE4+Release-4.24-CL-11100242
LogInit: Engine Version: 4.24.2-11100242+++UE4+Release-4.24
LogInit: Compatible Engine Version: 4.24.0-10570792+++UE4+Release-4.24
LogInit: Net CL: 10570792
LogInit: OS: Windows 10 (Release 1903) (), CPU: Intel(R) Core(TM) i7-7700K CPU @ 4.20GHz, GPU: Intel(R) HD Graphics 630
LogInit: Compiled (64-bit): Jan 24 2020 02:05:53
LogInit: Compiled with Visual C++: 19.16.27032.01
LogInit: Build Configuration: Development
LogInit: Branch Name: ++UE4+Release-4.24
LogInit: Command Line: 
LogInit: Base Directory: D:/Instalacions/UE_4.24/Engine/Binaries/Win64/
LogInit: Installed Engine Build: 1
LogDevObjectVersion: Number of dev versions registered: 25
LogDevObjectVersion:   Dev-Blueprints (B0D832E4-1F89-4F0D-ACCF-7EB736FD4AA2): 10
LogDevObjectVersion:   Dev-Build (E1C64328-A22C-4D53-A36C-8E866417BD8C): 0
LogDevObjectVersion:   Dev-Core (375EC13C-06E4-48FB-B500-84F0262A717E): 3
LogDevObjectVersion:   Dev-Editor (E4B068ED-F494-42E9-A231-DA0B2E46BB41): 37
LogDevObjectVersion:   Dev-Framework (CFFC743F-43B0-4480-9391-14DF171D2073): 36
LogDevObjectVersion:   Dev-Mobile (B02B49B5-BB20-44E9-A304-32B752E40360): 2
LogDevObjectVersion:   Dev-Networking (A4E4105C-59A1-49B5-A7C5-40C4547EDFEE): 0
LogDevObjectVersion:   Dev-Online (39C831C9-5AE6-47DC-9A44-9C173E1C8E7C): 0
LogDevObjectVersion:   Dev-Physics (78F01B33-EBEA-4F98-B9B4-84EACCB95AA2): 2
LogDevObjectVersion:   Dev-Platform (6631380F-2D4D-43E0-8009-CF276956A95A): 0
LogDevObjectVersion:   Dev-Rendering (12F88B9F-8875-4AFC-A67C-D90C383ABD29): 36
LogDevObjectVersion:   Dev-Sequencer (7B5AE74C-D270-4C10-A958-57980B212A5A): 11
LogDevObjectVersion:   Dev-VR (D7296918-1DD6-4BDD-9DE2-64A83CC13884): 2
LogDevObjectVersion:   Dev-LoadTimes (C2A15278-BFE7-4AFE-6C17-90FF531DF755): 1
LogDevObjectVersion:   Private-Geometry (6EACA3D4-40EC-4CC1-B786-8BED09428FC5): 3
LogDevObjectVersion:   Dev-AnimPhys (29E575DD-E0A3-4627-9D10-D276232CDCEA): 17
LogDevObjectVersion:   Dev-Anim (AF43A65D-7FD3-4947-9873-3E8ED9C1BB05): 2
LogDevObjectVersion:   Dev-ReflectionCapture (6B266CEC-1EC7-4B8F-A30B-E4D90942FC07): 1
LogDevObjectVersion:   Dev-Automation (0DF73D61-A23F-47EA-B727-89E90C41499A): 1
LogDevObjectVersion:   FortniteMain (601D1886-AC64-4F84-AA16-D3DE0DEAC7D6): 31
LogDevObjectVersion:   Dev-Enterprise (9DFFBCD6-494F-0158-E221-12823C92A888): 8
LogDevObjectVersion:   Dev-Niagara (F2AED0AC-9AFE-416F-8664-AA7FFA26D6FC): 1
LogDevObjectVersion:   Dev-Destruction (174F1F0B-B4C6-45A5-B13F-2EE8D0FB917D): 9
LogDevObjectVersion:   Dev-Physics-Ext (35F94A83-E258-406C-A318-09F59610247C): 8
LogDevObjectVersion:   Dev-CineCamera (B2E18506-4273-CFC2-A54E-F4BB758BBA07): 1
LogInit: Presizing for max 25165824 objects, including 0 objects not considered by GC, pre-allocating 0 bytes for permanent pool.
LogInit: Object subsystem initialized
LogConfig: Setting CVar [[con.DebugEarlyDefault:1]]
LogConfig: Setting CVar [[r.setres:1280x720]]
[2020.06.04-18.48.06:942][  0]LogConfig: Setting CVar [[r.VSync:0]]
[2020.06.04-18.48.06:942][  0]LogConfig: Setting CVar [[r.RHICmdBypass:0]]
[2020.06.04-18.48.06:942][  0]LogConfig: Applying CVar settings from Section [/Script/Engine.RendererSettings] File [D:/Uni/3r/2n semestre/Motors2/survival-craft/survival-craft/One_Man_Land/Saved/Config/Windows/Engine.ini]
[2020.06.04-18.48.06:942][  0]LogConfig: Setting CVar [[r.GPUCrashDebugging:0]]
[2020.06.04-18.48.06:942][  0]LogConfig: Setting CVar [[r.NormalMapsForStaticLighting:0]]
[2020.06.04-18.48.06:942][  0]LogConfig: Applying CVar settings from Section [/Script/Engine.RendererOverrideSettings] File [D:/Uni/3r/2n semestre/Motors2/survival-craft/survival-craft/One_Man_Land/Saved/Config/Windows/Engine.ini]
[2020.06.04-18.48.06:942][  0]LogConfig: Applying CVar settings from Section [/Script/Engine.StreamingSettings] File [D:/Uni/3r/2n semestre/Motors2/survival-craft/survival-craft/One_Man_Land/Saved/Config/Windows/Engine.ini]
[2020.06.04-18.48.06:942][  0]LogConfig: Setting CVar [[s.MinBulkDataSizeForAsyncLoading:131072]]
[2020.06.04-18.48.06:942][  0]LogConfig: Setting CVar [[s.AsyncLoadingThreadEnabled:0]]
[2020.06.04-18.48.06:942][  0]LogConfig: Setting CVar [[s.EventDrivenLoaderEnabled:1]]
[2020.06.04-18.48.06:942][  0]LogConfig: Setting CVar [[s.WarnIfTimeLimitExceeded:0]]
[2020.06.04-18.48.06:942][  0]LogConfig: Setting CVar [[s.TimeLimitExceededMultiplier:1.5]]
[2020.06.04-18.48.06:942][  0]LogConfig: Setting CVar [[s.TimeLimitExceededMinTime:0.005]]
[2020.06.04-18.48.06:942][  0]LogConfig: Setting CVar [[s.UseBackgroundLevelStreaming:1]]
[2020.06.04-18.48.06:942][  0]LogConfig: Setting CVar [[s.PriorityAsyncLoadingExtraTime:15.0]]
[2020.06.04-18.48.06:942][  0]LogConfig: Setting CVar [[s.LevelStreamingActorsUpdateTimeLimit:5.0]]
[2020.06.04-18.48.06:942][  0]LogConfig: Setting CVar [[s.PriorityLevelStreamingActorsUpdateExtraTime:5.0]]
[2020.06.04-18.48.06:942][  0]LogConfig: Setting CVar [[s.LevelStreamingComponentsRegistrationGranularity:10]]
[2020.06.04-18.48.06:942][  0]LogConfig: Setting CVar [[s.UnregisterComponentsTimeLimit:1.0]]
[2020.06.04-18.48.06:942][  0]LogConfig: Setting CVar [[s.LevelStreamingComponentsUnregistrationGranularity:5]]
[2020.06.04-18.48.06:942][  0]LogConfig: Setting CVar [[s.FlushStreamingOnExit:1]]
[2020.06.04-18.48.06:942][  0]LogConfig: Applying CVar settings from Section [/Script/Engine.GarbageCollectionSettings] File [D:/Uni/3r/2n semestre/Motors2/survival-craft/survival-craft/One_Man_Land/Saved/Config/Windows/Engine.ini]
[2020.06.04-18.48.06:942][  0]LogConfig: Setting CVar [[gc.MaxObjectsNotConsideredByGC:1]]
[2020.06.04-18.48.06:942][  0]LogConfig: Setting CVar [[gc.SizeOfPermanentObjectPool:0]]
[2020.06.04-18.48.06:942][  0]LogConfig: Setting CVar [[gc.FlushStreamingOnGC:0]]
[2020.06.04-18.48.06:942][  0]LogConfig: Setting CVar [[gc.NumRetriesBeforeForcingGC:10]]
[2020.06.04-18.48.06:942][  0]LogConfig: Setting CVar [[gc.AllowParallelGC:1]]
[2020.06.04-18.48.06:942][  0]LogConfig: Setting CVar [[gc.TimeBetweenPurgingPendingKillObjects:61.1]]
[2020.06.04-18.48.06:942][  0]LogConfig: Setting CVar [[gc.MaxObjectsInEditor:25165824]]
[2020.06.04-18.48.06:942][  0]LogConfig: Setting CVar [[gc.IncrementalBeginDestroyEnabled:1]]
[2020.06.04-18.48.06:942][  0]LogConfig: Setting CVar [[gc.CreateGCClusters:1]]
[2020.06.04-18.48.06:942][  0]LogConfig: Setting CVar [[gc.MinGCClusterSize:5]]
[2020.06.04-18.48.06:942][  0]LogConfig: Setting CVar [[gc.ActorClusteringEnabled:0]]
[2020.06.04-18.48.06:942][  0]LogConfig: Setting CVar [[gc.BlueprintClusteringEnabled:0]]
[2020.06.04-18.48.06:942][  0]LogConfig: Setting CVar [[gc.UseDisregardForGCOnDedicatedServers:0]]
[2020.06.04-18.48.06:942][  0]LogConfig: Applying CVar settings from Section [/Script/Engine.NetworkSettings] File [D:/Uni/3r/2n semestre/Motors2/survival-craft/survival-craft/One_Man_Land/Saved/Config/Windows/Engine.ini]
[2020.06.04-18.48.06:942][  0]LogConfig: Applying CVar settings from Section [/Script/UnrealEd.CookerSettings] File [D:/Uni/3r/2n semestre/Motors2/survival-craft/survival-craft/One_Man_Land/Saved/Config/Windows/Engine.ini]
[2020.06.04-18.48.06:944][  0]LogConfig: Applying CVar settings from Section [ViewDistanceQuality@3] File [D:/Uni/3r/2n semestre/Motors2/survival-craft/survival-craft/One_Man_Land/Saved/Config/Windows/Scalability.ini]
[2020.06.04-18.48.06:944][  0]LogConfig: Setting CVar [[r.SkeletalMeshLODBias:0]]
[2020.06.04-18.48.06:944][  0]LogConfig: Setting CVar [[r.ViewDistanceScale:1.0]]
[2020.06.04-18.48.06:944][  0]LogConfig: Applying CVar settings from Section [AntiAliasingQuality@3] File [D:/Uni/3r/2n semestre/Motors2/survival-craft/survival-craft/One_Man_Land/Saved/Config/Windows/Scalability.ini]
[2020.06.04-18.48.06:944][  0]LogConfig: Setting CVar [[r.PostProcessAAQuality:4]]
[2020.06.04-18.48.06:944][  0]LogConfig: Applying CVar settings from Section [ShadowQuality@3] File [D:/Uni/3r/2n semestre/Motors2/survival-craft/survival-craft/One_Man_Land/Saved/Config/Windows/Scalability.ini]
[2020.06.04-18.48.06:944][  0]LogConfig: Setting CVar [[r.LightFunctionQuality:1]]
[2020.06.04-18.48.06:944][  0]LogConfig: Setting CVar [[r.ShadowQuality:5]]
[2020.06.04-18.48.06:944][  0]LogConfig: Setting CVar [[r.Shadow.CSM.MaxCascades:10]]
[2020.06.04-18.48.06:944][  0]LogConfig: Setting CVar [[r.Shadow.MaxResolution:2048]]
[2020.06.04-18.48.06:944][  0]LogConfig: Setting CVar [[r.Shadow.MaxCSMResolution:2048]]
[2020.06.04-18.48.06:944][  0]LogConfig: Setting CVar [[r.Shadow.RadiusThreshold:0.01]]
[2020.06.04-18.48.06:944][  0]LogConfig: Setting CVar [[r.Shadow.DistanceScale:1.0]]
[2020.06.04-18.48.06:944][  0]LogConfig: Setting CVar [[r.Shadow.CSM.TransitionScale:1.0]]
[2020.06.04-18.48.06:944][  0]LogConfig: Setting CVar [[r.Shadow.PreShadowResolutionFactor:1.0]]
[2020.06.04-18.48.06:944][  0]LogConfig: Setting CVar [[r.DistanceFieldShadowing:1]]
[2020.06.04-18.48.06:944][  0]LogConfig: Setting CVar [[r.DistanceFieldAO:1]]
[2020.06.04-18.48.06:944][  0]LogConfig: Setting CVar [[r.AOQuality:2]]
[2020.06.04-18.48.06:944][  0]LogConfig: Setting CVar [[r.VolumetricFog:1]]
[2020.06.04-18.48.06:944][  0]LogConfig: Setting CVar [[r.VolumetricFog.GridPixelSize:8]]
[2020.06.04-18.48.06:944][  0]LogConfig: Setting CVar [[r.VolumetricFog.GridSizeZ:128]]
[2020.06.04-18.48.06:944][  0]LogConfig: Setting CVar [[r.VolumetricFog.HistoryMissSupersampleCount:4]]
[2020.06.04-18.48.06:944][  0]LogConfig: Setting CVar [[r.LightMaxDrawDistanceScale:1]]
[2020.06.04-18.48.06:944][  0]LogConfig: Setting CVar [[r.CapsuleShadows:1]]
[2020.06.04-18.48.06:944][  0]LogConfig: Applying CVar settings from Section [PostProcessQuality@3] File [D:/Uni/3r/2n semestre/Motors2/survival-craft/survival-craft/One_Man_Land/Saved/Config/Windows/Scalability.ini]
[2020.06.04-18.48.06:944][  0]LogConfig: Setting CVar [[r.MotionBlurQuality:4]]
[2020.06.04-18.48.06:944][  0]LogConfig: Setting CVar [[r.AmbientOcclusionMipLevelFactor:0.4]]
[2020.06.04-18.48.06:944][  0]LogConfig: Setting CVar [[r.AmbientOcclusionMaxQuality:100]]
[2020.06.04-18.48.06:944][  0]LogConfig: Setting CVar [[r.AmbientOcclusionLevels:-1]]
[2020.06.04-18.48.06:944][  0]LogConfig: Setting CVar [[r.AmbientOcclusionRadiusScale:1.0]]
[2020.06.04-18.48.06:944][  0]LogConfig: Setting CVar [[r.DepthOfFieldQuality:2]]
[2020.06.04-18.48.06:944][  0]LogConfig: Setting CVar [[r.RenderTargetPoolMin:400]]
[2020.06.04-18.48.06:945][  0]LogConfig: Setting CVar [[r.LensFlareQuality:2]]
[2020.06.04-18.48.06:945][  0]LogConfig: Setting CVar [[r.SceneColorFringeQuality:1]]
[2020.06.04-18.48.06:945][  0]LogConfig: Setting CVar [[r.EyeAdaptationQuality:2]]
[2020.06.04-18.48.06:945][  0]LogConfig: Setting CVar [[r.BloomQuality:5]]
[2020.06.04-18.48.06:945][  0]LogConfig: Setting CVar [[r.FastBlurThreshold:100]]
[2020.06.04-18.48.06:945][  0]LogConfig: Setting CVar [[r.Upscale.Quality:3]]
[2020.06.04-18.48.06:945][  0]LogConfig: Setting CVar [[r.Tonemapper.GrainQuantization:1]]
[2020.06.04-18.48.06:945][  0]LogConfig: Setting CVar [[r.LightShaftQuality:1]]
[2020.06.04-18.48.06:945][  0]LogConfig: Setting CVar [[r.Filter.SizeScale:1]]
[2020.06.04-18.48.06:945][  0]LogConfig: Setting CVar [[r.Tonemapper.Quality:5]]
[2020.06.04-18.48.06:945][  0]LogConfig: Setting CVar [[r.DOF.Gather.AccumulatorQuality:1        ; higher gathering accumulator quality]]
[2020.06.04-18.48.06:945][  0]LogConfig: Setting CVar [[r.DOF.Gather.PostfilterMethod:1          ; Median3x3 postfilering method]]
[2020.06.04-18.48.06:945][  0]LogConfig: Setting CVar [[r.DOF.Gather.EnableBokehSettings:0       ; no bokeh simulation when gathering]]
[2020.06.04-18.48.06:945][  0]LogConfig: Setting CVar [[r.DOF.Gather.RingCount:4                 ; medium number of samples when gathering]]
[2020.06.04-18.48.06:945][  0]LogConfig: Setting CVar [[r.DOF.Scatter.ForegroundCompositing:1    ; additive foreground scattering]]
[2020.06.04-18.48.06:945][  0]LogConfig: Setting CVar [[r.DOF.Scatter.BackgroundCompositing:2    ; additive background scattering]]
[2020.06.04-18.48.06:945][  0]LogConfig: Setting CVar [[r.DOF.Scatter.EnableBokehSettings:1      ; bokeh simulation when scattering]]
[2020.06.04-18.48.06:945][  0]LogConfig: Setting CVar [[r.DOF.Scatter.MaxSpriteRatio:0.1         ; only a maximum of 10% of scattered bokeh]]
[2020.06.04-18.48.06:945][  0]LogConfig: Setting CVar [[r.DOF.Recombine.Quality:1                ; cheap slight out of focus]]
[2020.06.04-18.48.06:945][  0]LogConfig: Setting CVar [[r.DOF.Recombine.EnableBokehSettings:0    ; no bokeh simulation on slight out of focus]]
[2020.06.04-18.48.06:945][  0]LogConfig: Setting CVar [[r.DOF.TemporalAAQuality:1                ; more stable temporal accumulation]]
[2020.06.04-18.48.06:945][  0]LogConfig: Setting CVar [[r.DOF.Kernel.MaxForegroundRadius:0.025]]
[2020.06.04-18.48.06:945][  0]LogConfig: Setting CVar [[r.DOF.Kernel.MaxBackgroundRadius:0.025]]
[2020.06.04-18.48.06:945][  0]LogConfig: Applying CVar settings from Section [TextureQuality@3] File [D:/Uni/3r/2n semestre/Motors2/survival-craft/survival-craft/One_Man_Land/Saved/Config/Windows/Scalability.ini]
[2020.06.04-18.48.06:945][  0]LogConfig: Setting CVar [[r.Streaming.MipBias:0]]
[2020.06.04-18.48.06:945][  0]LogConfig: Setting CVar [[r.Streaming.AmortizeCPUToGPUCopy:0]]
[2020.06.04-18.48.06:945][  0]LogConfig: Setting CVar [[r.Streaming.MaxNumTexturesToStreamPerFrame:0]]
[2020.06.04-18.48.06:945][  0]LogConfig: Setting CVar [[r.Streaming.Boost:1]]
[2020.06.04-18.48.06:945][  0]LogConfig: Setting CVar [[r.MaxAnisotropy:8]]
[2020.06.04-18.48.06:945][  0]LogConfig: Setting CVar [[r.VT.MaxAnisotropy:8]]
[2020.06.04-18.48.06:945][  0]LogConfig: Setting CVar [[r.Streaming.LimitPoolSizeToVRAM:0]]
[2020.06.04-18.48.06:945][  0]LogConfig: Setting CVar [[r.Streaming.PoolSize:1000]]
[2020.06.04-18.48.06:945][  0]LogConfig: Setting CVar [[r.Streaming.MaxEffectiveScreenSize:0]]
[2020.06.04-18.48.06:945][  0]LogConfig: Applying CVar settings from Section [EffectsQuality@3] File [D:/Uni/3r/2n semestre/Motors2/survival-craft/survival-craft/One_Man_Land/Saved/Config/Windows/Scalability.ini]
[2020.06.04-18.48.06:945][  0]LogConfig: Setting CVar [[r.TranslucencyLightingVolumeDim:64]]
[2020.06.04-18.48.06:945][  0]LogConfig: Setting CVar [[r.RefractionQuality:2]]
[2020.06.04-18.48.06:945][  0]LogConfig: Setting CVar [[r.SSR.Quality:3]]
[2020.06.04-18.48.06:945][  0]LogConfig: Setting CVar [[r.SSR.HalfResSceneColor:0]]
[2020.06.04-18.48.06:945][  0]LogConfig: Setting CVar [[r.SceneColorFormat:4]]
[2020.06.04-18.48.06:945][  0]LogConfig: Setting CVar [[r.DetailMode:2]]
[2020.06.04-18.48.06:945][  0]LogConfig: Setting CVar [[r.TranslucencyVolumeBlur:1]]
[2020.06.04-18.48.06:945][  0]LogConfig: Setting CVar [[r.MaterialQualityLevel:1 ; High quality]]
[2020.06.04-18.48.06:945][  0]LogConfig: Setting CVar [[r.SSS.Scale:1]]
[2020.06.04-18.48.06:945][  0]LogConfig: Setting CVar [[r.SSS.SampleSet:2]]
[2020.06.04-18.48.06:945][  0]LogConfig: Setting CVar [[r.SSS.Quality:1]]
[2020.06.04-18.48.06:945][  0]LogConfig: Setting CVar [[r.SSS.HalfRes:1]]
[2020.06.04-18.48.06:945][  0]LogConfig: Setting CVar [[r.SSGI.Quality:3]]
[2020.06.04-18.48.06:945][  0]LogConfig: Setting CVar [[r.EmitterSpawnRateScale:1.0]]
[2020.06.04-18.48.06:945][  0]LogConfig: Setting CVar [[r.ParticleLightQuality:2]]
[2020.06.04-18.48.06:945][  0]LogConfig: Setting CVar [[r.SkyAtmosphere.AerialPerspectiveLUT.FastApplyOnOpaque:1 ; Always have FastSkyLUT 1 in this case to avoid wrong sky]]
[2020.06.04-18.48.06:945][  0]LogConfig: Setting CVar [[r.SkyAtmosphere.AerialPerspectiveLUT.SampleCountPerSlice:1]]
[2020.06.04-18.48.06:945][  0]LogConfig: Setting CVar [[r.SkyAtmosphere.AerialPerspectiveLUT.DepthResolution:16.0]]
[2020.06.04-18.48.06:945][  0]LogConfig: Setting CVar [[r.SkyAtmosphere.FastSkyLUT:1]]
[2020.06.04-18.48.06:945][  0]LogConfig: Setting CVar [[r.SkyAtmosphere.FastSkyLUT.SampleCountMin:4.0]]
[2020.06.04-18.48.06:945][  0]LogConfig: Setting CVar [[r.SkyAtmosphere.FastSkyLUT.SampleCountMax:32.0]]
[2020.06.04-18.48.06:945][  0]LogConfig: Setting CVar [[r.SkyAtmosphere.SampleCountMin:4.0]]
[2020.06.04-18.48.06:945][  0]LogConfig: Setting CVar [[r.SkyAtmosphere.SampleCountMax:32.0]]
[2020.06.04-18.48.06:945][  0]LogConfig: Setting CVar [[r.SkyAtmosphere.TransmittanceLUT.UseSmallFormat:0]]
[2020.06.04-18.48.06:945][  0]LogConfig: Setting CVar [[r.SkyAtmosphere.TransmittanceLUT.SampleCount:10.0]]
[2020.06.04-18.48.06:945][  0]LogConfig: Setting CVar [[r.SkyAtmosphere.MultiScatteringLUT.SampleCount:15.0]]
[2020.06.04-18.48.06:945][  0]LogConfig: Applying CVar settings from Section [FoliageQuality@3] File [D:/Uni/3r/2n semestre/Motors2/survival-craft/survival-craft/One_Man_Land/Saved/Config/Windows/Scalability.ini]
[2020.06.04-18.48.06:945][  0]LogConfig: Setting CVar [[foliage.DensityScale:1.0]]
[2020.06.04-18.48.06:945][  0]LogConfig: Setting CVar [[grass.DensityScale:1.0]]
[2020.06.04-18.48.06:945][  0]LogConfig: Applying CVar settings from Section [ShadingQuality@3] File [D:/Uni/3r/2n semestre/Motors2/survival-craft/survival-craft/One_Man_Land/Saved/Config/Windows/Scalability.ini]
[2020.06.04-18.48.06:945][  0]LogConfig: Setting CVar [[r.HairStrands.SkyLighting.SampleCount:16]]
[2020.06.04-18.48.06:945][  0]LogConfig: Setting CVar [[r.HairStrands.SkyLighting.JitterIntegration:0]]
[2020.06.04-18.48.06:945][  0]LogConfig: Setting CVar [[r.HairStrands.SkyAO.SampleCount:16]]
[2020.06.04-18.48.06:945][  0]LogInit: Selected Device Profile: [Windows]
[2020.06.04-18.48.06:945][  0]LogInit: Applying CVar settings loaded from the selected device profile: [Windows]
[2020.06.04-18.48.06:947][  0]LogHAL: Display: Platform has ~ 16 GB [17035890688 / 17179869184 / 16], which maps to Larger [LargestMinGB=32, LargerMinGB=12, DefaultMinGB=8, SmallerMinGB=6, SmallestMinGB=0)
[2020.06.04-18.48.06:947][  0]LogInit: Going up to parent DeviceProfile []
[2020.06.04-18.48.06:947][  0]LogConfig: Applying CVar settings from Section [ViewDistanceQuality@3] File [D:/Uni/3r/2n semestre/Motors2/survival-craft/survival-craft/One_Man_Land/Saved/Config/Windows/Scalability.ini]
[2020.06.04-18.48.06:947][  0]LogConfig: Setting CVar [[r.SkeletalMeshLODBias:0]]
[2020.06.04-18.48.06:947][  0]LogConfig: Setting CVar [[r.ViewDistanceScale:1.0]]
[2020.06.04-18.48.06:947][  0]LogConfig: Applying CVar settings from Section [AntiAliasingQuality@3] File [D:/Uni/3r/2n semestre/Motors2/survival-craft/survival-craft/One_Man_Land/Saved/Config/Windows/Scalability.ini]
[2020.06.04-18.48.06:947][  0]LogConfig: Setting CVar [[r.PostProcessAAQuality:4]]
[2020.06.04-18.48.06:947][  0]LogConfig: Applying CVar settings from Section [ShadowQuality@3] File [D:/Uni/3r/2n semestre/Motors2/survival-craft/survival-craft/One_Man_Land/Saved/Config/Windows/Scalability.ini]
[2020.06.04-18.48.06:947][  0]LogConfig: Setting CVar [[r.LightFunctionQuality:1]]
[2020.06.04-18.48.06:947][  0]LogConfig: Setting CVar [[r.ShadowQuality:5]]
[2020.06.04-18.48.06:947][  0]LogConfig: Setting CVar [[r.Shadow.CSM.MaxCascades:10]]
[2020.06.04-18.48.06:947][  0]LogConfig: Setting CVar [[r.Shadow.MaxResolution:2048]]
[2020.06.04-18.48.06:947][  0]LogConfig: Setting CVar [[r.Shadow.MaxCSMResolution:2048]]
[2020.06.04-18.48.06:947][  0]LogConfig: Setting CVar [[r.Shadow.RadiusThreshold:0.01]]
[2020.06.04-18.48.06:947][  0]LogConfig: Setting CVar [[r.Shadow.DistanceScale:1.0]]
[2020.06.04-18.48.06:947][  0]LogConfig: Setting CVar [[r.Shadow.CSM.TransitionScale:1.0]]
[2020.06.04-18.48.06:947][  0]LogConfig: Setting CVar [[r.Shadow.PreShadowResolutionFactor:1.0]]
[2020.06.04-18.48.06:947][  0]LogConfig: Setting CVar [[r.DistanceFieldShadowing:1]]
[2020.06.04-18.48.06:947][  0]LogConfig: Setting CVar [[r.DistanceFieldAO:1]]
[2020.06.04-18.48.06:947][  0]LogConfig: Setting CVar [[r.AOQuality:2]]
[2020.06.04-18.48.06:947][  0]LogConfig: Setting CVar [[r.VolumetricFog:1]]
[2020.06.04-18.48.06:947][  0]LogConfig: Setting CVar [[r.VolumetricFog.GridPixelSize:8]]
[2020.06.04-18.48.06:947][  0]LogConfig: Setting CVar [[r.VolumetricFog.GridSizeZ:128]]
[2020.06.04-18.48.06:947][  0]LogConfig: Setting CVar [[r.VolumetricFog.HistoryMissSupersampleCount:4]]
[2020.06.04-18.48.06:947][  0]LogConfig: Setting CVar [[r.LightMaxDrawDistanceScale:1]]
[2020.06.04-18.48.06:947][  0]LogConfig: Setting CVar [[r.CapsuleShadows:1]]
[2020.06.04-18.48.06:947][  0]LogConfig: Applying CVar settings from Section [PostProcessQuality@3] File [D:/Uni/3r/2n semestre/Motors2/survival-craft/survival-craft/One_Man_Land/Saved/Config/Windows/Scalability.ini]
[2020.06.04-18.48.06:947][  0]LogConfig: Setting CVar [[r.MotionBlurQuality:4]]
[2020.06.04-18.48.06:947][  0]LogConfig: Setting CVar [[r.AmbientOcclusionMipLevelFactor:0.4]]
[2020.06.04-18.48.06:947][  0]LogConfig: Setting CVar [[r.AmbientOcclusionMaxQuality:100]]
[2020.06.04-18.48.06:947][  0]LogConfig: Setting CVar [[r.AmbientOcclusionLevels:-1]]
[2020.06.04-18.48.06:947][  0]LogConfig: Setting CVar [[r.AmbientOcclusionRadiusScale:1.0]]
[2020.06.04-18.48.06:947][  0]LogConfig: Setting CVar [[r.DepthOfFieldQuality:2]]
[2020.06.04-18.48.06:947][  0]LogConfig: Setting CVar [[r.RenderTargetPoolMin:400]]
[2020.06.04-18.48.06:947][  0]LogConfig: Setting CVar [[r.LensFlareQuality:2]]
[2020.06.04-18.48.06:948][  0]LogConfig: Setting CVar [[r.SceneColorFringeQuality:1]]
[2020.06.04-18.48.06:948][  0]LogConfig: Setting CVar [[r.EyeAdaptationQuality:2]]
[2020.06.04-18.48.06:948][  0]LogConfig: Setting CVar [[r.BloomQuality:5]]
[2020.06.04-18.48.06:948][  0]LogConfig: Setting CVar [[r.FastBlurThreshold:100]]
[2020.06.04-18.48.06:948][  0]LogConfig: Setting CVar [[r.Upscale.Quality:3]]
[2020.06.04-18.48.06:948][  0]LogConfig: Setting CVar [[r.Tonemapper.GrainQuantization:1]]
[2020.06.04-18.48.06:948][  0]LogConfig: Setting CVar [[r.LightShaftQuality:1]]
[2020.06.04-18.48.06:948][  0]LogConfig: Setting CVar [[r.Filter.SizeScale:1]]
[2020.06.04-18.48.06:948][  0]LogConfig: Setting CVar [[r.Tonemapper.Quality:5]]
[2020.06.04-18.48.06:948][  0]LogConfig: Setting CVar [[r.DOF.Gather.AccumulatorQuality:1        ; higher gathering accumulator quality]]
[2020.06.04-18.48.06:948][  0]LogConfig: Setting CVar [[r.DOF.Gather.PostfilterMethod:1          ; Median3x3 postfilering method]]
[2020.06.04-18.48.06:948][  0]LogConfig: Setting CVar [[r.DOF.Gather.EnableBokehSettings:0       ; no bokeh simulation when gathering]]
[2020.06.04-18.48.06:948][  0]LogConfig: Setting CVar [[r.DOF.Gather.RingCount:4                 ; medium number of samples when gathering]]
[2020.06.04-18.48.06:948][  0]LogConfig: Setting CVar [[r.DOF.Scatter.ForegroundCompositing:1    ; additive foreground scattering]]
[2020.06.04-18.48.06:948][  0]LogConfig: Setting CVar [[r.DOF.Scatter.BackgroundCompositing:2    ; additive background scattering]]
[2020.06.04-18.48.06:948][  0]LogConfig: Setting CVar [[r.DOF.Scatter.EnableBokehSettings:1      ; bokeh simulation when scattering]]
[2020.06.04-18.48.06:948][  0]LogConfig: Setting CVar [[r.DOF.Scatter.MaxSpriteRatio:0.1         ; only a maximum of 10% of scattered bokeh]]
[2020.06.04-18.48.06:948][  0]LogConfig: Setting CVar [[r.DOF.Recombine.Quality:1                ; cheap slight out of focus]]
[2020.06.04-18.48.06:948][  0]LogConfig: Setting CVar [[r.DOF.Recombine.EnableBokehSettings:0    ; no bokeh simulation on slight out of focus]]
[2020.06.04-18.48.06:948][  0]LogConfig: Setting CVar [[r.DOF.TemporalAAQuality:1                ; more stable temporal accumulation]]
[2020.06.04-18.48.06:948][  0]LogConfig: Setting CVar [[r.DOF.Kernel.MaxForegroundRadius:0.025]]
[2020.06.04-18.48.06:948][  0]LogConfig: Setting CVar [[r.DOF.Kernel.MaxBackgroundRadius:0.025]]
[2020.06.04-18.48.06:948][  0]LogConfig: Applying CVar settings from Section [TextureQuality@3] File [D:/Uni/3r/2n semestre/Motors2/survival-craft/survival-craft/One_Man_Land/Saved/Config/Windows/Scalability.ini]
[2020.06.04-18.48.06:948][  0]LogConfig: Setting CVar [[r.Streaming.MipBias:0]]
[2020.06.04-18.48.06:948][  0]LogConfig: Setting CVar [[r.Streaming.AmortizeCPUToGPUCopy:0]]
[2020.06.04-18.48.06:948][  0]LogConfig: Setting CVar [[r.Streaming.MaxNumTexturesToStreamPerFrame:0]]
[2020.06.04-18.48.06:948][  0]LogConfig: Setting CVar [[r.Streaming.Boost:1]]
[2020.06.04-18.48.06:948][  0]LogConfig: Setting CVar [[r.MaxAnisotropy:8]]
[2020.06.04-18.48.06:948][  0]LogConfig: Setting CVar [[r.VT.MaxAnisotropy:8]]
[2020.06.04-18.48.06:948][  0]LogConfig: Setting CVar [[r.Streaming.LimitPoolSizeToVRAM:0]]
[2020.06.04-18.48.06:948][  0]LogConfig: Setting CVar [[r.Streaming.PoolSize:1000]]
[2020.06.04-18.48.06:948][  0]LogConfig: Setting CVar [[r.Streaming.MaxEffectiveScreenSize:0]]
[2020.06.04-18.48.06:948][  0]LogConfig: Applying CVar settings from Section [EffectsQuality@3] File [D:/Uni/3r/2n semestre/Motors2/survival-craft/survival-craft/One_Man_Land/Saved/Config/Windows/Scalability.ini]
[2020.06.04-18.48.06:948][  0]LogConfig: Setting CVar [[r.TranslucencyLightingVolumeDim:64]]
[2020.06.04-18.48.06:948][  0]LogConfig: Setting CVar [[r.RefractionQuality:2]]
[2020.06.04-18.48.06:948][  0]LogConfig: Setting CVar [[r.SSR.Quality:3]]
[2020.06.04-18.48.06:948][  0]LogConfig: Setting CVar [[r.SSR.HalfResSceneColor:0]]
[2020.06.04-18.48.06:948][  0]LogConfig: Setting CVar [[r.SceneColorFormat:4]]
[2020.06.04-18.48.06:948][  0]LogConfig: Setting CVar [[r.DetailMode:2]]
[2020.06.04-18.48.06:948][  0]LogConfig: Setting CVar [[r.TranslucencyVolumeBlur:1]]
[2020.06.04-18.48.06:948][  0]LogConfig: Setting CVar [[r.MaterialQualityLevel:1 ; High quality]]
[2020.06.04-18.48.06:948][  0]LogConfig: Setting CVar [[r.SSS.Scale:1]]
[2020.06.04-18.48.06:948][  0]LogConfig: Setting CVar [[r.SSS.SampleSet:2]]
[2020.06.04-18.48.06:948][  0]LogConfig: Setting CVar [[r.SSS.Quality:1]]
[2020.06.04-18.48.06:948][  0]LogConfig: Setting CVar [[r.SSS.HalfRes:1]]
[2020.06.04-18.48.06:948][  0]LogConfig: Setting CVar [[r.SSGI.Quality:3]]
[2020.06.04-18.48.06:948][  0]LogConfig: Setting CVar [[r.EmitterSpawnRateScale:1.0]]
[2020.06.04-18.48.06:948][  0]LogConfig: Setting CVar [[r.ParticleLightQuality:2]]
[2020.06.04-18.48.06:948][  0]LogConfig: Setting CVar [[r.SkyAtmosphere.AerialPerspectiveLUT.FastApplyOnOpaque:1 ; Always have FastSkyLUT 1 in this case to avoid wrong sky]]
[2020.06.04-18.48.06:948][  0]LogConfig: Setting CVar [[r.SkyAtmosphere.AerialPerspectiveLUT.SampleCountPerSlice:1]]
[2020.06.04-18.48.06:948][  0]LogConfig: Setting CVar [[r.SkyAtmosphere.AerialPerspectiveLUT.DepthResolution:16.0]]
[2020.06.04-18.48.06:948][  0]LogConfig: Setting CVar [[r.SkyAtmosphere.FastSkyLUT:1]]
[2020.06.04-18.48.06:948][  0]LogConfig: Setting CVar [[r.SkyAtmosphere.FastSkyLUT.SampleCountMin:4.0]]
[2020.06.04-18.48.06:948][  0]LogConfig: Setting CVar [[r.SkyAtmosphere.FastSkyLUT.SampleCountMax:32.0]]
[2020.06.04-18.48.06:948][  0]LogConfig: Setting CVar [[r.SkyAtmosphere.SampleCountMin:4.0]]
[2020.06.04-18.48.06:948][  0]LogConfig: Setting CVar [[r.SkyAtmosphere.SampleCountMax:32.0]]
[2020.06.04-18.48.06:948][  0]LogConfig: Setting CVar [[r.SkyAtmosphere.TransmittanceLUT.UseSmallFormat:0]]
[2020.06.04-18.48.06:948][  0]LogConfig: Setting CVar [[r.SkyAtmosphere.TransmittanceLUT.SampleCount:10.0]]
[2020.06.04-18.48.06:948][  0]LogConfig: Setting CVar [[r.SkyAtmosphere.MultiScatteringLUT.SampleCount:15.0]]
[2020.06.04-18.48.06:948][  0]LogConfig: Applying CVar settings from Section [FoliageQuality@3] File [D:/Uni/3r/2n semestre/Motors2/survival-craft/survival-craft/One_Man_Land/Saved/Config/Windows/Scalability.ini]
[2020.06.04-18.48.06:948][  0]LogConfig: Setting CVar [[foliage.DensityScale:1.0]]
[2020.06.04-18.48.06:948][  0]LogConfig: Setting CVar [[grass.DensityScale:1.0]]
[2020.06.04-18.48.06:948][  0]LogConfig: Applying CVar settings from Section [ShadingQuality@3] File [D:/Uni/3r/2n semestre/Motors2/survival-craft/survival-craft/One_Man_Land/Saved/Config/Windows/Scalability.ini]
[2020.06.04-18.48.06:948][  0]LogConfig: Setting CVar [[r.HairStrands.SkyLighting.SampleCount:16]]
[2020.06.04-18.48.06:948][  0]LogConfig: Setting CVar [[r.HairStrands.SkyLighting.JitterIntegration:0]]
[2020.06.04-18.48.06:948][  0]LogConfig: Setting CVar [[r.HairStrands.SkyAO.SampleCount:16]]
[2020.06.04-18.48.06:948][  0]LogConfig: Applying CVar settings from Section [Startup] File [../../../Engine/Config/ConsoleVariables.ini]
[2020.06.04-18.48.06:948][  0]LogConfig: Setting CVar [[net.UseAdaptiveNetUpdateFrequency:0]]
[2020.06.04-18.48.06:948][  0]LogConfig: Setting CVar [[p.chaos.AllowCreatePhysxBodies:1]]
[2020.06.04-18.48.06:948][  0]LogConfig: Applying CVar settings from Section [ConsoleVariables] File [D:/Uni/3r/2n semestre/Motors2/survival-craft/survival-craft/One_Man_Land/Saved/Config/Windows/Engine.ini]
[2020.06.04-18.48.06:949][  0]LogInit: Computer: DESKTOP-6GKBG9S
[2020.06.04-18.48.06:949][  0]LogInit: User: Usuari
[2020.06.04-18.48.06:949][  0]LogInit: CPU Page size=4096, Cores=4
[2020.06.04-18.48.06:949][  0]LogInit: High frequency timer resolution =10.000000 MHz
[2020.06.04-18.48.06:949][  0]LogMemory: Memory total: Physical=15.9GB (16GB approx)
[2020.06.04-18.48.06:949][  0]LogMemory: Platform Memory Stats for Windows
[2020.06.04-18.48.06:949][  0]LogMemory: Process Physical Memory: 107.52 MB used, 107.53 MB peak
[2020.06.04-18.48.06:949][  0]LogMemory: Process Virtual Memory: 104.51 MB used, 104.51 MB peak
[2020.06.04-18.48.06:949][  0]LogMemory: Physical Memory: 6090.36 MB used,  10156.34 MB free, 16246.69 MB total
[2020.06.04-18.48.06:949][  0]LogMemory: Virtual Memory: 5141.51 MB used,  134212584.00 MB free, 134217728.00 MB total
[2020.06.04-18.48.06:951][  0]LogWindows: WindowsPlatformFeatures enabled
[2020.06.04-18.48.06:965][  0]LogInit: Overriding language with editor language configuration option (en).
[2020.06.04-18.48.06:965][  0]LogInit: Overriding locale with editor culture configuration option ().
[2020.06.04-18.48.06:965][  0]LogInit: Using OS detected locale (es-ES).
[2020.06.04-18.48.07:099][  0]LogInit: Setting process to per monitor DPI aware
[2020.06.04-18.48.07:120][  0]LogSlate: New Slate User Created.  User Index 0, Is Virtual User: 0
[2020.06.04-18.48.07:120][  0]LogSlate: Slate User Registered.  User Index 0, Is Virtual User: 0
[2020.06.04-18.48.07:224][  0]LogHMD: Failed to initialize OpenVR with code 110
[2020.06.04-18.48.07:224][  0]LogD3D11RHI: D3D11 min allowed feature level: 11_0
[2020.06.04-18.48.07:224][  0]LogD3D11RHI: D3D11 max allowed feature level: 11_0
[2020.06.04-18.48.07:224][  0]LogD3D11RHI: D3D11 adapters:
[2020.06.04-18.48.07:240][  0]LogD3D11RHI:    0. 'Intel(R) HD Graphics 630' (Feature Level 11_0)
[2020.06.04-18.48.07:240][  0]LogD3D11RHI:       128/0/8123 MB DedicatedVideo/DedicatedSystem/SharedSystem, Outputs:1, VendorId:0x8086
[2020.06.04-18.48.07:291][  0]LogD3D11RHI:    1. 'NVIDIA GeForce GTX 1070' (Feature Level 11_0)
[2020.06.04-18.48.07:291][  0]LogD3D11RHI:       8088/0/8123 MB DedicatedVideo/DedicatedSystem/SharedSystem, Outputs:0, VendorId:0x10de
[2020.06.04-18.48.07:293][  0]LogD3D11RHI:    2. 'Microsoft Basic Render Driver' (Feature Level 11_0)
[2020.06.04-18.48.07:293][  0]LogD3D11RHI:       0/0/8123 MB DedicatedVideo/DedicatedSystem/SharedSystem, Outputs:0, VendorId:0x1414
[2020.06.04-18.48.07:293][  0]LogD3D11RHI: Chosen D3D11 Adapter: 1
[2020.06.04-18.48.07:299][  0]LogD3D11RHI: Creating new Direct3DDevice
[2020.06.04-18.48.07:299][  0]LogD3D11RHI:     GPU DeviceId: 0x1b81 (for the marketing name, search the web for "GPU Device Id")
[2020.06.04-18.48.07:299][  0]LogWindows: EnumDisplayDevices:
[2020.06.04-18.48.07:299][  0]LogWindows:    0. 'Intel(R) HD Graphics 630' (P:1 D:1)
[2020.06.04-18.48.07:299][  0]LogWindows:    1. 'Intel(R) HD Graphics 630' (P:0 D:0)
[2020.06.04-18.48.07:299][  0]LogWindows:    2. 'Intel(R) HD Graphics 630' (P:0 D:0)
[2020.06.04-18.48.07:299][  0]LogWindows:    3. 'NVIDIA GeForce GTX 1070' (P:0 D:0)
[2020.06.04-18.48.07:300][  0]LogWindows:    4. 'NVIDIA GeForce GTX 1070' (P:0 D:0)
[2020.06.04-18.48.07:300][  0]LogWindows:    5. 'NVIDIA GeForce GTX 1070' (P:0 D:0)
[2020.06.04-18.48.07:300][  0]LogWindows:    6. 'NVIDIA GeForce GTX 1070' (P:0 D:0)
[2020.06.04-18.48.07:300][  0]LogWindows: DebugString: PrimaryIsNotTheChoosenAdapter PrimaryIsNotTheChoosenAdapter PrimaryIsNotTheChoosenAdapter FoundDriverCount:4 
[2020.06.04-18.48.07:300][  0]LogD3D11RHI:     Adapter Name: NVIDIA GeForce GTX 1070
[2020.06.04-18.48.07:300][  0]LogD3D11RHI:   Driver Version: 432.00 (internal:26.21.14.3200, unified:432.00)
[2020.06.04-18.48.07:300][  0]LogD3D11RHI:      Driver Date: 7-24-2019
[2020.06.04-18.48.07:300][  0]LogRHI: Texture pool is 5661 MB (70% of 8088 MB)
[2020.06.04-18.48.07:331][  0]LogD3D11RHI: RHI has support for 64 bit atomics
[2020.06.04-18.48.07:331][  0]LogD3D11RHI: Async texture creation enabled
[2020.06.04-18.48.07:341][  0]LogD3D11RHI: GPU Timing Frequency: 1000.000000 (Debug: 2 1)
[2020.06.04-18.48.07:566][  0]LogTargetPlatformManager: Display: Loaded TargetPlatform 'AllDesktop'
[2020.06.04-18.48.07:588][  0]LogTargetPlatformManager: Display: Loaded TargetPlatform 'Android'
[2020.06.04-18.48.07:588][  0]LogTargetPlatformManager: Display: Loaded TargetPlatform 'Android_ASTC'
[2020.06.04-18.48.07:588][  0]LogTargetPlatformManager: Display: Loaded TargetPlatform 'Android_ATC'
[2020.06.04-18.48.07:589][  0]LogTargetPlatformManager: Display: Loaded TargetPlatform 'Android_DXT'
[2020.06.04-18.48.07:589][  0]LogTargetPlatformManager: Display: Loaded TargetPlatform 'Android_ETC1'
[2020.06.04-18.48.07:589][  0]LogTargetPlatformManager: Display: Loaded TargetPlatform 'Android_ETC1a'
[2020.06.04-18.48.07:589][  0]LogTargetPlatformManager: Display: Loaded TargetPlatform 'Android_ETC2'
[2020.06.04-18.48.07:589][  0]LogTargetPlatformManager: Display: Loaded TargetPlatform 'Android_PVRTC'
[2020.06.04-18.48.07:589][  0]LogTargetPlatformManager: Display: Loaded TargetPlatform 'AndroidClient'
[2020.06.04-18.48.07:589][  0]LogTargetPlatformManager: Display: Loaded TargetPlatform 'Android_ASTCClient'
[2020.06.04-18.48.07:589][  0]LogTargetPlatformManager: Display: Loaded TargetPlatform 'Android_ATCClient'
[2020.06.04-18.48.07:589][  0]LogTargetPlatformManager: Display: Loaded TargetPlatform 'Android_DXTClient'
[2020.06.04-18.48.07:589][  0]LogTargetPlatformManager: Display: Loaded TargetPlatform 'Android_ETC1Client'
[2020.06.04-18.48.07:589][  0]LogTargetPlatformManager: Display: Loaded TargetPlatform 'Android_ETC1aClient'
[2020.06.04-18.48.07:589][  0]LogTargetPlatformManager: Display: Loaded TargetPlatform 'Android_ETC2Client'
[2020.06.04-18.48.07:589][  0]LogTargetPlatformManager: Display: Loaded TargetPlatform 'Android_PVRTCClient'
[2020.06.04-18.48.07:589][  0]LogTargetPlatformManager: Display: Loaded TargetPlatform 'Android_Multi'
[2020.06.04-18.48.07:589][  0]LogTargetPlatformManager: Display: Loaded TargetPlatform 'Android_MultiClient'
[2020.06.04-18.48.07:602][  0]LogTargetPlatformManager: Display: Loaded TargetPlatform 'IOSClient'
[2020.06.04-18.48.07:602][  0]LogTargetPlatformManager: Display: Loaded TargetPlatform 'IOS'
[2020.06.04-18.48.07:608][  0]LogTargetPlatformManager: Display: Loaded TargetPlatform 'LinuxNoEditor'
[2020.06.04-18.48.07:613][  0]LogTargetPlatformManager: Display: Loaded TargetPlatform 'LinuxClient'
[2020.06.04-18.48.07:618][  0]LogTargetPlatformManager: Display: Loaded TargetPlatform 'LinuxServer'
[2020.06.04-18.48.07:623][  0]LogTargetPlatformManager: Display: Loaded TargetPlatform 'LinuxAArch64NoEditor'
[2020.06.04-18.48.07:628][  0]LogTargetPlatformManager: Display: Loaded TargetPlatform 'LinuxAArch64Client'
[2020.06.04-18.48.07:634][  0]LogTargetPlatformManager: Display: Loaded TargetPlatform 'LinuxAArch64Server'
[2020.06.04-18.48.07:651][  0]LogTargetPlatformManager: Display: Loaded TargetPlatform 'Lumin'
[2020.06.04-18.48.07:651][  0]LogTargetPlatformManager: Display: Loaded TargetPlatform 'LuminClient'
[2020.06.04-18.48.07:660][  0]LogTargetPlatformManager: Display: Loaded TargetPlatform 'TVOSClient'
[2020.06.04-18.48.07:660][  0]LogTargetPlatformManager: Display: Loaded TargetPlatform 'TVOS'
[2020.06.04-18.48.07:665][  0]LogTargetPlatformManager: Display: Loaded TargetPlatform 'WindowsNoEditor'
[2020.06.04-18.48.07:671][  0]LogTargetPlatformManager: Display: Loaded TargetPlatform 'Windows'
[2020.06.04-18.48.07:676][  0]LogTargetPlatformManager: Display: Loaded TargetPlatform 'WindowsClient'
[2020.06.04-18.48.07:681][  0]LogTargetPlatformManager: Display: Loaded TargetPlatform 'WindowsServer'
[2020.06.04-18.48.07:681][  0]LogTargetPlatformManager: Display: Building Assets For Windows
[2020.06.04-18.48.07:683][  0]LogAudioDebug: Display: Lib vorbis DLL was dynamically loaded.
[2020.06.04-18.48.07:695][  0]LogShaderCompilers: Guid format shader working directory is -37 characters bigger than the processId version (../../../../../Uni/3r/2n semestre/Motors2/survival-craft/survival-craft/One_Man_Land/Intermediate/Shaders/WorkingDirectory/8724/).
[2020.06.04-18.48.07:695][  0]LogShaderCompilers: Cleaned the shader compiler working directory 'C:/Users/Usuari/AppData/Local/Temp/UnrealShaderWorkingDir/9ABD820548C61443F498079F419A3EBC/'.
[2020.06.04-18.48.07:696][  0]LogXGEController: Cannot use XGE Controller as Incredibuild is not installed on this machine.
[2020.06.04-18.48.07:696][  0]LogShaderCompilers: Cannot use XGE Shader Compiler as Incredibuild is not installed on this machine.
[2020.06.04-18.48.07:696][  0]LogShaderCompilers: Display: Using Local Shader Compiler.
[2020.06.04-18.48.08:256][  0]LogDerivedDataCache: Display: Max Cache Size: 512 MB
[2020.06.04-18.48.08:301][  0]LogDerivedDataCache: Loaded boot cache 0.04s 78MB C:/Users/Usuari/AppData/Local/UnrealEngine/4.24/DerivedDataCache/Boot.ddc.
[2020.06.04-18.48.08:301][  0]LogDerivedDataCache: Display: Loaded Boot cache: C:/Users/Usuari/AppData/Local/UnrealEngine/4.24/DerivedDataCache/Boot.ddc
[2020.06.04-18.48.08:301][  0]LogDerivedDataCache: FDerivedDataBackendGraph:  Pak pak cache file ../../../../../Uni/3r/2n semestre/Motors2/survival-craft/survival-craft/One_Man_Land/DerivedDataCache/DDC.ddp not found, will not use a pak cache.
[2020.06.04-18.48.08:301][  0]LogDerivedDataCache: Unable to find inner node Pak for hierarchical cache Hierarchy.
[2020.06.04-18.48.08:301][  0]LogDerivedDataCache: FDerivedDataBackendGraph:  CompressedPak pak cache file ../../../../../Uni/3r/2n semestre/Motors2/survival-craft/survival-craft/One_Man_Land/DerivedDataCache/Compressed.ddp not found, will not use a pak cache.
[2020.06.04-18.48.08:301][  0]LogDerivedDataCache: Unable to find inner node CompressedPak for hierarchical cache Hierarchy.
[2020.06.04-18.48.08:309][  0]LogDerivedDataCache: Display: Pak cache opened for reading ../../../Engine/DerivedDataCache/Compressed.ddp.
[2020.06.04-18.48.08:309][  0]LogDerivedDataCache: FDerivedDataBackendGraph:  EnterprisePak pak cache file ../../../Enterprise/DerivedDataCache/Compressed.ddp not found, will not use a pak cache.
[2020.06.04-18.48.08:309][  0]LogDerivedDataCache: Unable to find inner node EnterprisePak for hierarchical cache Hierarchy.
[2020.06.04-18.48.08:310][  0]LogDerivedDataCache: Using Local data cache path C:/Users/Usuari/AppData/Local/UnrealEngine/Common/DerivedDataCache: Writable
[2020.06.04-18.48.08:310][  0]LogDerivedDataCache: Shared data cache path not found in *engine.ini, will not use an Shared cache.
[2020.06.04-18.48.08:310][  0]LogDerivedDataCache: Unable to find inner node Shared for hierarchical cache Hierarchy.
[2020.06.04-18.48.08:329][  0]LogMaterial: Verifying Global Shaders for PCD3D_SM5
[2020.06.04-18.48.08:331][  0]LogSlate: Using FreeType 2.10.0
[2020.06.04-18.48.08:332][  0]LogSlate: SlateFontServices - WITH_FREETYPE: 1, WITH_HARFBUZZ: 1
[2020.06.04-18.48.08:367][  0]LogAssetRegistry: FAssetRegistry took 0.0019 seconds to start up
[2020.06.04-18.48.08:585][  0]LogInit: Selected Device Profile: [Windows]
[2020.06.04-18.48.08:697][  0]LogMeshReduction: Using QuadricMeshReduction for automatic static mesh reduction
[2020.06.04-18.48.08:697][  0]LogMeshReduction: Using SimplygonMeshReduction for automatic skeletal mesh reduction
[2020.06.04-18.48.08:698][  0]LogMeshReduction: Using ProxyLODMeshReduction for automatic mesh merging
[2020.06.04-18.48.08:698][  0]LogMeshReduction: No distributed automatic mesh merging module available
[2020.06.04-18.48.08:698][  0]LogMeshMerging: No distributed automatic mesh merging module available
[2020.06.04-18.48.08:706][  0]LogNetVersion: One_Man_Land 1.0.0, NetCL: 10570792, EngineNetVer: 13, GameNetVer: 0 (Checksum: 3489033838)
[2020.06.04-18.48.09:428][  0]LogPackageLocalizationCache: Processed 10 localized package path(s) for 1 prioritized culture(s) in 0.029593 seconds
[2020.06.04-18.48.09:435][  0]LogUObjectArray: 46750 objects as part of root set at end of initial load.
[2020.06.04-18.48.09:435][  0]LogUObjectAllocator: 8137160 out of 0 bytes used by permanent object pool.
[2020.06.04-18.48.09:435][  0]LogUObjectArray: CloseDisregardForGC: 0/0 objects in disregard for GC pool
[2020.06.04-18.48.09:708][  0]LogTcpMessaging: Initializing TcpMessaging bridge
[2020.06.04-18.48.09:710][  0]LogUdpMessaging: Initializing bridge on interface 0.0.0.0:0 to multicast group 230.0.0.1:6666.
[2020.06.04-18.48.09:744][  0]SourceControl: Source control is disabled
[2020.06.04-18.48.09:744][  0]SourceControl: Source control is disabled
[2020.06.04-18.48.09:745][  0]SourceControl: Source control is disabled
[2020.06.04-18.48.09:745][  0]SourceControl: Source control is disabled
[2020.06.04-18.48.09:746][  0]SourceControl: Source control is disabled
[2020.06.04-18.48.09:796][  0]LogAndroidPermission: UAndroidPermissionCallbackProxy::GetInstance
[2020.06.04-18.48.09:803][  0]LogAudioCaptureCore: Display: No Audio Capture implementations found. Audio input will be silent.
[2020.06.04-18.48.09:803][  0]LogAudioCaptureCore: Display: No Audio Capture implementations found. Audio input will be silent.
[2020.06.04-18.48.09:863][  0]LogOcInput: OculusInput pre-init called
[2020.06.04-18.48.09:867][  0]LogWindows: Failed to load 'OVRPlugin.dll' (GetLastError=126)
[2020.06.04-18.48.09:867][  0]LogWindows: File 'OVRPlugin.dll' does not exist
[2020.06.04-18.48.09:918][  0]LogEngine: Initializing Engine...
[2020.06.04-18.48.09:918][  0]LogHMD: Failed to initialize OpenVR with code 110
[2020.06.04-18.48.09:919][  0]LogStats: UGameplayTagsManager::InitializeManager -  0.000 s
[2020.06.04-18.48.10:171][  0]LogInit: Initializing FReadOnlyCVARCache
[2020.06.04-18.48.10:176][  0]LogAIModule: Creating AISystem for world Untitled
[2020.06.04-18.48.10:181][  0]LogAudioMixer: Display: Audio Mixer Platform Settings:
[2020.06.04-18.48.10:181][  0]LogAudioMixer: Display: 	Sample Rate:						  48000
[2020.06.04-18.48.10:181][  0]LogAudioMixer: Display: 	Callback Buffer Frame Size Requested: 1024
[2020.06.04-18.48.10:181][  0]LogAudioMixer: Display: 	Callback Buffer Frame Size To Use:	  1024
[2020.06.04-18.48.10:182][  0]LogAudioMixer: Display: 	Number of buffers to queue:			  2
[2020.06.04-18.48.10:182][  0]LogAudioMixer: Display: 	Max Channels (voices):				  32
[2020.06.04-18.48.10:182][  0]LogAudioMixer: Display: 	Number of Async Source Workers:		  0
[2020.06.04-18.48.10:182][  0]LogAudio: Display: AudioDevice MaxSources: 32
[2020.06.04-18.48.10:182][  0]LogAudio: Display: Using built-in audio occlusion.
[2020.06.04-18.48.10:182][  0]LogAudioMixer: Display: Initializing audio mixer.
[2020.06.04-18.48.10:205][  0]LogAudioMixer: Display: Audio Device Output Speaker Info:
[2020.06.04-18.48.10:205][  0]LogAudioMixer: Display: Name: 2470W (Sonido Intel(R) para pantallas)
[2020.06.04-18.48.10:205][  0]LogAudioMixer: Display: Is Default: Yes
[2020.06.04-18.48.10:205][  0]LogAudioMixer: Display: Sample Rate: 48000
[2020.06.04-18.48.10:205][  0]LogAudioMixer: Display: Channel Count Used: 2
[2020.06.04-18.48.10:205][  0]LogAudioMixer: Display: Device Channel Count: 2
[2020.06.04-18.48.10:205][  0]LogAudioMixer: Display: Channel Order:
[2020.06.04-18.48.10:205][  0]LogAudioMixer: Display: 0: FrontLeft
[2020.06.04-18.48.10:205][  0]LogAudioMixer: Display: 1: FrontRight
[2020.06.04-18.48.10:216][  0]LogAudioMixer: Display: Using Audio Device 2470W (Sonido Intel(R) para pantallas)
[2020.06.04-18.48.10:219][  0]LogInit: FAudioDevice initialized.
[2020.06.04-18.48.10:219][  0]LogNetVersion: Set ProjectVersion to 1.0.0.0. Version Checksum will be recalculated on next use.
[2020.06.04-18.48.10:353][  0]LogDerivedDataCache: Saved boot cache 0.13s 78MB C:/Users/Usuari/AppData/Local/UnrealEngine/4.24/DerivedDataCache/Boot.ddc.
[2020.06.04-18.48.10:358][  0]LogInit: Texture streaming: Enabled
[2020.06.04-18.48.10:364][  0]LogEngineSessionManager: EngineSessionManager initialized
[2020.06.04-18.48.10:364][  0]LogEditorSessionSummary: Verbose: Initializing EditorSessionSummaryWriter for editor session tracking
[2020.06.04-18.48.10:365][  0]LogEditorSessionSummary: EditorSessionSummaryWriter initialized
[2020.06.04-18.48.10:429][  0]LogInit: Transaction tracking system initialized
[2020.06.04-18.48.10:435][  0]BlueprintLog: New page: Editor Load
[2020.06.04-18.48.10:455][  0]LocalizationService: Localization service is disabled
[2020.06.04-18.48.10:643][  0]LogFileCache: Scanning file cache for directory 'D:/Uni/3r/2n semestre/Motors2/survival-craft/survival-craft/One_Man_Land/Content/' took 0.00s
[2020.06.04-18.48.10:643][  0]LogCook: Display: Max memory allowance for cook 16384mb min free memory 0mb
[2020.06.04-18.48.10:643][  0]LogCook: Display: Mobile HDR setting 1
[2020.06.04-18.48.11:102][  0]SourceControl: Source control is disabled
[2020.06.04-18.48.11:103][  0]Cmd: MAP LOAD FILE="../../../../../Uni/3r/2n semestre/Motors2/survival-craft/survival-craft/One_Man_Land/Content/FirstPersonBP/Maps/MenuProva.umap" TEMPLATE=0 SHOWPROGRESS=1 FEATURELEVEL=3
[2020.06.04-18.48.11:103][  0]LightingResults: New page: Lighting Build
[2020.06.04-18.48.11:103][  0]LogWorld: UWorld::CleanupWorld for Untitled, bSessionEnded=true, bCleanupResources=true
[2020.06.04-18.48.11:103][  0]LogSlate: InvalidateAllWidgets triggered.  All widgets were invalidated
[2020.06.04-18.48.11:103][  0]MapCheck: New page: Map Check
[2020.06.04-18.48.11:103][  0]LightingResults: New page: Lighting Build
[2020.06.04-18.48.11:124][  0]LogUObjectHash: Compacting FUObjectHashTables data took   1.29ms
[2020.06.04-18.48.12:169][  0]LogAIModule: Creating AISystem for world MenuProva
[2020.06.04-18.48.12:169][  0]LogEditorServer: Finished looking for orphan Actors (0.000 secs)
[2020.06.04-18.48.12:197][  0]LogUObjectHash: Compacting FUObjectHashTables data took   2.48ms
[2020.06.04-18.48.12:198][  0]Cmd: MAP CHECKDEP NOCLEARLOG
[2020.06.04-18.48.12:198][  0]MapCheck: Map check complete: 0 Error(s), 0 Warning(s), took 0,071ms to complete.
[2020.06.04-18.48.12:198][  0]LogFileHelpers: Loading map 'MenuProva' took 1.096
[2020.06.04-18.48.12:354][  0]LogSlate: Updating window title bar state: overlay mode, drag disabled, window buttons hidden, title bar hidden
[2020.06.04-18.48.12:359][  0]LogSlate: Updating window title bar state: overlay mode, drag disabled, window buttons hidden, title bar hidden
[2020.06.04-18.48.12:364][  0]LogSlate: Updating window title bar state: overlay mode, drag disabled, window buttons hidden, title bar hidden
[2020.06.04-18.48.12:370][  0]LogSlate: Updating window title bar state: overlay mode, drag disabled, window buttons hidden, title bar hidden
[2020.06.04-18.48.12:372][  0]LogCollectionManager: Loaded 0 collections in 0.000564 seconds
[2020.06.04-18.48.12:381][  0]LogFileCache: Scanning file cache for directory 'D:/Uni/3r/2n semestre/Motors2/survival-craft/survival-craft/One_Man_Land/Saved/Collections/' took 0.00s
[2020.06.04-18.48.12:381][  0]LogFileCache: Scanning file cache for directory 'D:/Uni/3r/2n semestre/Motors2/survival-craft/survival-craft/One_Man_Land/Content/Developers/Usuari/Collections/' took 0.00s
[2020.06.04-18.48.12:381][  0]LogFileCache: Scanning file cache for directory 'D:/Uni/3r/2n semestre/Motors2/survival-craft/survival-craft/One_Man_Land/Content/Collections/' took 0.00s
[2020.06.04-18.48.12:381][  0]LogContentBrowser: Native class hierarchy populated in 0.0063 seconds. Added 3015 classes and 717 folders.
[2020.06.04-18.48.12:383][  0]LogContentBrowser: Native class hierarchy updated for 'WidgetCarousel' in 0.0002 seconds. Added 0 classes and 0 folders.
[2020.06.04-18.48.12:410][  0]LogContentBrowser: Native class hierarchy updated for 'AddContentDialog' in 0.0002 seconds. Added 0 classes and 0 folders.
[2020.06.04-18.48.12:412][  0]LogContentBrowser: Native class hierarchy updated for 'SceneOutliner' in 0.0002 seconds. Added 2 classes and 3 folders.
[2020.06.04-18.48.12:458][  0]LogSlate: Took 0.000134 seconds to synchronously load lazily loaded font '../../../Engine/Content/Slate/Fonts/Roboto-Regular.ttf' (155K)
[2020.06.04-18.48.12:460][  0]LogSlate: Took 0.000097 seconds to synchronously load lazily loaded font '../../../Engine/Content/Slate/Fonts/Roboto-Bold.ttf' (160K)
[2020.06.04-18.48.12:465][  0]LogSlate: Took 0.000133 seconds to synchronously load lazily loaded font '../../../Engine/Content/Editor/Slate/Fonts/FontAwesome.ttf' (139K)
[2020.06.04-18.48.12:521][  0]LogRenderer: Reallocating scene render targets to support 1208x572 Format 10 NumSamples 1 (Frame:1).
[2020.06.04-18.48.12:569][  0]LogSlate: Took 0.000122 seconds to synchronously load lazily loaded font '../../../Engine/Content/Slate/Fonts/Roboto-Light.ttf' (167K)
[2020.06.04-18.48.12:600][  0]LogContentBrowser: Native class hierarchy updated for 'HierarchicalLODOutliner' in 0.0002 seconds. Added 0 classes and 0 folders.
[2020.06.04-18.48.12:600][  0]LogLoad: (Engine Initialization) Total time: 6.38 seconds
[2020.06.04-18.48.12:600][  0]LogLoad: (Engine Initialization) Total Blueprint compile time: 0.00 seconds
[2020.06.04-18.48.12:675][  0]LogMaterial: Display: Missing cached shader map for material Material_0, compiling. 
[2020.06.04-18.48.12:723][  0]LogShaderCompilers: Display: Worker (1/5): shaders left to compile 4
[2020.06.04-18.48.12:723][  0]LogShaderCompilers: Display: Worker (2/5): shaders left to compile 3
[2020.06.04-18.48.12:723][  0]LogShaderCompilers: Display: Worker (3/5): shaders left to compile 2
[2020.06.04-18.48.12:723][  0]LogShaderCompilers: Display: Worker (4/5): shaders left to compile 1
[2020.06.04-18.48.12:723][  0]LogAssetRegistry: Asset discovery search completed in 4.3557 seconds
[2020.06.04-18.48.12:725][  0]LogCollectionManager: Fixed up redirectors for 0 collections in 0.000007 seconds (updated 0 objects)
[2020.06.04-18.48.12:727][  0]LogContentStreaming: Texture pool size now 1000 MB
[2020.06.04-18.48.12:780][  1]LogFileCache: Retrieving MD5 hashes for directory 'D:/Uni/3r/2n semestre/Motors2/survival-craft/survival-craft/One_Man_Land/Content/' took 0.16s
[2020.06.04-18.48.13:639][ 96]LogSlate: Took 0.000132 seconds to synchronously load lazily loaded font '../../../Engine/Content/Slate/Fonts/Roboto-Light.ttf' (167K)
[2020.06.04-18.48.16:915][433]LogAssetEditorSubsystem: Opening Asset editor for Blueprint /Game/CosesDelMapa/TorreRadio/Door/Door.Door
[2020.06.04-18.48.17:074][433]LogContentBrowser: Native class hierarchy updated for 'BlueprintGraph' in 0.0004 seconds. Added 121 classes and 0 folders.
[2020.06.04-18.48.17:796][433]LogAssetEditorSubsystem: Opening Asset editor for WidgetBlueprint /Game/FirstPersonBP/HUD/Inventory/ActionBar.ActionBar
[2020.06.04-18.48.18:132][433]LogAssetEditorSubsystem: Opening Asset editor for Blueprint /Game/FirstPersonBP/Blueprints/FirstPersonCharacter.FirstPersonCharacter
[2020.06.04-18.48.18:501][433]LogAssetEditorSubsystem: Opening Asset editor for WidgetBlueprint /Game/FirstPersonBP/HUD/Inventory/MainInventory.MainInventory
[2020.06.04-18.48.18:896][433]LogAssetEditorSubsystem: Opening Asset editor for WidgetBlueprint /Game/FirstPersonBP/HUD/MainHUD.MainHUD
[2020.06.04-18.48.19:517][433]LogSlate: Took 0.000129 seconds to synchronously load lazily loaded font '../../../Engine/Content/Slate/Fonts/Roboto-BoldCondensed.ttf' (158K)
[2020.06.04-18.48.36:133][177]LogSlate: Took 0.000123 seconds to synchronously load lazily loaded font '../../../Engine/Content/Slate/Fonts/Roboto-Italic.ttf' (157K)
[2020.06.04-18.48.45:462][101]LogRenderer: Reallocating scene render targets to support 1208x692 Format 10 NumSamples 1 (Frame:1).
[2020.06.04-18.48.56:009][253]LogLinker: Warning: While loading '../../../../../Uni/3r/2n semestre/Motors2/survival-craft/survival-craft/One_Man_Land/Content/Foliage/Rabbit.uasset' failed to load '/Game/Rabbit/Rabbit': Can't find file.
[2020.06.04-18.48.56:009][253]LogLinker: Warning: While loading '../../../../../Uni/3r/2n semestre/Motors2/survival-craft/survival-craft/One_Man_Land/Content/Foliage/Rabbit.uasset' failed to load '/Game/Rabbit/Rabbit': Can't find file.
[2020.06.04-18.48.56:009][253]LogLinker: Warning: While loading '../../../../../Uni/3r/2n semestre/Motors2/survival-craft/survival-craft/One_Man_Land/Content/Foliage/Rabbit.uasset' failed to load '/Game/Rabbit/Rabbit': Can't find file.
[2020.06.04-18.48.56:009][253]LogLinker: Warning: While loading '../../../../../Uni/3r/2n semestre/Motors2/survival-craft/survival-craft/One_Man_Land/Content/Foliage/Rabbit.uasset' failed to load '/Game/Rabbit/Rabbit': Can't find file.
[2020.06.04-18.48.56:010][253]LogLinker: Warning: While loading '../../../../../Uni/3r/2n semestre/Motors2/survival-craft/survival-craft/One_Man_Land/Content/Foliage/Wolf.uasset' failed to load '/Game/Wolf/Wolf': Can't find file.
[2020.06.04-18.48.56:010][253]LogLinker: Warning: While loading '../../../../../Uni/3r/2n semestre/Motors2/survival-craft/survival-craft/One_Man_Land/Content/Foliage/Wolf.uasset' failed to load '/Game/Wolf/Wolf': Can't find file.
[2020.06.04-18.48.56:010][253]LogLinker: Warning: While loading '../../../../../Uni/3r/2n semestre/Motors2/survival-craft/survival-craft/One_Man_Land/Content/Foliage/Wolf.uasset' failed to load '/Game/Wolf/Wolf': Can't find file.
[2020.06.04-18.48.56:011][253]LogLinker: Warning: While loading '../../../../../Uni/3r/2n semestre/Motors2/survival-craft/survival-craft/One_Man_Land/Content/Foliage/Wolf.uasset' failed to load '/Game/Wolf/Wolf': Can't find file.
[2020.06.04-18.48.56:083][253]LogLinker: Warning: While loading '../../../../../Uni/3r/2n semestre/Motors2/survival-craft/survival-craft/One_Man_Land/Content/Foliage/Wolf.uasset' failed to load '/Game/Wolf/Wolf': Can't find file.
[2020.06.04-18.48.56:083][253]LoadErrors: Failed to load /Game/Wolf/Wolf.Wolf_C Referenced by Wolf
[2020.06.04-18.48.56:083][253]LogLinker: Warning: While loading '../../../../../Uni/3r/2n semestre/Motors2/survival-craft/survival-craft/One_Man_Land/Content/Foliage/Wolf.uasset' failed to load '/Game/Wolf/Wolf': Can't find file.
[2020.06.04-18.48.56:083][253]LogLinker: Warning: While loading '../../../../../Uni/3r/2n semestre/Motors2/survival-craft/survival-craft/One_Man_Land/Content/Foliage/Rabbit.uasset' failed to load '/Game/Rabbit/Rabbit': Can't find file.
[2020.06.04-18.48.56:083][253]LoadErrors: Failed to load /Game/Rabbit/Rabbit.Rabbit_C Referenced by Rabbit
[2020.06.04-18.48.56:083][253]LogLinker: Warning: While loading '../../../../../Uni/3r/2n semestre/Motors2/survival-craft/survival-craft/One_Man_Land/Content/Foliage/Rabbit.uasset' failed to load '/Game/Rabbit/Rabbit': Can't find file.
[2020.06.04-18.48.56:686][253]LogAIModule: Creating AISystem for world Main
[2020.06.04-18.48.56:856][253]LogAssetEditorSubsystem: Opening Asset editor for World /Game/FirstPersonBP/Maps/Main.Main
[2020.06.04-18.48.56:937][253]LogUObjectHash: Compacting FUObjectHashTables data took   4.71ms
[2020.06.04-18.48.56:939][253]Cmd: MAP LOAD FILE="../../../../../Uni/3r/2n semestre/Motors2/survival-craft/survival-craft/One_Man_Land/Content/FirstPersonBP/Maps/Main.umap" TEMPLATE=0 SHOWPROGRESS=1 FEATURELEVEL=3
[2020.06.04-18.48.56:940][253]LightingResults: New page: Lighting Build
[2020.06.04-18.48.56:940][253]LoadErrors: New page: Loading map: Main.umap
[2020.06.04-18.48.56:941][253]LogWorld: UWorld::CleanupWorld for MenuProva, bSessionEnded=true, bCleanupResources=true
[2020.06.04-18.48.56:941][253]LogSlate: InvalidateAllWidgets triggered.  All widgets were invalidated
[2020.06.04-18.48.56:941][253]MapCheck: New page: Map Check
[2020.06.04-18.48.56:941][253]LightingResults: New page: Lighting Build
[2020.06.04-18.48.56:980][253]LogUObjectHash: Compacting FUObjectHashTables data took   3.36ms
[2020.06.04-18.48.57:187][253]LogEditorServer: Finished looking for orphan Actors (0.000 secs)
[2020.06.04-18.48.57:243][253]LogUObjectHash: Compacting FUObjectHashTables data took   2.94ms
[2020.06.04-18.48.57:286][253]Cmd: MAP CHECKDEP NOCLEARLOG
[2020.06.04-18.48.57:286][253]MapCheck: Map check complete: 0 Error(s), 0 Warning(s), took 0,119ms to complete.
[2020.06.04-18.48.57:286][253]LogFileHelpers: Loading map 'Main' took 0.348
[2020.06.04-18.49.19:052][975]LogSlate: Window 'Message' being destroyed
[2020.06.04-18.49.19:055][975]LogFactory: FactoryCreateFile: StaticMesh with FbxFactory (0 0 C:/Users/Usuari/Downloads/DoorOpened.fbx)
[2020.06.04-18.49.19:060][975]LogEditorFactories: Performing atomic reimport of [C:/Users/Usuari/Downloads/DoorOpened.fbx]
[2020.06.04-18.49.19:069][975]LogFbx: Loading FBX Scene from C:/Users/Usuari/Downloads/DoorOpened.fbx
[2020.06.04-18.49.19:073][975]LogFbx: FBX Scene Loaded Succesfully
[2020.06.04-18.49.19:075][975]LogFbx: Display: Triangulating static mesh DoorOpened
[2020.06.04-18.49.19:093][975]LogStaticMesh: Building static mesh DoorOpened...
[2020.06.04-18.49.19:099][975]LogStaticMesh: Built static mesh [0.01s] /Game/CosesDelMapa/TorreRadio/Door/Mesh/DoorOpened.DoorOpened
[2020.06.04-18.49.19:108][975]LogEditorFactories: -- imported successfully
[2020.06.04-18.49.19:111][975]FBXImport: Warning: No smoothing group information was found in this FBX scene.  Please make sure to enable the 'Export Smoothing Groups' option in the FBX Exporter plug-in before exporting the file.  Even for tools that don't support smoothing groups, the FBX Exporter will generate appropriate smoothing data at export-time so that correct vertex normals can be inferred while importing. 
[2020.06.04-18.49.19:123][975]LogFactory: FactoryCreateFile: StaticMesh with FbxFactory (0 0 C:/Users/Usuari/Downloads/DoorClosed.fbx)
[2020.06.04-18.49.19:124][975]LogEditorFactories: Performing atomic reimport of [C:/Users/Usuari/Downloads/DoorClosed.fbx]
[2020.06.04-18.49.19:186][975]LogFbx: Loading FBX Scene from C:/Users/Usuari/Downloads/DoorClosed.fbx
[2020.06.04-18.49.19:197][975]LogFbx: FBX Scene Loaded Succesfully
[2020.06.04-18.49.19:200][975]LogFbx: Display: Triangulating static mesh DoorClosed
[2020.06.04-18.49.19:222][975]LogStaticMesh: Building static mesh DoorClosed...
[2020.06.04-18.49.19:230][975]LogStaticMesh: Built static mesh [0.01s] /Game/CosesDelMapa/TorreRadio/Door/Mesh/DoorClosed.DoorClosed
[2020.06.04-18.49.19:231][975]LogStaticMesh: Warning: DoorClosed has degenerate tangent bases which will result in incorrect shading.  MikkTSpace relies on tangent bases and may result in mesh corruption, consider disabling this option.
[2020.06.04-18.49.19:231][975]LogStaticMesh: Warning: DoorClosed has some nearly zero bi-normals which can create some issues. (Tolerance of 1E-4)
[2020.06.04-18.49.19:238][975]LogEditorFactories: -- imported successfully
[2020.06.04-18.49.19:240][975]FBXImport: Warning: No smoothing group information was found in this FBX scene.  Please make sure to enable the 'Export Smoothing Groups' option in the FBX Exporter plug-in before exporting the file.  Even for tools that don't support smoothing groups, the FBX Exporter will generate appropriate smoothing data at export-time so that correct vertex normals can be inferred while importing. 
[2020.06.04-18.49.19:240][975]FBXImport: Warning: DoorClosed has degenerate tangent bases which will result in incorrect shading.  MikkTSpace relies on tangent bases and may result in mesh corruption, consider disabling this option. 
[2020.06.04-18.49.19:240][975]FBXImport: Warning: DoorClosed has some nearly zero bi-normals which can create some issues. (Tolerance of 1E-4) 
[2020.06.04-18.49.22:202][214]LogUObjectHash: Compacting FUObjectHashTables data took   3.73ms
[2020.06.04-18.49.22:697][214]LogSavePackage: Moving '../../../../../Uni/3r/2n semestre/Motors2/survival-craft/survival-craft/One_Man_Land/Saved/Main2120F729429C61E8DD7CD595455AC1E6.tmp' to '../../../../../Uni/3r/2n semestre/Motors2/survival-craft/survival-craft/One_Man_Land/Content/FirstPersonBP/Maps/Main.umap'
[2020.06.04-18.49.22:754][214]AssetCheck: New page: Asset Save: Main
[2020.06.04-18.49.22:754][214]LogContentValidation: Display: Validating World /Game/FirstPersonBP/Maps/Main.Main
[2020.06.04-18.49.32:585][155]LogEditorTransaction: Undo Modify Component Location
[2020.06.04-18.49.32:599][155]LogOutputDevice: Warning: 

Script Stack (0 frames):

[2020.06.04-18.49.32:600][155]LogWindows: Windows GetLastError: La operación se completó correctamente. (0)
[2020.06.04-18.49.33:796][155]LogWindows: Error: === Critical error: ===
[2020.06.04-18.49.33:796][155]LogWindows: Error: 
[2020.06.04-18.49.33:796][155]LogWindows: Error: Fatal error: [File:D:/Build/++UE4/Sync/Engine/Source/Runtime/Engine/Private/LevelActor.cpp] [Line: 395] 
[2020.06.04-18.49.33:796][155]LogWindows: Error: An actor of name 'ChildActor_GEN_VARIABLE_Lock_C_CAT_0' already exists in level 'Level /Engine/Transient.World_1:PersistentLevel'.
[2020.06.04-18.49.33:796][155]LogWindows: Error: 
[2020.06.04-18.49.33:796][155]LogWindows: Error: 
[2020.06.04-18.49.33:796][155]LogWindows: Error: [Callstack] 0x00007ff92c8da799 KERNELBASE.dll!UnknownFunction []
[2020.06.04-18.49.33:796][155]LogWindows: Error: [Callstack] 0x00007ff8e4b4a9a6 UE4Editor-Core.dll!UnknownFunction []
[2020.06.04-18.49.33:796][155]LogWindows: Error: [Callstack] 0x00007ff8e4b4de48 UE4Editor-Core.dll!UnknownFunction []
[2020.06.04-18.49.33:796][155]LogWindows: Error: [Callstack] 0x00007ff8e4902c7d UE4Editor-Core.dll!UnknownFunction []
[2020.06.04-18.49.33:796][155]LogWindows: Error: [Callstack] 0x00007ff8cee4ffbd UE4Editor-Engine.dll!UnknownFunction []
[2020.06.04-18.49.33:796][155]LogWindows: Error: [Callstack] 0x00007ff8cee51117 UE4Editor-Engine.dll!UnknownFunction []
[2020.06.04-18.49.33:797][155]LogWindows: Error: [Callstack] 0x00007ff8ce994aff UE4Editor-Engine.dll!UnknownFunction []
[2020.06.04-18.49.33:797][155]LogWindows: Error: [Callstack] 0x00007ff8ce9217e0 UE4Editor-Engine.dll!UnknownFunction []
[2020.06.04-18.49.33:797][155]LogWindows: Error: [Callstack] 0x00007ff8ce4be6d7 UE4Editor-Engine.dll!UnknownFunction []
[2020.06.04-18.49.33:797][155]LogWindows: Error: [Callstack] 0x00007ff8ce954040 UE4Editor-Engine.dll!UnknownFunction []
[2020.06.04-18.49.33:797][155]LogWindows: Error: [Callstack] 0x00007ff8ce90a090 UE4Editor-Engine.dll!UnknownFunction []
[2020.06.04-18.49.33:797][155]LogWindows: Error: [Callstack] 0x00007ff8ce9e052d UE4Editor-Engine.dll!UnknownFunction []
[2020.06.04-18.49.33:797][155]LogWindows: Error: [Callstack] 0x00007ff8ce989c36 UE4Editor-Engine.dll!UnknownFunction []
[2020.06.04-18.49.33:797][155]LogWindows: Error: [Callstack] 0x00007ff8ce9099bf UE4Editor-Engine.dll!UnknownFunction []
[2020.06.04-18.49.33:797][155]LogWindows: Error: [Callstack] 0x00007ff8ce557022 UE4Editor-Engine.dll!UnknownFunction []
[2020.06.04-18.49.33:797][155]LogWindows: Error: [Callstack] 0x00007ff8ce57fc10 UE4Editor-Engine.dll!UnknownFunction []
[2020.06.04-18.49.33:797][155]LogWindows: Error: [Callstack] 0x00007ff8ce574be2 UE4Editor-Engine.dll!UnknownFunction []
[2020.06.04-18.49.33:797][155]LogWindows: Error: [Callstack] 0x00007ff8e429b75b UE4Editor-CoreUObject.dll!UnknownFunction []
[2020.06.04-18.49.33:797][155]LogWindows: Error: [Callstack] 0x00007ff8e429b5bb UE4Editor-CoreUObject.dll!UnknownFunction []
[2020.06.04-18.49.33:797][155]LogWindows: Error: [Callstack] 0x00007ff8ce5752f2 UE4Editor-Engine.dll!UnknownFunction []
[2020.06.04-18.49.33:797][155]LogWindows: Error: [Callstack] 0x00007ff8cb6cc756 UE4Editor-UnrealEd.dll!UnknownFunction []
[2020.06.04-18.49.33:797][155]LogWindows: Error: [Callstack] 0x00007ff8cb70ea12 UE4Editor-UnrealEd.dll!UnknownFunction []
[2020.06.04-18.49.33:798][155]LogWindows: Error: [Callstack] 0x00007ff8cb6aec6f UE4Editor-UnrealEd.dll!UnknownFunction []
[2020.06.04-18.49.33:798][155]LogWindows: Error: [Callstack] 0x00007ff8cd0225c8 UE4Editor-Kismet.dll!UnknownFunction []
[2020.06.04-18.49.33:798][155]LogWindows: Error: [Callstack] 0x00007ff8e1a19ada UE4Editor-Slate.dll!UnknownFunction []
[2020.06.04-18.49.33:798][155]LogWindows: Error: [Callstack] 0x00007ff8e1a503de UE4Editor-Slate.dll!UnknownFunction []
[2020.06.04-18.49.33:798][155]LogWindows: Error: [Callstack] 0x00007ff8cbe855ce UE4Editor-UnrealEd.dll!UnknownFunction []
[2020.06.04-18.49.33:798][155]LogWindows: Error: [Callstack] 0x00007ff8cbe73161 UE4Editor-UnrealEd.dll!UnknownFunction []
[2020.06.04-18.49.33:798][155]LogWindows: Error: [Callstack] 0x00007ff8e19e1041 UE4Editor-Slate.dll!UnknownFunction []
[2020.06.04-18.49.33:798][155]LogWindows: Error: [Callstack] 0x00007ff8e1a5224d UE4Editor-Slate.dll!UnknownFunction []
[2020.06.04-18.49.33:798][155]LogWindows: Error: [Callstack] 0x00007ff8e1a47b0f UE4Editor-Slate.dll!UnknownFunction []
[2020.06.04-18.49.33:798][155]LogWindows: Error: [Callstack] 0x00007ff90ee54918 UE4Editor-ApplicationCore.dll!UnknownFunction []
[2020.06.04-18.49.33:798][155]LogWindows: Error: [Callstack] 0x00007ff90ee4242f UE4Editor-ApplicationCore.dll!UnknownFunction []
[2020.06.04-18.49.33:798][155]LogWindows: Error: [Callstack] 0x00007ff90ee57195 UE4Editor-ApplicationCore.dll!UnknownFunction []
[2020.06.04-18.49.33:798][155]LogWindows: Error: [Callstack] 0x00007ff90ee3ec40 UE4Editor-ApplicationCore.dll!UnknownFunction []
[2020.06.04-18.49.33:799][155]LogWindows: Error: [Callstack] 0x00007ff92e8a5c0d USER32.dll!UnknownFunction []
[2020.06.04-18.49.33:799][155]LogWindows: Error: [Callstack] 0x00007ff92e8a5602 USER32.dll!UnknownFunction []
[2020.06.04-18.49.33:799][155]LogWindows: Error: [Callstack] 0x00007ff90ee58699 UE4Editor-ApplicationCore.dll!UnknownFunction []
[2020.06.04-18.49.33:799][155]LogWindows: Error: [Callstack] 0x00007ff7afe56db0 UE4Editor.exe!UnknownFunction []
[2020.06.04-18.49.33:799][155]LogWindows: Error: [Callstack] 0x00007ff7afe6c3ec UE4Editor.exe!UnknownFunction []
[2020.06.04-18.49.33:799][155]LogWindows: Error: [Callstack] 0x00007ff7afe6c4ca UE4Editor.exe!UnknownFunction []
[2020.06.04-18.49.33:799][155]LogWindows: Error: [Callstack] 0x00007ff7afe7ceae UE4Editor.exe!UnknownFunction []
[2020.06.04-18.49.33:799][155]LogWindows: Error: [Callstack] 0x00007ff7afe7fcbe UE4Editor.exe!UnknownFunction []
[2020.06.04-18.49.33:799][155]LogWindows: Error: [Callstack] 0x00007ff92d927bd4 KERNEL32.DLL!UnknownFunction []
[2020.06.04-18.49.33:799][155]LogWindows: Error: [Callstack] 0x00007ff92f8cce51 ntdll.dll!UnknownFunction []
[2020.06.04-18.49.33:799][155]LogWindows: Error: 
[2020.06.04-18.49.33:868][155]LogExit: Executing StaticShutdownAfterError
[2020.06.04-18.49.33:886][155]LogWindows: FPlatformMisc::RequestExit(1)
[2020.06.04-18.49.33:886][155]LogCore: Engine exit requested (reason: Win RequestExit)
[2020.06.04-18.49.33:899][155]Log file closed, 06/04/20 20:49:33
