Log file open, 02/22/20 13:21:46
LogWindows: Failed to load 'aqProf.dll' (GetLastError=126)
LogWindows: File 'aqProf.dll' does not exist
LogWindows: Failed to load 'VtuneApi.dll' (GetLastError=126)
LogWindows: File 'VtuneApi.dll' does not exist
LogWindows: Failed to load 'VtuneApi32e.dll' (GetLastError=126)
LogWindows: File 'VtuneApi32e.dll' does not exist
LogConsoleResponse: Display: Failed to find resolution value strings in scalability ini. Falling back to default.
LogInit: Display: Running engine for game: One_Man_Land
LogPlatformFile: Not using cached read wrapper
LogTaskGraph: Started task graph with 5 named threads and 35 total threads with 3 sets of task threads.
LogStats: Stats thread started at 0.170388
LogD3D11RHI: Loaded GFSDK_Aftermath_Lib.x64.dll
LogICUInternationalization: ICU TimeZone Detection - Raw Offset: +1:00, Platform Override: ''
LogPluginManager: Mounting plugin Paper2D
LogPluginManager: Mounting plugin AISupport
LogPluginManager: Mounting plugin LightPropagationVolume
LogPluginManager: Mounting plugin ActorLayerUtilities
LogPluginManager: Mounting plugin AnimationSharing
LogPluginManager: Mounting plugin CLionSourceCodeAccess
LogPluginManager: Mounting plugin CodeLiteSourceCodeAccess
LogPluginManager: Mounting plugin GitSourceControl
LogPluginManager: Mounting plugin KDevelopSourceCodeAccess
LogPluginManager: Mounting plugin NullSourceCodeAccess
LogPluginManager: Mounting plugin PerforceSourceControl
LogPluginManager: Mounting plugin PlasticSourceControl
LogPluginManager: Mounting plugin SubversionSourceControl
LogPluginManager: Mounting plugin UObjectPlugin
LogPluginManager: Mounting plugin VisualStudioCodeSourceCodeAccess
LogPluginManager: Mounting plugin VisualStudioSourceCodeAccess
LogPluginManager: Mounting plugin XCodeSourceCodeAccess
LogPluginManager: Mounting plugin AssetManagerEditor
LogPluginManager: Mounting plugin CryptoKeys
LogPluginManager: Mounting plugin CurveEditorTools
LogPluginManager: Mounting plugin DataValidation
LogPluginManager: Mounting plugin FacialAnimation
LogPluginManager: Mounting plugin GameplayTagsEditor
LogPluginManager: Mounting plugin MacGraphicsSwitching
LogPluginManager: Mounting plugin MaterialAnalyzer
LogPluginManager: Mounting plugin MobileLauncherProfileWizard
LogPluginManager: Mounting plugin PluginBrowser
LogPluginManager: Mounting plugin SpeedTreeImporter
LogPluginManager: Mounting plugin DatasmithContent
LogPluginManager: Mounting plugin VariantManagerContent
LogPluginManager: Mounting plugin AlembicImporter
LogPluginManager: Mounting plugin AutomationUtils
LogPluginManager: Mounting plugin BackChannel
LogPluginManager: Mounting plugin CharacterAI
LogPluginManager: Mounting plugin GeometryCache
LogPluginManager: Mounting plugin PlatformCrypto
LogPluginManager: Mounting plugin ProxyLODPlugin
LogPluginManager: Mounting plugin SkeletalReduction
LogPluginManager: Mounting plugin MagicLeap
LogPluginManager: Mounting plugin MagicLeapMedia
LogPluginManager: Mounting plugin MLSDK
LogPluginManager: Mounting plugin AndroidMedia
LogPluginManager: Mounting plugin AvfMedia
LogPluginManager: Mounting plugin ImgMedia
LogPluginManager: Mounting plugin MediaCompositing
LogPluginManager: Mounting plugin MediaPlayerEditor
LogPluginManager: Mounting plugin WebMMedia
LogPluginManager: Mounting plugin WmfMedia
LogPluginManager: Mounting plugin TcpMessaging
LogPluginManager: Mounting plugin UdpMessaging
LogPluginManager: Mounting plugin ActorSequence
LogPluginManager: Mounting plugin LevelSequenceEditor
LogPluginManager: Mounting plugin MatineeToLevelSequence
LogPluginManager: Mounting plugin NetcodeUnitTest
LogPluginManager: Mounting plugin NUTUnrealEngine4
LogPluginManager: Mounting plugin OnlineSubsystemGooglePlay
LogPluginManager: Mounting plugin OnlineSubsystemIOS
LogPluginManager: Mounting plugin OnlineSubsystem
LogPluginManager: Mounting plugin OnlineSubsystemNull
LogPluginManager: Mounting plugin OnlineSubsystemUtils
LogPluginManager: Mounting plugin LauncherChunkInstaller
LogPluginManager: Mounting plugin AndroidDeviceProfileSelector
LogPluginManager: Mounting plugin AndroidMoviePlayer
LogPluginManager: Mounting plugin AndroidPermission
LogPluginManager: Mounting plugin AppleImageUtils
LogPluginManager: Mounting plugin AppleMoviePlayer
LogPluginManager: Mounting plugin ArchVisCharacter
LogPluginManager: Mounting plugin AssetTags
LogPluginManager: Mounting plugin AudioCapture
LogPluginManager: Mounting plugin CableComponent
LogPluginManager: Mounting plugin CustomMeshComponent
LogPluginManager: Mounting plugin EditableMesh
LogPluginManager: Mounting plugin ExampleDeviceProfileSelector
LogPluginManager: Mounting plugin GoogleCloudMessaging
LogPluginManager: Mounting plugin IOSDeviceProfileSelector
LogPluginManager: Mounting plugin LinuxDeviceProfileSelector
LogPluginManager: Mounting plugin LocationServicesBPLibrary
LogPluginManager: Mounting plugin MobilePatchingUtils
LogPluginManager: Mounting plugin OculusVR
LogPluginManager: Mounting plugin PhysXVehicles
LogPluginManager: Mounting plugin PostSplashScreen
LogPluginManager: Mounting plugin ProceduralMeshComponent
LogPluginManager: Mounting plugin RuntimePhysXCooking
LogPluginManager: Mounting plugin SignificanceManager
LogPluginManager: Mounting plugin SteamVR
LogPluginManager: Mounting plugin WebMMoviePlayer
LogPluginManager: Mounting plugin WindowsMoviePlayer
LogPluginManager: Mounting plugin ScreenshotTools
LogInit: Using libcurl 7.55.1-DEV
LogInit:  - built for x86_64-pc-win32
LogInit:  - supports SSL with OpenSSL/1.1.1
LogInit:  - supports HTTP deflate (compression) using libz 1.2.8
LogInit:  - other features:
LogInit:      CURL_VERSION_SSL
LogInit:      CURL_VERSION_LIBZ
LogInit:      CURL_VERSION_IPV6
LogInit:      CURL_VERSION_ASYNCHDNS
LogInit:      CURL_VERSION_LARGEFILE
LogInit:      CURL_VERSION_IDN
LogInit:  CurlRequestOptions (configurable via config and command line):
LogInit:  - bVerifyPeer = true  - Libcurl will verify peer certificate
LogInit:  - bUseHttpProxy = false  - Libcurl will NOT use HTTP proxy
LogInit:  - bDontReuseConnections = false  - Libcurl will reuse connections
LogInit:  - MaxHostConnections = 16  - Libcurl will limit the number of connections to a host
LogInit:  - LocalHostAddr = Default
LogInit:  - BufferSize = 65536
LogOnline: OSS: Creating online subsystem instance for: NULL
LogInit: WinSock: version 1.1 (2.2), MaxSocks=32767, MaxUdp=65467
LogOnline: OSS: TryLoadSubsystemAndSetDefault: Loaded subsystem for module [NULL]
LogInit: Build: ++UE4+Release-4.24-CL-11100242
LogInit: Engine Version: 4.24.2-11100242+++UE4+Release-4.24
LogInit: Compatible Engine Version: 4.24.0-10570792+++UE4+Release-4.24
LogInit: Net CL: 10570792
LogInit: OS: Windows 10 (Release 1903) (), CPU: Intel(R) Core(TM) i7-8750H CPU @ 2.20GHz, GPU: Intel(R) UHD Graphics 630
LogInit: Compiled (64-bit): Jan 24 2020 02:05:53
LogInit: Compiled with Visual C++: 19.16.27032.01
LogInit: Build Configuration: Development
LogInit: Branch Name: ++UE4+Release-4.24
LogInit: Command Line: 
LogInit: Base Directory: D:/Unreal Engine/UE_4.24/Engine/Binaries/Win64/
LogInit: Installed Engine Build: 1
LogDevObjectVersion: Number of dev versions registered: 25
LogDevObjectVersion:   Dev-Blueprints (B0D832E4-1F89-4F0D-ACCF-7EB736FD4AA2): 10
LogDevObjectVersion:   Dev-Build (E1C64328-A22C-4D53-A36C-8E866417BD8C): 0
LogDevObjectVersion:   Dev-Core (375EC13C-06E4-48FB-B500-84F0262A717E): 3
LogDevObjectVersion:   Dev-Editor (E4B068ED-F494-42E9-A231-DA0B2E46BB41): 37
LogDevObjectVersion:   Dev-Framework (CFFC743F-43B0-4480-9391-14DF171D2073): 36
LogDevObjectVersion:   Dev-Mobile (B02B49B5-BB20-44E9-A304-32B752E40360): 2
LogDevObjectVersion:   Dev-Networking (A4E4105C-59A1-49B5-A7C5-40C4547EDFEE): 0
LogDevObjectVersion:   Dev-Online (39C831C9-5AE6-47DC-9A44-9C173E1C8E7C): 0
LogDevObjectVersion:   Dev-Physics (78F01B33-EBEA-4F98-B9B4-84EACCB95AA2): 2
LogDevObjectVersion:   Dev-Platform (6631380F-2D4D-43E0-8009-CF276956A95A): 0
LogDevObjectVersion:   Dev-Rendering (12F88B9F-8875-4AFC-A67C-D90C383ABD29): 36
LogDevObjectVersion:   Dev-Sequencer (7B5AE74C-D270-4C10-A958-57980B212A5A): 11
LogDevObjectVersion:   Dev-VR (D7296918-1DD6-4BDD-9DE2-64A83CC13884): 2
LogDevObjectVersion:   Dev-LoadTimes (C2A15278-BFE7-4AFE-6C17-90FF531DF755): 1
LogDevObjectVersion:   Private-Geometry (6EACA3D4-40EC-4CC1-B786-8BED09428FC5): 3
LogDevObjectVersion:   Dev-AnimPhys (29E575DD-E0A3-4627-9D10-D276232CDCEA): 17
LogDevObjectVersion:   Dev-Anim (AF43A65D-7FD3-4947-9873-3E8ED9C1BB05): 2
LogDevObjectVersion:   Dev-ReflectionCapture (6B266CEC-1EC7-4B8F-A30B-E4D90942FC07): 1
LogDevObjectVersion:   Dev-Automation (0DF73D61-A23F-47EA-B727-89E90C41499A): 1
LogDevObjectVersion:   FortniteMain (601D1886-AC64-4F84-AA16-D3DE0DEAC7D6): 31
LogDevObjectVersion:   Dev-Enterprise (9DFFBCD6-494F-0158-E221-12823C92A888): 8
LogDevObjectVersion:   Dev-Niagara (F2AED0AC-9AFE-416F-8664-AA7FFA26D6FC): 1
LogDevObjectVersion:   Dev-Destruction (174F1F0B-B4C6-45A5-B13F-2EE8D0FB917D): 9
LogDevObjectVersion:   Dev-Physics-Ext (35F94A83-E258-406C-A318-09F59610247C): 8
LogDevObjectVersion:   Dev-CineCamera (B2E18506-4273-CFC2-A54E-F4BB758BBA07): 1
LogInit: Presizing for max 25165824 objects, including 0 objects not considered by GC, pre-allocating 0 bytes for permanent pool.
LogInit: Object subsystem initialized
LogConfig: Setting CVar [[con.DebugEarlyDefault:1]]
LogConfig: Setting CVar [[r.setres:1280x720]]
[2020.02.22-12.21.46:597][  0]LogConfig: Setting CVar [[r.VSync:0]]
[2020.02.22-12.21.46:598][  0]LogConfig: Setting CVar [[r.RHICmdBypass:0]]
[2020.02.22-12.21.46:598][  0]LogConfig: Applying CVar settings from Section [/Script/Engine.RendererSettings] File [D:/Temp/survival-craft/One_Man_Land/Saved/Config/Windows/Engine.ini]
[2020.02.22-12.21.46:598][  0]LogConfig: Setting CVar [[r.GPUCrashDebugging:0]]
[2020.02.22-12.21.46:598][  0]LogConfig: Applying CVar settings from Section [/Script/Engine.RendererOverrideSettings] File [D:/Temp/survival-craft/One_Man_Land/Saved/Config/Windows/Engine.ini]
[2020.02.22-12.21.46:598][  0]LogConfig: Applying CVar settings from Section [/Script/Engine.StreamingSettings] File [D:/Temp/survival-craft/One_Man_Land/Saved/Config/Windows/Engine.ini]
[2020.02.22-12.21.46:598][  0]LogConfig: Setting CVar [[s.MinBulkDataSizeForAsyncLoading:131072]]
[2020.02.22-12.21.46:598][  0]LogConfig: Setting CVar [[s.AsyncLoadingThreadEnabled:0]]
[2020.02.22-12.21.46:598][  0]LogConfig: Setting CVar [[s.EventDrivenLoaderEnabled:1]]
[2020.02.22-12.21.46:598][  0]LogConfig: Setting CVar [[s.WarnIfTimeLimitExceeded:0]]
[2020.02.22-12.21.46:598][  0]LogConfig: Setting CVar [[s.TimeLimitExceededMultiplier:1.5]]
[2020.02.22-12.21.46:598][  0]LogConfig: Setting CVar [[s.TimeLimitExceededMinTime:0.005]]
[2020.02.22-12.21.46:598][  0]LogConfig: Setting CVar [[s.UseBackgroundLevelStreaming:1]]
[2020.02.22-12.21.46:598][  0]LogConfig: Setting CVar [[s.PriorityAsyncLoadingExtraTime:15.0]]
[2020.02.22-12.21.46:598][  0]LogConfig: Setting CVar [[s.LevelStreamingActorsUpdateTimeLimit:5.0]]
[2020.02.22-12.21.46:598][  0]LogConfig: Setting CVar [[s.PriorityLevelStreamingActorsUpdateExtraTime:5.0]]
[2020.02.22-12.21.46:598][  0]LogConfig: Setting CVar [[s.LevelStreamingComponentsRegistrationGranularity:10]]
[2020.02.22-12.21.46:598][  0]LogConfig: Setting CVar [[s.UnregisterComponentsTimeLimit:1.0]]
[2020.02.22-12.21.46:598][  0]LogConfig: Setting CVar [[s.LevelStreamingComponentsUnregistrationGranularity:5]]
[2020.02.22-12.21.46:598][  0]LogConfig: Setting CVar [[s.FlushStreamingOnExit:1]]
[2020.02.22-12.21.46:598][  0]LogConfig: Applying CVar settings from Section [/Script/Engine.GarbageCollectionSettings] File [D:/Temp/survival-craft/One_Man_Land/Saved/Config/Windows/Engine.ini]
[2020.02.22-12.21.46:598][  0]LogConfig: Setting CVar [[gc.MaxObjectsNotConsideredByGC:1]]
[2020.02.22-12.21.46:598][  0]LogConfig: Setting CVar [[gc.SizeOfPermanentObjectPool:0]]
[2020.02.22-12.21.46:598][  0]LogConfig: Setting CVar [[gc.FlushStreamingOnGC:0]]
[2020.02.22-12.21.46:598][  0]LogConfig: Setting CVar [[gc.NumRetriesBeforeForcingGC:10]]
[2020.02.22-12.21.46:598][  0]LogConfig: Setting CVar [[gc.AllowParallelGC:1]]
[2020.02.22-12.21.46:598][  0]LogConfig: Setting CVar [[gc.TimeBetweenPurgingPendingKillObjects:61.1]]
[2020.02.22-12.21.46:598][  0]LogConfig: Setting CVar [[gc.MaxObjectsInEditor:25165824]]
[2020.02.22-12.21.46:599][  0]LogConfig: Setting CVar [[gc.IncrementalBeginDestroyEnabled:1]]
[2020.02.22-12.21.46:599][  0]LogConfig: Setting CVar [[gc.CreateGCClusters:1]]
[2020.02.22-12.21.46:599][  0]LogConfig: Setting CVar [[gc.MinGCClusterSize:5]]
[2020.02.22-12.21.46:599][  0]LogConfig: Setting CVar [[gc.ActorClusteringEnabled:0]]
[2020.02.22-12.21.46:599][  0]LogConfig: Setting CVar [[gc.BlueprintClusteringEnabled:0]]
[2020.02.22-12.21.46:599][  0]LogConfig: Setting CVar [[gc.UseDisregardForGCOnDedicatedServers:0]]
[2020.02.22-12.21.46:599][  0]LogConfig: Applying CVar settings from Section [/Script/Engine.NetworkSettings] File [D:/Temp/survival-craft/One_Man_Land/Saved/Config/Windows/Engine.ini]
[2020.02.22-12.21.46:599][  0]LogConfig: Applying CVar settings from Section [/Script/UnrealEd.CookerSettings] File [D:/Temp/survival-craft/One_Man_Land/Saved/Config/Windows/Engine.ini]
[2020.02.22-12.21.46:605][  0]LogConfig: Applying CVar settings from Section [ViewDistanceQuality@3] File [D:/Temp/survival-craft/One_Man_Land/Saved/Config/Windows/Scalability.ini]
[2020.02.22-12.21.46:606][  0]LogConfig: Setting CVar [[r.SkeletalMeshLODBias:0]]
[2020.02.22-12.21.46:606][  0]LogConfig: Setting CVar [[r.ViewDistanceScale:1.0]]
[2020.02.22-12.21.46:606][  0]LogConfig: Applying CVar settings from Section [AntiAliasingQuality@3] File [D:/Temp/survival-craft/One_Man_Land/Saved/Config/Windows/Scalability.ini]
[2020.02.22-12.21.46:606][  0]LogConfig: Setting CVar [[r.PostProcessAAQuality:4]]
[2020.02.22-12.21.46:606][  0]LogConfig: Applying CVar settings from Section [ShadowQuality@3] File [D:/Temp/survival-craft/One_Man_Land/Saved/Config/Windows/Scalability.ini]
[2020.02.22-12.21.46:606][  0]LogConfig: Setting CVar [[r.LightFunctionQuality:1]]
[2020.02.22-12.21.46:606][  0]LogConfig: Setting CVar [[r.ShadowQuality:5]]
[2020.02.22-12.21.46:606][  0]LogConfig: Setting CVar [[r.Shadow.CSM.MaxCascades:10]]
[2020.02.22-12.21.46:606][  0]LogConfig: Setting CVar [[r.Shadow.MaxResolution:2048]]
[2020.02.22-12.21.46:606][  0]LogConfig: Setting CVar [[r.Shadow.MaxCSMResolution:2048]]
[2020.02.22-12.21.46:606][  0]LogConfig: Setting CVar [[r.Shadow.RadiusThreshold:0.01]]
[2020.02.22-12.21.46:606][  0]LogConfig: Setting CVar [[r.Shadow.DistanceScale:1.0]]
[2020.02.22-12.21.46:606][  0]LogConfig: Setting CVar [[r.Shadow.CSM.TransitionScale:1.0]]
[2020.02.22-12.21.46:606][  0]LogConfig: Setting CVar [[r.Shadow.PreShadowResolutionFactor:1.0]]
[2020.02.22-12.21.46:606][  0]LogConfig: Setting CVar [[r.DistanceFieldShadowing:1]]
[2020.02.22-12.21.46:606][  0]LogConfig: Setting CVar [[r.DistanceFieldAO:1]]
[2020.02.22-12.21.46:606][  0]LogConfig: Setting CVar [[r.AOQuality:2]]
[2020.02.22-12.21.46:606][  0]LogConfig: Setting CVar [[r.VolumetricFog:1]]
[2020.02.22-12.21.46:606][  0]LogConfig: Setting CVar [[r.VolumetricFog.GridPixelSize:8]]
[2020.02.22-12.21.46:606][  0]LogConfig: Setting CVar [[r.VolumetricFog.GridSizeZ:128]]
[2020.02.22-12.21.46:606][  0]LogConfig: Setting CVar [[r.VolumetricFog.HistoryMissSupersampleCount:4]]
[2020.02.22-12.21.46:606][  0]LogConfig: Setting CVar [[r.LightMaxDrawDistanceScale:1]]
[2020.02.22-12.21.46:606][  0]LogConfig: Setting CVar [[r.CapsuleShadows:1]]
[2020.02.22-12.21.46:606][  0]LogConfig: Applying CVar settings from Section [PostProcessQuality@3] File [D:/Temp/survival-craft/One_Man_Land/Saved/Config/Windows/Scalability.ini]
[2020.02.22-12.21.46:606][  0]LogConfig: Setting CVar [[r.MotionBlurQuality:4]]
[2020.02.22-12.21.46:606][  0]LogConfig: Setting CVar [[r.AmbientOcclusionMipLevelFactor:0.4]]
[2020.02.22-12.21.46:606][  0]LogConfig: Setting CVar [[r.AmbientOcclusionMaxQuality:100]]
[2020.02.22-12.21.46:606][  0]LogConfig: Setting CVar [[r.AmbientOcclusionLevels:-1]]
[2020.02.22-12.21.46:607][  0]LogConfig: Setting CVar [[r.AmbientOcclusionRadiusScale:1.0]]
[2020.02.22-12.21.46:607][  0]LogConfig: Setting CVar [[r.DepthOfFieldQuality:2]]
[2020.02.22-12.21.46:607][  0]LogConfig: Setting CVar [[r.RenderTargetPoolMin:400]]
[2020.02.22-12.21.46:607][  0]LogConfig: Setting CVar [[r.LensFlareQuality:2]]
[2020.02.22-12.21.46:607][  0]LogConfig: Setting CVar [[r.SceneColorFringeQuality:1]]
[2020.02.22-12.21.46:607][  0]LogConfig: Setting CVar [[r.EyeAdaptationQuality:2]]
[2020.02.22-12.21.46:607][  0]LogConfig: Setting CVar [[r.BloomQuality:5]]
[2020.02.22-12.21.46:607][  0]LogConfig: Setting CVar [[r.FastBlurThreshold:100]]
[2020.02.22-12.21.46:607][  0]LogConfig: Setting CVar [[r.Upscale.Quality:3]]
[2020.02.22-12.21.46:607][  0]LogConfig: Setting CVar [[r.Tonemapper.GrainQuantization:1]]
[2020.02.22-12.21.46:607][  0]LogConfig: Setting CVar [[r.LightShaftQuality:1]]
[2020.02.22-12.21.46:607][  0]LogConfig: Setting CVar [[r.Filter.SizeScale:1]]
[2020.02.22-12.21.46:607][  0]LogConfig: Setting CVar [[r.Tonemapper.Quality:5]]
[2020.02.22-12.21.46:607][  0]LogConfig: Setting CVar [[r.DOF.Gather.AccumulatorQuality:1        ; higher gathering accumulator quality]]
[2020.02.22-12.21.46:607][  0]LogConfig: Setting CVar [[r.DOF.Gather.PostfilterMethod:1          ; Median3x3 postfilering method]]
[2020.02.22-12.21.46:607][  0]LogConfig: Setting CVar [[r.DOF.Gather.EnableBokehSettings:0       ; no bokeh simulation when gathering]]
[2020.02.22-12.21.46:607][  0]LogConfig: Setting CVar [[r.DOF.Gather.RingCount:4                 ; medium number of samples when gathering]]
[2020.02.22-12.21.46:607][  0]LogConfig: Setting CVar [[r.DOF.Scatter.ForegroundCompositing:1    ; additive foreground scattering]]
[2020.02.22-12.21.46:607][  0]LogConfig: Setting CVar [[r.DOF.Scatter.BackgroundCompositing:2    ; additive background scattering]]
[2020.02.22-12.21.46:607][  0]LogConfig: Setting CVar [[r.DOF.Scatter.EnableBokehSettings:1      ; bokeh simulation when scattering]]
[2020.02.22-12.21.46:607][  0]LogConfig: Setting CVar [[r.DOF.Scatter.MaxSpriteRatio:0.1         ; only a maximum of 10% of scattered bokeh]]
[2020.02.22-12.21.46:607][  0]LogConfig: Setting CVar [[r.DOF.Recombine.Quality:1                ; cheap slight out of focus]]
[2020.02.22-12.21.46:607][  0]LogConfig: Setting CVar [[r.DOF.Recombine.EnableBokehSettings:0    ; no bokeh simulation on slight out of focus]]
[2020.02.22-12.21.46:607][  0]LogConfig: Setting CVar [[r.DOF.TemporalAAQuality:1                ; more stable temporal accumulation]]
[2020.02.22-12.21.46:607][  0]LogConfig: Setting CVar [[r.DOF.Kernel.MaxForegroundRadius:0.025]]
[2020.02.22-12.21.46:607][  0]LogConfig: Setting CVar [[r.DOF.Kernel.MaxBackgroundRadius:0.025]]
[2020.02.22-12.21.46:607][  0]LogConfig: Applying CVar settings from Section [TextureQuality@3] File [D:/Temp/survival-craft/One_Man_Land/Saved/Config/Windows/Scalability.ini]
[2020.02.22-12.21.46:607][  0]LogConfig: Setting CVar [[r.Streaming.MipBias:0]]
[2020.02.22-12.21.46:607][  0]LogConfig: Setting CVar [[r.Streaming.AmortizeCPUToGPUCopy:0]]
[2020.02.22-12.21.46:608][  0]LogConfig: Setting CVar [[r.Streaming.MaxNumTexturesToStreamPerFrame:0]]
[2020.02.22-12.21.46:608][  0]LogConfig: Setting CVar [[r.Streaming.Boost:1]]
[2020.02.22-12.21.46:608][  0]LogConfig: Setting CVar [[r.MaxAnisotropy:8]]
[2020.02.22-12.21.46:608][  0]LogConfig: Setting CVar [[r.VT.MaxAnisotropy:8]]
[2020.02.22-12.21.46:608][  0]LogConfig: Setting CVar [[r.Streaming.LimitPoolSizeToVRAM:0]]
[2020.02.22-12.21.46:608][  0]LogConfig: Setting CVar [[r.Streaming.PoolSize:1000]]
[2020.02.22-12.21.46:608][  0]LogConfig: Setting CVar [[r.Streaming.MaxEffectiveScreenSize:0]]
[2020.02.22-12.21.46:608][  0]LogConfig: Applying CVar settings from Section [EffectsQuality@3] File [D:/Temp/survival-craft/One_Man_Land/Saved/Config/Windows/Scalability.ini]
[2020.02.22-12.21.46:608][  0]LogConfig: Setting CVar [[r.TranslucencyLightingVolumeDim:64]]
[2020.02.22-12.21.46:608][  0]LogConfig: Setting CVar [[r.RefractionQuality:2]]
[2020.02.22-12.21.46:608][  0]LogConfig: Setting CVar [[r.SSR.Quality:3]]
[2020.02.22-12.21.46:608][  0]LogConfig: Setting CVar [[r.SSR.HalfResSceneColor:0]]
[2020.02.22-12.21.46:608][  0]LogConfig: Setting CVar [[r.SceneColorFormat:4]]
[2020.02.22-12.21.46:608][  0]LogConfig: Setting CVar [[r.DetailMode:2]]
[2020.02.22-12.21.46:608][  0]LogConfig: Setting CVar [[r.TranslucencyVolumeBlur:1]]
[2020.02.22-12.21.46:608][  0]LogConfig: Setting CVar [[r.MaterialQualityLevel:1 ; High quality]]
[2020.02.22-12.21.46:608][  0]LogConfig: Setting CVar [[r.SSS.Scale:1]]
[2020.02.22-12.21.46:608][  0]LogConfig: Setting CVar [[r.SSS.SampleSet:2]]
[2020.02.22-12.21.46:608][  0]LogConfig: Setting CVar [[r.SSS.Quality:1]]
[2020.02.22-12.21.46:608][  0]LogConfig: Setting CVar [[r.SSS.HalfRes:1]]
[2020.02.22-12.21.46:608][  0]LogConfig: Setting CVar [[r.SSGI.Quality:3]]
[2020.02.22-12.21.46:608][  0]LogConfig: Setting CVar [[r.EmitterSpawnRateScale:1.0]]
[2020.02.22-12.21.46:608][  0]LogConfig: Setting CVar [[r.ParticleLightQuality:2]]
[2020.02.22-12.21.46:608][  0]LogConfig: Setting CVar [[r.SkyAtmosphere.AerialPerspectiveLUT.FastApplyOnOpaque:1 ; Always have FastSkyLUT 1 in this case to avoid wrong sky]]
[2020.02.22-12.21.46:608][  0]LogConfig: Setting CVar [[r.SkyAtmosphere.AerialPerspectiveLUT.SampleCountPerSlice:1]]
[2020.02.22-12.21.46:608][  0]LogConfig: Setting CVar [[r.SkyAtmosphere.AerialPerspectiveLUT.DepthResolution:16.0]]
[2020.02.22-12.21.46:608][  0]LogConfig: Setting CVar [[r.SkyAtmosphere.FastSkyLUT:1]]
[2020.02.22-12.21.46:608][  0]LogConfig: Setting CVar [[r.SkyAtmosphere.FastSkyLUT.SampleCountMin:4.0]]
[2020.02.22-12.21.46:608][  0]LogConfig: Setting CVar [[r.SkyAtmosphere.FastSkyLUT.SampleCountMax:32.0]]
[2020.02.22-12.21.46:608][  0]LogConfig: Setting CVar [[r.SkyAtmosphere.SampleCountMin:4.0]]
[2020.02.22-12.21.46:609][  0]LogConfig: Setting CVar [[r.SkyAtmosphere.SampleCountMax:32.0]]
[2020.02.22-12.21.46:609][  0]LogConfig: Setting CVar [[r.SkyAtmosphere.TransmittanceLUT.UseSmallFormat:0]]
[2020.02.22-12.21.46:609][  0]LogConfig: Setting CVar [[r.SkyAtmosphere.TransmittanceLUT.SampleCount:10.0]]
[2020.02.22-12.21.46:609][  0]LogConfig: Setting CVar [[r.SkyAtmosphere.MultiScatteringLUT.SampleCount:15.0]]
[2020.02.22-12.21.46:609][  0]LogConfig: Applying CVar settings from Section [FoliageQuality@3] File [D:/Temp/survival-craft/One_Man_Land/Saved/Config/Windows/Scalability.ini]
[2020.02.22-12.21.46:609][  0]LogConfig: Setting CVar [[foliage.DensityScale:1.0]]
[2020.02.22-12.21.46:609][  0]LogConfig: Setting CVar [[grass.DensityScale:1.0]]
[2020.02.22-12.21.46:609][  0]LogConfig: Applying CVar settings from Section [ShadingQuality@3] File [D:/Temp/survival-craft/One_Man_Land/Saved/Config/Windows/Scalability.ini]
[2020.02.22-12.21.46:609][  0]LogConfig: Setting CVar [[r.HairStrands.SkyLighting.SampleCount:16]]
[2020.02.22-12.21.46:609][  0]LogConfig: Setting CVar [[r.HairStrands.SkyLighting.JitterIntegration:0]]
[2020.02.22-12.21.46:609][  0]LogConfig: Setting CVar [[r.HairStrands.SkyAO.SampleCount:16]]
[2020.02.22-12.21.46:609][  0]LogInit: Selected Device Profile: [Windows]
[2020.02.22-12.21.46:609][  0]LogInit: Applying CVar settings loaded from the selected device profile: [Windows]
[2020.02.22-12.21.46:614][  0]LogHAL: Display: Platform has ~ 8 GB [8428691456 / 8589934592 / 8], which maps to Default [LargestMinGB=32, LargerMinGB=12, DefaultMinGB=8, SmallerMinGB=6, SmallestMinGB=0)
[2020.02.22-12.21.46:614][  0]LogInit: Going up to parent DeviceProfile []
[2020.02.22-12.21.46:614][  0]LogConfig: Applying CVar settings from Section [ViewDistanceQuality@2] File [D:/Temp/survival-craft/One_Man_Land/Saved/Config/Windows/Scalability.ini]
[2020.02.22-12.21.46:614][  0]LogConfig: Setting CVar [[r.SkeletalMeshLODBias:0]]
[2020.02.22-12.21.46:614][  0]LogConfig: Setting CVar [[r.ViewDistanceScale:0.8]]
[2020.02.22-12.21.46:614][  0]LogConfig: Applying CVar settings from Section [AntiAliasingQuality@2] File [D:/Temp/survival-craft/One_Man_Land/Saved/Config/Windows/Scalability.ini]
[2020.02.22-12.21.46:614][  0]LogConfig: Setting CVar [[r.PostProcessAAQuality:3]]
[2020.02.22-12.21.46:614][  0]LogConfig: Applying CVar settings from Section [ShadowQuality@2] File [D:/Temp/survival-craft/One_Man_Land/Saved/Config/Windows/Scalability.ini]
[2020.02.22-12.21.46:614][  0]LogConfig: Setting CVar [[r.LightFunctionQuality:1]]
[2020.02.22-12.21.46:614][  0]LogConfig: Setting CVar [[r.ShadowQuality:5]]
[2020.02.22-12.21.46:614][  0]LogConfig: Setting CVar [[r.Shadow.CSM.MaxCascades:4]]
[2020.02.22-12.21.46:614][  0]LogConfig: Setting CVar [[r.Shadow.MaxResolution:1024]]
[2020.02.22-12.21.46:614][  0]LogConfig: Setting CVar [[r.Shadow.MaxCSMResolution:2048]]
[2020.02.22-12.21.46:614][  0]LogConfig: Setting CVar [[r.Shadow.RadiusThreshold:0.04]]
[2020.02.22-12.21.46:614][  0]LogConfig: Setting CVar [[r.Shadow.DistanceScale:0.85]]
[2020.02.22-12.21.46:614][  0]LogConfig: Setting CVar [[r.Shadow.CSM.TransitionScale:0.8]]
[2020.02.22-12.21.46:614][  0]LogConfig: Setting CVar [[r.Shadow.PreShadowResolutionFactor:0.5]]
[2020.02.22-12.21.46:614][  0]LogConfig: Setting CVar [[r.DistanceFieldShadowing:1]]
[2020.02.22-12.21.46:614][  0]LogConfig: Setting CVar [[r.DistanceFieldAO:1]]
[2020.02.22-12.21.46:614][  0]LogConfig: Setting CVar [[r.AOQuality:1]]
[2020.02.22-12.21.46:614][  0]LogConfig: Setting CVar [[r.VolumetricFog:1]]
[2020.02.22-12.21.46:615][  0]LogConfig: Setting CVar [[r.VolumetricFog.GridPixelSize:16]]
[2020.02.22-12.21.46:615][  0]LogConfig: Setting CVar [[r.VolumetricFog.GridSizeZ:64]]
[2020.02.22-12.21.46:615][  0]LogConfig: Setting CVar [[r.VolumetricFog.HistoryMissSupersampleCount:4]]
[2020.02.22-12.21.46:615][  0]LogConfig: Setting CVar [[r.LightMaxDrawDistanceScale:1]]
[2020.02.22-12.21.46:615][  0]LogConfig: Setting CVar [[r.CapsuleShadows:1]]
[2020.02.22-12.21.46:615][  0]LogConfig: Applying CVar settings from Section [PostProcessQuality@2] File [D:/Temp/survival-craft/One_Man_Land/Saved/Config/Windows/Scalability.ini]
[2020.02.22-12.21.46:615][  0]LogConfig: Setting CVar [[r.MotionBlurQuality:3]]
[2020.02.22-12.21.46:615][  0]LogConfig: Setting CVar [[r.AmbientOcclusionMipLevelFactor:0.6]]
[2020.02.22-12.21.46:615][  0]LogConfig: Setting CVar [[r.AmbientOcclusionMaxQuality:100]]
[2020.02.22-12.21.46:615][  0]LogConfig: Setting CVar [[r.AmbientOcclusionLevels:-1]]
[2020.02.22-12.21.46:615][  0]LogConfig: Setting CVar [[r.AmbientOcclusionRadiusScale:1.5]]
[2020.02.22-12.21.46:615][  0]LogConfig: Setting CVar [[r.DepthOfFieldQuality:2]]
[2020.02.22-12.21.46:615][  0]LogConfig: Setting CVar [[r.RenderTargetPoolMin:400]]
[2020.02.22-12.21.46:615][  0]LogConfig: Setting CVar [[r.LensFlareQuality:2]]
[2020.02.22-12.21.46:615][  0]LogConfig: Setting CVar [[r.SceneColorFringeQuality:1]]
[2020.02.22-12.21.46:615][  0]LogConfig: Setting CVar [[r.EyeAdaptationQuality:2]]
[2020.02.22-12.21.46:615][  0]LogConfig: Setting CVar [[r.BloomQuality:5]]
[2020.02.22-12.21.46:615][  0]LogConfig: Setting CVar [[r.FastBlurThreshold:3]]
[2020.02.22-12.21.46:615][  0]LogConfig: Setting CVar [[r.Upscale.Quality:2]]
[2020.02.22-12.21.46:615][  0]LogConfig: Setting CVar [[r.Tonemapper.GrainQuantization:1]]
[2020.02.22-12.21.46:615][  0]LogConfig: Setting CVar [[r.LightShaftQuality:1]]
[2020.02.22-12.21.46:615][  0]LogConfig: Setting CVar [[r.Filter.SizeScale:0.8]]
[2020.02.22-12.21.46:615][  0]LogConfig: Setting CVar [[r.Tonemapper.Quality:5]]
[2020.02.22-12.21.46:615][  0]LogConfig: Setting CVar [[r.DOF.Gather.AccumulatorQuality:0        ; lower gathering accumulator quality]]
[2020.02.22-12.21.46:615][  0]LogConfig: Setting CVar [[r.DOF.Gather.PostfilterMethod:2          ; Max3x3 postfilering method]]
[2020.02.22-12.21.46:615][  0]LogConfig: Setting CVar [[r.DOF.Gather.EnableBokehSettings:0       ; no bokeh simulation when gathering]]
[2020.02.22-12.21.46:616][  0]LogConfig: Setting CVar [[r.DOF.Gather.RingCount:4                 ; medium number of samples when gathering]]
[2020.02.22-12.21.46:616][  0]LogConfig: Setting CVar [[r.DOF.Scatter.ForegroundCompositing:1    ; additive foreground scattering]]
[2020.02.22-12.21.46:616][  0]LogConfig: Setting CVar [[r.DOF.Scatter.BackgroundCompositing:1    ; no background occlusion]]
[2020.02.22-12.21.46:616][  0]LogConfig: Setting CVar [[r.DOF.Scatter.EnableBokehSettings:0      ; no bokeh simulation when scattering]]
[2020.02.22-12.21.46:616][  0]LogConfig: Setting CVar [[r.DOF.Scatter.MaxSpriteRatio:0.04        ; only a maximum of 4% of scattered bokeh]]
[2020.02.22-12.21.46:616][  0]LogConfig: Setting CVar [[r.DOF.Recombine.Quality:0                ; no slight out of focus]]
[2020.02.22-12.21.46:616][  0]LogConfig: Setting CVar [[r.DOF.TemporalAAQuality:0                ; faster temporal accumulation]]
[2020.02.22-12.21.46:616][  0]LogConfig: Setting CVar [[r.DOF.Kernel.MaxForegroundRadius:0.012   ; required because of AccumulatorQuality=0]]
[2020.02.22-12.21.46:616][  0]LogConfig: Setting CVar [[r.DOF.Kernel.MaxBackgroundRadius:0.012   ; required because of AccumulatorQuality=0]]
[2020.02.22-12.21.46:616][  0]LogConfig: Applying CVar settings from Section [TextureQuality@2] File [D:/Temp/survival-craft/One_Man_Land/Saved/Config/Windows/Scalability.ini]
[2020.02.22-12.21.46:616][  0]LogConfig: Setting CVar [[r.Streaming.MipBias:0]]
[2020.02.22-12.21.46:616][  0]LogConfig: Setting CVar [[r.Streaming.AmortizeCPUToGPUCopy:0]]
[2020.02.22-12.21.46:616][  0]LogConfig: Setting CVar [[r.Streaming.MaxNumTexturesToStreamPerFrame:0]]
[2020.02.22-12.21.46:616][  0]LogConfig: Setting CVar [[r.Streaming.Boost:1]]
[2020.02.22-12.21.46:616][  0]LogConfig: Setting CVar [[r.MaxAnisotropy:4]]
[2020.02.22-12.21.46:616][  0]LogConfig: Setting CVar [[r.VT.MaxAnisotropy:8]]
[2020.02.22-12.21.46:616][  0]LogConfig: Setting CVar [[r.Streaming.LimitPoolSizeToVRAM:1]]
[2020.02.22-12.21.46:616][  0]LogConfig: Setting CVar [[r.Streaming.PoolSize:800]]
[2020.02.22-12.21.46:616][  0]LogConfig: Setting CVar [[r.Streaming.MaxEffectiveScreenSize:0]]
[2020.02.22-12.21.46:616][  0]LogConfig: Applying CVar settings from Section [EffectsQuality@2] File [D:/Temp/survival-craft/One_Man_Land/Saved/Config/Windows/Scalability.ini]
[2020.02.22-12.21.46:616][  0]LogConfig: Setting CVar [[r.TranslucencyLightingVolumeDim:48]]
[2020.02.22-12.21.46:616][  0]LogConfig: Setting CVar [[r.RefractionQuality:2]]
[2020.02.22-12.21.46:616][  0]LogConfig: Setting CVar [[r.SSR.Quality:2]]
[2020.02.22-12.21.46:616][  0]LogConfig: Setting CVar [[r.SSR.HalfResSceneColor:1]]
[2020.02.22-12.21.46:616][  0]LogConfig: Setting CVar [[r.SceneColorFormat:3]]
[2020.02.22-12.21.46:616][  0]LogConfig: Setting CVar [[r.DetailMode:1]]
[2020.02.22-12.21.46:616][  0]LogConfig: Setting CVar [[r.TranslucencyVolumeBlur:1]]
[2020.02.22-12.21.46:616][  0]LogConfig: Setting CVar [[r.MaterialQualityLevel:1 ; High quality]]
[2020.02.22-12.21.46:616][  0]LogConfig: Setting CVar [[r.SSS.Scale:1]]
[2020.02.22-12.21.46:617][  0]LogConfig: Setting CVar [[r.SSS.SampleSet:1]]
[2020.02.22-12.21.46:617][  0]LogConfig: Setting CVar [[r.SSS.Quality:-1]]
[2020.02.22-12.21.46:617][  0]LogConfig: Setting CVar [[r.SSS.HalfRes:1]]
[2020.02.22-12.21.46:617][  0]LogConfig: Setting CVar [[r.SSGI.Quality:2]]
[2020.02.22-12.21.46:617][  0]LogConfig: Setting CVar [[r.EmitterSpawnRateScale:0.5]]
[2020.02.22-12.21.46:617][  0]LogConfig: Setting CVar [[r.ParticleLightQuality:1]]
[2020.02.22-12.21.46:617][  0]LogConfig: Setting CVar [[r.SkyAtmosphere.AerialPerspectiveLUT.FastApplyOnOpaque:1 ; Always have FastSkyLUT 1 in this case to avoid wrong sky]]
[2020.02.22-12.21.46:617][  0]LogConfig: Setting CVar [[r.SkyAtmosphere.AerialPerspectiveLUT.SampleCountPerSlice:1]]
[2020.02.22-12.21.46:617][  0]LogConfig: Setting CVar [[r.SkyAtmosphere.AerialPerspectiveLUT.DepthResolution:16.0]]
[2020.02.22-12.21.46:617][  0]LogConfig: Setting CVar [[r.SkyAtmosphere.FastSkyLUT:1]]
[2020.02.22-12.21.46:617][  0]LogConfig: Setting CVar [[r.SkyAtmosphere.FastSkyLUT.SampleCountMin:4.0]]
[2020.02.22-12.21.46:617][  0]LogConfig: Setting CVar [[r.SkyAtmosphere.FastSkyLUT.SampleCountMax:32.0]]
[2020.02.22-12.21.46:617][  0]LogConfig: Setting CVar [[r.SkyAtmosphere.SampleCountMin:4.0]]
[2020.02.22-12.21.46:617][  0]LogConfig: Setting CVar [[r.SkyAtmosphere.SampleCountMax:32.0]]
[2020.02.22-12.21.46:617][  0]LogConfig: Setting CVar [[r.SkyAtmosphere.TransmittanceLUT.UseSmallFormat:0]]
[2020.02.22-12.21.46:617][  0]LogConfig: Setting CVar [[r.SkyAtmosphere.TransmittanceLUT.SampleCount:10.0]]
[2020.02.22-12.21.46:617][  0]LogConfig: Setting CVar [[r.SkyAtmosphere.MultiScatteringLUT.SampleCount:15.0]]
[2020.02.22-12.21.46:617][  0]LogConfig: Applying CVar settings from Section [FoliageQuality@2] File [D:/Temp/survival-craft/One_Man_Land/Saved/Config/Windows/Scalability.ini]
[2020.02.22-12.21.46:617][  0]LogConfig: Setting CVar [[foliage.DensityScale:0.8]]
[2020.02.22-12.21.46:617][  0]LogConfig: Setting CVar [[grass.DensityScale:0.8]]
[2020.02.22-12.21.46:617][  0]LogConfig: Applying CVar settings from Section [ShadingQuality@2] File [D:/Temp/survival-craft/One_Man_Land/Saved/Config/Windows/Scalability.ini]
[2020.02.22-12.21.46:617][  0]LogConfig: Setting CVar [[r.HairStrands.SkyLighting.SampleCount:16]]
[2020.02.22-12.21.46:617][  0]LogConfig: Setting CVar [[r.HairStrands.SkyLighting.JitterIntegration:0]]
[2020.02.22-12.21.46:617][  0]LogConfig: Setting CVar [[r.HairStrands.SkyAO.SampleCount:16]]
[2020.02.22-12.21.46:617][  0]LogConfig: Applying CVar settings from Section [Startup] File [../../../Engine/Config/ConsoleVariables.ini]
[2020.02.22-12.21.46:618][  0]LogConfig: Setting CVar [[net.UseAdaptiveNetUpdateFrequency:0]]
[2020.02.22-12.21.46:618][  0]LogConfig: Setting CVar [[p.chaos.AllowCreatePhysxBodies:1]]
[2020.02.22-12.21.46:618][  0]LogConfig: Applying CVar settings from Section [ConsoleVariables] File [D:/Temp/survival-craft/One_Man_Land/Saved/Config/Windows/Engine.ini]
[2020.02.22-12.21.46:618][  0]LogInit: Computer: MSI
[2020.02.22-12.21.46:618][  0]LogInit: User: orvid
[2020.02.22-12.21.46:618][  0]LogInit: CPU Page size=4096, Cores=6
[2020.02.22-12.21.46:618][  0]LogInit: High frequency timer resolution =10.000000 MHz
[2020.02.22-12.21.46:619][  0]LogMemory: Memory total: Physical=7.8GB (8GB approx)
[2020.02.22-12.21.46:619][  0]LogMemory: Platform Memory Stats for Windows
[2020.02.22-12.21.46:619][  0]LogMemory: Process Physical Memory: 106.24 MB used, 106.25 MB peak
[2020.02.22-12.21.46:619][  0]LogMemory: Process Virtual Memory: 101.68 MB used, 101.68 MB peak
[2020.02.22-12.21.46:619][  0]LogMemory: Physical Memory: 6589.73 MB used,  1448.49 MB free, 8038.23 MB total
[2020.02.22-12.21.46:619][  0]LogMemory: Virtual Memory: 5159.24 MB used,  134212568.00 MB free, 134217728.00 MB total
[2020.02.22-12.21.47:042][  0]LogWindows: WindowsPlatformFeatures enabled
[2020.02.22-12.21.47:069][  0]LogInit: Using OS detected language (ca-ES).
[2020.02.22-12.21.47:069][  0]LogInit: Using OS detected locale (ca-ES).
[2020.02.22-12.21.47:071][  0]LogTextLocalizationManager: No localization for 'ca-ES' exists, so 'en' will be used for the language.
[2020.02.22-12.21.47:304][  0]LogInit: Setting process to per monitor DPI aware
[2020.02.22-12.21.47:356][  0]LogSlate: New Slate User Created.  User Index 0, Is Virtual User: 0
[2020.02.22-12.21.47:356][  0]LogSlate: Slate User Registered.  User Index 0, Is Virtual User: 0
[2020.02.22-12.21.47:630][  0]LogHMD: Failed to initialize OpenVR with code 110
[2020.02.22-12.21.47:630][  0]LogD3D11RHI: D3D11 min allowed feature level: 11_0
[2020.02.22-12.21.47:631][  0]LogD3D11RHI: D3D11 max allowed feature level: 11_0
[2020.02.22-12.21.47:631][  0]LogD3D11RHI: D3D11 adapters:
[2020.02.22-12.21.47:707][  0]LogD3D11RHI:    0. 'NVIDIA GeForce GTX 1050' (Feature Level 11_0)
[2020.02.22-12.21.47:707][  0]LogD3D11RHI:       4021/0/4019 MB DedicatedVideo/DedicatedSystem/SharedSystem, Outputs:1, VendorId:0x10de
[2020.02.22-12.21.47:728][  0]LogD3D11RHI:    1. 'Intel(R) UHD Graphics 630' (Feature Level 11_0)
[2020.02.22-12.21.47:728][  0]LogD3D11RHI:       128/0/4019 MB DedicatedVideo/DedicatedSystem/SharedSystem, Outputs:0, VendorId:0x8086
[2020.02.22-12.21.47:731][  0]LogD3D11RHI:    2. 'Microsoft Basic Render Driver' (Feature Level 11_0)
[2020.02.22-12.21.47:731][  0]LogD3D11RHI:       0/0/4019 MB DedicatedVideo/DedicatedSystem/SharedSystem, Outputs:0, VendorId:0x1414
[2020.02.22-12.21.47:735][  0]LogD3D11RHI:    3. 'Microsoft Basic Render Driver' (Feature Level 11_0)
[2020.02.22-12.21.47:735][  0]LogD3D11RHI:       0/0/4019 MB DedicatedVideo/DedicatedSystem/SharedSystem, Outputs:0, VendorId:0x1414
[2020.02.22-12.21.47:735][  0]LogD3D11RHI: Chosen D3D11 Adapter: 0
[2020.02.22-12.21.47:814][  0]LogD3D11RHI: Creating new Direct3DDevice
[2020.02.22-12.21.47:814][  0]LogD3D11RHI:     GPU DeviceId: 0x1c8d (for the marketing name, search the web for "GPU Device Id")
[2020.02.22-12.21.47:814][  0]LogWindows: EnumDisplayDevices:
[2020.02.22-12.21.47:814][  0]LogWindows:    0. 'Intel(R) UHD Graphics 630' (P:1 D:1)
[2020.02.22-12.21.47:814][  0]LogWindows:    1. 'Intel(R) UHD Graphics 630' (P:0 D:0)
[2020.02.22-12.21.47:815][  0]LogWindows:    2. 'Intel(R) UHD Graphics 630' (P:0 D:0)
[2020.02.22-12.21.47:815][  0]LogWindows:    3. 'Citrix Indirect Display Adapter' (P:0 D:0)
[2020.02.22-12.21.47:816][  0]LogWindows:    4. 'Citrix Indirect Display Adapter' (P:0 D:0)
[2020.02.22-12.21.47:816][  0]LogWindows:    5. 'Citrix Indirect Display Adapter' (P:0 D:0)
[2020.02.22-12.21.47:816][  0]LogWindows:    6. 'Citrix Indirect Display Adapter' (P:0 D:0)
[2020.02.22-12.21.47:817][  0]LogWindows:    7. 'Citrix Indirect Display Adapter' (P:0 D:0)
[2020.02.22-12.21.47:817][  0]LogWindows:    8. 'Citrix Indirect Display Adapter' (P:0 D:0)
[2020.02.22-12.21.47:817][  0]LogWindows:    9. 'Citrix Indirect Display Adapter' (P:0 D:0)
[2020.02.22-12.21.47:818][  0]LogWindows:    10. 'Citrix Indirect Display Adapter' (P:0 D:0)
[2020.02.22-12.21.47:818][  0]LogWindows: DebugString: PrimaryIsNotTheChoosenAdapter PrimaryIsNotTheChoosenAdapter PrimaryIsNotTheChoosenAdapter GetVideoDriverDetailsInvalid PrimaryIsNotTheChoosenAdapter GetVideoDriverDetailsInvalid PrimaryIsNotTheChoosenAdapter GetVideoDriverDetailsInvalid PrimaryIsNotTheChoosenAdapter GetVideoDriverDetailsInvalid PrimaryIsNotTheChoosenAdapter GetVideoDriverDetailsInvalid PrimaryIsNotTheChoosenAdapter GetVideoDriverDetailsInvalid PrimaryIsNotTheChoosenAdapter GetVideoDriverDetailsInvalid PrimaryIsNotTheChoosenAdapter GetVideoDriverDetailsInvalid PrimaryIsNotTheChoosenAdapter FoundDriverCount:0 
[2020.02.22-12.21.47:818][  0]LogD3D11RHI:     Adapter Name: NVIDIA GeForce GTX 1050
[2020.02.22-12.21.47:818][  0]LogD3D11RHI:   Driver Version: Unknown (internal:Unknown, unified:Unknown)
[2020.02.22-12.21.47:818][  0]LogD3D11RHI:      Driver Date: Unknown
[2020.02.22-12.21.47:818][  0]LogRHI: Texture pool is 2814 MB (70% of 4021 MB)
[2020.02.22-12.21.47:869][  0]LogD3D11RHI: RHI has support for 64 bit atomics
[2020.02.22-12.21.47:869][  0]LogD3D11RHI: Async texture creation enabled
[2020.02.22-12.21.47:888][  0]LogD3D11RHI: GPU Timing Frequency: 1000.000000 (Debug: 2 2)
[2020.02.22-12.21.48:452][  0]LogTargetPlatformManager: Display: Loaded TargetPlatform 'AllDesktop'
[2020.02.22-12.21.48:496][  0]LogTargetPlatformManager: Display: Loaded TargetPlatform 'Android'
[2020.02.22-12.21.48:496][  0]LogTargetPlatformManager: Display: Loaded TargetPlatform 'Android_ASTC'
[2020.02.22-12.21.48:496][  0]LogTargetPlatformManager: Display: Loaded TargetPlatform 'Android_ATC'
[2020.02.22-12.21.48:497][  0]LogTargetPlatformManager: Display: Loaded TargetPlatform 'Android_DXT'
[2020.02.22-12.21.48:497][  0]LogTargetPlatformManager: Display: Loaded TargetPlatform 'Android_ETC1'
[2020.02.22-12.21.48:497][  0]LogTargetPlatformManager: Display: Loaded TargetPlatform 'Android_ETC1a'
[2020.02.22-12.21.48:497][  0]LogTargetPlatformManager: Display: Loaded TargetPlatform 'Android_ETC2'
[2020.02.22-12.21.48:497][  0]LogTargetPlatformManager: Display: Loaded TargetPlatform 'Android_PVRTC'
[2020.02.22-12.21.48:497][  0]LogTargetPlatformManager: Display: Loaded TargetPlatform 'AndroidClient'
[2020.02.22-12.21.48:497][  0]LogTargetPlatformManager: Display: Loaded TargetPlatform 'Android_ASTCClient'
[2020.02.22-12.21.48:497][  0]LogTargetPlatformManager: Display: Loaded TargetPlatform 'Android_ATCClient'
[2020.02.22-12.21.48:497][  0]LogTargetPlatformManager: Display: Loaded TargetPlatform 'Android_DXTClient'
[2020.02.22-12.21.48:497][  0]LogTargetPlatformManager: Display: Loaded TargetPlatform 'Android_ETC1Client'
[2020.02.22-12.21.48:497][  0]LogTargetPlatformManager: Display: Loaded TargetPlatform 'Android_ETC1aClient'
[2020.02.22-12.21.48:497][  0]LogTargetPlatformManager: Display: Loaded TargetPlatform 'Android_ETC2Client'
[2020.02.22-12.21.48:497][  0]LogTargetPlatformManager: Display: Loaded TargetPlatform 'Android_PVRTCClient'
[2020.02.22-12.21.48:497][  0]LogTargetPlatformManager: Display: Loaded TargetPlatform 'Android_Multi'
[2020.02.22-12.21.48:497][  0]LogTargetPlatformManager: Display: Loaded TargetPlatform 'Android_MultiClient'
[2020.02.22-12.21.48:523][  0]LogTargetPlatformManager: Display: Loaded TargetPlatform 'IOSClient'
[2020.02.22-12.21.48:523][  0]LogTargetPlatformManager: Display: Loaded TargetPlatform 'IOS'
[2020.02.22-12.21.48:534][  0]LogTargetPlatformManager: Display: Loaded TargetPlatform 'LinuxNoEditor'
[2020.02.22-12.21.48:545][  0]LogTargetPlatformManager: Display: Loaded TargetPlatform 'LinuxClient'
[2020.02.22-12.21.48:555][  0]LogTargetPlatformManager: Display: Loaded TargetPlatform 'LinuxServer'
[2020.02.22-12.21.48:566][  0]LogTargetPlatformManager: Display: Loaded TargetPlatform 'LinuxAArch64NoEditor'
[2020.02.22-12.21.48:578][  0]LogTargetPlatformManager: Display: Loaded TargetPlatform 'LinuxAArch64Client'
[2020.02.22-12.21.48:589][  0]LogTargetPlatformManager: Display: Loaded TargetPlatform 'LinuxAArch64Server'
[2020.02.22-12.21.48:625][  0]LogTargetPlatformManager: Display: Loaded TargetPlatform 'Lumin'
[2020.02.22-12.21.48:625][  0]LogTargetPlatformManager: Display: Loaded TargetPlatform 'LuminClient'
[2020.02.22-12.21.48:646][  0]LogTargetPlatformManager: Display: Loaded TargetPlatform 'TVOSClient'
[2020.02.22-12.21.48:647][  0]LogTargetPlatformManager: Display: Loaded TargetPlatform 'TVOS'
[2020.02.22-12.21.48:659][  0]LogTargetPlatformManager: Display: Loaded TargetPlatform 'WindowsNoEditor'
[2020.02.22-12.21.48:670][  0]LogTargetPlatformManager: Display: Loaded TargetPlatform 'Windows'
[2020.02.22-12.21.48:681][  0]LogTargetPlatformManager: Display: Loaded TargetPlatform 'WindowsClient'
[2020.02.22-12.21.48:693][  0]LogTargetPlatformManager: Display: Loaded TargetPlatform 'WindowsServer'
[2020.02.22-12.21.48:693][  0]LogTargetPlatformManager: Display: Building Assets For Windows
[2020.02.22-12.21.48:697][  0]LogAudioDebug: Display: Lib vorbis DLL was dynamically loaded.
[2020.02.22-12.21.48:725][  0]LogShaderCompilers: Guid format shader working directory is -1 characters bigger than the processId version (../../../../../Temp/survival-craft/One_Man_Land/Intermediate/Shaders/WorkingDirectory/4936/).
[2020.02.22-12.21.48:725][  0]LogShaderCompilers: Cleaned the shader compiler working directory 'C:/Users/orvid/AppData/Local/Temp/UnrealShaderWorkingDir/393F0ADC4684AF2EAB0D6BBDD1A7E0FE/'.
[2020.02.22-12.21.48:726][  0]LogXGEController: Cannot use XGE Controller as Incredibuild is not installed on this machine.
[2020.02.22-12.21.48:726][  0]LogShaderCompilers: Cannot use XGE Shader Compiler as Incredibuild is not installed on this machine.
[2020.02.22-12.21.48:726][  0]LogShaderCompilers: Display: Using Local Shader Compiler.
[2020.02.22-12.21.49:864][  0]LogDerivedDataCache: Display: Max Cache Size: 512 MB
[2020.02.22-12.21.49:950][  0]LogDerivedDataCache: Loaded boot cache 0.09s 78MB C:/Users/orvid/AppData/Local/UnrealEngine/4.24/DerivedDataCache/Boot.ddc.
[2020.02.22-12.21.49:950][  0]LogDerivedDataCache: Display: Loaded Boot cache: C:/Users/orvid/AppData/Local/UnrealEngine/4.24/DerivedDataCache/Boot.ddc
[2020.02.22-12.21.49:950][  0]LogDerivedDataCache: FDerivedDataBackendGraph:  Pak pak cache file ../../../../../Temp/survival-craft/One_Man_Land/DerivedDataCache/DDC.ddp not found, will not use a pak cache.
[2020.02.22-12.21.49:950][  0]LogDerivedDataCache: Unable to find inner node Pak for hierarchical cache Hierarchy.
[2020.02.22-12.21.49:951][  0]LogDerivedDataCache: FDerivedDataBackendGraph:  CompressedPak pak cache file ../../../../../Temp/survival-craft/One_Man_Land/DerivedDataCache/Compressed.ddp not found, will not use a pak cache.
[2020.02.22-12.21.49:951][  0]LogDerivedDataCache: Unable to find inner node CompressedPak for hierarchical cache Hierarchy.
[2020.02.22-12.21.49:968][  0]LogDerivedDataCache: Display: Pak cache opened for reading ../../../Engine/DerivedDataCache/Compressed.ddp.
[2020.02.22-12.21.49:968][  0]LogDerivedDataCache: FDerivedDataBackendGraph:  EnterprisePak pak cache file ../../../Enterprise/DerivedDataCache/Compressed.ddp not found, will not use a pak cache.
[2020.02.22-12.21.49:968][  0]LogDerivedDataCache: Unable to find inner node EnterprisePak for hierarchical cache Hierarchy.
[2020.02.22-12.21.49:970][  0]LogDerivedDataCache: Using Local data cache path C:/Users/orvid/AppData/Local/UnrealEngine/Common/DerivedDataCache: Writable
[2020.02.22-12.21.49:970][  0]LogDerivedDataCache: Shared data cache path not found in *engine.ini, will not use an Shared cache.
[2020.02.22-12.21.49:970][  0]LogDerivedDataCache: Unable to find inner node Shared for hierarchical cache Hierarchy.
[2020.02.22-12.21.50:015][  0]LogMaterial: Verifying Global Shaders for PCD3D_SM5
[2020.02.22-12.21.50:018][  0]LogSlate: Using FreeType 2.10.0
[2020.02.22-12.21.50:019][  0]LogSlate: SlateFontServices - WITH_FREETYPE: 1, WITH_HARFBUZZ: 1
[2020.02.22-12.21.50:112][  0]LogAssetRegistry: FAssetRegistry took 0.0029 seconds to start up
[2020.02.22-12.21.50:518][  0]LogInit: Selected Device Profile: [Windows]
[2020.02.22-12.21.50:768][  0]LogMeshReduction: Using QuadricMeshReduction for automatic static mesh reduction
[2020.02.22-12.21.50:768][  0]LogMeshReduction: Using SimplygonMeshReduction for automatic skeletal mesh reduction
[2020.02.22-12.21.50:768][  0]LogMeshReduction: Using ProxyLODMeshReduction for automatic mesh merging
[2020.02.22-12.21.50:768][  0]LogMeshReduction: No distributed automatic mesh merging module available
[2020.02.22-12.21.50:768][  0]LogMeshMerging: No distributed automatic mesh merging module available
[2020.02.22-12.21.50:786][  0]LogNetVersion: One_Man_Land 1.0.0, NetCL: 10570792, EngineNetVer: 13, GameNetVer: 0 (Checksum: 3489033838)
[2020.02.22-12.21.52:736][  0]LogPackageLocalizationCache: Processed 10 localized package path(s) for 1 prioritized culture(s) in 0.059274 seconds
[2020.02.22-12.21.52:749][  0]LogUObjectArray: 46750 objects as part of root set at end of initial load.
[2020.02.22-12.21.52:750][  0]LogUObjectAllocator: 8137160 out of 0 bytes used by permanent object pool.
[2020.02.22-12.21.52:750][  0]LogUObjectArray: CloseDisregardForGC: 0/0 objects in disregard for GC pool
[2020.02.22-12.21.53:425][  0]LogTcpMessaging: Initializing TcpMessaging bridge
[2020.02.22-12.21.53:429][  0]LogUdpMessaging: Initializing bridge on interface 0.0.0.0:0 to multicast group 230.0.0.1:6666.
[2020.02.22-12.21.53:521][  0]SourceControl: Source control is disabled
[2020.02.22-12.21.53:521][  0]SourceControl: Source control is disabled
[2020.02.22-12.21.53:523][  0]SourceControl: Source control is disabled
[2020.02.22-12.21.53:525][  0]SourceControl: Source control is disabled
[2020.02.22-12.21.53:526][  0]SourceControl: Source control is disabled
[2020.02.22-12.21.53:635][  0]LogAndroidPermission: UAndroidPermissionCallbackProxy::GetInstance
[2020.02.22-12.21.53:648][  0]LogAudioCaptureCore: Display: No Audio Capture implementations found. Audio input will be silent.
[2020.02.22-12.21.53:649][  0]LogAudioCaptureCore: Display: No Audio Capture implementations found. Audio input will be silent.
[2020.02.22-12.21.53:829][  0]LogOcInput: OculusInput pre-init called
[2020.02.22-12.21.53:849][  0]LogWindows: Failed to load 'OVRPlugin.dll' (GetLastError=126)
[2020.02.22-12.21.53:849][  0]LogWindows: File 'OVRPlugin.dll' does not exist
[2020.02.22-12.21.54:011][  0]LogEngine: Initializing Engine...
[2020.02.22-12.21.54:013][  0]LogHMD: Failed to initialize OpenVR with code 110
[2020.02.22-12.21.54:015][  0]LogStats: UGameplayTagsManager::InitializeManager -  0.000 s
[2020.02.22-12.21.54:639][  0]LogInit: Initializing FReadOnlyCVARCache
[2020.02.22-12.21.54:649][  0]LogAIModule: Creating AISystem for world Untitled
[2020.02.22-12.21.54:797][  0]LogAudioMixer: Display: Audio Mixer Platform Settings:
[2020.02.22-12.21.54:797][  0]LogAudioMixer: Display: 	Sample Rate:						  48000
[2020.02.22-12.21.54:797][  0]LogAudioMixer: Display: 	Callback Buffer Frame Size Requested: 1024
[2020.02.22-12.21.54:797][  0]LogAudioMixer: Display: 	Callback Buffer Frame Size To Use:	  1024
[2020.02.22-12.21.54:797][  0]LogAudioMixer: Display: 	Number of buffers to queue:			  2
[2020.02.22-12.21.54:797][  0]LogAudioMixer: Display: 	Max Channels (voices):				  32
[2020.02.22-12.21.54:797][  0]LogAudioMixer: Display: 	Number of Async Source Workers:		  0
[2020.02.22-12.21.54:797][  0]LogAudio: Display: AudioDevice MaxSources: 32
[2020.02.22-12.21.54:798][  0]LogAudio: Display: Using built-in audio occlusion.
[2020.02.22-12.21.54:798][  0]LogAudioMixer: Display: Initializing audio mixer.
[2020.02.22-12.21.54:987][  0]LogAudioMixer: Display: Audio Device Output Speaker Info:
[2020.02.22-12.21.54:987][  0]LogAudioMixer: Display: Name: Speakers (Realtek(R) Audio)
[2020.02.22-12.21.54:987][  0]LogAudioMixer: Display: Is Default: Yes
[2020.02.22-12.21.54:987][  0]LogAudioMixer: Display: Sample Rate: 48000
[2020.02.22-12.21.54:987][  0]LogAudioMixer: Display: Channel Count Used: 8
[2020.02.22-12.21.54:987][  0]LogAudioMixer: Display: Device Channel Count: 8
[2020.02.22-12.21.54:987][  0]LogAudioMixer: Display: Channel Order:
[2020.02.22-12.21.54:987][  0]LogAudioMixer: Display: 0: FrontLeft
[2020.02.22-12.21.54:987][  0]LogAudioMixer: Display: 1: FrontRight
[2020.02.22-12.21.54:987][  0]LogAudioMixer: Display: 2: FrontCenter
[2020.02.22-12.21.54:987][  0]LogAudioMixer: Display: 3: LowFrequency
[2020.02.22-12.21.54:987][  0]LogAudioMixer: Display: 4: BackLeft
[2020.02.22-12.21.54:987][  0]LogAudioMixer: Display: 5: BackRight
[2020.02.22-12.21.54:987][  0]LogAudioMixer: Display: 6: SideLeft
[2020.02.22-12.21.54:987][  0]LogAudioMixer: Display: 7: SideRight
[2020.02.22-12.21.55:412][  0]LogAudioMixer: Display: Using Audio Device Speakers (Realtek(R) Audio)
[2020.02.22-12.21.55:417][  0]LogInit: FAudioDevice initialized.
[2020.02.22-12.21.55:418][  0]LogNetVersion: Set ProjectVersion to 1.0.0.0. Version Checksum will be recalculated on next use.
[2020.02.22-12.21.55:513][  0]LogDerivedDataCache: Saved boot cache 0.09s 78MB C:/Users/orvid/AppData/Local/UnrealEngine/4.24/DerivedDataCache/Boot.ddc.
[2020.02.22-12.21.55:520][  0]LogInit: Texture streaming: Enabled
[2020.02.22-12.21.55:535][  0]LogEngineSessionManager: EngineSessionManager initialized
[2020.02.22-12.21.55:535][  0]LogEditorSessionSummary: Verbose: Initializing EditorSessionSummaryWriter for editor session tracking
[2020.02.22-12.21.55:558][  0]LogEditorSessionSummary: EditorSessionSummaryWriter initialized
[2020.02.22-12.21.55:681][  0]LogInit: Transaction tracking system initialized
[2020.02.22-12.21.55:693][  0]BlueprintLog: New page: Editor Load
[2020.02.22-12.21.55:723][  0]LocalizationService: Localization service is disabled
[2020.02.22-12.21.56:225][  0]LogCook: Display: Max memory allowance for cook 16384mb min free memory 0mb
[2020.02.22-12.21.56:225][  0]LogCook: Display: Mobile HDR setting 1
[2020.02.22-12.21.56:301][  0]LogFileCache: Scanning file cache for directory 'D:/Temp/survival-craft/One_Man_Land/Content/' took 0.02s
[2020.02.22-12.21.56:902][  0]SourceControl: Source control is disabled
[2020.02.22-12.21.56:902][  0]Cmd: MAP LOAD FILE="../../../../../Temp/survival-craft/One_Man_Land/Content/FirstPersonBP/Maps/FirstPersonExampleMap.umap" TEMPLATE=0 SHOWPROGRESS=1 FEATURELEVEL=3
[2020.02.22-12.21.56:909][  0]LightingResults: New page: Lighting Build
[2020.02.22-12.21.56:910][  0]LogWorld: UWorld::CleanupWorld for Untitled, bSessionEnded=true, bCleanupResources=true
[2020.02.22-12.21.56:910][  0]LogSlate: InvalidateAllWidgets triggered.  All widgets were invalidated
[2020.02.22-12.21.56:910][  0]MapCheck: New page: Map Check
[2020.02.22-12.21.56:910][  0]LightingResults: New page: Lighting Build
[2020.02.22-12.21.56:962][  0]LogUObjectHash: Compacting FUObjectHashTables data took   1.70ms
[2020.02.22-12.22.01:382][  0]LogTexture: Display: Building textures: banana (AutoDXT, 2000X1500)
[2020.02.22-12.22.02:516][  0]LogAIModule: Creating AISystem for world FirstPersonExampleMap
[2020.02.22-12.22.03:132][  0]LogEditorServer: Finished looking for orphan Actors (0.000 secs)
[2020.02.22-12.22.03:187][  0]LogUObjectHash: Compacting FUObjectHashTables data took   2.38ms
[2020.02.22-12.22.03:188][  0]Cmd: MAP CHECKDEP NOCLEARLOG
[2020.02.22-12.22.03:188][  0]MapCheck: Map check complete: 0 Error(s), 0 Warning(s), took 0,135ms to complete.
[2020.02.22-12.22.03:188][  0]LogFileHelpers: Loading map 'FirstPersonExampleMap' took 6.286
[2020.02.22-12.22.04:183][  0]LogSlate: Updating window title bar state: overlay mode, drag disabled, window buttons hidden, title bar hidden
[2020.02.22-12.22.04:218][  0]LogSlate: Updating window title bar state: overlay mode, drag disabled, window buttons hidden, title bar hidden
[2020.02.22-12.22.04:228][  0]LogSlate: Updating window title bar state: overlay mode, drag disabled, window buttons hidden, title bar hidden
[2020.02.22-12.22.04:237][  0]LogSlate: Updating window title bar state: overlay mode, drag disabled, window buttons hidden, title bar hidden
[2020.02.22-12.22.04:416][  0]LogCollectionManager: Loaded 0 collections in 0.010311 seconds
[2020.02.22-12.22.04:747][  0]LogFileCache: Scanning file cache for directory 'D:/Temp/survival-craft/One_Man_Land/Saved/Collections/' took 0.00s
[2020.02.22-12.22.04:747][  0]LogFileCache: Scanning file cache for directory 'D:/Temp/survival-craft/One_Man_Land/Content/Developers/orvid/Collections/' took 0.00s
[2020.02.22-12.22.04:747][  0]LogFileCache: Scanning file cache for directory 'D:/Temp/survival-craft/One_Man_Land/Content/Collections/' took 0.00s
[2020.02.22-12.22.04:747][  0]LogContentBrowser: Native class hierarchy populated in 0.0304 seconds. Added 3015 classes and 717 folders.
[2020.02.22-12.22.04:895][  0]LogContentBrowser: Native class hierarchy updated for 'WidgetCarousel' in 0.0005 seconds. Added 0 classes and 0 folders.
[2020.02.22-12.22.07:259][  0]LogContentBrowser: Native class hierarchy updated for 'AddContentDialog' in 0.0006 seconds. Added 0 classes and 0 folders.
[2020.02.22-12.22.08:764][  0]LogContentBrowser: Native class hierarchy updated for 'HierarchicalLODOutliner' in 0.0003 seconds. Added 0 classes and 0 folders.
[2020.02.22-12.22.08:765][  0]LogLoad: (Engine Initialization) Total time: 25.04 seconds
[2020.02.22-12.22.08:765][  0]LogLoad: (Engine Initialization) Total Blueprint compile time: 0.00 seconds
[2020.02.22-12.22.08:904][  0]LogContentStreaming: Texture pool size now 800 MB
[2020.02.22-12.22.08:905][  0]LogSlate: Took 0.000148 seconds to synchronously load lazily loaded font '../../../Engine/Content/Slate/Fonts/Roboto-Regular.ttf' (155K)
[2020.02.22-12.22.08:907][  0]LogSlate: Took 0.000144 seconds to synchronously load lazily loaded font '../../../Engine/Content/Slate/Fonts/Roboto-Bold.ttf' (160K)
[2020.02.22-12.22.08:970][  0]LogSlate: Took 0.013325 seconds to synchronously load lazily loaded font '../../../Engine/Content/Editor/Slate/Fonts/FontAwesome.ttf' (139K)
[2020.02.22-12.22.09:727][  0]LogRenderer: Reallocating scene render targets to support 804x360 Format 9 NumSamples 1 (Frame:1).
[2020.02.22-12.22.10:243][  0]LogSlate: Took 0.031212 seconds to synchronously load lazily loaded font '../../../Engine/Content/Slate/Fonts/Roboto-Light.ttf' (167K)
[2020.02.22-12.22.10:455][  1]LogFileCache: Retrieving MD5 hashes for directory 'D:/Temp/survival-craft/One_Man_Land/Content/' took 1.66s
[2020.02.22-12.22.14:241][103]LogRenderer: Reallocating scene render targets to support 1208x572 Format 9 NumSamples 1 (Frame:4).
[2020.02.22-12.22.20:267][378]LogTemp: Repeating last play command: Selected Viewport
[2020.02.22-12.22.20:355][378]LogBlueprintUserMessages: Early PlayInEditor Detection: Level '/Game/FirstPersonBP/Maps/FirstPersonExampleMap.FirstPersonExampleMap:PersistentLevel' has LevelScriptBlueprint '/Game/FirstPersonBP/Maps/FirstPersonExampleMap.FirstPersonExampleMap:PersistentLevel.FirstPersonExampleMap' with GeneratedClass '/Game/FirstPersonBP/Maps/FirstPersonExampleMap.FirstPersonExampleMap_C' with ClassGeneratedBy '/Game/FirstPersonBP/Maps/FirstPersonExampleMap.FirstPersonExampleMap:PersistentLevel.FirstPersonExampleMap'
[2020.02.22-12.22.20:448][378]LogPlayLevel: PlayLevel: No blueprints needed recompiling
[2020.02.22-12.22.20:614][378]PIE: New page: PIE session: FirstPersonExampleMap (22 de febr. 2020, 14:22:20)
[2020.02.22-12.22.20:628][378]LogOnline: OSS: Creating online subsystem instance for: NULL
[2020.02.22-12.22.20:643][378]LogOnline: OSS: TryLoadSubsystemAndSetDefault: Loaded subsystem for module [NULL]
[2020.02.22-12.22.20:666][378]LogPlayLevel: Creating play world package: /Game/FirstPersonBP/Maps/UEDPIE_0_FirstPersonExampleMap
[2020.02.22-12.22.20:755][378]LogPlayLevel: PIE: StaticDuplicateObject took: (0.087951s)
[2020.02.22-12.22.20:801][378]LogAIModule: Creating AISystem for world FirstPersonExampleMap
[2020.02.22-12.22.20:802][378]LogPlayLevel: PIE: World Init took: (0.046893s)
[2020.02.22-12.22.20:802][378]LogPlayLevel: PIE: Created PIE world by copying editor world from /Game/FirstPersonBP/Maps/FirstPersonExampleMap.FirstPersonExampleMap to /Game/FirstPersonBP/Maps/UEDPIE_0_FirstPersonExampleMap.FirstPersonExampleMap (0.135759s)
[2020.02.22-12.22.20:890][378]LogUObjectHash: Compacting FUObjectHashTables data took   1.84ms
[2020.02.22-12.22.20:909][378]LogAudioMixer: Display: Audio Mixer Platform Settings:
[2020.02.22-12.22.20:909][378]LogAudioMixer: Display: 	Sample Rate:						  48000
[2020.02.22-12.22.20:909][378]LogAudioMixer: Display: 	Callback Buffer Frame Size Requested: 1024
[2020.02.22-12.22.20:909][378]LogAudioMixer: Display: 	Callback Buffer Frame Size To Use:	  1024
[2020.02.22-12.22.20:909][378]LogAudioMixer: Display: 	Number of buffers to queue:			  2
[2020.02.22-12.22.20:909][378]LogAudioMixer: Display: 	Max Channels (voices):				  32
[2020.02.22-12.22.20:910][378]LogAudioMixer: Display: 	Number of Async Source Workers:		  0
[2020.02.22-12.22.20:910][378]LogAudio: Display: AudioDevice MaxSources: 32
[2020.02.22-12.22.20:910][378]LogAudio: Display: Using built-in audio occlusion.
[2020.02.22-12.22.20:910][378]LogAudioMixer: Display: Initializing audio mixer.
[2020.02.22-12.22.20:925][378]LogAudioMixer: Display: Audio Device Output Speaker Info:
[2020.02.22-12.22.20:925][378]LogAudioMixer: Display: Name: Speakers (Realtek(R) Audio)
[2020.02.22-12.22.20:925][378]LogAudioMixer: Display: Is Default: Yes
[2020.02.22-12.22.20:925][378]LogAudioMixer: Display: Sample Rate: 48000
[2020.02.22-12.22.20:925][378]LogAudioMixer: Display: Channel Count Used: 8
[2020.02.22-12.22.20:925][378]LogAudioMixer: Display: Device Channel Count: 8
[2020.02.22-12.22.20:925][378]LogAudioMixer: Display: Channel Order:
[2020.02.22-12.22.20:925][378]LogAudioMixer: Display: 0: FrontLeft
[2020.02.22-12.22.20:925][378]LogAudioMixer: Display: 1: FrontRight
[2020.02.22-12.22.20:925][378]LogAudioMixer: Display: 2: FrontCenter
[2020.02.22-12.22.20:925][378]LogAudioMixer: Display: 3: LowFrequency
[2020.02.22-12.22.20:925][378]LogAudioMixer: Display: 4: BackLeft
[2020.02.22-12.22.20:925][378]LogAudioMixer: Display: 5: BackRight
[2020.02.22-12.22.20:925][378]LogAudioMixer: Display: 6: SideLeft
[2020.02.22-12.22.20:925][378]LogAudioMixer: Display: 7: SideRight
[2020.02.22-12.22.21:032][378]LogAudioMixer: Display: Using Audio Device Speakers (Realtek(R) Audio)
[2020.02.22-12.22.21:033][378]LogInit: FAudioDevice initialized.
[2020.02.22-12.22.21:110][378]LogLoad: Game class is 'FirstPersonGameMode_C'
[2020.02.22-12.22.21:217][378]LogWorld: Bringing World /Game/FirstPersonBP/Maps/UEDPIE_0_FirstPersonExampleMap.FirstPersonExampleMap up for play (max tick rate 60) at 2020.02.22-13.22.21
[2020.02.22-12.22.21:320][378]LogWorld: Bringing up level for play took: 0.125116
[2020.02.22-12.22.21:326][378]LogOnline: OSS: Creating online subsystem instance for: :Context_4
[2020.02.22-12.22.21:599][378]LogContentBrowser: Native class hierarchy updated for 'MovieSceneCapture' in 0.0010 seconds. Added 20 classes and 0 folders.
[2020.02.22-12.22.21:673][378]PIE: Play in editor start time for /Game/FirstPersonBP/Maps/UEDPIE_0_FirstPersonExampleMap 0,495
[2020.02.22-12.22.21:674][378]LogBlueprintUserMessages: Late PlayInEditor Detection: Level '/Game/FirstPersonBP/Maps/FirstPersonExampleMap.FirstPersonExampleMap:PersistentLevel' has LevelScriptBlueprint '/Game/FirstPersonBP/Maps/FirstPersonExampleMap.FirstPersonExampleMap:PersistentLevel.FirstPersonExampleMap' with GeneratedClass '/Game/FirstPersonBP/Maps/FirstPersonExampleMap.FirstPersonExampleMap_C' with ClassGeneratedBy '/Game/FirstPersonBP/Maps/FirstPersonExampleMap.FirstPersonExampleMap:PersistentLevel.FirstPersonExampleMap'
[2020.02.22-12.22.24:334][444]LogBlueprintUserMessages: [TemplatePickup_2] Hello
[2020.02.22-12.22.25:606][482]LogBlueprintUserMessages: [TemplatePickup_2] Hello
[2020.02.22-12.22.28:928][582]LogBlueprintUserMessages: [TemplatePickup2_2] Hello
[2020.02.22-12.22.29:693][605]LogBlueprintUserMessages: [TemplatePickup2_2] Hello
[2020.02.22-12.22.31:031][645]LogAssetRegistry: Asset discovery search completed in 40.9202 seconds
[2020.02.22-12.22.31:035][645]LogCollectionManager: Fixed up redirectors for 0 collections in 0.000005 seconds (updated 0 objects)
[2020.02.22-12.22.36:648][811]LogBlueprintUserMessages: [Sedan_2] Can enter
[2020.02.22-12.22.37:075][825]LogBlueprintUserMessages: [Sedan_2] You are on board!
[2020.02.22-12.22.37:076][825]LogBlueprintUserMessages: [Sedan_2] Controlling vehicle
[2020.02.22-12.22.41:643][962]LogBlueprintUserMessages: [Sedan_2] Can enter
[2020.02.22-12.22.43:010][  3]LogBlueprintUserMessages: [Sedan_2] Can enter
[2020.02.22-12.22.52:407][285]LogBlueprintUserMessages: [Sedan_2] You are no longer on board!
[2020.02.22-12.22.52:407][285]LogBlueprintUserMessages: [Sedan_2] Controlling player
[2020.02.22-12.22.53:571][320]LogBlueprintUserMessages: [Sedan_2] You are on board!
[2020.02.22-12.22.53:571][320]LogBlueprintUserMessages: [Sedan_2] Controlling vehicle
[2020.02.22-12.22.55:074][365]LogBlueprintUserMessages: [Sedan_2] You are no longer on board!
[2020.02.22-12.22.55:075][365]LogBlueprintUserMessages: [Sedan_2] Controlling player
[2020.02.22-12.22.59:238][490]LogBlueprintUserMessages: [Sedan_2] You are on board!
[2020.02.22-12.22.59:238][490]LogBlueprintUserMessages: [Sedan_2] Controlling vehicle
[2020.02.22-12.23.00:071][515]LogBlueprintUserMessages: [Sedan_2] You are no longer on board!
[2020.02.22-12.23.00:071][515]LogBlueprintUserMessages: [Sedan_2] Controlling player
[2020.02.22-12.23.02:072][575]LogBlueprintUserMessages: [Sedan_2] You are on board!
[2020.02.22-12.23.02:073][575]LogBlueprintUserMessages: [Sedan_2] Controlling vehicle
[2020.02.22-12.23.02:737][595]LogBlueprintUserMessages: [Sedan_2] You are no longer on board!
[2020.02.22-12.23.02:738][595]LogBlueprintUserMessages: [Sedan_2] Controlling player
[2020.02.22-12.23.05:406][675]LogBlueprintUserMessages: [Sedan_2] You are on board!
[2020.02.22-12.23.05:407][675]LogBlueprintUserMessages: [Sedan_2] Controlling vehicle
[2020.02.22-12.23.06:238][700]LogBlueprintUserMessages: [Sedan_2] You are no longer on board!
[2020.02.22-12.23.06:238][700]LogBlueprintUserMessages: [Sedan_2] Controlling player
[2020.02.22-12.23.11:070][845]LogBlueprintUserMessages: [Sedan_2] You are on board!
[2020.02.22-12.23.11:070][845]LogBlueprintUserMessages: [Sedan_2] Controlling vehicle
[2020.02.22-12.23.11:904][870]LogBlueprintUserMessages: [Sedan_2] You are no longer on board!
[2020.02.22-12.23.11:904][870]LogBlueprintUserMessages: [Sedan_2] Controlling player
[2020.02.22-12.23.17:069][ 25]LogBlueprintUserMessages: [Sedan_2] You are on board!
[2020.02.22-12.23.17:070][ 25]LogBlueprintUserMessages: [Sedan_2] Controlling vehicle
[2020.02.22-12.23.19:735][105]LogBlueprintUserMessages: [Sedan_2] You are no longer on board!
[2020.02.22-12.23.19:735][105]LogBlueprintUserMessages: [Sedan_2] Controlling player
[2020.02.22-12.23.27:733][344]LogBlueprintUserMessages: [Sedan_2] Can enter
[2020.02.22-12.23.28:334][362]LogBlueprintUserMessages: [Sedan_2] You are on board!
[2020.02.22-12.23.28:334][362]LogBlueprintUserMessages: [Sedan_2] Controlling vehicle
[2020.02.22-12.23.28:834][377]LogBlueprintUserMessages: [Sedan_2] You are no longer on board!
[2020.02.22-12.23.28:834][377]LogBlueprintUserMessages: [Sedan_2] Controlling player
[2020.02.22-12.23.30:766][435]LogBlueprintUserMessages: [Sedan_2] Can enter
[2020.02.22-12.23.35:899][589]LogBlueprintUserMessages: [Sedan_2] Can enter
[2020.02.22-12.23.37:166][627]LogBlueprintUserMessages: [Sedan_2] You are on board!
[2020.02.22-12.23.37:167][627]LogBlueprintUserMessages: [Sedan_2] Controlling vehicle
[2020.02.22-12.23.38:997][682]LogBlueprintUserMessages: [Sedan_2] You are no longer on board!
[2020.02.22-12.23.38:998][682]LogBlueprintUserMessages: [Sedan_2] Controlling player
[2020.02.22-12.23.42:499][787]LogBlueprintUserMessages: [Sedan_2] You are on board!
[2020.02.22-12.23.42:499][787]LogBlueprintUserMessages: [Sedan_2] Controlling vehicle
[2020.02.22-12.23.43:165][807]LogBlueprintUserMessages: [Sedan_2] You are no longer on board!
[2020.02.22-12.23.43:165][807]LogBlueprintUserMessages: [Sedan_2] Controlling player
[2020.02.22-12.23.43:568][819]LogAudioMixer: Display: No commands were queued while flushing the source manager.
[2020.02.22-12.23.43:569][819]LogAudioMixer: Display: No commands were queued while flushing the source manager.
[2020.02.22-12.23.43:579][819]LogBlueprintUserMessages: Early EndPlayMap Detection: Level '/Game/FirstPersonBP/Maps/FirstPersonExampleMap.FirstPersonExampleMap:PersistentLevel' has LevelScriptBlueprint '/Game/FirstPersonBP/Maps/FirstPersonExampleMap.FirstPersonExampleMap:PersistentLevel.FirstPersonExampleMap' with GeneratedClass '/Game/FirstPersonBP/Maps/FirstPersonExampleMap.FirstPersonExampleMap_C' with ClassGeneratedBy '/Game/FirstPersonBP/Maps/FirstPersonExampleMap.FirstPersonExampleMap:PersistentLevel.FirstPersonExampleMap'
[2020.02.22-12.23.43:617][819]LogSlate: Updating window title bar state: overlay mode, drag disabled, window buttons hidden, title bar hidden
[2020.02.22-12.23.43:617][819]LogWorld: BeginTearingDown for /Game/FirstPersonBP/Maps/UEDPIE_0_FirstPersonExampleMap
[2020.02.22-12.23.43:618][819]LogAudioMixer: Display: No commands were queued while flushing the source manager.
[2020.02.22-12.23.43:618][819]LogWorld: UWorld::CleanupWorld for FirstPersonExampleMap, bSessionEnded=true, bCleanupResources=true
[2020.02.22-12.23.43:629][819]LogSlate: InvalidateAllWidgets triggered.  All widgets were invalidated
[2020.02.22-12.23.43:681][819]LogPlayLevel: Display: Shutting down PIE online subsystems
[2020.02.22-12.23.43:682][819]LogBlueprintUserMessages: Late EndPlayMap Detection: Level '/Game/FirstPersonBP/Maps/FirstPersonExampleMap.FirstPersonExampleMap:PersistentLevel' has LevelScriptBlueprint '/Game/FirstPersonBP/Maps/FirstPersonExampleMap.FirstPersonExampleMap:PersistentLevel.FirstPersonExampleMap' with GeneratedClass '/Game/FirstPersonBP/Maps/FirstPersonExampleMap.FirstPersonExampleMap_C' with ClassGeneratedBy '/Game/FirstPersonBP/Maps/FirstPersonExampleMap.FirstPersonExampleMap:PersistentLevel.FirstPersonExampleMap'
[2020.02.22-12.23.43:696][819]LogSlate: InvalidateAllWidgets triggered.  All widgets were invalidated
[2020.02.22-12.23.43:782][819]LogAudioMixer: Display: No commands were queued while flushing the source manager.
[2020.02.22-12.23.43:791][819]LogSlate: Updating window title bar state: overlay mode, drag disabled, window buttons hidden, title bar hidden
[2020.02.22-12.23.43:796][819]LogUObjectHash: Compacting FUObjectHashTables data took   2.75ms
[2020.02.22-12.23.43:815][820]LogPlayLevel: Display: Destroying online subsystem :Context_4
[2020.02.22-12.23.52:415][141]LogSlate: Took 0.000515 seconds to synchronously load lazily loaded font '../../../Engine/Content/Slate/Fonts/Roboto-Light.ttf' (167K)
[2020.02.22-12.23.52:529][141]LogAssetEditorSubsystem: Opening Asset editor for Blueprint /Game/Vehicle/Vehicle.Vehicle
[2020.02.22-12.23.53:097][141]LogContentBrowser: Native class hierarchy updated for 'BlueprintGraph' in 0.0015 seconds. Added 121 classes and 0 folders.
[2020.02.22-12.23.55:609][141]LogSlate: Took 0.000559 seconds to synchronously load lazily loaded font '../../../Engine/Content/Slate/Fonts/Roboto-BoldCondensed.ttf' (158K)
[2020.02.22-12.23.56:350][142]LogSlate: Took 0.031849 seconds to synchronously load lazily loaded font '../../../Engine/Content/Slate/Fonts/Roboto-Italic.ttf' (157K)
[2020.02.22-12.24.38:362][  1]LogSlate: Window 'Vehicle' being destroyed
[2020.02.22-12.24.38:385][  1]LogSlate: Window 'Vehicle' being destroyed
[2020.02.22-12.24.38:444][  1]LogWorld: UWorld::CleanupWorld for World_3, bSessionEnded=true, bCleanupResources=true
[2020.02.22-12.24.38:444][  1]LogSlate: InvalidateAllWidgets triggered.  All widgets were invalidated
[2020.02.22-12.24.54:492][628]LogAssetEditorSubsystem: Opening Asset editor for Blueprint /Game/VehicleBP/Sedan/Sedan.Sedan
[2020.02.22-12.28.31:781][ 82]Cmd: OBJ SAVEPACKAGE PACKAGE="/Game/VehicleBP/Sedan/Sedan" FILE="../../../../../Temp/survival-craft/One_Man_Land/Content/VehicleBP/Sedan/Sedan.uasset" SILENT=true
[2020.02.22-12.28.32:159][ 82]LogSavePackage: Moving '../../../../../Temp/survival-craft/One_Man_Land/Saved/Sedan699629404B38F95ABD53C3A4A27B0C12.tmp' to '../../../../../Temp/survival-craft/One_Man_Land/Content/VehicleBP/Sedan/Sedan.uasset'
[2020.02.22-12.28.32:223][ 82]AssetCheck: New page: Asset Save: Sedan
[2020.02.22-12.28.32:223][ 82]LogContentValidation: Display: Validating Blueprint /Game/VehicleBP/Sedan/Sedan.Sedan
[2020.02.22-12.28.32:965][106]BlueprintLog: New page: Compile Sedan
[2020.02.22-12.28.33:717][106]LogUObjectHash: Compacting FUObjectHashTables data took   3.44ms
[2020.02.22-12.28.39:697][297]LogTemp: Repeating last play command: Selected Viewport
[2020.02.22-12.28.39:727][297]LogBlueprintUserMessages: Early PlayInEditor Detection: Level '/Game/FirstPersonBP/Maps/FirstPersonExampleMap.FirstPersonExampleMap:PersistentLevel' has LevelScriptBlueprint '/Game/FirstPersonBP/Maps/FirstPersonExampleMap.FirstPersonExampleMap:PersistentLevel.FirstPersonExampleMap' with GeneratedClass '/Game/FirstPersonBP/Maps/FirstPersonExampleMap.FirstPersonExampleMap_C' with ClassGeneratedBy '/Game/FirstPersonBP/Maps/FirstPersonExampleMap.FirstPersonExampleMap:PersistentLevel.FirstPersonExampleMap'
[2020.02.22-12.28.39:727][297]LogPlayLevel: PlayLevel: No blueprints needed recompiling
[2020.02.22-12.28.39:727][297]PIE: New page: PIE session: FirstPersonExampleMap (22 de febr. 2020, 14:28:39)
[2020.02.22-12.28.39:728][297]LogPlayLevel: Creating play world package: /Game/FirstPersonBP/Maps/UEDPIE_0_FirstPersonExampleMap
[2020.02.22-12.28.39:752][297]LogPlayLevel: PIE: StaticDuplicateObject took: (0.023479s)
[2020.02.22-12.28.39:754][297]LogAIModule: Creating AISystem for world FirstPersonExampleMap
[2020.02.22-12.28.39:754][297]LogPlayLevel: PIE: World Init took: (0.002009s)
[2020.02.22-12.28.39:755][297]LogPlayLevel: PIE: Created PIE world by copying editor world from /Game/FirstPersonBP/Maps/FirstPersonExampleMap.FirstPersonExampleMap to /Game/FirstPersonBP/Maps/UEDPIE_0_FirstPersonExampleMap.FirstPersonExampleMap (0.025867s)
[2020.02.22-12.28.39:863][297]LogUObjectHash: Compacting FUObjectHashTables data took   3.53ms
[2020.02.22-12.28.39:899][297]LogAudioMixer: Display: Audio Mixer Platform Settings:
[2020.02.22-12.28.39:899][297]LogAudioMixer: Display: 	Sample Rate:						  48000
[2020.02.22-12.28.39:899][297]LogAudioMixer: Display: 	Callback Buffer Frame Size Requested: 1024
[2020.02.22-12.28.39:899][297]LogAudioMixer: Display: 	Callback Buffer Frame Size To Use:	  1024
[2020.02.22-12.28.39:899][297]LogAudioMixer: Display: 	Number of buffers to queue:			  2
[2020.02.22-12.28.39:899][297]LogAudioMixer: Display: 	Max Channels (voices):				  32
[2020.02.22-12.28.39:899][297]LogAudioMixer: Display: 	Number of Async Source Workers:		  0
[2020.02.22-12.28.39:899][297]LogAudio: Display: AudioDevice MaxSources: 32
[2020.02.22-12.28.39:900][297]LogAudio: Display: Using built-in audio occlusion.
[2020.02.22-12.28.39:900][297]LogAudioMixer: Display: Initializing audio mixer.
[2020.02.22-12.28.39:910][297]LogAudioMixer: Display: Audio Device Output Speaker Info:
[2020.02.22-12.28.39:910][297]LogAudioMixer: Display: Name: Speakers (Realtek(R) Audio)
[2020.02.22-12.28.39:910][297]LogAudioMixer: Display: Is Default: Yes
[2020.02.22-12.28.39:910][297]LogAudioMixer: Display: Sample Rate: 48000
[2020.02.22-12.28.39:910][297]LogAudioMixer: Display: Channel Count Used: 8
[2020.02.22-12.28.39:910][297]LogAudioMixer: Display: Device Channel Count: 8
[2020.02.22-12.28.39:910][297]LogAudioMixer: Display: Channel Order:
[2020.02.22-12.28.39:910][297]LogAudioMixer: Display: 0: FrontLeft
[2020.02.22-12.28.39:910][297]LogAudioMixer: Display: 1: FrontRight
[2020.02.22-12.28.39:910][297]LogAudioMixer: Display: 2: FrontCenter
[2020.02.22-12.28.39:910][297]LogAudioMixer: Display: 3: LowFrequency
[2020.02.22-12.28.39:910][297]LogAudioMixer: Display: 4: BackLeft
[2020.02.22-12.28.39:910][297]LogAudioMixer: Display: 5: BackRight
[2020.02.22-12.28.39:910][297]LogAudioMixer: Display: 6: SideLeft
[2020.02.22-12.28.39:910][297]LogAudioMixer: Display: 7: SideRight
[2020.02.22-12.28.40:006][297]LogAudioMixer: Display: Using Audio Device Speakers (Realtek(R) Audio)
[2020.02.22-12.28.40:008][297]LogInit: FAudioDevice initialized.
[2020.02.22-12.28.40:021][297]LogLoad: Game class is 'FirstPersonGameMode_C'
[2020.02.22-12.28.40:028][297]LogWorld: Bringing World /Game/FirstPersonBP/Maps/UEDPIE_0_FirstPersonExampleMap.FirstPersonExampleMap up for play (max tick rate 0) at 2020.02.22-13.28.40
[2020.02.22-12.28.40:030][297]LogWorld: Bringing up level for play took: 0.007674
[2020.02.22-12.28.40:030][297]LogOnline: OSS: Creating online subsystem instance for: :Context_9
[2020.02.22-12.28.40:043][297]PIE: Play in editor start time for /Game/FirstPersonBP/Maps/UEDPIE_0_FirstPersonExampleMap 0,865
[2020.02.22-12.28.40:043][297]LogBlueprintUserMessages: Late PlayInEditor Detection: Level '/Game/FirstPersonBP/Maps/FirstPersonExampleMap.FirstPersonExampleMap:PersistentLevel' has LevelScriptBlueprint '/Game/FirstPersonBP/Maps/FirstPersonExampleMap.FirstPersonExampleMap:PersistentLevel.FirstPersonExampleMap' with GeneratedClass '/Game/FirstPersonBP/Maps/FirstPersonExampleMap.FirstPersonExampleMap_C' with ClassGeneratedBy '/Game/FirstPersonBP/Maps/FirstPersonExampleMap.FirstPersonExampleMap:PersistentLevel.FirstPersonExampleMap'
[2020.02.22-12.28.42:048][362]LogBlueprintUserMessages: [Sedan_2] Can enter
[2020.02.22-12.28.42:717][382]LogBlueprintUserMessages: [Sedan_2] You are on board!
[2020.02.22-12.28.42:717][382]LogBlueprintUserMessages: [Sedan_2] Controlling vehicle
[2020.02.22-12.28.47:048][512]LogBlueprintUserMessages: [Sedan_2] You are no longer on board!
[2020.02.22-12.28.47:049][512]LogBlueprintUserMessages: [Sedan_2] Controlling player
[2020.02.22-12.28.50:581][618]LogBlueprintUserMessages: [TemplatePickup2_2] Hello
[2020.02.22-12.28.50:915][628]LogBlueprintUserMessages: [Sedan_2] Can enter
[2020.02.22-12.28.51:180][636]LogBlueprintUserMessages: [TemplatePickup2_2] Hello
[2020.02.22-12.28.52:215][667]LogBlueprintUserMessages: [Sedan_2] You are on board!
[2020.02.22-12.28.52:215][667]LogBlueprintUserMessages: [Sedan_2] Controlling vehicle
[2020.02.22-12.28.55:548][767]LogBlueprintUserMessages: [Sedan_2] You are no longer on board!
[2020.02.22-12.28.55:548][767]LogBlueprintUserMessages: [Sedan_2] Controlling player
[2020.02.22-12.28.56:752][803]LogBlueprintUserMessages: [Sedan_2] Can enter
[2020.02.22-12.29.05:381][ 62]LogBlueprintUserMessages: [TemplatePickup2_2] Hello
[2020.02.22-12.29.06:712][102]LogBlueprintUserMessages: [TemplatePickup2_2] Hello
[2020.02.22-12.29.06:811][105]LogBlueprintUserMessages: [Sedan_2] Can enter
[2020.02.22-12.29.07:714][132]LogBlueprintUserMessages: [Sedan_2] You are on board!
[2020.02.22-12.29.07:714][132]LogBlueprintUserMessages: [Sedan_2] Controlling vehicle
[2020.02.22-12.29.08:545][157]LogBlueprintUserMessages: [Sedan_2] You are no longer on board!
[2020.02.22-12.29.08:545][157]LogBlueprintUserMessages: [Sedan_2] Controlling player
[2020.02.22-12.29.20:845][525]LogBlueprintUserMessages: [TemplatePickup2_2] Hello
[2020.02.22-12.29.22:210][566]LogBlueprintUserMessages: [TemplatePickup2_2] Hello
[2020.02.22-12.29.22:514][575]LogAudioMixer: Display: No commands were queued while flushing the source manager.
[2020.02.22-12.29.22:514][575]LogAudioMixer: Display: No commands were queued while flushing the source manager.
[2020.02.22-12.29.22:514][575]LogBlueprintUserMessages: Early EndPlayMap Detection: Level '/Game/FirstPersonBP/Maps/FirstPersonExampleMap.FirstPersonExampleMap:PersistentLevel' has LevelScriptBlueprint '/Game/FirstPersonBP/Maps/FirstPersonExampleMap.FirstPersonExampleMap:PersistentLevel.FirstPersonExampleMap' with GeneratedClass '/Game/FirstPersonBP/Maps/FirstPersonExampleMap.FirstPersonExampleMap_C' with ClassGeneratedBy '/Game/FirstPersonBP/Maps/FirstPersonExampleMap.FirstPersonExampleMap:PersistentLevel.FirstPersonExampleMap'
[2020.02.22-12.29.22:514][575]LogSlate: Updating window title bar state: overlay mode, drag disabled, window buttons hidden, title bar hidden
[2020.02.22-12.29.22:514][575]LogWorld: BeginTearingDown for /Game/FirstPersonBP/Maps/UEDPIE_0_FirstPersonExampleMap
[2020.02.22-12.29.22:514][575]LogAudioMixer: Display: No commands were queued while flushing the source manager.
[2020.02.22-12.29.22:515][575]LogWorld: UWorld::CleanupWorld for FirstPersonExampleMap, bSessionEnded=true, bCleanupResources=true
[2020.02.22-12.29.22:516][575]LogSlate: InvalidateAllWidgets triggered.  All widgets were invalidated
[2020.02.22-12.29.22:582][575]LogPlayLevel: Display: Shutting down PIE online subsystems
[2020.02.22-12.29.22:583][575]LogBlueprintUserMessages: Late EndPlayMap Detection: Level '/Game/FirstPersonBP/Maps/FirstPersonExampleMap.FirstPersonExampleMap:PersistentLevel' has LevelScriptBlueprint '/Game/FirstPersonBP/Maps/FirstPersonExampleMap.FirstPersonExampleMap:PersistentLevel.FirstPersonExampleMap' with GeneratedClass '/Game/FirstPersonBP/Maps/FirstPersonExampleMap.FirstPersonExampleMap_C' with ClassGeneratedBy '/Game/FirstPersonBP/Maps/FirstPersonExampleMap.FirstPersonExampleMap:PersistentLevel.FirstPersonExampleMap'
[2020.02.22-12.29.22:595][575]LogSlate: InvalidateAllWidgets triggered.  All widgets were invalidated
[2020.02.22-12.29.22:686][575]LogAudioMixer: Display: No commands were queued while flushing the source manager.
[2020.02.22-12.29.22:695][575]LogSlate: Updating window title bar state: overlay mode, drag disabled, window buttons hidden, title bar hidden
[2020.02.22-12.29.22:700][575]LogUObjectHash: Compacting FUObjectHashTables data took   3.88ms
[2020.02.22-12.29.22:722][576]LogPlayLevel: Display: Destroying online subsystem :Context_9
[2020.02.22-12.29.25:378][617]Cmd: TRANSACTION UNDO
[2020.02.22-12.29.25:379][617]LogEditorTransaction: Undo Create Pin Link
[2020.02.22-12.29.25:768][618]Cmd: TRANSACTION UNDO
[2020.02.22-12.29.25:768][618]LogEditorTransaction: Undo Delete current selection
[2020.02.22-12.29.28:138][652]BlueprintLog: New page: Compile Sedan
[2020.02.22-12.29.28:404][652]LogUObjectHash: Compacting FUObjectHashTables data took   3.52ms
[2020.02.22-12.33.27:866][950]BlueprintLog: New page: Compile Sedan
[2020.02.22-12.33.28:156][950]LogBlueprint: Warning: [Compiler Sedan] Cast To SceneComponent  was pruned because its Exec pin is not connected, the connected value is not available and will instead be read as default
[2020.02.22-12.33.28:453][950]LogUObjectHash: Compacting FUObjectHashTables data took   3.65ms
[2020.02.22-12.33.50:213][435]BlueprintLog: New page: Compile Sedan
[2020.02.22-12.33.50:289][435]LogBlueprint: Warning: [Compiler Sedan] 'Scene Component' does not inherit from 'Character' ( Cast To SceneComponent  would always fail).
[2020.02.22-12.33.50:555][435]LogUObjectHash: Compacting FUObjectHashTables data took   3.41ms
[2020.02.22-12.33.51:712][457]BlueprintLog: New page: Compile Sedan
[2020.02.22-12.33.51:720][457]LogBlueprint: Warning: [Compiler Sedan] 'Scene Component' does not inherit from 'Character' ( Cast To SceneComponent  would always fail).
[2020.02.22-12.33.51:989][457]LogUObjectHash: Compacting FUObjectHashTables data took   3.50ms
[2020.02.22-12.34.09:463][949]LogEditorTransaction: Undo Create Pin Link
[2020.02.22-12.34.09:783][951]LogEditorTransaction: Undo Create Pin Link
[2020.02.22-12.34.10:113][953]LogEditorTransaction: Undo Move Node
[2020.02.22-12.34.10:392][956]LogEditorTransaction: Undo Create Pin Link
[2020.02.22-12.34.10:710][961]LogEditorTransaction: Undo Move Node
[2020.02.22-12.34.11:028][965]LogEditorTransaction: Undo Move Node
[2020.02.22-12.34.11:266][966]LogEditorTransaction: Undo Create Pin Link
[2020.02.22-12.34.11:627][973]LogEditorTransaction: Undo Move Node
[2020.02.22-12.34.12:309][984]LogEditorTransaction: Undo Add Node
[2020.02.22-12.34.44:800][245]LogUObjectHash: Compacting FUObjectHashTables data took   5.27ms
[2020.02.22-12.34.45:480][245]LogSavePackage: Moving '../../../../../Temp/survival-craft/One_Man_Land/Saved/FirstPersonExampleMap_Auto1E082762B43911174AD81258EF4FC603B.tmp' to '../../../../../Temp/survival-craft/One_Man_Land/Saved/Autosaves/Game/FirstPersonBP/Maps/FirstPersonExampleMap_Auto1.umap'
[2020.02.22-12.34.45:488][245]LogFileHelpers: Editor autosave (incl. sublevels) for '/Game/FirstPersonBP/Maps/FirstPersonExampleMap' took 0.803
[2020.02.22-12.34.45:488][245]LogFileHelpers: Editor autosave (incl. sublevels) for all levels took 0.803
[2020.02.22-12.34.45:490][245]OBJ SavePackage: Generating thumbnails for [1] asset(s) in package [/Game/VehicleBP/Sedan/Sedan] ([1] browsable assets)...
[2020.02.22-12.34.45:515][245]OBJ SavePackage:     Rendered thumbnail for [Blueprint /Game/VehicleBP/Sedan/Sedan.Sedan]
[2020.02.22-12.34.45:515][245]OBJ SavePackage: Finished generating thumbnails for package [/Game/VehicleBP/Sedan/Sedan]
[2020.02.22-12.34.45:515][245]Cmd: OBJ SAVEPACKAGE PACKAGE="/Game/VehicleBP/Sedan/Sedan" FILE="../../../../../Temp/survival-craft/One_Man_Land/Saved/Autosaves/Game/VehicleBP/Sedan/Sedan_Auto1.uasset" SILENT=false AUTOSAVING=true
[2020.02.22-12.34.45:660][245]LogSavePackage: Moving '../../../../../Temp/survival-craft/One_Man_Land/Saved/Sedan_Auto1F45467544DFA02DB0714A4913A7BC9EB.tmp' to '../../../../../Temp/survival-craft/One_Man_Land/Saved/Autosaves/Game/VehicleBP/Sedan/Sedan_Auto1.uasset'
[2020.02.22-12.34.45:661][245]LogFileHelpers: Auto-saving content packages took 0.172
[2020.02.22-12.35.09:951][397]LogD3D11RHI: Error: SwapChain->ResizeBuffers(0, SizeX, SizeY, RenderTargetFormat, D3D11GetSwapChainFlags()) failed 
 at D:/Build/++UE4/Sync/Engine/Source/Runtime/Windows/D3D11RHI/Private/D3D11Viewport.cpp:273 
 with error DXGI_ERROR_DEVICE_REMOVED, 
 Size=512x256 Format=DXGI_FORMAT_R10G10B10A2_UNORM(0x00000018)
[2020.02.22-12.35.09:951][397]LogD3D11RHI: [Aftermath] GDynamicRHI=000001CE1E5380C0, GDX11NVAfterMathEnabled=0, Result=0xFFFFFFFF, bDeviceActive=0
[2020.02.22-12.35.09:951][397]LogOutputDevice: Warning: 

Script Stack (0 frames):

[2020.02.22-12.35.09:959][397]LogWindows: Windows GetLastError: La operación se completó correctamente. (0)
[2020.02.22-12.35.20:596][397]LogWindows: Error: === Critical error: ===
[2020.02.22-12.35.20:596][397]LogWindows: Error: 
[2020.02.22-12.35.20:596][397]LogWindows: Error: Fatal error: [File:D:/Build/++UE4/Sync/Engine/Source/Runtime/Windows/D3D11RHI/Private/D3D11Util.cpp] [Line: 198] 
[2020.02.22-12.35.20:596][397]LogWindows: Error: Unreal Engine is exiting due to D3D device being lost. (Error: 0x887A0005 - 'REMOVED')
[2020.02.22-12.35.20:596][397]LogWindows: Error: 
[2020.02.22-12.35.20:596][397]LogWindows: Error: 
[2020.02.22-12.35.20:596][397]LogWindows: Error: Unhandled Exception: 0x00008000
[2020.02.22-12.35.20:596][397]LogWindows: Error: 
[2020.02.22-12.35.20:596][397]LogWindows: Error: [Callstack] 0x00007ffc4320a839 KERNELBASE.dll!UnknownFunction []
[2020.02.22-12.35.20:596][397]LogWindows: Error: [Callstack] 0x00007ffbdb4ec356 UE4Editor-Core.dll!UnknownFunction []
[2020.02.22-12.35.20:597][397]LogWindows: Error: [Callstack] 0x00007ffbdb4ede41 UE4Editor-Core.dll!UnknownFunction []
[2020.02.22-12.35.20:597][397]LogWindows: Error: [Callstack] 0x00007ffbdb2a2c7d UE4Editor-Core.dll!UnknownFunction []
[2020.02.22-12.35.20:597][397]LogWindows: Error: [Callstack] 0x00007ffbcb8b13c9 UE4Editor-D3D11RHI.dll!UnknownFunction []
[2020.02.22-12.35.20:597][397]LogWindows: Error: [Callstack] 0x00007ffbcb8b5743 UE4Editor-D3D11RHI.dll!UnknownFunction []
[2020.02.22-12.35.20:597][397]LogWindows: Error: [Callstack] 0x00007ffbcb8ac88c UE4Editor-D3D11RHI.dll!UnknownFunction []
[2020.02.22-12.35.20:597][397]LogWindows: Error: [Callstack] 0x00007ffbcb8a562c UE4Editor-D3D11RHI.dll!UnknownFunction []
[2020.02.22-12.35.20:597][397]LogWindows: Error: [Callstack] 0x00007ffbcb5f2d4a UE4Editor-SlateRHIRenderer.dll!UnknownFunction []
[2020.02.22-12.35.20:597][397]LogWindows: Error: [Callstack] 0x00007ffbcb608862 UE4Editor-SlateRHIRenderer.dll!UnknownFunction []
[2020.02.22-12.35.20:597][397]LogWindows: Error: [Callstack] 0x00007ffbdab2f666 UE4Editor-Slate.dll!UnknownFunction []
[2020.02.22-12.35.20:597][397]LogWindows: Error: [Callstack] 0x00007ffbdab53de2 UE4Editor-Slate.dll!UnknownFunction []
[2020.02.22-12.35.20:597][397]LogWindows: Error: [Callstack] 0x00007ffbdab53316 UE4Editor-Slate.dll!UnknownFunction []
[2020.02.22-12.35.20:597][397]LogWindows: Error: [Callstack] 0x00007ff77822901f UE4Editor.exe!UnknownFunction []
[2020.02.22-12.35.20:597][397]LogWindows: Error: [Callstack] 0x00007ff77823c3ec UE4Editor.exe!UnknownFunction []
[2020.02.22-12.35.20:597][397]LogWindows: Error: [Callstack] 0x00007ff77823c4ca UE4Editor.exe!UnknownFunction []
[2020.02.22-12.35.20:598][397]LogWindows: Error: [Callstack] 0x00007ff77824ceae UE4Editor.exe!UnknownFunction []
[2020.02.22-12.35.20:598][397]LogWindows: Error: [Callstack] 0x00007ff77824fcbe UE4Editor.exe!UnknownFunction []
[2020.02.22-12.35.20:598][397]LogWindows: Error: [Callstack] 0x00007ffc43bc7bd4 KERNEL32.DLL!UnknownFunction []
[2020.02.22-12.35.20:598][397]LogWindows: Error: [Callstack] 0x00007ffc4548ced1 ntdll.dll!UnknownFunction []
[2020.02.22-12.35.20:598][397]LogWindows: Error: 
[2020.02.22-12.35.20:668][397]LogExit: Executing StaticShutdownAfterError
[2020.02.22-12.35.20:956][397]LogWindows: FPlatformMisc::RequestExit(1)
[2020.02.22-12.35.20:957][397]LogCore: Engine exit requested (reason: Win RequestExit)
[2020.02.22-12.35.20:991][397]Log file closed, 02/22/20 13:35:20
