Log file open, 02/20/20 10:24:25
LogWindows: Failed to load 'aqProf.dll' (GetLastError=126)
LogWindows: File 'aqProf.dll' does not exist
LogWindows: Failed to load 'VtuneApi.dll' (GetLastError=126)
LogWindows: File 'VtuneApi.dll' does not exist
LogWindows: Failed to load 'VtuneApi32e.dll' (GetLastError=126)
LogWindows: File 'VtuneApi32e.dll' does not exist
LogConsoleResponse: Display: Failed to find resolution value strings in scalability ini. Falling back to default.
LogInit: Display: Running engine for game: One_Man_Land
LogPlatformFile: Not using cached read wrapper
LogTaskGraph: Started task graph with 5 named threads and 14 total threads with 3 sets of task threads.
LogStats: Stats thread started at 0.194785
LogD3D11RHI: Loaded GFSDK_Aftermath_Lib.x64.dll
LogICUInternationalization: ICU TimeZone Detection - Raw Offset: +1:00, Platform Override: ''
LogPluginManager: Mounting plugin Paper2D
LogPluginManager: Mounting plugin AISupport
LogPluginManager: Mounting plugin LightPropagationVolume
LogPluginManager: Mounting plugin ActorLayerUtilities
LogPluginManager: Mounting plugin AnimationSharing
LogPluginManager: Mounting plugin CLionSourceCodeAccess
LogPluginManager: Mounting plugin CodeLiteSourceCodeAccess
LogPluginManager: Mounting plugin GitSourceControl
LogPluginManager: Mounting plugin KDevelopSourceCodeAccess
LogPluginManager: Mounting plugin NullSourceCodeAccess
LogPluginManager: Mounting plugin PerforceSourceControl
LogPluginManager: Mounting plugin PlasticSourceControl
LogPluginManager: Mounting plugin SubversionSourceControl
LogPluginManager: Mounting plugin UObjectPlugin
LogPluginManager: Mounting plugin VisualStudioCodeSourceCodeAccess
LogPluginManager: Mounting plugin VisualStudioSourceCodeAccess
LogPluginManager: Mounting plugin XCodeSourceCodeAccess
LogPluginManager: Mounting plugin AssetManagerEditor
LogPluginManager: Mounting plugin CryptoKeys
LogPluginManager: Mounting plugin CurveEditorTools
LogPluginManager: Mounting plugin DataValidation
LogPluginManager: Mounting plugin FacialAnimation
LogPluginManager: Mounting plugin GameplayTagsEditor
LogPluginManager: Mounting plugin MacGraphicsSwitching
LogPluginManager: Mounting plugin MaterialAnalyzer
LogPluginManager: Mounting plugin MobileLauncherProfileWizard
LogPluginManager: Mounting plugin PluginBrowser
LogPluginManager: Mounting plugin SpeedTreeImporter
LogPluginManager: Mounting plugin DatasmithContent
LogPluginManager: Mounting plugin VariantManagerContent
LogPluginManager: Mounting plugin AlembicImporter
LogPluginManager: Mounting plugin AutomationUtils
LogPluginManager: Mounting plugin BackChannel
LogPluginManager: Mounting plugin CharacterAI
LogPluginManager: Mounting plugin GeometryCache
LogPluginManager: Mounting plugin PlatformCrypto
LogPluginManager: Mounting plugin ProxyLODPlugin
LogPluginManager: Mounting plugin SkeletalReduction
LogPluginManager: Mounting plugin MagicLeap
LogPluginManager: Mounting plugin MagicLeapMedia
LogPluginManager: Mounting plugin MLSDK
LogPluginManager: Mounting plugin AndroidMedia
LogPluginManager: Mounting plugin AvfMedia
LogPluginManager: Mounting plugin ImgMedia
LogPluginManager: Mounting plugin MediaCompositing
LogPluginManager: Mounting plugin MediaPlayerEditor
LogPluginManager: Mounting plugin WebMMedia
LogPluginManager: Mounting plugin WmfMedia
LogPluginManager: Mounting plugin TcpMessaging
LogPluginManager: Mounting plugin UdpMessaging
LogPluginManager: Mounting plugin ActorSequence
LogPluginManager: Mounting plugin LevelSequenceEditor
LogPluginManager: Mounting plugin MatineeToLevelSequence
LogPluginManager: Mounting plugin NetcodeUnitTest
LogPluginManager: Mounting plugin NUTUnrealEngine4
LogPluginManager: Mounting plugin OnlineSubsystemGooglePlay
LogPluginManager: Mounting plugin OnlineSubsystemIOS
LogPluginManager: Mounting plugin OnlineSubsystem
LogPluginManager: Mounting plugin OnlineSubsystemNull
LogPluginManager: Mounting plugin OnlineSubsystemUtils
LogPluginManager: Mounting plugin LauncherChunkInstaller
LogPluginManager: Mounting plugin AndroidDeviceProfileSelector
LogPluginManager: Mounting plugin AndroidMoviePlayer
LogPluginManager: Mounting plugin AndroidPermission
LogPluginManager: Mounting plugin AppleImageUtils
LogPluginManager: Mounting plugin AppleMoviePlayer
LogPluginManager: Mounting plugin ArchVisCharacter
LogPluginManager: Mounting plugin AssetTags
LogPluginManager: Mounting plugin AudioCapture
LogPluginManager: Mounting plugin CableComponent
LogPluginManager: Mounting plugin CustomMeshComponent
LogPluginManager: Mounting plugin EditableMesh
LogPluginManager: Mounting plugin ExampleDeviceProfileSelector
LogPluginManager: Mounting plugin GoogleCloudMessaging
LogPluginManager: Mounting plugin IOSDeviceProfileSelector
LogPluginManager: Mounting plugin LinuxDeviceProfileSelector
LogPluginManager: Mounting plugin LocationServicesBPLibrary
LogPluginManager: Mounting plugin MobilePatchingUtils
LogPluginManager: Mounting plugin OculusVR
LogPluginManager: Mounting plugin PhysXVehicles
LogPluginManager: Mounting plugin PostSplashScreen
LogPluginManager: Mounting plugin ProceduralMeshComponent
LogPluginManager: Mounting plugin RuntimePhysXCooking
LogPluginManager: Mounting plugin SignificanceManager
LogPluginManager: Mounting plugin SteamVR
LogPluginManager: Mounting plugin WebMMoviePlayer
LogPluginManager: Mounting plugin WindowsMoviePlayer
LogPluginManager: Mounting plugin ScreenshotTools
LogInit: Using libcurl 7.55.1-DEV
LogInit:  - built for x86_64-pc-win32
LogInit:  - supports SSL with OpenSSL/1.1.1
LogInit:  - supports HTTP deflate (compression) using libz 1.2.8
LogInit:  - other features:
LogInit:      CURL_VERSION_SSL
LogInit:      CURL_VERSION_LIBZ
LogInit:      CURL_VERSION_IPV6
LogInit:      CURL_VERSION_ASYNCHDNS
LogInit:      CURL_VERSION_LARGEFILE
LogInit:      CURL_VERSION_IDN
LogInit:  CurlRequestOptions (configurable via config and command line):
LogInit:  - bVerifyPeer = true  - Libcurl will verify peer certificate
LogInit:  - bUseHttpProxy = false  - Libcurl will NOT use HTTP proxy
LogInit:  - bDontReuseConnections = false  - Libcurl will reuse connections
LogInit:  - MaxHostConnections = 16  - Libcurl will limit the number of connections to a host
LogInit:  - LocalHostAddr = Default
LogInit:  - BufferSize = 65536
LogOnline: OSS: Creating online subsystem instance for: NULL
LogInit: WinSock: version 1.1 (2.2), MaxSocks=32767, MaxUdp=65467
LogOnline: OSS: TryLoadSubsystemAndSetDefault: Loaded subsystem for module [NULL]
LogInit: Build: ++UE4+Release-4.24-CL-10757647
LogInit: Engine Version: 4.24.1-10757647+++UE4+Release-4.24
LogInit: Compatible Engine Version: 4.24.0-10570792+++UE4+Release-4.24
LogInit: Net CL: 10570792
LogInit: OS: Windows 10 (Release 1909) (), CPU: Intel(R) Core(TM) i5-7300HQ CPU @ 2.50GHz, GPU: Intel(R) HD Graphics 630
LogInit: Compiled (64-bit): Dec 17 2019 02:08:03
LogInit: Compiled with Visual C++: 19.16.27032.01
LogInit: Build Configuration: Development
LogInit: Branch Name: ++UE4+Release-4.24
LogInit: Command Line:  -EpicPortal -epicusername="Red Kaiju" -epicuserid=9554acf3361e4de4a62b6eb31064d644 -epiclocale=en
LogInit: Base Directory: C:/Program Files/Epic Games/UE_4.24/Engine/Binaries/Win64/
LogInit: Installed Engine Build: 1
LogDevObjectVersion: Number of dev versions registered: 25
LogDevObjectVersion:   Dev-Blueprints (B0D832E4-1F89-4F0D-ACCF-7EB736FD4AA2): 10
LogDevObjectVersion:   Dev-Build (E1C64328-A22C-4D53-A36C-8E866417BD8C): 0
LogDevObjectVersion:   Dev-Core (375EC13C-06E4-48FB-B500-84F0262A717E): 3
LogDevObjectVersion:   Dev-Editor (E4B068ED-F494-42E9-A231-DA0B2E46BB41): 37
LogDevObjectVersion:   Dev-Framework (CFFC743F-43B0-4480-9391-14DF171D2073): 36
LogDevObjectVersion:   Dev-Mobile (B02B49B5-BB20-44E9-A304-32B752E40360): 2
LogDevObjectVersion:   Dev-Networking (A4E4105C-59A1-49B5-A7C5-40C4547EDFEE): 0
LogDevObjectVersion:   Dev-Online (39C831C9-5AE6-47DC-9A44-9C173E1C8E7C): 0
LogDevObjectVersion:   Dev-Physics (78F01B33-EBEA-4F98-B9B4-84EACCB95AA2): 2
LogDevObjectVersion:   Dev-Platform (6631380F-2D4D-43E0-8009-CF276956A95A): 0
LogDevObjectVersion:   Dev-Rendering (12F88B9F-8875-4AFC-A67C-D90C383ABD29): 36
LogDevObjectVersion:   Dev-Sequencer (7B5AE74C-D270-4C10-A958-57980B212A5A): 11
LogDevObjectVersion:   Dev-VR (D7296918-1DD6-4BDD-9DE2-64A83CC13884): 2
LogDevObjectVersion:   Dev-LoadTimes (C2A15278-BFE7-4AFE-6C17-90FF531DF755): 1
LogDevObjectVersion:   Private-Geometry (6EACA3D4-40EC-4CC1-B786-8BED09428FC5): 3
LogDevObjectVersion:   Dev-AnimPhys (29E575DD-E0A3-4627-9D10-D276232CDCEA): 17
LogDevObjectVersion:   Dev-Anim (AF43A65D-7FD3-4947-9873-3E8ED9C1BB05): 2
LogDevObjectVersion:   Dev-ReflectionCapture (6B266CEC-1EC7-4B8F-A30B-E4D90942FC07): 1
LogDevObjectVersion:   Dev-Automation (0DF73D61-A23F-47EA-B727-89E90C41499A): 1
LogDevObjectVersion:   FortniteMain (601D1886-AC64-4F84-AA16-D3DE0DEAC7D6): 31
LogDevObjectVersion:   Dev-Enterprise (9DFFBCD6-494F-0158-E221-12823C92A888): 8
LogDevObjectVersion:   Dev-Niagara (F2AED0AC-9AFE-416F-8664-AA7FFA26D6FC): 1
LogDevObjectVersion:   Dev-Destruction (174F1F0B-B4C6-45A5-B13F-2EE8D0FB917D): 9
LogDevObjectVersion:   Dev-Physics-Ext (35F94A83-E258-406C-A318-09F59610247C): 8
LogDevObjectVersion:   Dev-CineCamera (B2E18506-4273-CFC2-A54E-F4BB758BBA07): 1
LogInit: Presizing for max 25165824 objects, including 0 objects not considered by GC, pre-allocating 0 bytes for permanent pool.
LogInit: Object subsystem initialized
LogConfig: Setting CVar [[con.DebugEarlyDefault:1]]
LogConfig: Setting CVar [[r.setres:1280x720]]
[2020.02.20-09.24.25:734][  0]LogConfig: Setting CVar [[r.VSync:0]]
[2020.02.20-09.24.25:734][  0]LogConfig: Setting CVar [[r.RHICmdBypass:0]]
[2020.02.20-09.24.25:734][  0]LogConfig: Applying CVar settings from Section [/Script/Engine.RendererSettings] File [C:/Users/roger/Documents/GitHub/survival-craft/One_Man_Land/Saved/Config/Windows/Engine.ini]
[2020.02.20-09.24.25:734][  0]LogConfig: Setting CVar [[r.GPUCrashDebugging:0]]
[2020.02.20-09.24.25:734][  0]LogConfig: Applying CVar settings from Section [/Script/Engine.RendererOverrideSettings] File [C:/Users/roger/Documents/GitHub/survival-craft/One_Man_Land/Saved/Config/Windows/Engine.ini]
[2020.02.20-09.24.25:734][  0]LogConfig: Applying CVar settings from Section [/Script/Engine.StreamingSettings] File [C:/Users/roger/Documents/GitHub/survival-craft/One_Man_Land/Saved/Config/Windows/Engine.ini]
[2020.02.20-09.24.25:734][  0]LogConfig: Setting CVar [[s.MinBulkDataSizeForAsyncLoading:131072]]
[2020.02.20-09.24.25:734][  0]LogConfig: Setting CVar [[s.AsyncLoadingThreadEnabled:0]]
[2020.02.20-09.24.25:734][  0]LogConfig: Setting CVar [[s.EventDrivenLoaderEnabled:1]]
[2020.02.20-09.24.25:734][  0]LogConfig: Setting CVar [[s.WarnIfTimeLimitExceeded:0]]
[2020.02.20-09.24.25:734][  0]LogConfig: Setting CVar [[s.TimeLimitExceededMultiplier:1.5]]
[2020.02.20-09.24.25:734][  0]LogConfig: Setting CVar [[s.TimeLimitExceededMinTime:0.005]]
[2020.02.20-09.24.25:734][  0]LogConfig: Setting CVar [[s.UseBackgroundLevelStreaming:1]]
[2020.02.20-09.24.25:734][  0]LogConfig: Setting CVar [[s.PriorityAsyncLoadingExtraTime:15.0]]
[2020.02.20-09.24.25:735][  0]LogConfig: Setting CVar [[s.LevelStreamingActorsUpdateTimeLimit:5.0]]
[2020.02.20-09.24.25:735][  0]LogConfig: Setting CVar [[s.PriorityLevelStreamingActorsUpdateExtraTime:5.0]]
[2020.02.20-09.24.25:735][  0]LogConfig: Setting CVar [[s.LevelStreamingComponentsRegistrationGranularity:10]]
[2020.02.20-09.24.25:735][  0]LogConfig: Setting CVar [[s.UnregisterComponentsTimeLimit:1.0]]
[2020.02.20-09.24.25:735][  0]LogConfig: Setting CVar [[s.LevelStreamingComponentsUnregistrationGranularity:5]]
[2020.02.20-09.24.25:735][  0]LogConfig: Setting CVar [[s.FlushStreamingOnExit:1]]
[2020.02.20-09.24.25:735][  0]LogConfig: Applying CVar settings from Section [/Script/Engine.GarbageCollectionSettings] File [C:/Users/roger/Documents/GitHub/survival-craft/One_Man_Land/Saved/Config/Windows/Engine.ini]
[2020.02.20-09.24.25:735][  0]LogConfig: Setting CVar [[gc.MaxObjectsNotConsideredByGC:1]]
[2020.02.20-09.24.25:735][  0]LogConfig: Setting CVar [[gc.SizeOfPermanentObjectPool:0]]
[2020.02.20-09.24.25:735][  0]LogConfig: Setting CVar [[gc.FlushStreamingOnGC:0]]
[2020.02.20-09.24.25:735][  0]LogConfig: Setting CVar [[gc.NumRetriesBeforeForcingGC:10]]
[2020.02.20-09.24.25:735][  0]LogConfig: Setting CVar [[gc.AllowParallelGC:1]]
[2020.02.20-09.24.25:735][  0]LogConfig: Setting CVar [[gc.TimeBetweenPurgingPendingKillObjects:61.1]]
[2020.02.20-09.24.25:735][  0]LogConfig: Setting CVar [[gc.MaxObjectsInEditor:25165824]]
[2020.02.20-09.24.25:735][  0]LogConfig: Setting CVar [[gc.IncrementalBeginDestroyEnabled:1]]
[2020.02.20-09.24.25:735][  0]LogConfig: Setting CVar [[gc.CreateGCClusters:1]]
[2020.02.20-09.24.25:735][  0]LogConfig: Setting CVar [[gc.MinGCClusterSize:5]]
[2020.02.20-09.24.25:735][  0]LogConfig: Setting CVar [[gc.ActorClusteringEnabled:0]]
[2020.02.20-09.24.25:735][  0]LogConfig: Setting CVar [[gc.BlueprintClusteringEnabled:0]]
[2020.02.20-09.24.25:735][  0]LogConfig: Setting CVar [[gc.UseDisregardForGCOnDedicatedServers:0]]
[2020.02.20-09.24.25:735][  0]LogConfig: Applying CVar settings from Section [/Script/Engine.NetworkSettings] File [C:/Users/roger/Documents/GitHub/survival-craft/One_Man_Land/Saved/Config/Windows/Engine.ini]
[2020.02.20-09.24.25:735][  0]LogConfig: Applying CVar settings from Section [/Script/UnrealEd.CookerSettings] File [C:/Users/roger/Documents/GitHub/survival-craft/One_Man_Land/Saved/Config/Windows/Engine.ini]
[2020.02.20-09.24.25:738][  0]LogConfig: Applying CVar settings from Section [ViewDistanceQuality@3] File [C:/Users/roger/Documents/GitHub/survival-craft/One_Man_Land/Saved/Config/Windows/Scalability.ini]
[2020.02.20-09.24.25:738][  0]LogConfig: Setting CVar [[r.SkeletalMeshLODBias:0]]
[2020.02.20-09.24.25:738][  0]LogConfig: Setting CVar [[r.ViewDistanceScale:1.0]]
[2020.02.20-09.24.25:738][  0]LogConfig: Applying CVar settings from Section [AntiAliasingQuality@3] File [C:/Users/roger/Documents/GitHub/survival-craft/One_Man_Land/Saved/Config/Windows/Scalability.ini]
[2020.02.20-09.24.25:738][  0]LogConfig: Setting CVar [[r.PostProcessAAQuality:4]]
[2020.02.20-09.24.25:738][  0]LogConfig: Applying CVar settings from Section [ShadowQuality@3] File [C:/Users/roger/Documents/GitHub/survival-craft/One_Man_Land/Saved/Config/Windows/Scalability.ini]
[2020.02.20-09.24.25:738][  0]LogConfig: Setting CVar [[r.LightFunctionQuality:1]]
[2020.02.20-09.24.25:738][  0]LogConfig: Setting CVar [[r.ShadowQuality:5]]
[2020.02.20-09.24.25:738][  0]LogConfig: Setting CVar [[r.Shadow.CSM.MaxCascades:10]]
[2020.02.20-09.24.25:738][  0]LogConfig: Setting CVar [[r.Shadow.MaxResolution:2048]]
[2020.02.20-09.24.25:738][  0]LogConfig: Setting CVar [[r.Shadow.MaxCSMResolution:2048]]
[2020.02.20-09.24.25:738][  0]LogConfig: Setting CVar [[r.Shadow.RadiusThreshold:0.01]]
[2020.02.20-09.24.25:738][  0]LogConfig: Setting CVar [[r.Shadow.DistanceScale:1.0]]
[2020.02.20-09.24.25:738][  0]LogConfig: Setting CVar [[r.Shadow.CSM.TransitionScale:1.0]]
[2020.02.20-09.24.25:738][  0]LogConfig: Setting CVar [[r.Shadow.PreShadowResolutionFactor:1.0]]
[2020.02.20-09.24.25:738][  0]LogConfig: Setting CVar [[r.DistanceFieldShadowing:1]]
[2020.02.20-09.24.25:738][  0]LogConfig: Setting CVar [[r.DistanceFieldAO:1]]
[2020.02.20-09.24.25:738][  0]LogConfig: Setting CVar [[r.AOQuality:2]]
[2020.02.20-09.24.25:738][  0]LogConfig: Setting CVar [[r.VolumetricFog:1]]
[2020.02.20-09.24.25:738][  0]LogConfig: Setting CVar [[r.VolumetricFog.GridPixelSize:8]]
[2020.02.20-09.24.25:738][  0]LogConfig: Setting CVar [[r.VolumetricFog.GridSizeZ:128]]
[2020.02.20-09.24.25:738][  0]LogConfig: Setting CVar [[r.VolumetricFog.HistoryMissSupersampleCount:4]]
[2020.02.20-09.24.25:738][  0]LogConfig: Setting CVar [[r.LightMaxDrawDistanceScale:1]]
[2020.02.20-09.24.25:738][  0]LogConfig: Setting CVar [[r.CapsuleShadows:1]]
[2020.02.20-09.24.25:738][  0]LogConfig: Applying CVar settings from Section [PostProcessQuality@3] File [C:/Users/roger/Documents/GitHub/survival-craft/One_Man_Land/Saved/Config/Windows/Scalability.ini]
[2020.02.20-09.24.25:738][  0]LogConfig: Setting CVar [[r.MotionBlurQuality:4]]
[2020.02.20-09.24.25:738][  0]LogConfig: Setting CVar [[r.AmbientOcclusionMipLevelFactor:0.4]]
[2020.02.20-09.24.25:738][  0]LogConfig: Setting CVar [[r.AmbientOcclusionMaxQuality:100]]
[2020.02.20-09.24.25:738][  0]LogConfig: Setting CVar [[r.AmbientOcclusionLevels:-1]]
[2020.02.20-09.24.25:738][  0]LogConfig: Setting CVar [[r.AmbientOcclusionRadiusScale:1.0]]
[2020.02.20-09.24.25:738][  0]LogConfig: Setting CVar [[r.DepthOfFieldQuality:2]]
[2020.02.20-09.24.25:738][  0]LogConfig: Setting CVar [[r.RenderTargetPoolMin:400]]
[2020.02.20-09.24.25:738][  0]LogConfig: Setting CVar [[r.LensFlareQuality:2]]
[2020.02.20-09.24.25:738][  0]LogConfig: Setting CVar [[r.SceneColorFringeQuality:1]]
[2020.02.20-09.24.25:738][  0]LogConfig: Setting CVar [[r.EyeAdaptationQuality:2]]
[2020.02.20-09.24.25:738][  0]LogConfig: Setting CVar [[r.BloomQuality:5]]
[2020.02.20-09.24.25:738][  0]LogConfig: Setting CVar [[r.FastBlurThreshold:100]]
[2020.02.20-09.24.25:738][  0]LogConfig: Setting CVar [[r.Upscale.Quality:3]]
[2020.02.20-09.24.25:738][  0]LogConfig: Setting CVar [[r.Tonemapper.GrainQuantization:1]]
[2020.02.20-09.24.25:738][  0]LogConfig: Setting CVar [[r.LightShaftQuality:1]]
[2020.02.20-09.24.25:738][  0]LogConfig: Setting CVar [[r.Filter.SizeScale:1]]
[2020.02.20-09.24.25:738][  0]LogConfig: Setting CVar [[r.Tonemapper.Quality:5]]
[2020.02.20-09.24.25:738][  0]LogConfig: Setting CVar [[r.DOF.Gather.AccumulatorQuality:1        ; higher gathering accumulator quality]]
[2020.02.20-09.24.25:739][  0]LogConfig: Setting CVar [[r.DOF.Gather.PostfilterMethod:1          ; Median3x3 postfilering method]]
[2020.02.20-09.24.25:739][  0]LogConfig: Setting CVar [[r.DOF.Gather.EnableBokehSettings:0       ; no bokeh simulation when gathering]]
[2020.02.20-09.24.25:739][  0]LogConfig: Setting CVar [[r.DOF.Gather.RingCount:4                 ; medium number of samples when gathering]]
[2020.02.20-09.24.25:739][  0]LogConfig: Setting CVar [[r.DOF.Scatter.ForegroundCompositing:1    ; additive foreground scattering]]
[2020.02.20-09.24.25:739][  0]LogConfig: Setting CVar [[r.DOF.Scatter.BackgroundCompositing:2    ; additive background scattering]]
[2020.02.20-09.24.25:739][  0]LogConfig: Setting CVar [[r.DOF.Scatter.EnableBokehSettings:1      ; bokeh simulation when scattering]]
[2020.02.20-09.24.25:739][  0]LogConfig: Setting CVar [[r.DOF.Scatter.MaxSpriteRatio:0.1         ; only a maximum of 10% of scattered bokeh]]
[2020.02.20-09.24.25:739][  0]LogConfig: Setting CVar [[r.DOF.Recombine.Quality:1                ; cheap slight out of focus]]
[2020.02.20-09.24.25:739][  0]LogConfig: Setting CVar [[r.DOF.Recombine.EnableBokehSettings:0    ; no bokeh simulation on slight out of focus]]
[2020.02.20-09.24.25:739][  0]LogConfig: Setting CVar [[r.DOF.TemporalAAQuality:1                ; more stable temporal accumulation]]
[2020.02.20-09.24.25:739][  0]LogConfig: Setting CVar [[r.DOF.Kernel.MaxForegroundRadius:0.025]]
[2020.02.20-09.24.25:739][  0]LogConfig: Setting CVar [[r.DOF.Kernel.MaxBackgroundRadius:0.025]]
[2020.02.20-09.24.25:739][  0]LogConfig: Applying CVar settings from Section [TextureQuality@3] File [C:/Users/roger/Documents/GitHub/survival-craft/One_Man_Land/Saved/Config/Windows/Scalability.ini]
[2020.02.20-09.24.25:739][  0]LogConfig: Setting CVar [[r.Streaming.MipBias:0]]
[2020.02.20-09.24.25:739][  0]LogConfig: Setting CVar [[r.Streaming.AmortizeCPUToGPUCopy:0]]
[2020.02.20-09.24.25:739][  0]LogConfig: Setting CVar [[r.Streaming.MaxNumTexturesToStreamPerFrame:0]]
[2020.02.20-09.24.25:739][  0]LogConfig: Setting CVar [[r.Streaming.Boost:1]]
[2020.02.20-09.24.25:739][  0]LogConfig: Setting CVar [[r.MaxAnisotropy:8]]
[2020.02.20-09.24.25:739][  0]LogConfig: Setting CVar [[r.VT.MaxAnisotropy:8]]
[2020.02.20-09.24.25:739][  0]LogConfig: Setting CVar [[r.Streaming.LimitPoolSizeToVRAM:0]]
[2020.02.20-09.24.25:739][  0]LogConfig: Setting CVar [[r.Streaming.PoolSize:1000]]
[2020.02.20-09.24.25:739][  0]LogConfig: Setting CVar [[r.Streaming.MaxEffectiveScreenSize:0]]
[2020.02.20-09.24.25:739][  0]LogConfig: Applying CVar settings from Section [EffectsQuality@3] File [C:/Users/roger/Documents/GitHub/survival-craft/One_Man_Land/Saved/Config/Windows/Scalability.ini]
[2020.02.20-09.24.25:739][  0]LogConfig: Setting CVar [[r.TranslucencyLightingVolumeDim:64]]
[2020.02.20-09.24.25:739][  0]LogConfig: Setting CVar [[r.RefractionQuality:2]]
[2020.02.20-09.24.25:739][  0]LogConfig: Setting CVar [[r.SSR.Quality:3]]
[2020.02.20-09.24.25:739][  0]LogConfig: Setting CVar [[r.SSR.HalfResSceneColor:0]]
[2020.02.20-09.24.25:739][  0]LogConfig: Setting CVar [[r.SceneColorFormat:4]]
[2020.02.20-09.24.25:739][  0]LogConfig: Setting CVar [[r.DetailMode:2]]
[2020.02.20-09.24.25:739][  0]LogConfig: Setting CVar [[r.TranslucencyVolumeBlur:1]]
[2020.02.20-09.24.25:739][  0]LogConfig: Setting CVar [[r.MaterialQualityLevel:1 ; High quality]]
[2020.02.20-09.24.25:739][  0]LogConfig: Setting CVar [[r.SSS.Scale:1]]
[2020.02.20-09.24.25:739][  0]LogConfig: Setting CVar [[r.SSS.SampleSet:2]]
[2020.02.20-09.24.25:739][  0]LogConfig: Setting CVar [[r.SSS.Quality:1]]
[2020.02.20-09.24.25:739][  0]LogConfig: Setting CVar [[r.SSS.HalfRes:1]]
[2020.02.20-09.24.25:739][  0]LogConfig: Setting CVar [[r.SSGI.Quality:3]]
[2020.02.20-09.24.25:739][  0]LogConfig: Setting CVar [[r.EmitterSpawnRateScale:1.0]]
[2020.02.20-09.24.25:739][  0]LogConfig: Setting CVar [[r.ParticleLightQuality:2]]
[2020.02.20-09.24.25:739][  0]LogConfig: Setting CVar [[r.SkyAtmosphere.AerialPerspectiveLUT.FastApplyOnOpaque:1 ; Always have FastSkyLUT 1 in this case to avoid wrong sky]]
[2020.02.20-09.24.25:739][  0]LogConfig: Setting CVar [[r.SkyAtmosphere.AerialPerspectiveLUT.SampleCountPerSlice:1]]
[2020.02.20-09.24.25:739][  0]LogConfig: Setting CVar [[r.SkyAtmosphere.AerialPerspectiveLUT.DepthResolution:16.0]]
[2020.02.20-09.24.25:739][  0]LogConfig: Setting CVar [[r.SkyAtmosphere.FastSkyLUT:1]]
[2020.02.20-09.24.25:739][  0]LogConfig: Setting CVar [[r.SkyAtmosphere.FastSkyLUT.SampleCountMin:4.0]]
[2020.02.20-09.24.25:739][  0]LogConfig: Setting CVar [[r.SkyAtmosphere.FastSkyLUT.SampleCountMax:32.0]]
[2020.02.20-09.24.25:739][  0]LogConfig: Setting CVar [[r.SkyAtmosphere.SampleCountMin:4.0]]
[2020.02.20-09.24.25:739][  0]LogConfig: Setting CVar [[r.SkyAtmosphere.SampleCountMax:32.0]]
[2020.02.20-09.24.25:739][  0]LogConfig: Setting CVar [[r.SkyAtmosphere.TransmittanceLUT.UseSmallFormat:0]]
[2020.02.20-09.24.25:739][  0]LogConfig: Setting CVar [[r.SkyAtmosphere.TransmittanceLUT.SampleCount:10.0]]
[2020.02.20-09.24.25:739][  0]LogConfig: Setting CVar [[r.SkyAtmosphere.MultiScatteringLUT.SampleCount:15.0]]
[2020.02.20-09.24.25:739][  0]LogConfig: Applying CVar settings from Section [FoliageQuality@3] File [C:/Users/roger/Documents/GitHub/survival-craft/One_Man_Land/Saved/Config/Windows/Scalability.ini]
[2020.02.20-09.24.25:739][  0]LogConfig: Setting CVar [[foliage.DensityScale:1.0]]
[2020.02.20-09.24.25:739][  0]LogConfig: Setting CVar [[grass.DensityScale:1.0]]
[2020.02.20-09.24.25:739][  0]LogConfig: Applying CVar settings from Section [ShadingQuality@3] File [C:/Users/roger/Documents/GitHub/survival-craft/One_Man_Land/Saved/Config/Windows/Scalability.ini]
[2020.02.20-09.24.25:739][  0]LogConfig: Setting CVar [[r.HairStrands.SkyLighting.SampleCount:16]]
[2020.02.20-09.24.25:739][  0]LogConfig: Setting CVar [[r.HairStrands.SkyLighting.JitterIntegration:0]]
[2020.02.20-09.24.25:740][  0]LogConfig: Setting CVar [[r.HairStrands.SkyAO.SampleCount:16]]
[2020.02.20-09.24.25:740][  0]LogInit: Selected Device Profile: [Windows]
[2020.02.20-09.24.25:740][  0]LogInit: Applying CVar settings loaded from the selected device profile: [Windows]
[2020.02.20-09.24.25:743][  0]LogHAL: Display: Platform has ~ 8 GB [8506994688 / 8589934592 / 8], which maps to Default [LargestMinGB=32, LargerMinGB=12, DefaultMinGB=8, SmallerMinGB=6, SmallestMinGB=0)
[2020.02.20-09.24.25:743][  0]LogInit: Going up to parent DeviceProfile []
[2020.02.20-09.24.25:743][  0]LogConfig: Applying CVar settings from Section [ViewDistanceQuality@3] File [C:/Users/roger/Documents/GitHub/survival-craft/One_Man_Land/Saved/Config/Windows/Scalability.ini]
[2020.02.20-09.24.25:743][  0]LogConfig: Setting CVar [[r.SkeletalMeshLODBias:0]]
[2020.02.20-09.24.25:743][  0]LogConfig: Setting CVar [[r.ViewDistanceScale:1.0]]
[2020.02.20-09.24.25:743][  0]LogConfig: Applying CVar settings from Section [AntiAliasingQuality@3] File [C:/Users/roger/Documents/GitHub/survival-craft/One_Man_Land/Saved/Config/Windows/Scalability.ini]
[2020.02.20-09.24.25:743][  0]LogConfig: Setting CVar [[r.PostProcessAAQuality:4]]
[2020.02.20-09.24.25:743][  0]LogConfig: Applying CVar settings from Section [ShadowQuality@3] File [C:/Users/roger/Documents/GitHub/survival-craft/One_Man_Land/Saved/Config/Windows/Scalability.ini]
[2020.02.20-09.24.25:743][  0]LogConfig: Setting CVar [[r.LightFunctionQuality:1]]
[2020.02.20-09.24.25:743][  0]LogConfig: Setting CVar [[r.ShadowQuality:5]]
[2020.02.20-09.24.25:743][  0]LogConfig: Setting CVar [[r.Shadow.CSM.MaxCascades:10]]
[2020.02.20-09.24.25:743][  0]LogConfig: Setting CVar [[r.Shadow.MaxResolution:2048]]
[2020.02.20-09.24.25:743][  0]LogConfig: Setting CVar [[r.Shadow.MaxCSMResolution:2048]]
[2020.02.20-09.24.25:743][  0]LogConfig: Setting CVar [[r.Shadow.RadiusThreshold:0.01]]
[2020.02.20-09.24.25:743][  0]LogConfig: Setting CVar [[r.Shadow.DistanceScale:1.0]]
[2020.02.20-09.24.25:743][  0]LogConfig: Setting CVar [[r.Shadow.CSM.TransitionScale:1.0]]
[2020.02.20-09.24.25:743][  0]LogConfig: Setting CVar [[r.Shadow.PreShadowResolutionFactor:1.0]]
[2020.02.20-09.24.25:743][  0]LogConfig: Setting CVar [[r.DistanceFieldShadowing:1]]
[2020.02.20-09.24.25:743][  0]LogConfig: Setting CVar [[r.DistanceFieldAO:1]]
[2020.02.20-09.24.25:743][  0]LogConfig: Setting CVar [[r.AOQuality:2]]
[2020.02.20-09.24.25:743][  0]LogConfig: Setting CVar [[r.VolumetricFog:1]]
[2020.02.20-09.24.25:743][  0]LogConfig: Setting CVar [[r.VolumetricFog.GridPixelSize:8]]
[2020.02.20-09.24.25:743][  0]LogConfig: Setting CVar [[r.VolumetricFog.GridSizeZ:128]]
[2020.02.20-09.24.25:743][  0]LogConfig: Setting CVar [[r.VolumetricFog.HistoryMissSupersampleCount:4]]
[2020.02.20-09.24.25:743][  0]LogConfig: Setting CVar [[r.LightMaxDrawDistanceScale:1]]
[2020.02.20-09.24.25:743][  0]LogConfig: Setting CVar [[r.CapsuleShadows:1]]
[2020.02.20-09.24.25:743][  0]LogConfig: Applying CVar settings from Section [PostProcessQuality@3] File [C:/Users/roger/Documents/GitHub/survival-craft/One_Man_Land/Saved/Config/Windows/Scalability.ini]
[2020.02.20-09.24.25:743][  0]LogConfig: Setting CVar [[r.MotionBlurQuality:4]]
[2020.02.20-09.24.25:743][  0]LogConfig: Setting CVar [[r.AmbientOcclusionMipLevelFactor:0.4]]
[2020.02.20-09.24.25:743][  0]LogConfig: Setting CVar [[r.AmbientOcclusionMaxQuality:100]]
[2020.02.20-09.24.25:743][  0]LogConfig: Setting CVar [[r.AmbientOcclusionLevels:-1]]
[2020.02.20-09.24.25:743][  0]LogConfig: Setting CVar [[r.AmbientOcclusionRadiusScale:1.0]]
[2020.02.20-09.24.25:743][  0]LogConfig: Setting CVar [[r.DepthOfFieldQuality:2]]
[2020.02.20-09.24.25:743][  0]LogConfig: Setting CVar [[r.RenderTargetPoolMin:400]]
[2020.02.20-09.24.25:743][  0]LogConfig: Setting CVar [[r.LensFlareQuality:2]]
[2020.02.20-09.24.25:743][  0]LogConfig: Setting CVar [[r.SceneColorFringeQuality:1]]
[2020.02.20-09.24.25:743][  0]LogConfig: Setting CVar [[r.EyeAdaptationQuality:2]]
[2020.02.20-09.24.25:743][  0]LogConfig: Setting CVar [[r.BloomQuality:5]]
[2020.02.20-09.24.25:743][  0]LogConfig: Setting CVar [[r.FastBlurThreshold:100]]
[2020.02.20-09.24.25:743][  0]LogConfig: Setting CVar [[r.Upscale.Quality:3]]
[2020.02.20-09.24.25:743][  0]LogConfig: Setting CVar [[r.Tonemapper.GrainQuantization:1]]
[2020.02.20-09.24.25:743][  0]LogConfig: Setting CVar [[r.LightShaftQuality:1]]
[2020.02.20-09.24.25:743][  0]LogConfig: Setting CVar [[r.Filter.SizeScale:1]]
[2020.02.20-09.24.25:744][  0]LogConfig: Setting CVar [[r.Tonemapper.Quality:5]]
[2020.02.20-09.24.25:744][  0]LogConfig: Setting CVar [[r.DOF.Gather.AccumulatorQuality:1        ; higher gathering accumulator quality]]
[2020.02.20-09.24.25:744][  0]LogConfig: Setting CVar [[r.DOF.Gather.PostfilterMethod:1          ; Median3x3 postfilering method]]
[2020.02.20-09.24.25:744][  0]LogConfig: Setting CVar [[r.DOF.Gather.EnableBokehSettings:0       ; no bokeh simulation when gathering]]
[2020.02.20-09.24.25:744][  0]LogConfig: Setting CVar [[r.DOF.Gather.RingCount:4                 ; medium number of samples when gathering]]
[2020.02.20-09.24.25:744][  0]LogConfig: Setting CVar [[r.DOF.Scatter.ForegroundCompositing:1    ; additive foreground scattering]]
[2020.02.20-09.24.25:744][  0]LogConfig: Setting CVar [[r.DOF.Scatter.BackgroundCompositing:2    ; additive background scattering]]
[2020.02.20-09.24.25:744][  0]LogConfig: Setting CVar [[r.DOF.Scatter.EnableBokehSettings:1      ; bokeh simulation when scattering]]
[2020.02.20-09.24.25:744][  0]LogConfig: Setting CVar [[r.DOF.Scatter.MaxSpriteRatio:0.1         ; only a maximum of 10% of scattered bokeh]]
[2020.02.20-09.24.25:744][  0]LogConfig: Setting CVar [[r.DOF.Recombine.Quality:1                ; cheap slight out of focus]]
[2020.02.20-09.24.25:744][  0]LogConfig: Setting CVar [[r.DOF.Recombine.EnableBokehSettings:0    ; no bokeh simulation on slight out of focus]]
[2020.02.20-09.24.25:744][  0]LogConfig: Setting CVar [[r.DOF.TemporalAAQuality:1                ; more stable temporal accumulation]]
[2020.02.20-09.24.25:744][  0]LogConfig: Setting CVar [[r.DOF.Kernel.MaxForegroundRadius:0.025]]
[2020.02.20-09.24.25:744][  0]LogConfig: Setting CVar [[r.DOF.Kernel.MaxBackgroundRadius:0.025]]
[2020.02.20-09.24.25:744][  0]LogConfig: Applying CVar settings from Section [TextureQuality@3] File [C:/Users/roger/Documents/GitHub/survival-craft/One_Man_Land/Saved/Config/Windows/Scalability.ini]
[2020.02.20-09.24.25:744][  0]LogConfig: Setting CVar [[r.Streaming.MipBias:0]]
[2020.02.20-09.24.25:744][  0]LogConfig: Setting CVar [[r.Streaming.AmortizeCPUToGPUCopy:0]]
[2020.02.20-09.24.25:744][  0]LogConfig: Setting CVar [[r.Streaming.MaxNumTexturesToStreamPerFrame:0]]
[2020.02.20-09.24.25:744][  0]LogConfig: Setting CVar [[r.Streaming.Boost:1]]
[2020.02.20-09.24.25:744][  0]LogConfig: Setting CVar [[r.MaxAnisotropy:8]]
[2020.02.20-09.24.25:744][  0]LogConfig: Setting CVar [[r.VT.MaxAnisotropy:8]]
[2020.02.20-09.24.25:744][  0]LogConfig: Setting CVar [[r.Streaming.LimitPoolSizeToVRAM:0]]
[2020.02.20-09.24.25:744][  0]LogConfig: Setting CVar [[r.Streaming.PoolSize:1000]]
[2020.02.20-09.24.25:744][  0]LogConfig: Setting CVar [[r.Streaming.MaxEffectiveScreenSize:0]]
[2020.02.20-09.24.25:744][  0]LogConfig: Applying CVar settings from Section [EffectsQuality@3] File [C:/Users/roger/Documents/GitHub/survival-craft/One_Man_Land/Saved/Config/Windows/Scalability.ini]
[2020.02.20-09.24.25:744][  0]LogConfig: Setting CVar [[r.TranslucencyLightingVolumeDim:64]]
[2020.02.20-09.24.25:744][  0]LogConfig: Setting CVar [[r.RefractionQuality:2]]
[2020.02.20-09.24.25:744][  0]LogConfig: Setting CVar [[r.SSR.Quality:3]]
[2020.02.20-09.24.25:744][  0]LogConfig: Setting CVar [[r.SSR.HalfResSceneColor:0]]
[2020.02.20-09.24.25:744][  0]LogConfig: Setting CVar [[r.SceneColorFormat:4]]
[2020.02.20-09.24.25:744][  0]LogConfig: Setting CVar [[r.DetailMode:2]]
[2020.02.20-09.24.25:744][  0]LogConfig: Setting CVar [[r.TranslucencyVolumeBlur:1]]
[2020.02.20-09.24.25:744][  0]LogConfig: Setting CVar [[r.MaterialQualityLevel:1 ; High quality]]
[2020.02.20-09.24.25:744][  0]LogConfig: Setting CVar [[r.SSS.Scale:1]]
[2020.02.20-09.24.25:744][  0]LogConfig: Setting CVar [[r.SSS.SampleSet:2]]
[2020.02.20-09.24.25:744][  0]LogConfig: Setting CVar [[r.SSS.Quality:1]]
[2020.02.20-09.24.25:744][  0]LogConfig: Setting CVar [[r.SSS.HalfRes:1]]
[2020.02.20-09.24.25:744][  0]LogConfig: Setting CVar [[r.SSGI.Quality:3]]
[2020.02.20-09.24.25:744][  0]LogConfig: Setting CVar [[r.EmitterSpawnRateScale:1.0]]
[2020.02.20-09.24.25:744][  0]LogConfig: Setting CVar [[r.ParticleLightQuality:2]]
[2020.02.20-09.24.25:744][  0]LogConfig: Setting CVar [[r.SkyAtmosphere.AerialPerspectiveLUT.FastApplyOnOpaque:1 ; Always have FastSkyLUT 1 in this case to avoid wrong sky]]
[2020.02.20-09.24.25:744][  0]LogConfig: Setting CVar [[r.SkyAtmosphere.AerialPerspectiveLUT.SampleCountPerSlice:1]]
[2020.02.20-09.24.25:744][  0]LogConfig: Setting CVar [[r.SkyAtmosphere.AerialPerspectiveLUT.DepthResolution:16.0]]
[2020.02.20-09.24.25:744][  0]LogConfig: Setting CVar [[r.SkyAtmosphere.FastSkyLUT:1]]
[2020.02.20-09.24.25:744][  0]LogConfig: Setting CVar [[r.SkyAtmosphere.FastSkyLUT.SampleCountMin:4.0]]
[2020.02.20-09.24.25:744][  0]LogConfig: Setting CVar [[r.SkyAtmosphere.FastSkyLUT.SampleCountMax:32.0]]
[2020.02.20-09.24.25:744][  0]LogConfig: Setting CVar [[r.SkyAtmosphere.SampleCountMin:4.0]]
[2020.02.20-09.24.25:744][  0]LogConfig: Setting CVar [[r.SkyAtmosphere.SampleCountMax:32.0]]
[2020.02.20-09.24.25:744][  0]LogConfig: Setting CVar [[r.SkyAtmosphere.TransmittanceLUT.UseSmallFormat:0]]
[2020.02.20-09.24.25:744][  0]LogConfig: Setting CVar [[r.SkyAtmosphere.TransmittanceLUT.SampleCount:10.0]]
[2020.02.20-09.24.25:744][  0]LogConfig: Setting CVar [[r.SkyAtmosphere.MultiScatteringLUT.SampleCount:15.0]]
[2020.02.20-09.24.25:744][  0]LogConfig: Applying CVar settings from Section [FoliageQuality@3] File [C:/Users/roger/Documents/GitHub/survival-craft/One_Man_Land/Saved/Config/Windows/Scalability.ini]
[2020.02.20-09.24.25:744][  0]LogConfig: Setting CVar [[foliage.DensityScale:1.0]]
[2020.02.20-09.24.25:744][  0]LogConfig: Setting CVar [[grass.DensityScale:1.0]]
[2020.02.20-09.24.25:744][  0]LogConfig: Applying CVar settings from Section [ShadingQuality@3] File [C:/Users/roger/Documents/GitHub/survival-craft/One_Man_Land/Saved/Config/Windows/Scalability.ini]
[2020.02.20-09.24.25:744][  0]LogConfig: Setting CVar [[r.HairStrands.SkyLighting.SampleCount:16]]
[2020.02.20-09.24.25:744][  0]LogConfig: Setting CVar [[r.HairStrands.SkyLighting.JitterIntegration:0]]
[2020.02.20-09.24.25:744][  0]LogConfig: Setting CVar [[r.HairStrands.SkyAO.SampleCount:16]]
[2020.02.20-09.24.25:744][  0]LogConfig: Applying CVar settings from Section [Startup] File [../../../Engine/Config/ConsoleVariables.ini]
[2020.02.20-09.24.25:745][  0]LogConfig: Setting CVar [[net.UseAdaptiveNetUpdateFrequency:0]]
[2020.02.20-09.24.25:745][  0]LogConfig: Setting CVar [[p.chaos.AllowCreatePhysxBodies:1]]
[2020.02.20-09.24.25:745][  0]LogConfig: Applying CVar settings from Section [ConsoleVariables] File [C:/Users/roger/Documents/GitHub/survival-craft/One_Man_Land/Saved/Config/Windows/Engine.ini]
[2020.02.20-09.24.25:745][  0]LogInit: Computer: DESKTOP-EMFF6OQ
[2020.02.20-09.24.25:745][  0]LogInit: User: roger
[2020.02.20-09.24.25:745][  0]LogInit: CPU Page size=4096, Cores=4
[2020.02.20-09.24.25:745][  0]LogInit: High frequency timer resolution =10.000000 MHz
[2020.02.20-09.24.25:745][  0]LogMemory: Memory total: Physical=7.9GB (8GB approx)
[2020.02.20-09.24.25:745][  0]LogMemory: Platform Memory Stats for Windows
[2020.02.20-09.24.25:745][  0]LogMemory: Process Physical Memory: 105.09 MB used, 105.09 MB peak
[2020.02.20-09.24.25:745][  0]LogMemory: Process Virtual Memory: 100.24 MB used, 100.24 MB peak
[2020.02.20-09.24.25:745][  0]LogMemory: Physical Memory: 5128.91 MB used,  2984.00 MB free, 8112.90 MB total
[2020.02.20-09.24.25:745][  0]LogMemory: Virtual Memory: 5086.73 MB used,  134212640.00 MB free, 134217728.00 MB total
[2020.02.20-09.24.25:748][  0]LogWindows: WindowsPlatformFeatures enabled
[2020.02.20-09.24.25:772][  0]LogInit: Using OS detected language (en-GB).
[2020.02.20-09.24.25:772][  0]LogInit: Using OS detected locale (en-GB).
[2020.02.20-09.24.25:774][  0]LogTextLocalizationManager: No specific localization for 'en-GB' exists, so the 'en' localization will be used.
[2020.02.20-09.24.26:015][  0]LogInit: Setting process to per monitor DPI aware
[2020.02.20-09.24.27:155][  0]LogSlate: New Slate User Created.  User Index 0, Is Virtual User: 0
[2020.02.20-09.24.27:155][  0]LogSlate: Slate User Registered.  User Index 0, Is Virtual User: 0
[2020.02.20-09.24.29:096][  0]LogHMD: Failed to initialize OpenVR with code 110
[2020.02.20-09.24.29:096][  0]LogD3D11RHI: D3D11 min allowed feature level: 11_0
[2020.02.20-09.24.29:096][  0]LogD3D11RHI: D3D11 max allowed feature level: 11_0
[2020.02.20-09.24.29:096][  0]LogD3D11RHI: D3D11 adapters:
[2020.02.20-09.24.29:213][  0]LogD3D11RHI:    0. 'NVIDIA GeForce GTX 1050 Ti' (Feature Level 11_0)
[2020.02.20-09.24.29:213][  0]LogD3D11RHI:       4021/0/4056 MB DedicatedVideo/DedicatedSystem/SharedSystem, Outputs:1, VendorId:0x10de
[2020.02.20-09.24.29:226][  0]LogD3D11RHI:    1. 'Intel(R) HD Graphics 630' (Feature Level 11_0)
[2020.02.20-09.24.29:226][  0]LogD3D11RHI:       128/0/4056 MB DedicatedVideo/DedicatedSystem/SharedSystem, Outputs:0, VendorId:0x8086
[2020.02.20-09.24.29:229][  0]LogD3D11RHI:    2. 'Microsoft Basic Render Driver' (Feature Level 11_0)
[2020.02.20-09.24.29:229][  0]LogD3D11RHI:       0/0/4056 MB DedicatedVideo/DedicatedSystem/SharedSystem, Outputs:0, VendorId:0x1414
[2020.02.20-09.24.29:229][  0]LogD3D11RHI: Chosen D3D11 Adapter: 0
[2020.02.20-09.24.29:288][  0]LogD3D11RHI: Creating new Direct3DDevice
[2020.02.20-09.24.29:288][  0]LogD3D11RHI:     GPU DeviceId: 0x1c8c (for the marketing name, search the web for "GPU Device Id")
[2020.02.20-09.24.29:288][  0]LogWindows: EnumDisplayDevices:
[2020.02.20-09.24.29:289][  0]LogWindows:    0. 'Intel(R) HD Graphics 630' (P:1 D:1)
[2020.02.20-09.24.29:289][  0]LogWindows:    1. 'Intel(R) HD Graphics 630' (P:0 D:0)
[2020.02.20-09.24.29:290][  0]LogWindows:    2. 'Intel(R) HD Graphics 630' (P:0 D:0)
[2020.02.20-09.24.29:290][  0]LogWindows: DebugString: PrimaryIsNotTheChoosenAdapter PrimaryIsNotTheChoosenAdapter PrimaryIsNotTheChoosenAdapter FoundDriverCount:0 
[2020.02.20-09.24.29:290][  0]LogD3D11RHI:     Adapter Name: NVIDIA GeForce GTX 1050 Ti
[2020.02.20-09.24.29:290][  0]LogD3D11RHI:   Driver Version: Unknown (internal:Unknown, unified:Unknown)
[2020.02.20-09.24.29:290][  0]LogD3D11RHI:      Driver Date: Unknown
[2020.02.20-09.24.29:290][  0]LogRHI: Texture pool is 2814 MB (70% of 4021 MB)
[2020.02.20-09.24.29:349][  0]LogD3D11RHI: RHI has support for 64 bit atomics
[2020.02.20-09.24.29:350][  0]LogD3D11RHI: Async texture creation enabled
[2020.02.20-09.24.29:365][  0]LogD3D11RHI: GPU Timing Frequency: 1000.000000 (Debug: 2 1)
[2020.02.20-09.24.30:390][  0]LogTargetPlatformManager: Display: Loaded TargetPlatform 'AllDesktop'
[2020.02.20-09.24.30:475][  0]LogTargetPlatformManager: Display: Loaded TargetPlatform 'Android'
[2020.02.20-09.24.30:475][  0]LogTargetPlatformManager: Display: Loaded TargetPlatform 'Android_ASTC'
[2020.02.20-09.24.30:475][  0]LogTargetPlatformManager: Display: Loaded TargetPlatform 'Android_ATC'
[2020.02.20-09.24.30:475][  0]LogTargetPlatformManager: Display: Loaded TargetPlatform 'Android_DXT'
[2020.02.20-09.24.30:475][  0]LogTargetPlatformManager: Display: Loaded TargetPlatform 'Android_ETC1'
[2020.02.20-09.24.30:475][  0]LogTargetPlatformManager: Display: Loaded TargetPlatform 'Android_ETC1a'
[2020.02.20-09.24.30:475][  0]LogTargetPlatformManager: Display: Loaded TargetPlatform 'Android_ETC2'
[2020.02.20-09.24.30:475][  0]LogTargetPlatformManager: Display: Loaded TargetPlatform 'Android_PVRTC'
[2020.02.20-09.24.30:475][  0]LogTargetPlatformManager: Display: Loaded TargetPlatform 'AndroidClient'
[2020.02.20-09.24.30:475][  0]LogTargetPlatformManager: Display: Loaded TargetPlatform 'Android_ASTCClient'
[2020.02.20-09.24.30:475][  0]LogTargetPlatformManager: Display: Loaded TargetPlatform 'Android_ATCClient'
[2020.02.20-09.24.30:475][  0]LogTargetPlatformManager: Display: Loaded TargetPlatform 'Android_DXTClient'
[2020.02.20-09.24.30:475][  0]LogTargetPlatformManager: Display: Loaded TargetPlatform 'Android_ETC1Client'
[2020.02.20-09.24.30:475][  0]LogTargetPlatformManager: Display: Loaded TargetPlatform 'Android_ETC1aClient'
[2020.02.20-09.24.30:475][  0]LogTargetPlatformManager: Display: Loaded TargetPlatform 'Android_ETC2Client'
[2020.02.20-09.24.30:475][  0]LogTargetPlatformManager: Display: Loaded TargetPlatform 'Android_PVRTCClient'
[2020.02.20-09.24.30:475][  0]LogTargetPlatformManager: Display: Loaded TargetPlatform 'Android_Multi'
[2020.02.20-09.24.30:475][  0]LogTargetPlatformManager: Display: Loaded TargetPlatform 'Android_MultiClient'
[2020.02.20-09.24.30:567][  0]LogTargetPlatformManager: Display: Loaded TargetPlatform 'IOSClient'
[2020.02.20-09.24.30:567][  0]LogTargetPlatformManager: Display: Loaded TargetPlatform 'IOS'
[2020.02.20-09.24.30:585][  0]LogTargetPlatformManager: Display: Loaded TargetPlatform 'LinuxNoEditor'
[2020.02.20-09.24.30:671][  0]LogTargetPlatformManager: Display: Loaded TargetPlatform 'LinuxClient'
[2020.02.20-09.24.30:687][  0]LogTargetPlatformManager: Display: Loaded TargetPlatform 'LinuxServer'
[2020.02.20-09.24.30:715][  0]LogTargetPlatformManager: Display: Loaded TargetPlatform 'LinuxAArch64NoEditor'
[2020.02.20-09.24.30:735][  0]LogTargetPlatformManager: Display: Loaded TargetPlatform 'LinuxAArch64Client'
[2020.02.20-09.24.30:761][  0]LogTargetPlatformManager: Display: Loaded TargetPlatform 'LinuxAArch64Server'
[2020.02.20-09.24.30:830][  0]LogTargetPlatformManager: Display: Loaded TargetPlatform 'Lumin'
[2020.02.20-09.24.30:830][  0]LogTargetPlatformManager: Display: Loaded TargetPlatform 'LuminClient'
[2020.02.20-09.24.30:900][  0]LogTargetPlatformManager: Display: Loaded TargetPlatform 'TVOSClient'
[2020.02.20-09.24.30:900][  0]LogTargetPlatformManager: Display: Loaded TargetPlatform 'TVOS'
[2020.02.20-09.24.30:944][  0]LogTargetPlatformManager: Display: Loaded TargetPlatform 'WindowsNoEditor'
[2020.02.20-09.24.30:984][  0]LogTargetPlatformManager: Display: Loaded TargetPlatform 'Windows'
[2020.02.20-09.24.31:002][  0]LogTargetPlatformManager: Display: Loaded TargetPlatform 'WindowsClient'
[2020.02.20-09.24.31:029][  0]LogTargetPlatformManager: Display: Loaded TargetPlatform 'WindowsServer'
[2020.02.20-09.24.31:029][  0]LogTargetPlatformManager: Display: Building Assets For Windows
[2020.02.20-09.24.31:093][  0]LogAudioDebug: Display: Lib vorbis DLL was dynamically loaded.
[2020.02.20-09.24.31:447][  0]LogShaderCompilers: Guid format shader working directory is -29 characters bigger than the processId version (../../../../../../Users/roger/Documents/GitHub/survival-craft/One_Man_Land/Intermediate/Shaders/WorkingDirectory/15748/).
[2020.02.20-09.24.31:448][  0]LogShaderCompilers: Cleaned the shader compiler working directory 'C:/Users/roger/AppData/Local/Temp/UnrealShaderWorkingDir/E25707684274F09A67AAE98457D550C4/'.
[2020.02.20-09.24.31:448][  0]LogXGEController: Cannot use XGE Controller as Incredibuild is not installed on this machine.
[2020.02.20-09.24.31:449][  0]LogShaderCompilers: Cannot use XGE Shader Compiler as Incredibuild is not installed on this machine.
[2020.02.20-09.24.31:449][  0]LogShaderCompilers: Display: Using Local Shader Compiler.
[2020.02.20-09.24.33:202][  0]LogDerivedDataCache: Display: Max Cache Size: 512 MB
[2020.02.20-09.24.33:984][  0]LogDerivedDataCache: Loaded boot cache 0.78s 78MB C:/Users/roger/AppData/Local/UnrealEngine/4.24/DerivedDataCache/Boot.ddc.
[2020.02.20-09.24.33:984][  0]LogDerivedDataCache: Display: Loaded Boot cache: C:/Users/roger/AppData/Local/UnrealEngine/4.24/DerivedDataCache/Boot.ddc
[2020.02.20-09.24.33:984][  0]LogDerivedDataCache: FDerivedDataBackendGraph:  Pak pak cache file ../../../../../../Users/roger/Documents/GitHub/survival-craft/One_Man_Land/DerivedDataCache/DDC.ddp not found, will not use a pak cache.
[2020.02.20-09.24.33:984][  0]LogDerivedDataCache: Unable to find inner node Pak for hierarchical cache Hierarchy.
[2020.02.20-09.24.33:985][  0]LogDerivedDataCache: FDerivedDataBackendGraph:  CompressedPak pak cache file ../../../../../../Users/roger/Documents/GitHub/survival-craft/One_Man_Land/DerivedDataCache/Compressed.ddp not found, will not use a pak cache.
[2020.02.20-09.24.33:985][  0]LogDerivedDataCache: Unable to find inner node CompressedPak for hierarchical cache Hierarchy.
[2020.02.20-09.24.33:997][  0]LogDerivedDataCache: Display: Pak cache opened for reading ../../../Engine/DerivedDataCache/Compressed.ddp.
[2020.02.20-09.24.33:997][  0]LogDerivedDataCache: FDerivedDataBackendGraph:  EnterprisePak pak cache file ../../../Enterprise/DerivedDataCache/Compressed.ddp not found, will not use a pak cache.
[2020.02.20-09.24.33:997][  0]LogDerivedDataCache: Unable to find inner node EnterprisePak for hierarchical cache Hierarchy.
[2020.02.20-09.24.33:998][  0]LogDerivedDataCache: Using Local data cache path C:/Users/roger/AppData/Local/UnrealEngine/Common/DerivedDataCache: Writable
[2020.02.20-09.24.33:998][  0]LogDerivedDataCache: Shared data cache path not found in *engine.ini, will not use an Shared cache.
[2020.02.20-09.24.33:998][  0]LogDerivedDataCache: Unable to find inner node Shared for hierarchical cache Hierarchy.
[2020.02.20-09.24.34:028][  0]LogMaterial: Verifying Global Shaders for PCD3D_SM5
[2020.02.20-09.24.34:031][  0]LogSlate: Using FreeType 2.10.0
[2020.02.20-09.24.34:078][  0]LogSlate: SlateFontServices - WITH_FREETYPE: 1, WITH_HARFBUZZ: 1
[2020.02.20-09.24.34:952][  0]LogAssetRegistry: FAssetRegistry took 0.0032 seconds to start up
[2020.02.20-09.24.35:322][  0]LogInit: Selected Device Profile: [Windows]
[2020.02.20-09.24.35:615][  0]LogMeshReduction: Using QuadricMeshReduction for automatic static mesh reduction
[2020.02.20-09.24.35:615][  0]LogMeshReduction: Using SimplygonMeshReduction for automatic skeletal mesh reduction
[2020.02.20-09.24.35:615][  0]LogMeshReduction: Using ProxyLODMeshReduction for automatic mesh merging
[2020.02.20-09.24.35:615][  0]LogMeshReduction: No distributed automatic mesh merging module available
[2020.02.20-09.24.35:615][  0]LogMeshMerging: No distributed automatic mesh merging module available
[2020.02.20-09.24.35:630][  0]LogNetVersion: One_Man_Land 1.0.0, NetCL: 10570792, EngineNetVer: 13, GameNetVer: 0 (Checksum: 3489033838)
[2020.02.20-09.24.39:726][  0]LogPackageLocalizationCache: Processed 10 localized package path(s) for 1 prioritized culture(s) in 0.063603 seconds
[2020.02.20-09.24.39:735][  0]LogUObjectArray: 46750 objects as part of root set at end of initial load.
[2020.02.20-09.24.39:735][  0]LogUObjectAllocator: 8137160 out of 0 bytes used by permanent object pool.
[2020.02.20-09.24.39:735][  0]LogUObjectArray: CloseDisregardForGC: 0/0 objects in disregard for GC pool
[2020.02.20-09.24.41:113][  0]LogTcpMessaging: Initializing TcpMessaging bridge
[2020.02.20-09.24.41:141][  0]LogUdpMessaging: Initializing bridge on interface 0.0.0.0:0 to multicast group 230.0.0.1:6666.
[2020.02.20-09.24.41:541][  0]SourceControl: Source control is disabled
[2020.02.20-09.24.41:541][  0]SourceControl: Source control is disabled
[2020.02.20-09.24.41:565][  0]SourceControl: Source control is disabled
[2020.02.20-09.24.41:588][  0]SourceControl: Source control is disabled
[2020.02.20-09.24.41:614][  0]SourceControl: Source control is disabled
[2020.02.20-09.24.41:656][  0]LogVSAccessor: Display: Unable to create Visual Studio setup instance: 80040154
[2020.02.20-09.24.41:657][  0]LogVSAccessor: Display: Unable to create Visual Studio setup instance: 80040154
[2020.02.20-09.24.42:138][  0]LogAndroidPermission: UAndroidPermissionCallbackProxy::GetInstance
[2020.02.20-09.24.42:255][  0]LogAudioCaptureCore: Display: No Audio Capture implementations found. Audio input will be silent.
[2020.02.20-09.24.42:255][  0]LogAudioCaptureCore: Display: No Audio Capture implementations found. Audio input will be silent.
[2020.02.20-09.24.42:477][  0]LogOcInput: OculusInput pre-init called
[2020.02.20-09.24.42:518][  0]LogWindows: Failed to load 'OVRPlugin.dll' (GetLastError=126)
[2020.02.20-09.24.42:518][  0]LogWindows: File 'OVRPlugin.dll' does not exist
[2020.02.20-09.24.42:682][  0]LogEngine: Initializing Engine...
[2020.02.20-09.24.42:683][  0]LogHMD: Failed to initialize OpenVR with code 110
[2020.02.20-09.24.42:684][  0]LogStats: UGameplayTagsManager::InitializeManager -  0.000 s
[2020.02.20-09.24.43:094][  0]LogInit: Initializing FReadOnlyCVARCache
[2020.02.20-09.24.43:176][  0]LogAIModule: Creating AISystem for world Untitled
[2020.02.20-09.24.43:201][  0]LogAudioMixer: Display: Audio Mixer Platform Settings:
[2020.02.20-09.24.43:201][  0]LogAudioMixer: Display: 	Sample Rate:						  48000
[2020.02.20-09.24.43:201][  0]LogAudioMixer: Display: 	Callback Buffer Frame Size Requested: 1024
[2020.02.20-09.24.43:201][  0]LogAudioMixer: Display: 	Callback Buffer Frame Size To Use:	  1024
[2020.02.20-09.24.43:201][  0]LogAudioMixer: Display: 	Number of buffers to queue:			  2
[2020.02.20-09.24.43:201][  0]LogAudioMixer: Display: 	Max Channels (voices):				  32
[2020.02.20-09.24.43:201][  0]LogAudioMixer: Display: 	Number of Async Source Workers:		  0
[2020.02.20-09.24.43:201][  0]LogAudio: Display: AudioDevice MaxSources: 32
[2020.02.20-09.24.43:201][  0]LogAudio: Display: Using built-in audio occlusion.
[2020.02.20-09.24.43:201][  0]LogAudioMixer: Display: Initializing audio mixer.
[2020.02.20-09.24.43:222][  0]LogAudioMixer: Display: Audio Device Output Speaker Info:
[2020.02.20-09.24.43:222][  0]LogAudioMixer: Display: Name: Speakers (2- Realtek High Definition Audio)
[2020.02.20-09.24.43:222][  0]LogAudioMixer: Display: Is Default: Yes
[2020.02.20-09.24.43:222][  0]LogAudioMixer: Display: Sample Rate: 48000
[2020.02.20-09.24.43:222][  0]LogAudioMixer: Display: Channel Count Used: 2
[2020.02.20-09.24.43:222][  0]LogAudioMixer: Display: Device Channel Count: 2
[2020.02.20-09.24.43:222][  0]LogAudioMixer: Display: Channel Order:
[2020.02.20-09.24.43:223][  0]LogAudioMixer: Display: 0: FrontLeft
[2020.02.20-09.24.43:223][  0]LogAudioMixer: Display: 1: FrontRight
[2020.02.20-09.24.43:302][  0]LogAudioMixer: Display: Using Audio Device Speakers (2- Realtek High Definition Audio)
[2020.02.20-09.24.43:313][  0]LogInit: FAudioDevice initialized.
[2020.02.20-09.24.43:313][  0]LogNetVersion: Set ProjectVersion to 1.0.0.0. Version Checksum will be recalculated on next use.
[2020.02.20-09.24.43:813][  0]LogDerivedDataCache: Saved boot cache 0.50s 78MB C:/Users/roger/AppData/Local/UnrealEngine/4.24/DerivedDataCache/Boot.ddc.
[2020.02.20-09.24.43:813][  0]LogInit: Texture streaming: Enabled
[2020.02.20-09.24.43:888][  0]LogEngineSessionManager: EngineSessionManager initialized
[2020.02.20-09.24.43:888][  0]LogEditorSessionSummary: Verbose: Initializing EditorSessionSummaryWriter for editor session tracking
[2020.02.20-09.24.43:909][  0]LogEditorSessionSummary: EditorSessionSummaryWriter initialized
[2020.02.20-09.24.44:251][  0]LogInit: Transaction tracking system initialized
[2020.02.20-09.24.44:367][  0]BlueprintLog: New page: Editor Load
[2020.02.20-09.24.45:263][  0]LocalizationService: Localization service is disabled
[2020.02.20-09.24.46:234][  0]LogVSAccessor: Display: Unable to create Visual Studio setup instance: 80040154
[2020.02.20-09.24.46:236][  0]LogVSAccessor: Display: Unable to create Visual Studio setup instance: 80040154
[2020.02.20-09.24.46:802][  0]LogFileCache: Scanning file cache for directory 'C:/Users/roger/Documents/GitHub/survival-craft/One_Man_Land/Content/' took 0.01s
[2020.02.20-09.24.46:802][  0]LogCook: Display: Max memory allowance for cook 16384mb min free memory 0mb
[2020.02.20-09.24.46:802][  0]LogCook: Display: Mobile HDR setting 1
[2020.02.20-09.24.48:113][  0]SourceControl: Source control is disabled
[2020.02.20-09.24.48:113][  0]Cmd: MAP LOAD FILE="../../../../../../Users/roger/Documents/GitHub/survival-craft/One_Man_Land/Content/FirstPersonBP/Maps/FirstPersonExampleMap.umap" TEMPLATE=0 SHOWPROGRESS=1 FEATURELEVEL=3
[2020.02.20-09.24.48:114][  0]LightingResults: New page: Lighting Build
[2020.02.20-09.24.48:115][  0]LogWorld: UWorld::CleanupWorld for Untitled, bSessionEnded=true, bCleanupResources=true
[2020.02.20-09.24.48:115][  0]LogSlate: InvalidateAllWidgets triggered.  All widgets were invalidated
[2020.02.20-09.24.48:115][  0]MapCheck: New page: Map Check
[2020.02.20-09.24.48:115][  0]LightingResults: New page: Lighting Build
[2020.02.20-09.24.48:144][  0]LogUObjectHash: Compacting FUObjectHashTables data took   1.86ms
[2020.02.20-09.24.52:775][  0]LogTexture: Display: Building textures: Tronc_color (AutoDXT, 1024X1024)
[2020.02.20-09.24.52:775][  0]LogTexture: Display: Building textures: roca_color (AutoDXT, 2048X2048)
[2020.02.20-09.24.52:775][  0]LogTexture: Display: Building textures: Fulles_color (AutoDXT, 1024X1024)
[2020.02.20-09.24.52:775][  0]LogTexture: Display: Building textures: pineapple (BGRA8, 860X890)
[2020.02.20-09.24.52:775][  0]LogMaterial: Display: Missing cached shader map for material Material__25, compiling. 
[2020.02.20-09.24.53:364][  0]LogShaderCompilers: Display: Worker (1/3): shaders left to compile 29
[2020.02.20-09.24.53:364][  0]LogShaderCompilers: Display: Worker (2/3): shaders left to compile 19
[2020.02.20-09.24.53:364][  0]LogShaderCompilers: Display: Worker (3/3): shaders left to compile 9
[2020.02.20-09.24.53:364][  0]LogStaticMesh: Building static mesh Roca1...
[2020.02.20-09.24.53:579][  0]LogStaticMesh: Built static mesh [0.23s] /Game/Foliage/Roca/Roca1.Roca1
[2020.02.20-09.24.53:683][  0]LogMaterial: Display: Missing cached shader map for material Material__3, compiling. 
[2020.02.20-09.24.54:067][  0]LogStaticMesh: Building static mesh Arbre1...
[2020.02.20-09.24.54:074][  0]LogStaticMesh: Built static mesh [0.01s] /Game/Foliage/Arbre/Arbre1.Arbre1
[2020.02.20-09.24.54:082][  0]LogMaterial: Display: Missing cached shader map for material Material__2, compiling. 
[2020.02.20-09.24.56:251][  0]LogAIModule: Creating AISystem for world FirstPersonExampleMap
[2020.02.20-09.24.57:063][  0]LogEditorServer: Finished looking for orphan Actors (0.000 secs)
[2020.02.20-09.24.57:408][  0]LogUObjectHash: Compacting FUObjectHashTables data took   3.31ms
[2020.02.20-09.24.57:417][  0]Cmd: MAP CHECKDEP NOCLEARLOG
[2020.02.20-09.24.57:418][  0]MapCheck: Map check complete: 0 Error(s), 0 Warning(s), took 0.264ms to complete.
[2020.02.20-09.24.57:418][  0]LogFileHelpers: Loading map 'FirstPersonExampleMap' took 9.304
[2020.02.20-09.24.59:254][  0]LogSlate: Updating window title bar state: overlay mode, drag disabled, window buttons hidden, title bar hidden
[2020.02.20-09.24.59:265][  0]LogSlate: Updating window title bar state: overlay mode, drag disabled, window buttons hidden, title bar hidden
[2020.02.20-09.24.59:275][  0]LogSlate: Updating window title bar state: overlay mode, drag disabled, window buttons hidden, title bar hidden
[2020.02.20-09.24.59:283][  0]LogSlate: Updating window title bar state: overlay mode, drag disabled, window buttons hidden, title bar hidden
[2020.02.20-09.24.59:613][  0]LogCollectionManager: Loaded 0 collections in 0.003253 seconds
[2020.02.20-09.25.00:073][  0]LogFileCache: Scanning file cache for directory 'C:/Users/roger/Documents/GitHub/survival-craft/One_Man_Land/Saved/Collections/' took 0.00s
[2020.02.20-09.25.00:073][  0]LogFileCache: Scanning file cache for directory 'C:/Users/roger/Documents/GitHub/survival-craft/One_Man_Land/Content/Developers/roger/Collections/' took 0.00s
[2020.02.20-09.25.00:073][  0]LogFileCache: Scanning file cache for directory 'C:/Users/roger/Documents/GitHub/survival-craft/One_Man_Land/Content/Collections/' took 0.00s
[2020.02.20-09.25.00:073][  0]LogShaderCompilers: Display: Worker (3/3): shaders left to compile 58
[2020.02.20-09.25.00:073][  0]LogShaderCompilers: Display: Worker (2/3): shaders left to compile 48
[2020.02.20-09.25.00:073][  0]LogContentBrowser: Native class hierarchy populated in 0.0106 seconds. Added 3015 classes and 717 folders.
[2020.02.20-09.25.00:381][  0]LogContentBrowser: Native class hierarchy updated for 'WidgetCarousel' in 0.0005 seconds. Added 0 classes and 0 folders.
[2020.02.20-09.25.02:512][  0]LogShaderCompilers: Display: Worker (1/3): shaders left to compile 38
[2020.02.20-09.25.02:512][  0]LogContentBrowser: Native class hierarchy updated for 'AddContentDialog' in 0.0003 seconds. Added 0 classes and 0 folders.
[2020.02.20-09.25.02:977][  0]LogContentBrowser: Native class hierarchy updated for 'SceneOutliner' in 0.0004 seconds. Added 2 classes and 3 folders.
[2020.02.20-09.25.05:784][  0]LogShaderCompilers: Display: Worker (2/3): shaders left to compile 28
[2020.02.20-09.25.05:784][  0]LogShaderCompilers: Display: Worker (3/3): shaders left to compile 18
[2020.02.20-09.25.05:784][  0]LogShaderCompilers: Display: Worker (1/3): shaders left to compile 11
[2020.02.20-09.25.05:784][  0]LogSlate: Took 0.000274 seconds to synchronously load lazily loaded font '../../../Engine/Content/Slate/Fonts/Roboto-Regular.ttf' (155K)
[2020.02.20-09.25.05:886][  0]LogSlate: Took 0.000811 seconds to synchronously load lazily loaded font '../../../Engine/Content/Slate/Fonts/Roboto-Bold.ttf' (160K)
[2020.02.20-09.25.06:476][  0]LogShaderCompilers: Display: Worker (1/3): shaders left to compile 7
[2020.02.20-09.25.06:476][  0]LogSlate: Took 0.101160 seconds to synchronously load lazily loaded font '../../../Engine/Content/Editor/Slate/Fonts/FontAwesome.ttf' (139K)
[2020.02.20-09.25.06:965][  0]LogRenderer: Reallocating scene render targets to support 964x432 Format 10 NumSamples 1 (Frame:1).
[2020.02.20-09.25.09:009][  0]LogShaderCompilers: Display: Worker (3/3): shaders left to compile 4
[2020.02.20-09.25.09:009][  0]LogShaderCompilers: Display: Worker (1/3): shaders left to compile 2
[2020.02.20-09.25.09:009][  0]LogShaderCompilers: Display: Worker (1/3): shaders left to compile 1
[2020.02.20-09.25.09:023][  0]LogContentBrowser: Native class hierarchy updated for 'HierarchicalLODOutliner' in 0.0003 seconds. Added 0 classes and 0 folders.
[2020.02.20-09.25.09:023][  0]LogLoad: (Engine Initialization) Total time: 46.53 seconds
[2020.02.20-09.25.09:023][  0]LogLoad: (Engine Initialization) Total Blueprint compile time: 0.00 seconds
[2020.02.20-09.25.09:164][  0]LogContentStreaming: Texture pool size now 1000 MB
[2020.02.20-09.25.09:665][  0]LogSlate: Took 0.017007 seconds to synchronously load lazily loaded font '../../../Engine/Content/Slate/Fonts/Roboto-Light.ttf' (167K)
[2020.02.20-09.25.09:679][  1]LogFileCache: Retrieving MD5 hashes for directory 'C:/Users/roger/Documents/GitHub/survival-craft/One_Man_Land/Content/' took 0.61s
[2020.02.20-09.25.09:791][  1]LogAssetRegistry: Asset discovery search completed in 34.8410 seconds
[2020.02.20-09.25.09:795][  1]LogCollectionManager: Fixed up redirectors for 0 collections in 0.000008 seconds (updated 0 objects)
[2020.02.20-09.25.34:264][321]LogSlate: Took 0.000233 seconds to synchronously load lazily loaded font '../../../Engine/Content/Slate/Fonts/Roboto-Light.ttf' (167K)
[2020.02.20-09.25.34:290][321]LogAssetEditorSubsystem: Opening Asset editor for Blueprint /Game/FirstPersonBP/Blueprints/FirstPersonCharacter.FirstPersonCharacter
[2020.02.20-09.25.37:368][321]LogContentBrowser: Native class hierarchy updated for 'BlueprintGraph' in 0.0006 seconds. Added 121 classes and 0 folders.
[2020.02.20-09.25.40:220][321]LogSlate: Took 0.000279 seconds to synchronously load lazily loaded font '../../../Engine/Content/Slate/Fonts/Roboto-BoldCondensed.ttf' (158K)
[2020.02.20-09.25.41:660][322]LogSlate: Took 0.041437 seconds to synchronously load lazily loaded font '../../../Engine/Content/Slate/Fonts/Roboto-Italic.ttf' (157K)
[2020.02.20-09.29.41:929][442]LogLinker: Failed to load '/Game/Destral/Prismatics_HUD': Can't find file.
[2020.02.20-09.29.41:930][442]LogLinker: Failed to load '/Game/Destral/Prismatics_HUD': Can't find file.
[2020.02.20-09.29.49:994][852]BlueprintLog: New page: Compile FirstPersonCharacter
[2020.02.20-09.29.50:111][852]LogBlueprint: Error: [Compiler FirstPersonCharacter] Spawn node  Create Widget  must have a class specified.
[2020.02.20-09.29.50:139][852]LogBlueprint: Error: [Compiler FirstPersonCharacter] In use pin  <Unnamed>  no longer exists on node  Zoom Smooth . Please refresh node or break links to remove pin.
[2020.02.20-09.29.50:139][852]LogBlueprint: Warning: [Compiler FirstPersonCharacter] Could not find a variable named "Zoom" in 'FirstPersonCharacter_C'.
Make sure 'FirstPersonCharacter_C' has been compiled for  Get Zoom
[2020.02.20-09.29.50:140][852]LogBlueprint: Warning: [Compiler FirstPersonCharacter] Could not find a variable named "Zoom" in 'FirstPersonCharacter_C'.
Make sure 'FirstPersonCharacter_C' has been compiled for  Set Zoom
[2020.02.20-09.29.50:140][852]LogBlueprint: Warning: [Compiler FirstPersonCharacter] Could not find a variable named "Prismatics_Activat" in 'FirstPersonCharacter_C'.
Make sure 'FirstPersonCharacter_C' has been compiled for  Set Prismatics_Activat
[2020.02.20-09.29.50:140][852]LogBlueprint: Warning: [Compiler FirstPersonCharacter] Could not find a variable named "Prismatics_Activat" in 'FirstPersonCharacter_C'.
Make sure 'FirstPersonCharacter_C' has been compiled for  Set Prismatics_Activat
[2020.02.20-09.29.50:140][852]LogBlueprint: Warning: [Compiler FirstPersonCharacter] Could not find a variable named "Prismatics_Activat" in 'FirstPersonCharacter_C'.
Make sure 'FirstPersonCharacter_C' has been compiled for  Get Prismatics_Activat
[2020.02.20-09.29.50:141][852]LogBlueprint: Warning: [Compiler FirstPersonCharacter] Could not find a variable named "Zoom" in 'FirstPersonCharacter_C'.
Make sure 'FirstPersonCharacter_C' has been compiled for  Get Zoom
[2020.02.20-09.29.50:142][852]LogBlueprint: Warning: [Compiler FirstPersonCharacter] Input Axis Event references unknown Axis 'ZoomKey' for  InputAxis ZoomKey
[2020.02.20-09.29.50:142][852]LogBlueprint: Warning: [Compiler FirstPersonCharacter] Could not find a variable named "Zoom" in 'FirstPersonCharacter_C'.
Make sure 'FirstPersonCharacter_C' has been compiled for  Set Zoom
[2020.02.20-09.29.50:151][852]LogBlueprint: Error: [Compiler FirstPersonCharacter] Can't connect pins  Target  and  HUD Ref : Widget Object Reference is not compatible with Object Reference.
[2020.02.20-09.29.50:152][852]LogBlueprint: Error: [Compiler FirstPersonCharacter] Can't connect pins  Target  and  HUD Ref : Widget Object Reference is not compatible with Object Reference.
[2020.02.20-09.29.50:152][852]LogBlueprint: Error: [Compiler FirstPersonCharacter] Can't connect pins  HUD Ref  and  Target : Object Reference is not compatible with Widget Object Reference.
[2020.02.20-09.29.50:152][852]LogBlueprint: Warning: [Compiler FirstPersonCharacter] Could not find a variable named "HUD_Ref" in 'FirstPersonCharacter_C'.
Make sure 'FirstPersonCharacter_C' has been compiled for  Get HUD_Ref
[2020.02.20-09.29.50:152][852]LogBlueprint: Warning: [Compiler FirstPersonCharacter] Could not find a variable named "HUD_Ref" in 'FirstPersonCharacter_C'.
Make sure 'FirstPersonCharacter_C' has been compiled for  Set HUD_Ref
[2020.02.20-09.29.50:160][852]LogBlueprint: Error: [Compiler FirstPersonCharacter] The property associated with  HUD Ref  could not be found in '/Game/FirstPersonBP/Blueprints/FirstPersonCharacter.FirstPersonCharacter_C'
[2020.02.20-09.29.50:161][852]LogBlueprint: Error: [Compiler FirstPersonCharacter] The property associated with  Zoom  could not be found in '/Game/FirstPersonBP/Blueprints/FirstPersonCharacter.FirstPersonCharacter_C'
[2020.02.20-09.29.50:161][852]LogBlueprint: Error: [Compiler FirstPersonCharacter] The property associated with  Zoom  could not be found in '/Game/FirstPersonBP/Blueprints/FirstPersonCharacter.FirstPersonCharacter_C'
[2020.02.20-09.29.50:161][852]LogBlueprint: Error: [Compiler FirstPersonCharacter] The property associated with  Prismatics Activat  could not be found in '/Game/FirstPersonBP/Blueprints/FirstPersonCharacter.FirstPersonCharacter_C'
[2020.02.20-09.29.50:161][852]LogBlueprint: Error: [Compiler FirstPersonCharacter] The property associated with  Prismatics Activat  could not be found in '/Game/FirstPersonBP/Blueprints/FirstPersonCharacter.FirstPersonCharacter_C'
[2020.02.20-09.29.50:161][852]LogBlueprint: Error: [Compiler FirstPersonCharacter] The property associated with  Zoom  could not be found in '/Game/FirstPersonBP/Blueprints/FirstPersonCharacter.FirstPersonCharacter_C'
[2020.02.20-09.29.50:161][852]LogBlueprint: Error: [Compiler FirstPersonCharacter] The property associated with  Prismatics Activat  could not be found in '/Game/FirstPersonBP/Blueprints/FirstPersonCharacter.FirstPersonCharacter_C'
[2020.02.20-09.29.50:161][852]LogBlueprint: Error: [Compiler FirstPersonCharacter] The property associated with  Zoom  could not be found in '/Game/FirstPersonBP/Blueprints/FirstPersonCharacter.FirstPersonCharacter_C'
[2020.02.20-09.29.50:924][852]LogUObjectHash: Compacting FUObjectHashTables data took   4.29ms
[2020.02.20-09.31.38:891][509]BlueprintLog: New page: Compile FirstPersonCharacter
[2020.02.20-09.31.38:914][509]LogBlueprint: Error: [Compiler FirstPersonCharacter] Spawn node  Create Widget  must have a class specified.
[2020.02.20-09.31.38:917][509]LogBlueprint: Error: [Compiler FirstPersonCharacter] In use pin  <Unnamed>  no longer exists on node  Zoom Smooth . Please refresh node or break links to remove pin.
[2020.02.20-09.31.38:917][509]LogBlueprint: Warning: [Compiler FirstPersonCharacter] Could not find a variable named "Zoom" in 'FirstPersonCharacter_C'.
Make sure 'FirstPersonCharacter_C' has been compiled for  Get Zoom
[2020.02.20-09.31.38:917][509]LogBlueprint: Warning: [Compiler FirstPersonCharacter] Could not find a variable named "Zoom" in 'FirstPersonCharacter_C'.
Make sure 'FirstPersonCharacter_C' has been compiled for  Set Zoom
[2020.02.20-09.31.38:917][509]LogBlueprint: Warning: [Compiler FirstPersonCharacter] Could not find a variable named "Zoom" in 'FirstPersonCharacter_C'.
Make sure 'FirstPersonCharacter_C' has been compiled for  Get Zoom
[2020.02.20-09.31.38:917][509]LogBlueprint: Warning: [Compiler FirstPersonCharacter] Input Axis Event references unknown Axis 'ZoomKey' for  InputAxis ZoomKey
[2020.02.20-09.31.38:918][509]LogBlueprint: Warning: [Compiler FirstPersonCharacter] Could not find a variable named "Zoom" in 'FirstPersonCharacter_C'.
Make sure 'FirstPersonCharacter_C' has been compiled for  Set Zoom
[2020.02.20-09.31.38:918][509]LogBlueprint: Error: [Compiler FirstPersonCharacter] Can't connect pins  Target  and  HUD Ref : Widget Object Reference is not compatible with Object Reference.
[2020.02.20-09.31.38:918][509]LogBlueprint: Error: [Compiler FirstPersonCharacter] Can't connect pins  Target  and  HUD Ref : Widget Object Reference is not compatible with Object Reference.
[2020.02.20-09.31.38:918][509]LogBlueprint: Error: [Compiler FirstPersonCharacter] Can't connect pins  HUD Ref  and  Target : Object Reference is not compatible with Widget Object Reference.
[2020.02.20-09.31.38:918][509]LogBlueprint: Warning: [Compiler FirstPersonCharacter] Could not find a variable named "HUD_Ref" in 'FirstPersonCharacter_C'.
Make sure 'FirstPersonCharacter_C' has been compiled for  Get HUD_Ref
[2020.02.20-09.31.38:918][509]LogBlueprint: Warning: [Compiler FirstPersonCharacter] Could not find a variable named "HUD_Ref" in 'FirstPersonCharacter_C'.
Make sure 'FirstPersonCharacter_C' has been compiled for  Set HUD_Ref
[2020.02.20-09.31.38:925][509]LogBlueprint: Error: [Compiler FirstPersonCharacter] The property associated with  HUD Ref  could not be found in '/Game/FirstPersonBP/Blueprints/FirstPersonCharacter.FirstPersonCharacter_C'
[2020.02.20-09.31.38:925][509]LogBlueprint: Error: [Compiler FirstPersonCharacter] The property associated with  Zoom  could not be found in '/Game/FirstPersonBP/Blueprints/FirstPersonCharacter.FirstPersonCharacter_C'
[2020.02.20-09.31.38:925][509]LogBlueprint: Error: [Compiler FirstPersonCharacter] The property associated with  Zoom  could not be found in '/Game/FirstPersonBP/Blueprints/FirstPersonCharacter.FirstPersonCharacter_C'
[2020.02.20-09.31.38:926][509]LogBlueprint: Error: [Compiler FirstPersonCharacter] The property associated with  Zoom  could not be found in '/Game/FirstPersonBP/Blueprints/FirstPersonCharacter.FirstPersonCharacter_C'
[2020.02.20-09.31.38:926][509]LogBlueprint: Error: [Compiler FirstPersonCharacter] The property associated with  Zoom  could not be found in '/Game/FirstPersonBP/Blueprints/FirstPersonCharacter.FirstPersonCharacter_C'
[2020.02.20-09.31.39:225][509]LogUObjectHash: Compacting FUObjectHashTables data took   4.12ms
[2020.02.20-09.31.45:925][766]LogSlate: Took 0.006062 seconds to synchronously load lazily loaded font '../../../Engine/Content/Slate/Fonts/Roboto-BoldCondensedItalic.ttf' (160K)
[2020.02.20-09.31.54:083][106]BlueprintLog: New page: Compile FirstPersonCharacter
[2020.02.20-09.31.54:104][106]LogBlueprint: Error: [Compiler FirstPersonCharacter] Spawn node  Create Widget  must have a class specified.
[2020.02.20-09.31.54:106][106]LogBlueprint: Error: [Compiler FirstPersonCharacter] In use pin  <Unnamed>  no longer exists on node  Zoom Smooth . Please refresh node or break links to remove pin.
[2020.02.20-09.31.54:107][106]LogBlueprint: Warning: [Compiler FirstPersonCharacter] Input Axis Event references unknown Axis 'ZoomKey' for  InputAxis ZoomKey
[2020.02.20-09.31.54:108][106]LogBlueprint: Error: [Compiler FirstPersonCharacter] Can't connect pins  Target  and  HUD Ref : Widget Object Reference is not compatible with Object Reference.
[2020.02.20-09.31.54:108][106]LogBlueprint: Error: [Compiler FirstPersonCharacter] Can't connect pins  Target  and  HUD Ref : Widget Object Reference is not compatible with Object Reference.
[2020.02.20-09.31.54:108][106]LogBlueprint: Error: [Compiler FirstPersonCharacter] Can't connect pins  HUD Ref  and  Target : Object Reference is not compatible with Widget Object Reference.
[2020.02.20-09.31.54:108][106]LogBlueprint: Warning: [Compiler FirstPersonCharacter] Could not find a variable named "HUD_Ref" in 'FirstPersonCharacter_C'.
Make sure 'FirstPersonCharacter_C' has been compiled for  Get HUD_Ref
[2020.02.20-09.31.54:108][106]LogBlueprint: Warning: [Compiler FirstPersonCharacter] Could not find a variable named "HUD_Ref" in 'FirstPersonCharacter_C'.
Make sure 'FirstPersonCharacter_C' has been compiled for  Set HUD_Ref
[2020.02.20-09.31.54:116][106]LogBlueprint: Error: [Compiler FirstPersonCharacter] The property associated with  HUD Ref  could not be found in '/Game/FirstPersonBP/Blueprints/FirstPersonCharacter.FirstPersonCharacter_C'
[2020.02.20-09.31.54:415][106]LogUObjectHash: Compacting FUObjectHashTables data took   5.34ms
[2020.02.20-09.31.59:046][308]BlueprintLog: New page: Compile FirstPersonCharacter
[2020.02.20-09.31.59:070][308]LogBlueprint: Error: [Compiler FirstPersonCharacter] Spawn node  Create Widget  must have a class specified.
[2020.02.20-09.31.59:073][308]LogBlueprint: Error: [Compiler FirstPersonCharacter] In use pin  <Unnamed>  no longer exists on node  Zoom Smooth . Please refresh node or break links to remove pin.
[2020.02.20-09.31.59:073][308]LogBlueprint: Warning: [Compiler FirstPersonCharacter] Input Axis Event references unknown Axis 'ZoomKey' for  InputAxis ZoomKey
[2020.02.20-09.31.59:074][308]LogBlueprint: Error: [Compiler FirstPersonCharacter] Can't connect pins  Target  and  HUD Ref : Widget Object Reference is not compatible with Object Reference.
[2020.02.20-09.31.59:074][308]LogBlueprint: Error: [Compiler FirstPersonCharacter] Can't connect pins  Target  and  HUD Ref : Widget Object Reference is not compatible with Object Reference.
[2020.02.20-09.31.59:074][308]LogBlueprint: Error: [Compiler FirstPersonCharacter] Can't connect pins  HUD Ref  and  Target : Object Reference is not compatible with Widget Object Reference.
[2020.02.20-09.31.59:074][308]LogBlueprint: Warning: [Compiler FirstPersonCharacter] Could not find a variable named "HUD_Ref" in 'FirstPersonCharacter_C'.
Make sure 'FirstPersonCharacter_C' has been compiled for  Get HUD_Ref
[2020.02.20-09.31.59:074][308]LogBlueprint: Warning: [Compiler FirstPersonCharacter] Could not find a variable named "HUD_Ref" in 'FirstPersonCharacter_C'.
Make sure 'FirstPersonCharacter_C' has been compiled for  Set HUD_Ref
[2020.02.20-09.31.59:084][308]LogBlueprint: Error: [Compiler FirstPersonCharacter] The property associated with  HUD Ref  could not be found in '/Game/FirstPersonBP/Blueprints/FirstPersonCharacter.FirstPersonCharacter_C'
[2020.02.20-09.31.59:372][308]LogUObjectHash: Compacting FUObjectHashTables data took   4.27ms
[2020.02.20-09.34.17:795][727]BlueprintLog: New page: Compile FirstPersonCharacter
[2020.02.20-09.34.17:819][727]LogBlueprint: Error: [Compiler FirstPersonCharacter] Spawn node  Create Widget  must have a class specified.
[2020.02.20-09.34.17:822][727]LogBlueprint: Error: [Compiler FirstPersonCharacter] In use pin  <Unnamed>  no longer exists on node  Zoom Smooth . Please refresh node or break links to remove pin.
[2020.02.20-09.34.17:822][727]LogBlueprint: Warning: [Compiler FirstPersonCharacter] Input Axis Event references unknown Axis 'ZoomKey' for  InputAxis ZoomKey
[2020.02.20-09.34.17:823][727]LogBlueprint: Warning: [Compiler FirstPersonCharacter] Could not find a variable named "HUD_Ref" in 'FirstPersonCharacter_C'.
Make sure 'FirstPersonCharacter_C' has been compiled for  Set HUD_Ref
[2020.02.20-09.34.18:132][727]LogUObjectHash: Compacting FUObjectHashTables data took   4.41ms
[2020.02.20-09.34.36:614][621]BlueprintLog: New page: Compile FirstPersonCharacter
[2020.02.20-09.34.36:637][621]LogBlueprint: Error: [Compiler FirstPersonCharacter] In use pin  <Unnamed>  no longer exists on node  Zoom Smooth . Please refresh node or break links to remove pin.
[2020.02.20-09.34.36:637][621]LogBlueprint: Warning: [Compiler FirstPersonCharacter] Input Axis Event references unknown Axis 'ZoomKey' for  InputAxis ZoomKey
[2020.02.20-09.34.36:934][621]LogUObjectHash: Compacting FUObjectHashTables data took   4.63ms
[2020.02.20-09.35.33:338][161]LogSlate: Window 'Project Settings' being destroyed
[2020.02.20-09.35.33:342][161]LogSlate: Window 'Project Settings' being destroyed
[2020.02.20-09.36.03:207][448]LogSlate: Window 'Project Settings' being destroyed
[2020.02.20-09.36.03:223][448]LogSlate: Window 'Project Settings' being destroyed
[2020.02.20-09.37.04:989][541]LogUObjectHash: Compacting FUObjectHashTables data took   5.78ms
[2020.02.20-09.37.05:653][541]LogSavePackage: Moving '../../../../../../Users/roger/Documents/GitHub/survival-craft/One_Man_Land/Saved/FirstPersonExampleMap_Auto1C2347EE14675147276A22BA9EE811649.tmp' to '../../../../../../Users/roger/Documents/GitHub/survival-craft/One_Man_Land/Saved/Autosaves/Game/FirstPersonBP/Maps/FirstPersonExampleMap_Auto1.umap'
[2020.02.20-09.37.05:688][541]LogFileHelpers: Editor autosave (incl. sublevels) for '/Game/FirstPersonBP/Maps/FirstPersonExampleMap' took 0.777
[2020.02.20-09.37.05:688][541]LogFileHelpers: Editor autosave (incl. sublevels) for all levels took 0.777
[2020.02.20-09.37.05:690][541]OBJ SavePackage: Generating thumbnails for [1] asset(s) in package [/Game/FirstPersonBP/Blueprints/FirstPersonCharacter] ([1] browsable assets)...
[2020.02.20-09.37.05:802][541]OBJ SavePackage:     Rendered thumbnail for [Blueprint /Game/FirstPersonBP/Blueprints/FirstPersonCharacter.FirstPersonCharacter]
[2020.02.20-09.37.05:802][541]OBJ SavePackage: Finished generating thumbnails for package [/Game/FirstPersonBP/Blueprints/FirstPersonCharacter]
[2020.02.20-09.37.06:034][541]LogSavePackage: Moving '../../../../../../Users/roger/Documents/GitHub/survival-craft/One_Man_Land/Saved/FirstPersonCharacter_Auto1E3625D444D498933E5DE3CAC46260074.tmp' to '../../../../../../Users/roger/Documents/GitHub/survival-craft/One_Man_Land/Saved/Autosaves/Game/FirstPersonBP/Blueprints/FirstPersonCharacter_Auto1.uasset'
[2020.02.20-09.37.06:036][541]LogFileHelpers: Auto-saving content packages took 0.348
[2020.02.20-09.38.49:949][874]Cmd: TRANSACTION UNDO
[2020.02.20-09.38.49:949][874]LogEditorTransaction: Undo Add Action Mapping
[2020.02.20-09.38.50:537][883]Cmd: TRANSACTION UNDO
[2020.02.20-09.38.50:537][883]LogEditorTransaction: Undo Add Axis Mapping
[2020.02.20-09.38.51:015][899]Cmd: TRANSACTION UNDO
[2020.02.20-09.38.51:015][899]LogEditorTransaction: Undo Add Axis Mapping
[2020.02.20-09.38.51:244][906]Cmd: TRANSACTION UNDO
[2020.02.20-09.38.51:244][906]LogEditorTransaction: Undo Add Axis Mapping
[2020.02.20-09.38.51:457][912]Cmd: TRANSACTION UNDO
[2020.02.20-09.38.51:457][912]LogEditorTransaction: Undo Add Axis Mapping
[2020.02.20-09.38.51:648][917]Cmd: TRANSACTION UNDO
[2020.02.20-09.38.51:648][917]LogEditorTransaction: Undo Add Axis Mapping
[2020.02.20-09.38.51:855][923]Cmd: TRANSACTION UNDO
[2020.02.20-09.38.51:855][923]LogEditorTransaction: Undo Add Axis Mapping
[2020.02.20-09.38.52:069][929]Cmd: TRANSACTION UNDO
[2020.02.20-09.38.52:069][929]LogEditorTransaction: Undo Add Axis Mapping
[2020.02.20-09.38.52:251][934]Cmd: TRANSACTION UNDO
[2020.02.20-09.38.52:251][934]LogEditorTransaction: Undo Add Axis Mapping
[2020.02.20-09.38.52:467][940]Cmd: TRANSACTION UNDO
[2020.02.20-09.38.52:467][940]LogEditorTransaction: Undo Add Action Mapping
[2020.02.20-09.38.52:662][944]Cmd: TRANSACTION UNDO
[2020.02.20-09.38.52:662][944]LogEditorTransaction: Undo Add Action Mapping
[2020.02.20-09.38.52:863][949]Cmd: TRANSACTION UNDO
[2020.02.20-09.38.52:863][949]LogEditorTransaction: Undo Add Axis Mapping
[2020.02.20-09.39.27:237][220]LogSlate: Window 'Project Settings' being destroyed
[2020.02.20-09.39.27:247][220]LogSlate: Window 'Project Settings' being destroyed
[2020.02.20-09.39.28:167][262]BlueprintLog: New page: Compile FirstPersonCharacter
[2020.02.20-09.39.28:191][262]LogBlueprint: Error: [Compiler FirstPersonCharacter] In use pin  <Unnamed>  no longer exists on node  Zoom Smooth . Please refresh node or break links to remove pin.
[2020.02.20-09.39.28:552][262]LogUObjectHash: Compacting FUObjectHashTables data took   5.08ms
[2020.02.20-09.39.48:454][280]LogEditorTransaction: Undo Create Pin Link
[2020.02.20-09.39.48:733][281]LogEditorTransaction: Undo Move Node
[2020.02.20-09.39.49:024][282]LogEditorTransaction: Undo Add Node
[2020.02.20-09.39.49:893][317]LogEditorTransaction: Undo Delete current selection
[2020.02.20-09.39.59:032][757]BlueprintLog: New page: Compile FirstPersonCharacter
[2020.02.20-09.39.59:429][757]LogUObjectHash: Compacting FUObjectHashTables data took   5.30ms
[2020.02.20-09.40.03:711][991]LogEditorViewport: Clicking on Actor (LMB): StaticMeshActor (BigWall2)
[2020.02.20-09.40.05:145][ 79]LogTemp: Repeating last play command: Selected Viewport
[2020.02.20-09.40.05:198][ 79]LogBlueprintUserMessages: Early PlayInEditor Detection: Level '/Game/FirstPersonBP/Maps/FirstPersonExampleMap.FirstPersonExampleMap:PersistentLevel' has LevelScriptBlueprint '/Game/FirstPersonBP/Maps/FirstPersonExampleMap.FirstPersonExampleMap:PersistentLevel.FirstPersonExampleMap' with GeneratedClass '/Game/FirstPersonBP/Maps/FirstPersonExampleMap.FirstPersonExampleMap_C' with ClassGeneratedBy '/Game/FirstPersonBP/Maps/FirstPersonExampleMap.FirstPersonExampleMap:PersistentLevel.FirstPersonExampleMap'
[2020.02.20-09.40.05:256][ 79]LogPlayLevel: PlayLevel: No blueprints needed recompiling
[2020.02.20-09.40.05:330][ 79]PIE: New page: PIE session: FirstPersonExampleMap (20 Feb 2020, 11:40:05)
[2020.02.20-09.40.05:345][ 79]LogOnline: OSS: Creating online subsystem instance for: NULL
[2020.02.20-09.40.05:361][ 79]LogOnline: OSS: TryLoadSubsystemAndSetDefault: Loaded subsystem for module [NULL]
[2020.02.20-09.40.05:390][ 79]LogPlayLevel: Creating play world package: /Game/FirstPersonBP/Maps/UEDPIE_0_FirstPersonExampleMap
[2020.02.20-09.40.05:436][ 79]LogPlayLevel: PIE: StaticDuplicateObject took: (0.046273s)
[2020.02.20-09.40.05:456][ 79]LogAIModule: Creating AISystem for world FirstPersonExampleMap
[2020.02.20-09.40.05:473][ 79]LogPlayLevel: PIE: World Init took: (0.036480s)
[2020.02.20-09.40.05:474][ 79]LogPlayLevel: PIE: Created PIE world by copying editor world from /Game/FirstPersonBP/Maps/FirstPersonExampleMap.FirstPersonExampleMap to /Game/FirstPersonBP/Maps/UEDPIE_0_FirstPersonExampleMap.FirstPersonExampleMap (0.084150s)
[2020.02.20-09.40.05:524][ 79]LogUObjectHash: Compacting FUObjectHashTables data took   5.64ms
[2020.02.20-09.40.05:590][ 79]LogAudioMixer: Display: Audio Mixer Platform Settings:
[2020.02.20-09.40.05:590][ 79]LogAudioMixer: Display: 	Sample Rate:						  48000
[2020.02.20-09.40.05:590][ 79]LogAudioMixer: Display: 	Callback Buffer Frame Size Requested: 1024
[2020.02.20-09.40.05:590][ 79]LogAudioMixer: Display: 	Callback Buffer Frame Size To Use:	  1024
[2020.02.20-09.40.05:590][ 79]LogAudioMixer: Display: 	Number of buffers to queue:			  2
[2020.02.20-09.40.05:590][ 79]LogAudioMixer: Display: 	Max Channels (voices):				  32
[2020.02.20-09.40.05:590][ 79]LogAudioMixer: Display: 	Number of Async Source Workers:		  0
[2020.02.20-09.40.05:590][ 79]LogAudio: Display: AudioDevice MaxSources: 32
[2020.02.20-09.40.05:590][ 79]LogAudio: Display: Using built-in audio occlusion.
[2020.02.20-09.40.05:590][ 79]LogAudioMixer: Display: Initializing audio mixer.
[2020.02.20-09.40.05:602][ 79]LogAudioMixer: Display: Audio Device Output Speaker Info:
[2020.02.20-09.40.05:602][ 79]LogAudioMixer: Display: Name: Speakers (2- Realtek High Definition Audio)
[2020.02.20-09.40.05:602][ 79]LogAudioMixer: Display: Is Default: Yes
[2020.02.20-09.40.05:602][ 79]LogAudioMixer: Display: Sample Rate: 48000
[2020.02.20-09.40.05:602][ 79]LogAudioMixer: Display: Channel Count Used: 2
[2020.02.20-09.40.05:602][ 79]LogAudioMixer: Display: Device Channel Count: 2
[2020.02.20-09.40.05:602][ 79]LogAudioMixer: Display: Channel Order:
[2020.02.20-09.40.05:602][ 79]LogAudioMixer: Display: 0: FrontLeft
[2020.02.20-09.40.05:602][ 79]LogAudioMixer: Display: 1: FrontRight
[2020.02.20-09.40.05:678][ 79]LogAudioMixer: Display: Using Audio Device Speakers (2- Realtek High Definition Audio)
[2020.02.20-09.40.05:680][ 79]LogInit: FAudioDevice initialized.
[2020.02.20-09.40.05:705][ 79]LogLoad: Game class is 'FirstPersonGameMode_C'
[2020.02.20-09.40.05:872][ 79]LogWorld: Bringing World /Game/FirstPersonBP/Maps/UEDPIE_0_FirstPersonExampleMap.FirstPersonExampleMap up for play (max tick rate 0) at 2020.02.20-10.40.05
[2020.02.20-09.40.05:923][ 79]LogWorld: Bringing up level for play took: 0.104071
[2020.02.20-09.40.05:925][ 79]LogOnline: OSS: Creating online subsystem instance for: :Context_6
[2020.02.20-09.40.06:142][ 79]LogContentBrowser: Native class hierarchy updated for 'MovieSceneCapture' in 0.0005 seconds. Added 20 classes and 0 folders.
[2020.02.20-09.40.06:304][ 79]PIE: Play in editor start time for /Game/FirstPersonBP/Maps/UEDPIE_0_FirstPersonExampleMap 0.589
[2020.02.20-09.40.06:305][ 79]LogBlueprintUserMessages: Late PlayInEditor Detection: Level '/Game/FirstPersonBP/Maps/FirstPersonExampleMap.FirstPersonExampleMap:PersistentLevel' has LevelScriptBlueprint '/Game/FirstPersonBP/Maps/FirstPersonExampleMap.FirstPersonExampleMap:PersistentLevel.FirstPersonExampleMap' with GeneratedClass '/Game/FirstPersonBP/Maps/FirstPersonExampleMap.FirstPersonExampleMap_C' with ClassGeneratedBy '/Game/FirstPersonBP/Maps/FirstPersonExampleMap.FirstPersonExampleMap:PersistentLevel.FirstPersonExampleMap'
[2020.02.20-09.40.08:849][244]Cmd: LevelEditor.ToggleImmersive
[2020.02.20-09.40.09:089][245]LogRenderer: Reallocating scene render targets to support 1540x828 Format 10 NumSamples 1 (Frame:167).
[2020.02.20-09.40.46:867][659]LogAudioMixer: Display: No commands were queued while flushing the source manager.
[2020.02.20-09.40.46:867][659]LogAudioMixer: Display: No commands were queued while flushing the source manager.
[2020.02.20-09.40.47:014][659]LogBlueprintUserMessages: Early EndPlayMap Detection: Level '/Game/FirstPersonBP/Maps/FirstPersonExampleMap.FirstPersonExampleMap:PersistentLevel' has LevelScriptBlueprint '/Game/FirstPersonBP/Maps/FirstPersonExampleMap.FirstPersonExampleMap:PersistentLevel.FirstPersonExampleMap' with GeneratedClass '/Game/FirstPersonBP/Maps/FirstPersonExampleMap.FirstPersonExampleMap_C' with ClassGeneratedBy '/Game/FirstPersonBP/Maps/FirstPersonExampleMap.FirstPersonExampleMap:PersistentLevel.FirstPersonExampleMap'
[2020.02.20-09.40.47:020][659]LogSlate: Updating window title bar state: overlay mode, drag disabled, window buttons hidden, title bar hidden
[2020.02.20-09.40.47:021][659]LogWorld: BeginTearingDown for /Game/FirstPersonBP/Maps/UEDPIE_0_FirstPersonExampleMap
[2020.02.20-09.40.47:021][659]LogAudioMixer: Display: No commands were queued while flushing the source manager.
[2020.02.20-09.40.47:029][659]LogWorld: UWorld::CleanupWorld for FirstPersonExampleMap, bSessionEnded=true, bCleanupResources=true
[2020.02.20-09.40.47:030][659]LogSlate: InvalidateAllWidgets triggered.  All widgets were invalidated
[2020.02.20-09.40.47:082][659]LogPlayLevel: Display: Shutting down PIE online subsystems
[2020.02.20-09.40.47:083][659]LogBlueprintUserMessages: Late EndPlayMap Detection: Level '/Game/FirstPersonBP/Maps/FirstPersonExampleMap.FirstPersonExampleMap:PersistentLevel' has LevelScriptBlueprint '/Game/FirstPersonBP/Maps/FirstPersonExampleMap.FirstPersonExampleMap:PersistentLevel.FirstPersonExampleMap' with GeneratedClass '/Game/FirstPersonBP/Maps/FirstPersonExampleMap.FirstPersonExampleMap_C' with ClassGeneratedBy '/Game/FirstPersonBP/Maps/FirstPersonExampleMap.FirstPersonExampleMap:PersistentLevel.FirstPersonExampleMap'
[2020.02.20-09.40.47:099][659]LogSlate: InvalidateAllWidgets triggered.  All widgets were invalidated
[2020.02.20-09.40.47:146][659]LogAudioMixer: Display: No commands were queued while flushing the source manager.
[2020.02.20-09.40.47:162][659]LogSlate: Updating window title bar state: overlay mode, drag disabled, window buttons hidden, title bar hidden
[2020.02.20-09.40.47:226][659]LogUObjectHash: Compacting FUObjectHashTables data took   6.36ms
[2020.02.20-09.40.47:291][660]LogPlayLevel: Display: Destroying online subsystem :Context_6
[2020.02.20-09.40.53:240][970]LogSlate: Window 'FirstPersonCharacter' being destroyed
[2020.02.20-09.40.53:253][970]LogSlate: Window 'FirstPersonCharacter' being destroyed
[2020.02.20-09.40.53:283][970]LogWorld: UWorld::CleanupWorld for World_3, bSessionEnded=true, bCleanupResources=true
[2020.02.20-09.40.53:283][970]LogSlate: InvalidateAllWidgets triggered.  All widgets were invalidated
[2020.02.20-09.42.01:493][ 88]LogAssetEditorSubsystem: Opening Asset editor for Blueprint /Game/FirstPersonBP/Blueprints/FirstPersonCharacter.FirstPersonCharacter
[2020.02.20-09.45.56:597][624]LogSavePackage: Moving '../../../../../../Users/roger/Documents/GitHub/survival-craft/One_Man_Land/Saved/FirstPersonCharacter7CAB581344D24F63CF0131A7643D0761.tmp' to '../../../../../../Users/roger/Documents/GitHub/survival-craft/One_Man_Land/Content/FirstPersonBP/Blueprints/FirstPersonCharacter.uasset'
[2020.02.20-09.45.56:639][624]AssetCheck: New page: Asset Save: FirstPersonCharacter
[2020.02.20-09.45.56:639][624]LogContentValidation: Display: Validating Blueprint /Game/FirstPersonBP/Blueprints/FirstPersonCharacter.FirstPersonCharacter
[2020.02.20-09.45.57:389][662]BlueprintLog: New page: Compile FirstPersonCharacter
[2020.02.20-09.45.57:869][662]LogUObjectHash: Compacting FUObjectHashTables data took   5.68ms
[2020.02.20-09.45.59:256][723]LogSlate: Window 'FirstPersonCharacter' being destroyed
[2020.02.20-09.45.59:266][723]LogWorld: UWorld::CleanupWorld for World_5, bSessionEnded=true, bCleanupResources=true
[2020.02.20-09.45.59:266][723]LogSlate: InvalidateAllWidgets triggered.  All widgets were invalidated
[2020.02.20-09.46.00:876][872]LogUObjectHash: Compacting FUObjectHashTables data took   4.58ms
[2020.02.20-09.46.01:140][872]LogSavePackage: Moving '../../../../../../Users/roger/Documents/GitHub/survival-craft/One_Man_Land/Saved/FirstPersonExampleMap62F1E4824E2FC4571BCF6E80E1169946.tmp' to '../../../../../../Users/roger/Documents/GitHub/survival-craft/One_Man_Land/Content/FirstPersonBP/Maps/FirstPersonExampleMap.umap'
[2020.02.20-09.46.01:182][872]AssetCheck: New page: Asset Save: FirstPersonExampleMap
[2020.02.20-09.46.01:182][872]LogContentValidation: Display: Validating World /Game/FirstPersonBP/Maps/FirstPersonExampleMap.FirstPersonExampleMap
