Log file open, 06/12/20 03:52:52
LogWindows: Failed to load 'aqProf.dll' (GetLastError=126)
LogWindows: File 'aqProf.dll' does not exist
LogWindows: Failed to load 'VtuneApi.dll' (GetLastError=126)
LogWindows: File 'VtuneApi.dll' does not exist
LogWindows: Failed to load 'VtuneApi32e.dll' (GetLastError=126)
LogWindows: File 'VtuneApi32e.dll' does not exist
LogConsoleResponse: Display: Failed to find resolution value strings in scalability ini. Falling back to default.
LogInit: Display: Running engine for game: One_Man_Land
LogPlatformFile: Not using cached read wrapper
LogTaskGraph: Started task graph with 5 named threads and 23 total threads with 3 sets of task threads.
LogStats: Stats thread started at 0.073331
LogD3D11RHI: Loaded GFSDK_Aftermath_Lib.x64.dll
LogICUInternationalization: ICU TimeZone Detection - Raw Offset: +1:00, Platform Override: ''
LogPluginManager: Mounting plugin Paper2D
LogPluginManager: Mounting plugin AISupport
LogPluginManager: Mounting plugin LightPropagationVolume
LogPluginManager: Mounting plugin ActorLayerUtilities
LogPluginManager: Mounting plugin AnimationSharing
LogPluginManager: Mounting plugin CLionSourceCodeAccess
LogPluginManager: Mounting plugin CodeLiteSourceCodeAccess
LogPluginManager: Mounting plugin GitSourceControl
LogPluginManager: Mounting plugin KDevelopSourceCodeAccess
LogPluginManager: Mounting plugin NullSourceCodeAccess
LogPluginManager: Mounting plugin PerforceSourceControl
LogPluginManager: Mounting plugin PlasticSourceControl
LogPluginManager: Mounting plugin SubversionSourceControl
LogPluginManager: Mounting plugin UObjectPlugin
LogPluginManager: Mounting plugin VisualStudioCodeSourceCodeAccess
LogPluginManager: Mounting plugin VisualStudioSourceCodeAccess
LogPluginManager: Mounting plugin XCodeSourceCodeAccess
LogPluginManager: Mounting plugin AssetManagerEditor
LogPluginManager: Mounting plugin CryptoKeys
LogPluginManager: Mounting plugin CurveEditorTools
LogPluginManager: Mounting plugin DataValidation
LogPluginManager: Mounting plugin FacialAnimation
LogPluginManager: Mounting plugin GameplayTagsEditor
LogPluginManager: Mounting plugin MacGraphicsSwitching
LogPluginManager: Mounting plugin MaterialAnalyzer
LogPluginManager: Mounting plugin MobileLauncherProfileWizard
LogPluginManager: Mounting plugin PluginBrowser
LogPluginManager: Mounting plugin SpeedTreeImporter
LogPluginManager: Mounting plugin DatasmithContent
LogPluginManager: Mounting plugin VariantManagerContent
LogPluginManager: Mounting plugin AlembicImporter
LogPluginManager: Mounting plugin AutomationUtils
LogPluginManager: Mounting plugin BackChannel
LogPluginManager: Mounting plugin CharacterAI
LogPluginManager: Mounting plugin GeometryCache
LogPluginManager: Mounting plugin PlatformCrypto
LogPluginManager: Mounting plugin ProxyLODPlugin
LogPluginManager: Mounting plugin SkeletalReduction
LogPluginManager: Mounting plugin MagicLeap
LogPluginManager: Mounting plugin MagicLeapMedia
LogPluginManager: Mounting plugin MLSDK
LogPluginManager: Mounting plugin AndroidMedia
LogPluginManager: Mounting plugin AvfMedia
LogPluginManager: Mounting plugin ImgMedia
LogPluginManager: Mounting plugin MediaCompositing
LogPluginManager: Mounting plugin MediaPlayerEditor
LogPluginManager: Mounting plugin WebMMedia
LogPluginManager: Mounting plugin WmfMedia
LogPluginManager: Mounting plugin TcpMessaging
LogPluginManager: Mounting plugin UdpMessaging
LogPluginManager: Mounting plugin ActorSequence
LogPluginManager: Mounting plugin LevelSequenceEditor
LogPluginManager: Mounting plugin MatineeToLevelSequence
LogPluginManager: Mounting plugin NetcodeUnitTest
LogPluginManager: Mounting plugin NUTUnrealEngine4
LogPluginManager: Mounting plugin OnlineSubsystemGooglePlay
LogPluginManager: Mounting plugin OnlineSubsystemIOS
LogPluginManager: Mounting plugin OnlineSubsystem
LogPluginManager: Mounting plugin OnlineSubsystemNull
LogPluginManager: Mounting plugin OnlineSubsystemUtils
LogPluginManager: Mounting plugin LauncherChunkInstaller
LogPluginManager: Mounting plugin AndroidDeviceProfileSelector
LogPluginManager: Mounting plugin AndroidMoviePlayer
LogPluginManager: Mounting plugin AndroidPermission
LogPluginManager: Mounting plugin AppleImageUtils
LogPluginManager: Mounting plugin AppleMoviePlayer
LogPluginManager: Mounting plugin ArchVisCharacter
LogPluginManager: Mounting plugin AssetTags
LogPluginManager: Mounting plugin AudioCapture
LogPluginManager: Mounting plugin CableComponent
LogPluginManager: Mounting plugin CustomMeshComponent
LogPluginManager: Mounting plugin EditableMesh
LogPluginManager: Mounting plugin ExampleDeviceProfileSelector
LogPluginManager: Mounting plugin GoogleCloudMessaging
LogPluginManager: Mounting plugin IOSDeviceProfileSelector
LogPluginManager: Mounting plugin LinuxDeviceProfileSelector
LogPluginManager: Mounting plugin LocationServicesBPLibrary
LogPluginManager: Mounting plugin MobilePatchingUtils
LogPluginManager: Mounting plugin OculusVR
LogPluginManager: Mounting plugin PhysXVehicles
LogPluginManager: Mounting plugin PostSplashScreen
LogPluginManager: Mounting plugin ProceduralMeshComponent
LogPluginManager: Mounting plugin RuntimePhysXCooking
LogPluginManager: Mounting plugin SignificanceManager
LogPluginManager: Mounting plugin SteamVR
LogPluginManager: Mounting plugin WebMMoviePlayer
LogPluginManager: Mounting plugin WindowsMoviePlayer
LogPluginManager: Mounting plugin ScreenshotTools
LogInit: Using libcurl 7.55.1-DEV
LogInit:  - built for x86_64-pc-win32
LogInit:  - supports SSL with OpenSSL/1.1.1
LogInit:  - supports HTTP deflate (compression) using libz 1.2.8
LogInit:  - other features:
LogInit:      CURL_VERSION_SSL
LogInit:      CURL_VERSION_LIBZ
LogInit:      CURL_VERSION_IPV6
LogInit:      CURL_VERSION_ASYNCHDNS
LogInit:      CURL_VERSION_LARGEFILE
LogInit:      CURL_VERSION_IDN
LogInit:  CurlRequestOptions (configurable via config and command line):
LogInit:  - bVerifyPeer = true  - Libcurl will verify peer certificate
LogInit:  - bUseHttpProxy = false  - Libcurl will NOT use HTTP proxy
LogInit:  - bDontReuseConnections = false  - Libcurl will reuse connections
LogInit:  - MaxHostConnections = 16  - Libcurl will limit the number of connections to a host
LogInit:  - LocalHostAddr = Default
LogInit:  - BufferSize = 65536
LogOnline: OSS: Creating online subsystem instance for: NULL
LogInit: WinSock: version 1.1 (2.2), MaxSocks=32767, MaxUdp=65467
LogOnline: OSS: TryLoadSubsystemAndSetDefault: Loaded subsystem for module [NULL]
LogInit: Build: ++UE4+Release-4.24-CL-11100242
LogInit: Engine Version: 4.24.2-11100242+++UE4+Release-4.24
LogInit: Compatible Engine Version: 4.24.0-10570792+++UE4+Release-4.24
LogInit: Net CL: 10570792
LogInit: OS: Windows 10 (Release 1903) (), CPU: Intel(R) Core(TM) i7-7700K CPU @ 4.20GHz, GPU: Intel(R) HD Graphics 630
LogInit: Compiled (64-bit): Jan 24 2020 02:05:53
LogInit: Compiled with Visual C++: 19.16.27032.01
LogInit: Build Configuration: Development
LogInit: Branch Name: ++UE4+Release-4.24
LogInit: Command Line:  /Game/FirstPersonBP/Maps/PersistentLevel -game -PIEVIACONSOLE -ResX=1920 -ResY=1080 -Multiprocess -messaging -SessionName="Play in Standalone Game" -windowed
LogInit: Base Directory: D:/Instalacions/UE_4.24/Engine/Binaries/Win64/
LogInit: Installed Engine Build: 1
LogDevObjectVersion: Number of dev versions registered: 25
LogDevObjectVersion:   Dev-Blueprints (B0D832E4-1F89-4F0D-ACCF-7EB736FD4AA2): 10
LogDevObjectVersion:   Dev-Build (E1C64328-A22C-4D53-A36C-8E866417BD8C): 0
LogDevObjectVersion:   Dev-Core (375EC13C-06E4-48FB-B500-84F0262A717E): 3
LogDevObjectVersion:   Dev-Editor (E4B068ED-F494-42E9-A231-DA0B2E46BB41): 37
LogDevObjectVersion:   Dev-Framework (CFFC743F-43B0-4480-9391-14DF171D2073): 36
LogDevObjectVersion:   Dev-Mobile (B02B49B5-BB20-44E9-A304-32B752E40360): 2
LogDevObjectVersion:   Dev-Networking (A4E4105C-59A1-49B5-A7C5-40C4547EDFEE): 0
LogDevObjectVersion:   Dev-Online (39C831C9-5AE6-47DC-9A44-9C173E1C8E7C): 0
LogDevObjectVersion:   Dev-Physics (78F01B33-EBEA-4F98-B9B4-84EACCB95AA2): 2
LogDevObjectVersion:   Dev-Platform (6631380F-2D4D-43E0-8009-CF276956A95A): 0
LogDevObjectVersion:   Dev-Rendering (12F88B9F-8875-4AFC-A67C-D90C383ABD29): 36
LogDevObjectVersion:   Dev-Sequencer (7B5AE74C-D270-4C10-A958-57980B212A5A): 11
LogDevObjectVersion:   Dev-VR (D7296918-1DD6-4BDD-9DE2-64A83CC13884): 2
LogDevObjectVersion:   Dev-LoadTimes (C2A15278-BFE7-4AFE-6C17-90FF531DF755): 1
LogDevObjectVersion:   Private-Geometry (6EACA3D4-40EC-4CC1-B786-8BED09428FC5): 3
LogDevObjectVersion:   Dev-AnimPhys (29E575DD-E0A3-4627-9D10-D276232CDCEA): 17
LogDevObjectVersion:   Dev-Anim (AF43A65D-7FD3-4947-9873-3E8ED9C1BB05): 2
LogDevObjectVersion:   Dev-ReflectionCapture (6B266CEC-1EC7-4B8F-A30B-E4D90942FC07): 1
LogDevObjectVersion:   Dev-Automation (0DF73D61-A23F-47EA-B727-89E90C41499A): 1
LogDevObjectVersion:   FortniteMain (601D1886-AC64-4F84-AA16-D3DE0DEAC7D6): 31
LogDevObjectVersion:   Dev-Enterprise (9DFFBCD6-494F-0158-E221-12823C92A888): 8
LogDevObjectVersion:   Dev-Niagara (F2AED0AC-9AFE-416F-8664-AA7FFA26D6FC): 1
LogDevObjectVersion:   Dev-Destruction (174F1F0B-B4C6-45A5-B13F-2EE8D0FB917D): 9
LogDevObjectVersion:   Dev-Physics-Ext (35F94A83-E258-406C-A318-09F59610247C): 8
LogDevObjectVersion:   Dev-CineCamera (B2E18506-4273-CFC2-A54E-F4BB758BBA07): 1
LogInit: Presizing for max 25165824 objects, including 0 objects not considered by GC, pre-allocating 0 bytes for permanent pool.
LogInit: Object subsystem initialized
LogConfig: Setting CVar [[con.DebugEarlyDefault:1]]
LogConfig: Setting CVar [[r.setres:1280x720]]
[2020.06.12-01.52.52:821][  0]LogConfig: Setting CVar [[con.DebugEarlyDefault:1]]
[2020.06.12-01.52.52:821][  0]LogConfig: Setting CVar [[r.setres:1280x720]]
[2020.06.12-01.52.52:821][  0]LogConfig: Applying CVar settings from Section [/Script/Engine.RendererSettings] File [D:/Uni/3r/2n semestre/Motors2/survival-craft/survival-craft/One_Man_Land/Saved/Config/Windows/Engine.ini]
[2020.06.12-01.52.52:821][  0]LogConfig: Setting CVar [[r.GPUCrashDebugging:0]]
[2020.06.12-01.52.52:821][  0]LogConfig: Setting CVar [[r.NormalMapsForStaticLighting:0]]
[2020.06.12-01.52.52:821][  0]LogConfig: Applying CVar settings from Section [/Script/Engine.RendererOverrideSettings] File [D:/Uni/3r/2n semestre/Motors2/survival-craft/survival-craft/One_Man_Land/Saved/Config/Windows/Engine.ini]
[2020.06.12-01.52.52:821][  0]LogConfig: Applying CVar settings from Section [/Script/Engine.StreamingSettings] File [D:/Uni/3r/2n semestre/Motors2/survival-craft/survival-craft/One_Man_Land/Saved/Config/Windows/Engine.ini]
[2020.06.12-01.52.52:821][  0]LogConfig: Setting CVar [[s.MinBulkDataSizeForAsyncLoading:131072]]
[2020.06.12-01.52.52:821][  0]LogConfig: Setting CVar [[s.AsyncLoadingThreadEnabled:0]]
[2020.06.12-01.52.52:821][  0]LogConfig: Setting CVar [[s.EventDrivenLoaderEnabled:1]]
[2020.06.12-01.52.52:821][  0]LogConfig: Setting CVar [[s.WarnIfTimeLimitExceeded:0]]
[2020.06.12-01.52.52:822][  0]LogConfig: Setting CVar [[s.TimeLimitExceededMultiplier:1.5]]
[2020.06.12-01.52.52:822][  0]LogConfig: Setting CVar [[s.TimeLimitExceededMinTime:0.005]]
[2020.06.12-01.52.52:822][  0]LogConfig: Setting CVar [[s.UseBackgroundLevelStreaming:1]]
[2020.06.12-01.52.52:822][  0]LogConfig: Setting CVar [[s.PriorityAsyncLoadingExtraTime:15.0]]
[2020.06.12-01.52.52:822][  0]LogConfig: Setting CVar [[s.LevelStreamingActorsUpdateTimeLimit:5.0]]
[2020.06.12-01.52.52:822][  0]LogConfig: Setting CVar [[s.PriorityLevelStreamingActorsUpdateExtraTime:5.0]]
[2020.06.12-01.52.52:822][  0]LogConfig: Setting CVar [[s.LevelStreamingComponentsRegistrationGranularity:10]]
[2020.06.12-01.52.52:822][  0]LogConfig: Setting CVar [[s.UnregisterComponentsTimeLimit:1.0]]
[2020.06.12-01.52.52:822][  0]LogConfig: Setting CVar [[s.LevelStreamingComponentsUnregistrationGranularity:5]]
[2020.06.12-01.52.52:822][  0]LogConfig: Setting CVar [[s.FlushStreamingOnExit:1]]
[2020.06.12-01.52.52:822][  0]LogConfig: Applying CVar settings from Section [/Script/Engine.GarbageCollectionSettings] File [D:/Uni/3r/2n semestre/Motors2/survival-craft/survival-craft/One_Man_Land/Saved/Config/Windows/Engine.ini]
[2020.06.12-01.52.52:822][  0]LogConfig: Setting CVar [[gc.MaxObjectsNotConsideredByGC:1]]
[2020.06.12-01.52.52:822][  0]LogConfig: Setting CVar [[gc.SizeOfPermanentObjectPool:0]]
[2020.06.12-01.52.52:822][  0]LogConfig: Setting CVar [[gc.FlushStreamingOnGC:0]]
[2020.06.12-01.52.52:822][  0]LogConfig: Setting CVar [[gc.NumRetriesBeforeForcingGC:10]]
[2020.06.12-01.52.52:822][  0]LogConfig: Setting CVar [[gc.AllowParallelGC:1]]
[2020.06.12-01.52.52:822][  0]LogConfig: Setting CVar [[gc.TimeBetweenPurgingPendingKillObjects:61.1]]
[2020.06.12-01.52.52:822][  0]LogConfig: Setting CVar [[gc.MaxObjectsInEditor:25165824]]
[2020.06.12-01.52.52:822][  0]LogConfig: Setting CVar [[gc.IncrementalBeginDestroyEnabled:1]]
[2020.06.12-01.52.52:822][  0]LogConfig: Setting CVar [[gc.CreateGCClusters:1]]
[2020.06.12-01.52.52:822][  0]LogConfig: Setting CVar [[gc.MinGCClusterSize:5]]
[2020.06.12-01.52.52:822][  0]LogConfig: Setting CVar [[gc.ActorClusteringEnabled:0]]
[2020.06.12-01.52.52:822][  0]LogConfig: Setting CVar [[gc.BlueprintClusteringEnabled:0]]
[2020.06.12-01.52.52:822][  0]LogConfig: Setting CVar [[gc.UseDisregardForGCOnDedicatedServers:0]]
[2020.06.12-01.52.52:822][  0]LogConfig: Applying CVar settings from Section [/Script/Engine.NetworkSettings] File [D:/Uni/3r/2n semestre/Motors2/survival-craft/survival-craft/One_Man_Land/Saved/Config/Windows/Engine.ini]
[2020.06.12-01.52.52:822][  0]LogConfig: Applying CVar settings from Section [/Script/UnrealEd.CookerSettings] File [D:/Uni/3r/2n semestre/Motors2/survival-craft/survival-craft/One_Man_Land/Saved/Config/Windows/Engine.ini]
[2020.06.12-01.52.52:824][  0]LogConfig: Applying CVar settings from Section [ViewDistanceQuality@3] File [D:/Uni/3r/2n semestre/Motors2/survival-craft/survival-craft/One_Man_Land/Saved/Config/Windows/Scalability.ini]
[2020.06.12-01.52.52:824][  0]LogConfig: Setting CVar [[r.SkeletalMeshLODBias:0]]
[2020.06.12-01.52.52:824][  0]LogConfig: Setting CVar [[r.ViewDistanceScale:1.0]]
[2020.06.12-01.52.52:824][  0]LogConfig: Applying CVar settings from Section [AntiAliasingQuality@3] File [D:/Uni/3r/2n semestre/Motors2/survival-craft/survival-craft/One_Man_Land/Saved/Config/Windows/Scalability.ini]
[2020.06.12-01.52.52:824][  0]LogConfig: Setting CVar [[r.PostProcessAAQuality:4]]
[2020.06.12-01.52.52:824][  0]LogConfig: Applying CVar settings from Section [ShadowQuality@3] File [D:/Uni/3r/2n semestre/Motors2/survival-craft/survival-craft/One_Man_Land/Saved/Config/Windows/Scalability.ini]
[2020.06.12-01.52.52:824][  0]LogConfig: Setting CVar [[r.LightFunctionQuality:1]]
[2020.06.12-01.52.52:824][  0]LogConfig: Setting CVar [[r.ShadowQuality:5]]
[2020.06.12-01.52.52:824][  0]LogConfig: Setting CVar [[r.Shadow.CSM.MaxCascades:10]]
[2020.06.12-01.52.52:824][  0]LogConfig: Setting CVar [[r.Shadow.MaxResolution:2048]]
[2020.06.12-01.52.52:824][  0]LogConfig: Setting CVar [[r.Shadow.MaxCSMResolution:2048]]
[2020.06.12-01.52.52:824][  0]LogConfig: Setting CVar [[r.Shadow.RadiusThreshold:0.01]]
[2020.06.12-01.52.52:824][  0]LogConfig: Setting CVar [[r.Shadow.DistanceScale:1.0]]
[2020.06.12-01.52.52:824][  0]LogConfig: Setting CVar [[r.Shadow.CSM.TransitionScale:1.0]]
[2020.06.12-01.52.52:824][  0]LogConfig: Setting CVar [[r.Shadow.PreShadowResolutionFactor:1.0]]
[2020.06.12-01.52.52:824][  0]LogConfig: Setting CVar [[r.DistanceFieldShadowing:1]]
[2020.06.12-01.52.52:824][  0]LogConfig: Setting CVar [[r.DistanceFieldAO:1]]
[2020.06.12-01.52.52:824][  0]LogConfig: Setting CVar [[r.AOQuality:2]]
[2020.06.12-01.52.52:824][  0]LogConfig: Setting CVar [[r.VolumetricFog:1]]
[2020.06.12-01.52.52:824][  0]LogConfig: Setting CVar [[r.VolumetricFog.GridPixelSize:8]]
[2020.06.12-01.52.52:824][  0]LogConfig: Setting CVar [[r.VolumetricFog.GridSizeZ:128]]
[2020.06.12-01.52.52:824][  0]LogConfig: Setting CVar [[r.VolumetricFog.HistoryMissSupersampleCount:4]]
[2020.06.12-01.52.52:824][  0]LogConfig: Setting CVar [[r.LightMaxDrawDistanceScale:1]]
[2020.06.12-01.52.52:824][  0]LogConfig: Setting CVar [[r.CapsuleShadows:1]]
[2020.06.12-01.52.52:824][  0]LogConfig: Applying CVar settings from Section [PostProcessQuality@3] File [D:/Uni/3r/2n semestre/Motors2/survival-craft/survival-craft/One_Man_Land/Saved/Config/Windows/Scalability.ini]
[2020.06.12-01.52.52:824][  0]LogConfig: Setting CVar [[r.MotionBlurQuality:4]]
[2020.06.12-01.52.52:824][  0]LogConfig: Setting CVar [[r.AmbientOcclusionMipLevelFactor:0.4]]
[2020.06.12-01.52.52:824][  0]LogConfig: Setting CVar [[r.AmbientOcclusionMaxQuality:100]]
[2020.06.12-01.52.52:824][  0]LogConfig: Setting CVar [[r.AmbientOcclusionLevels:-1]]
[2020.06.12-01.52.52:824][  0]LogConfig: Setting CVar [[r.AmbientOcclusionRadiusScale:1.0]]
[2020.06.12-01.52.52:824][  0]LogConfig: Setting CVar [[r.DepthOfFieldQuality:2]]
[2020.06.12-01.52.52:824][  0]LogConfig: Setting CVar [[r.RenderTargetPoolMin:400]]
[2020.06.12-01.52.52:824][  0]LogConfig: Setting CVar [[r.LensFlareQuality:2]]
[2020.06.12-01.52.52:824][  0]LogConfig: Setting CVar [[r.SceneColorFringeQuality:1]]
[2020.06.12-01.52.52:824][  0]LogConfig: Setting CVar [[r.EyeAdaptationQuality:2]]
[2020.06.12-01.52.52:824][  0]LogConfig: Setting CVar [[r.BloomQuality:5]]
[2020.06.12-01.52.52:824][  0]LogConfig: Setting CVar [[r.FastBlurThreshold:100]]
[2020.06.12-01.52.52:824][  0]LogConfig: Setting CVar [[r.Upscale.Quality:3]]
[2020.06.12-01.52.52:824][  0]LogConfig: Setting CVar [[r.Tonemapper.GrainQuantization:1]]
[2020.06.12-01.52.52:824][  0]LogConfig: Setting CVar [[r.LightShaftQuality:1]]
[2020.06.12-01.52.52:824][  0]LogConfig: Setting CVar [[r.Filter.SizeScale:1]]
[2020.06.12-01.52.52:824][  0]LogConfig: Setting CVar [[r.Tonemapper.Quality:5]]
[2020.06.12-01.52.52:824][  0]LogConfig: Setting CVar [[r.DOF.Gather.AccumulatorQuality:1        ; higher gathering accumulator quality]]
[2020.06.12-01.52.52:825][  0]LogConfig: Setting CVar [[r.DOF.Gather.PostfilterMethod:1          ; Median3x3 postfilering method]]
[2020.06.12-01.52.52:825][  0]LogConfig: Setting CVar [[r.DOF.Gather.EnableBokehSettings:0       ; no bokeh simulation when gathering]]
[2020.06.12-01.52.52:825][  0]LogConfig: Setting CVar [[r.DOF.Gather.RingCount:4                 ; medium number of samples when gathering]]
[2020.06.12-01.52.52:825][  0]LogConfig: Setting CVar [[r.DOF.Scatter.ForegroundCompositing:1    ; additive foreground scattering]]
[2020.06.12-01.52.52:825][  0]LogConfig: Setting CVar [[r.DOF.Scatter.BackgroundCompositing:2    ; additive background scattering]]
[2020.06.12-01.52.52:825][  0]LogConfig: Setting CVar [[r.DOF.Scatter.EnableBokehSettings:1      ; bokeh simulation when scattering]]
[2020.06.12-01.52.52:825][  0]LogConfig: Setting CVar [[r.DOF.Scatter.MaxSpriteRatio:0.1         ; only a maximum of 10% of scattered bokeh]]
[2020.06.12-01.52.52:825][  0]LogConfig: Setting CVar [[r.DOF.Recombine.Quality:1                ; cheap slight out of focus]]
[2020.06.12-01.52.52:825][  0]LogConfig: Setting CVar [[r.DOF.Recombine.EnableBokehSettings:0    ; no bokeh simulation on slight out of focus]]
[2020.06.12-01.52.52:825][  0]LogConfig: Setting CVar [[r.DOF.TemporalAAQuality:1                ; more stable temporal accumulation]]
[2020.06.12-01.52.52:825][  0]LogConfig: Setting CVar [[r.DOF.Kernel.MaxForegroundRadius:0.025]]
[2020.06.12-01.52.52:825][  0]LogConfig: Setting CVar [[r.DOF.Kernel.MaxBackgroundRadius:0.025]]
[2020.06.12-01.52.52:825][  0]LogConfig: Applying CVar settings from Section [TextureQuality@3] File [D:/Uni/3r/2n semestre/Motors2/survival-craft/survival-craft/One_Man_Land/Saved/Config/Windows/Scalability.ini]
[2020.06.12-01.52.52:825][  0]LogConfig: Setting CVar [[r.Streaming.MipBias:0]]
[2020.06.12-01.52.52:825][  0]LogConfig: Setting CVar [[r.Streaming.AmortizeCPUToGPUCopy:0]]
[2020.06.12-01.52.52:825][  0]LogConfig: Setting CVar [[r.Streaming.MaxNumTexturesToStreamPerFrame:0]]
[2020.06.12-01.52.52:825][  0]LogConfig: Setting CVar [[r.Streaming.Boost:1]]
[2020.06.12-01.52.52:825][  0]LogConfig: Setting CVar [[r.MaxAnisotropy:8]]
[2020.06.12-01.52.52:825][  0]LogConfig: Setting CVar [[r.VT.MaxAnisotropy:8]]
[2020.06.12-01.52.52:825][  0]LogConfig: Setting CVar [[r.Streaming.LimitPoolSizeToVRAM:0]]
[2020.06.12-01.52.52:825][  0]LogConfig: Setting CVar [[r.Streaming.PoolSize:1000]]
[2020.06.12-01.52.52:825][  0]LogConfig: Setting CVar [[r.Streaming.MaxEffectiveScreenSize:0]]
[2020.06.12-01.52.52:825][  0]LogConfig: Applying CVar settings from Section [EffectsQuality@3] File [D:/Uni/3r/2n semestre/Motors2/survival-craft/survival-craft/One_Man_Land/Saved/Config/Windows/Scalability.ini]
[2020.06.12-01.52.52:825][  0]LogConfig: Setting CVar [[r.TranslucencyLightingVolumeDim:64]]
[2020.06.12-01.52.52:825][  0]LogConfig: Setting CVar [[r.RefractionQuality:2]]
[2020.06.12-01.52.52:825][  0]LogConfig: Setting CVar [[r.SSR.Quality:3]]
[2020.06.12-01.52.52:825][  0]LogConfig: Setting CVar [[r.SSR.HalfResSceneColor:0]]
[2020.06.12-01.52.52:825][  0]LogConfig: Setting CVar [[r.SceneColorFormat:4]]
[2020.06.12-01.52.52:825][  0]LogConfig: Setting CVar [[r.DetailMode:2]]
[2020.06.12-01.52.52:825][  0]LogConfig: Setting CVar [[r.TranslucencyVolumeBlur:1]]
[2020.06.12-01.52.52:825][  0]LogConfig: Setting CVar [[r.MaterialQualityLevel:1 ; High quality]]
[2020.06.12-01.52.52:825][  0]LogConfig: Setting CVar [[r.SSS.Scale:1]]
[2020.06.12-01.52.52:825][  0]LogConfig: Setting CVar [[r.SSS.SampleSet:2]]
[2020.06.12-01.52.52:825][  0]LogConfig: Setting CVar [[r.SSS.Quality:1]]
[2020.06.12-01.52.52:825][  0]LogConfig: Setting CVar [[r.SSS.HalfRes:1]]
[2020.06.12-01.52.52:825][  0]LogConfig: Setting CVar [[r.SSGI.Quality:3]]
[2020.06.12-01.52.52:825][  0]LogConfig: Setting CVar [[r.EmitterSpawnRateScale:1.0]]
[2020.06.12-01.52.52:825][  0]LogConfig: Setting CVar [[r.ParticleLightQuality:2]]
[2020.06.12-01.52.52:825][  0]LogConfig: Setting CVar [[r.SkyAtmosphere.AerialPerspectiveLUT.FastApplyOnOpaque:1 ; Always have FastSkyLUT 1 in this case to avoid wrong sky]]
[2020.06.12-01.52.52:825][  0]LogConfig: Setting CVar [[r.SkyAtmosphere.AerialPerspectiveLUT.SampleCountPerSlice:1]]
[2020.06.12-01.52.52:825][  0]LogConfig: Setting CVar [[r.SkyAtmosphere.AerialPerspectiveLUT.DepthResolution:16.0]]
[2020.06.12-01.52.52:825][  0]LogConfig: Setting CVar [[r.SkyAtmosphere.FastSkyLUT:1]]
[2020.06.12-01.52.52:825][  0]LogConfig: Setting CVar [[r.SkyAtmosphere.FastSkyLUT.SampleCountMin:4.0]]
[2020.06.12-01.52.52:825][  0]LogConfig: Setting CVar [[r.SkyAtmosphere.FastSkyLUT.SampleCountMax:32.0]]
[2020.06.12-01.52.52:825][  0]LogConfig: Setting CVar [[r.SkyAtmosphere.SampleCountMin:4.0]]
[2020.06.12-01.52.52:825][  0]LogConfig: Setting CVar [[r.SkyAtmosphere.SampleCountMax:32.0]]
[2020.06.12-01.52.52:825][  0]LogConfig: Setting CVar [[r.SkyAtmosphere.TransmittanceLUT.UseSmallFormat:0]]
[2020.06.12-01.52.52:825][  0]LogConfig: Setting CVar [[r.SkyAtmosphere.TransmittanceLUT.SampleCount:10.0]]
[2020.06.12-01.52.52:825][  0]LogConfig: Setting CVar [[r.SkyAtmosphere.MultiScatteringLUT.SampleCount:15.0]]
[2020.06.12-01.52.52:825][  0]LogConfig: Applying CVar settings from Section [FoliageQuality@3] File [D:/Uni/3r/2n semestre/Motors2/survival-craft/survival-craft/One_Man_Land/Saved/Config/Windows/Scalability.ini]
[2020.06.12-01.52.52:825][  0]LogConfig: Setting CVar [[foliage.DensityScale:1.0]]
[2020.06.12-01.52.52:825][  0]LogConfig: Setting CVar [[grass.DensityScale:1.0]]
[2020.06.12-01.52.52:825][  0]LogConfig: Applying CVar settings from Section [ShadingQuality@3] File [D:/Uni/3r/2n semestre/Motors2/survival-craft/survival-craft/One_Man_Land/Saved/Config/Windows/Scalability.ini]
[2020.06.12-01.52.52:825][  0]LogConfig: Setting CVar [[r.HairStrands.SkyLighting.SampleCount:16]]
[2020.06.12-01.52.52:825][  0]LogConfig: Setting CVar [[r.HairStrands.SkyLighting.JitterIntegration:0]]
[2020.06.12-01.52.52:825][  0]LogConfig: Setting CVar [[r.HairStrands.SkyAO.SampleCount:16]]
[2020.06.12-01.52.52:825][  0]LogInit: Selected Device Profile: [Windows]
[2020.06.12-01.52.52:825][  0]LogInit: Applying CVar settings loaded from the selected device profile: [Windows]
[2020.06.12-01.52.52:828][  0]LogHAL: Display: Platform has ~ 16 GB [17035890688 / 17179869184 / 16], which maps to Larger [LargestMinGB=32, LargerMinGB=12, DefaultMinGB=8, SmallerMinGB=6, SmallestMinGB=0)
[2020.06.12-01.52.52:828][  0]LogInit: Going up to parent DeviceProfile []
[2020.06.12-01.52.52:828][  0]LogConfig: Applying CVar settings from Section [ViewDistanceQuality@3] File [D:/Uni/3r/2n semestre/Motors2/survival-craft/survival-craft/One_Man_Land/Saved/Config/Windows/Scalability.ini]
[2020.06.12-01.52.52:828][  0]LogConfig: Setting CVar [[r.SkeletalMeshLODBias:0]]
[2020.06.12-01.52.52:828][  0]LogConfig: Setting CVar [[r.ViewDistanceScale:1.0]]
[2020.06.12-01.52.52:828][  0]LogConfig: Applying CVar settings from Section [AntiAliasingQuality@3] File [D:/Uni/3r/2n semestre/Motors2/survival-craft/survival-craft/One_Man_Land/Saved/Config/Windows/Scalability.ini]
[2020.06.12-01.52.52:828][  0]LogConfig: Setting CVar [[r.PostProcessAAQuality:4]]
[2020.06.12-01.52.52:828][  0]LogConfig: Applying CVar settings from Section [ShadowQuality@3] File [D:/Uni/3r/2n semestre/Motors2/survival-craft/survival-craft/One_Man_Land/Saved/Config/Windows/Scalability.ini]
[2020.06.12-01.52.52:828][  0]LogConfig: Setting CVar [[r.LightFunctionQuality:1]]
[2020.06.12-01.52.52:828][  0]LogConfig: Setting CVar [[r.ShadowQuality:5]]
[2020.06.12-01.52.52:828][  0]LogConfig: Setting CVar [[r.Shadow.CSM.MaxCascades:10]]
[2020.06.12-01.52.52:828][  0]LogConfig: Setting CVar [[r.Shadow.MaxResolution:2048]]
[2020.06.12-01.52.52:829][  0]LogConfig: Setting CVar [[r.Shadow.MaxCSMResolution:2048]]
[2020.06.12-01.52.52:829][  0]LogConfig: Setting CVar [[r.Shadow.RadiusThreshold:0.01]]
[2020.06.12-01.52.52:829][  0]LogConfig: Setting CVar [[r.Shadow.DistanceScale:1.0]]
[2020.06.12-01.52.52:829][  0]LogConfig: Setting CVar [[r.Shadow.CSM.TransitionScale:1.0]]
[2020.06.12-01.52.52:829][  0]LogConfig: Setting CVar [[r.Shadow.PreShadowResolutionFactor:1.0]]
[2020.06.12-01.52.52:829][  0]LogConfig: Setting CVar [[r.DistanceFieldShadowing:1]]
[2020.06.12-01.52.52:829][  0]LogConfig: Setting CVar [[r.DistanceFieldAO:1]]
[2020.06.12-01.52.52:829][  0]LogConfig: Setting CVar [[r.AOQuality:2]]
[2020.06.12-01.52.52:829][  0]LogConfig: Setting CVar [[r.VolumetricFog:1]]
[2020.06.12-01.52.52:829][  0]LogConfig: Setting CVar [[r.VolumetricFog.GridPixelSize:8]]
[2020.06.12-01.52.52:829][  0]LogConfig: Setting CVar [[r.VolumetricFog.GridSizeZ:128]]
[2020.06.12-01.52.52:829][  0]LogConfig: Setting CVar [[r.VolumetricFog.HistoryMissSupersampleCount:4]]
[2020.06.12-01.52.52:829][  0]LogConfig: Setting CVar [[r.LightMaxDrawDistanceScale:1]]
[2020.06.12-01.52.52:829][  0]LogConfig: Setting CVar [[r.CapsuleShadows:1]]
[2020.06.12-01.52.52:829][  0]LogConfig: Applying CVar settings from Section [PostProcessQuality@3] File [D:/Uni/3r/2n semestre/Motors2/survival-craft/survival-craft/One_Man_Land/Saved/Config/Windows/Scalability.ini]
[2020.06.12-01.52.52:829][  0]LogConfig: Setting CVar [[r.MotionBlurQuality:4]]
[2020.06.12-01.52.52:829][  0]LogConfig: Setting CVar [[r.AmbientOcclusionMipLevelFactor:0.4]]
[2020.06.12-01.52.52:829][  0]LogConfig: Setting CVar [[r.AmbientOcclusionMaxQuality:100]]
[2020.06.12-01.52.52:829][  0]LogConfig: Setting CVar [[r.AmbientOcclusionLevels:-1]]
[2020.06.12-01.52.52:829][  0]LogConfig: Setting CVar [[r.AmbientOcclusionRadiusScale:1.0]]
[2020.06.12-01.52.52:829][  0]LogConfig: Setting CVar [[r.DepthOfFieldQuality:2]]
[2020.06.12-01.52.52:829][  0]LogConfig: Setting CVar [[r.RenderTargetPoolMin:400]]
[2020.06.12-01.52.52:829][  0]LogConfig: Setting CVar [[r.LensFlareQuality:2]]
[2020.06.12-01.52.52:829][  0]LogConfig: Setting CVar [[r.SceneColorFringeQuality:1]]
[2020.06.12-01.52.52:829][  0]LogConfig: Setting CVar [[r.EyeAdaptationQuality:2]]
[2020.06.12-01.52.52:829][  0]LogConfig: Setting CVar [[r.BloomQuality:5]]
[2020.06.12-01.52.52:829][  0]LogConfig: Setting CVar [[r.FastBlurThreshold:100]]
[2020.06.12-01.52.52:829][  0]LogConfig: Setting CVar [[r.Upscale.Quality:3]]
[2020.06.12-01.52.52:829][  0]LogConfig: Setting CVar [[r.Tonemapper.GrainQuantization:1]]
[2020.06.12-01.52.52:829][  0]LogConfig: Setting CVar [[r.LightShaftQuality:1]]
[2020.06.12-01.52.52:829][  0]LogConfig: Setting CVar [[r.Filter.SizeScale:1]]
[2020.06.12-01.52.52:829][  0]LogConfig: Setting CVar [[r.Tonemapper.Quality:5]]
[2020.06.12-01.52.52:829][  0]LogConfig: Setting CVar [[r.DOF.Gather.AccumulatorQuality:1        ; higher gathering accumulator quality]]
[2020.06.12-01.52.52:829][  0]LogConfig: Setting CVar [[r.DOF.Gather.PostfilterMethod:1          ; Median3x3 postfilering method]]
[2020.06.12-01.52.52:829][  0]LogConfig: Setting CVar [[r.DOF.Gather.EnableBokehSettings:0       ; no bokeh simulation when gathering]]
[2020.06.12-01.52.52:829][  0]LogConfig: Setting CVar [[r.DOF.Gather.RingCount:4                 ; medium number of samples when gathering]]
[2020.06.12-01.52.52:829][  0]LogConfig: Setting CVar [[r.DOF.Scatter.ForegroundCompositing:1    ; additive foreground scattering]]
[2020.06.12-01.52.52:829][  0]LogConfig: Setting CVar [[r.DOF.Scatter.BackgroundCompositing:2    ; additive background scattering]]
[2020.06.12-01.52.52:829][  0]LogConfig: Setting CVar [[r.DOF.Scatter.EnableBokehSettings:1      ; bokeh simulation when scattering]]
[2020.06.12-01.52.52:829][  0]LogConfig: Setting CVar [[r.DOF.Scatter.MaxSpriteRatio:0.1         ; only a maximum of 10% of scattered bokeh]]
[2020.06.12-01.52.52:829][  0]LogConfig: Setting CVar [[r.DOF.Recombine.Quality:1                ; cheap slight out of focus]]
[2020.06.12-01.52.52:829][  0]LogConfig: Setting CVar [[r.DOF.Recombine.EnableBokehSettings:0    ; no bokeh simulation on slight out of focus]]
[2020.06.12-01.52.52:829][  0]LogConfig: Setting CVar [[r.DOF.TemporalAAQuality:1                ; more stable temporal accumulation]]
[2020.06.12-01.52.52:829][  0]LogConfig: Setting CVar [[r.DOF.Kernel.MaxForegroundRadius:0.025]]
[2020.06.12-01.52.52:829][  0]LogConfig: Setting CVar [[r.DOF.Kernel.MaxBackgroundRadius:0.025]]
[2020.06.12-01.52.52:829][  0]LogConfig: Applying CVar settings from Section [TextureQuality@3] File [D:/Uni/3r/2n semestre/Motors2/survival-craft/survival-craft/One_Man_Land/Saved/Config/Windows/Scalability.ini]
[2020.06.12-01.52.52:829][  0]LogConfig: Setting CVar [[r.Streaming.MipBias:0]]
[2020.06.12-01.52.52:829][  0]LogConfig: Setting CVar [[r.Streaming.AmortizeCPUToGPUCopy:0]]
[2020.06.12-01.52.52:829][  0]LogConfig: Setting CVar [[r.Streaming.MaxNumTexturesToStreamPerFrame:0]]
[2020.06.12-01.52.52:829][  0]LogConfig: Setting CVar [[r.Streaming.Boost:1]]
[2020.06.12-01.52.52:829][  0]LogConfig: Setting CVar [[r.MaxAnisotropy:8]]
[2020.06.12-01.52.52:829][  0]LogConfig: Setting CVar [[r.VT.MaxAnisotropy:8]]
[2020.06.12-01.52.52:829][  0]LogConfig: Setting CVar [[r.Streaming.LimitPoolSizeToVRAM:0]]
[2020.06.12-01.52.52:829][  0]LogConfig: Setting CVar [[r.Streaming.PoolSize:1000]]
[2020.06.12-01.52.52:829][  0]LogConfig: Setting CVar [[r.Streaming.MaxEffectiveScreenSize:0]]
[2020.06.12-01.52.52:829][  0]LogConfig: Applying CVar settings from Section [EffectsQuality@3] File [D:/Uni/3r/2n semestre/Motors2/survival-craft/survival-craft/One_Man_Land/Saved/Config/Windows/Scalability.ini]
[2020.06.12-01.52.52:829][  0]LogConfig: Setting CVar [[r.TranslucencyLightingVolumeDim:64]]
[2020.06.12-01.52.52:829][  0]LogConfig: Setting CVar [[r.RefractionQuality:2]]
[2020.06.12-01.52.52:829][  0]LogConfig: Setting CVar [[r.SSR.Quality:3]]
[2020.06.12-01.52.52:829][  0]LogConfig: Setting CVar [[r.SSR.HalfResSceneColor:0]]
[2020.06.12-01.52.52:830][  0]LogConfig: Setting CVar [[r.SceneColorFormat:4]]
[2020.06.12-01.52.52:830][  0]LogConfig: Setting CVar [[r.DetailMode:2]]
[2020.06.12-01.52.52:830][  0]LogConfig: Setting CVar [[r.TranslucencyVolumeBlur:1]]
[2020.06.12-01.52.52:830][  0]LogConfig: Setting CVar [[r.MaterialQualityLevel:1 ; High quality]]
[2020.06.12-01.52.52:830][  0]LogConfig: Setting CVar [[r.SSS.Scale:1]]
[2020.06.12-01.52.52:830][  0]LogConfig: Setting CVar [[r.SSS.SampleSet:2]]
[2020.06.12-01.52.52:830][  0]LogConfig: Setting CVar [[r.SSS.Quality:1]]
[2020.06.12-01.52.52:830][  0]LogConfig: Setting CVar [[r.SSS.HalfRes:1]]
[2020.06.12-01.52.52:830][  0]LogConfig: Setting CVar [[r.SSGI.Quality:3]]
[2020.06.12-01.52.52:830][  0]LogConfig: Setting CVar [[r.EmitterSpawnRateScale:1.0]]
[2020.06.12-01.52.52:830][  0]LogConfig: Setting CVar [[r.ParticleLightQuality:2]]
[2020.06.12-01.52.52:830][  0]LogConfig: Setting CVar [[r.SkyAtmosphere.AerialPerspectiveLUT.FastApplyOnOpaque:1 ; Always have FastSkyLUT 1 in this case to avoid wrong sky]]
[2020.06.12-01.52.52:830][  0]LogConfig: Setting CVar [[r.SkyAtmosphere.AerialPerspectiveLUT.SampleCountPerSlice:1]]
[2020.06.12-01.52.52:830][  0]LogConfig: Setting CVar [[r.SkyAtmosphere.AerialPerspectiveLUT.DepthResolution:16.0]]
[2020.06.12-01.52.52:830][  0]LogConfig: Setting CVar [[r.SkyAtmosphere.FastSkyLUT:1]]
[2020.06.12-01.52.52:830][  0]LogConfig: Setting CVar [[r.SkyAtmosphere.FastSkyLUT.SampleCountMin:4.0]]
[2020.06.12-01.52.52:830][  0]LogConfig: Setting CVar [[r.SkyAtmosphere.FastSkyLUT.SampleCountMax:32.0]]
[2020.06.12-01.52.52:830][  0]LogConfig: Setting CVar [[r.SkyAtmosphere.SampleCountMin:4.0]]
[2020.06.12-01.52.52:830][  0]LogConfig: Setting CVar [[r.SkyAtmosphere.SampleCountMax:32.0]]
[2020.06.12-01.52.52:830][  0]LogConfig: Setting CVar [[r.SkyAtmosphere.TransmittanceLUT.UseSmallFormat:0]]
[2020.06.12-01.52.52:830][  0]LogConfig: Setting CVar [[r.SkyAtmosphere.TransmittanceLUT.SampleCount:10.0]]
[2020.06.12-01.52.52:830][  0]LogConfig: Setting CVar [[r.SkyAtmosphere.MultiScatteringLUT.SampleCount:15.0]]
[2020.06.12-01.52.52:830][  0]LogConfig: Applying CVar settings from Section [FoliageQuality@3] File [D:/Uni/3r/2n semestre/Motors2/survival-craft/survival-craft/One_Man_Land/Saved/Config/Windows/Scalability.ini]
[2020.06.12-01.52.52:830][  0]LogConfig: Setting CVar [[foliage.DensityScale:1.0]]
[2020.06.12-01.52.52:830][  0]LogConfig: Setting CVar [[grass.DensityScale:1.0]]
[2020.06.12-01.52.52:830][  0]LogConfig: Applying CVar settings from Section [ShadingQuality@3] File [D:/Uni/3r/2n semestre/Motors2/survival-craft/survival-craft/One_Man_Land/Saved/Config/Windows/Scalability.ini]
[2020.06.12-01.52.52:830][  0]LogConfig: Setting CVar [[r.HairStrands.SkyLighting.SampleCount:16]]
[2020.06.12-01.52.52:830][  0]LogConfig: Setting CVar [[r.HairStrands.SkyLighting.JitterIntegration:0]]
[2020.06.12-01.52.52:830][  0]LogConfig: Setting CVar [[r.HairStrands.SkyAO.SampleCount:16]]
[2020.06.12-01.52.52:830][  0]LogConfig: Applying CVar settings from Section [Startup] File [../../../Engine/Config/ConsoleVariables.ini]
[2020.06.12-01.52.52:830][  0]LogConfig: Setting CVar [[net.UseAdaptiveNetUpdateFrequency:0]]
[2020.06.12-01.52.52:830][  0]LogConfig: Setting CVar [[p.chaos.AllowCreatePhysxBodies:1]]
[2020.06.12-01.52.52:830][  0]LogConfig: Applying CVar settings from Section [ConsoleVariables] File [D:/Uni/3r/2n semestre/Motors2/survival-craft/survival-craft/One_Man_Land/Saved/Config/Windows/Engine.ini]
[2020.06.12-01.52.52:830][  0]LogInit: Computer: DESKTOP-6GKBG9S
[2020.06.12-01.52.52:830][  0]LogInit: User: Usuari
[2020.06.12-01.52.52:830][  0]LogInit: CPU Page size=4096, Cores=4
[2020.06.12-01.52.52:830][  0]LogInit: High frequency timer resolution =10.000000 MHz
[2020.06.12-01.52.52:831][  0]LogMemory: Memory total: Physical=15.9GB (16GB approx)
[2020.06.12-01.52.52:831][  0]LogMemory: Platform Memory Stats for Windows
[2020.06.12-01.52.52:831][  0]LogMemory: Process Physical Memory: 107.56 MB used, 107.57 MB peak
[2020.06.12-01.52.52:831][  0]LogMemory: Process Virtual Memory: 104.63 MB used, 104.63 MB peak
[2020.06.12-01.52.52:831][  0]LogMemory: Physical Memory: 9294.78 MB used,  6951.91 MB free, 16246.69 MB total
[2020.06.12-01.52.52:831][  0]LogMemory: Virtual Memory: 5141.51 MB used,  134212584.00 MB free, 134217728.00 MB total
[2020.06.12-01.52.52:835][  0]LogWindows: WindowsPlatformFeatures enabled
[2020.06.12-01.52.52:855][  0]LogInit: Using OS detected language (es-ES).
[2020.06.12-01.52.52:855][  0]LogInit: Using OS detected locale (es-ES).
[2020.06.12-01.52.52:856][  0]LogTextLocalizationManager: No specific localization for 'es-ES' exists, so the 'es' localization will be used.
[2020.06.12-01.52.52:916][  0]LogSlate: New Slate User Created.  User Index 0, Is Virtual User: 0
[2020.06.12-01.52.52:916][  0]LogSlate: Slate User Registered.  User Index 0, Is Virtual User: 0
[2020.06.12-01.52.52:924][  0]LogHMD: Failed to initialize OpenVR with code 110
[2020.06.12-01.52.52:924][  0]LogD3D11RHI: D3D11 min allowed feature level: 11_0
[2020.06.12-01.52.52:924][  0]LogD3D11RHI: D3D11 max allowed feature level: 11_0
[2020.06.12-01.52.52:924][  0]LogD3D11RHI: D3D11 adapters:
[2020.06.12-01.52.52:938][  0]LogD3D11RHI:    0. 'Intel(R) HD Graphics 630' (Feature Level 11_0)
[2020.06.12-01.52.52:938][  0]LogD3D11RHI:       128/0/8123 MB DedicatedVideo/DedicatedSystem/SharedSystem, Outputs:1, VendorId:0x8086
[2020.06.12-01.52.52:982][  0]LogD3D11RHI:    1. 'NVIDIA GeForce GTX 1070' (Feature Level 11_0)
[2020.06.12-01.52.52:982][  0]LogD3D11RHI:       8088/0/8123 MB DedicatedVideo/DedicatedSystem/SharedSystem, Outputs:0, VendorId:0x10de
[2020.06.12-01.52.52:985][  0]LogD3D11RHI:    2. 'Microsoft Basic Render Driver' (Feature Level 11_0)
[2020.06.12-01.52.52:985][  0]LogD3D11RHI:       0/0/8123 MB DedicatedVideo/DedicatedSystem/SharedSystem, Outputs:0, VendorId:0x1414
[2020.06.12-01.52.52:985][  0]LogD3D11RHI: Chosen D3D11 Adapter: 1
[2020.06.12-01.52.52:991][  0]LogD3D11RHI: Creating new Direct3DDevice
[2020.06.12-01.52.52:991][  0]LogD3D11RHI:     GPU DeviceId: 0x1b81 (for the marketing name, search the web for "GPU Device Id")
[2020.06.12-01.52.52:991][  0]LogWindows: EnumDisplayDevices:
[2020.06.12-01.52.52:992][  0]LogWindows:    0. 'Intel(R) HD Graphics 630' (P:1 D:1)
[2020.06.12-01.52.52:992][  0]LogWindows:    1. 'Intel(R) HD Graphics 630' (P:0 D:0)
[2020.06.12-01.52.52:992][  0]LogWindows:    2. 'Intel(R) HD Graphics 630' (P:0 D:0)
[2020.06.12-01.52.52:992][  0]LogWindows:    3. 'NVIDIA GeForce GTX 1070' (P:0 D:0)
[2020.06.12-01.52.52:993][  0]LogWindows:    4. 'NVIDIA GeForce GTX 1070' (P:0 D:0)
[2020.06.12-01.52.52:993][  0]LogWindows:    5. 'NVIDIA GeForce GTX 1070' (P:0 D:0)
[2020.06.12-01.52.52:994][  0]LogWindows:    6. 'NVIDIA GeForce GTX 1070' (P:0 D:0)
[2020.06.12-01.52.52:994][  0]LogWindows: DebugString: PrimaryIsNotTheChoosenAdapter PrimaryIsNotTheChoosenAdapter PrimaryIsNotTheChoosenAdapter FoundDriverCount:4 
[2020.06.12-01.52.52:994][  0]LogD3D11RHI:     Adapter Name: NVIDIA GeForce GTX 1070
[2020.06.12-01.52.52:994][  0]LogD3D11RHI:   Driver Version: 432.00 (internal:26.21.14.3200, unified:432.00)
[2020.06.12-01.52.52:994][  0]LogD3D11RHI:      Driver Date: 7-24-2019
[2020.06.12-01.52.52:994][  0]LogRHI: Texture pool is 5661 MB (70% of 8088 MB)
[2020.06.12-01.52.53:025][  0]LogD3D11RHI: RHI has support for 64 bit atomics
[2020.06.12-01.52.53:025][  0]LogD3D11RHI: Async texture creation enabled
[2020.06.12-01.52.53:038][  0]LogD3D11RHI: GPU Timing Frequency: 1000.000000 (Debug: 2 1)
[2020.06.12-01.52.53:287][  0]LogTargetPlatformManager: Display: Loaded TargetPlatform 'WindowsNoEditor'
[2020.06.12-01.52.53:289][  0]LogTargetPlatformManager: Display: Loaded TargetPlatform 'Windows'
[2020.06.12-01.52.53:294][  0]LogTargetPlatformManager: Display: Loaded TargetPlatform 'WindowsClient'
[2020.06.12-01.52.53:299][  0]LogTargetPlatformManager: Display: Loaded TargetPlatform 'WindowsServer'
[2020.06.12-01.52.53:299][  0]LogTargetPlatformManager: Display: Building Assets For Windows
[2020.06.12-01.52.53:301][  0]LogAudioDebug: Display: Lib vorbis DLL was dynamically loaded.
[2020.06.12-01.52.53:314][  0]LogShaderCompilers: Guid format shader working directory is -38 characters bigger than the processId version (../../../../../Uni/3r/2n semestre/Motors2/survival-craft/survival-craft/One_Man_Land/Intermediate/Shaders/WorkingDirectory/12748/).
[2020.06.12-01.52.53:314][  0]LogShaderCompilers: Cleaned the shader compiler working directory 'C:/Users/Usuari/AppData/Local/Temp/UnrealShaderWorkingDir/261924AA4962D400A2F86CA3C4782E6C/'.
[2020.06.12-01.52.53:315][  0]LogXGEController: Cannot use XGE Controller as Incredibuild is not installed on this machine.
[2020.06.12-01.52.53:315][  0]LogShaderCompilers: Cannot use XGE Shader Compiler as Incredibuild is not installed on this machine.
[2020.06.12-01.52.53:315][  0]LogShaderCompilers: Display: Using Local Shader Compiler.
[2020.06.12-01.52.53:873][  0]LogDerivedDataCache: Display: Max Cache Size: 512 MB
[2020.06.12-01.52.53:925][  0]LogDerivedDataCache: Loaded boot cache 0.05s 78MB C:/Users/Usuari/AppData/Local/UnrealEngine/4.24/DerivedDataCache/Boot.ddc.
[2020.06.12-01.52.53:925][  0]LogDerivedDataCache: Display: Loaded Boot cache: C:/Users/Usuari/AppData/Local/UnrealEngine/4.24/DerivedDataCache/Boot.ddc
[2020.06.12-01.52.53:925][  0]LogDerivedDataCache: FDerivedDataBackendGraph:  Pak pak cache file ../../../../../Uni/3r/2n semestre/Motors2/survival-craft/survival-craft/One_Man_Land/DerivedDataCache/DDC.ddp not found, will not use a pak cache.
[2020.06.12-01.52.53:925][  0]LogDerivedDataCache: Unable to find inner node Pak for hierarchical cache Hierarchy.
[2020.06.12-01.52.53:925][  0]LogDerivedDataCache: FDerivedDataBackendGraph:  CompressedPak pak cache file ../../../../../Uni/3r/2n semestre/Motors2/survival-craft/survival-craft/One_Man_Land/DerivedDataCache/Compressed.ddp not found, will not use a pak cache.
[2020.06.12-01.52.53:925][  0]LogDerivedDataCache: Unable to find inner node CompressedPak for hierarchical cache Hierarchy.
[2020.06.12-01.52.53:934][  0]LogDerivedDataCache: Display: Pak cache opened for reading ../../../Engine/DerivedDataCache/Compressed.ddp.
[2020.06.12-01.52.53:934][  0]LogDerivedDataCache: FDerivedDataBackendGraph:  EnterprisePak pak cache file ../../../Enterprise/DerivedDataCache/Compressed.ddp not found, will not use a pak cache.
[2020.06.12-01.52.53:934][  0]LogDerivedDataCache: Unable to find inner node EnterprisePak for hierarchical cache Hierarchy.
[2020.06.12-01.52.53:935][  0]LogDerivedDataCache: Using Local data cache path C:/Users/Usuari/AppData/Local/UnrealEngine/Common/DerivedDataCache: Writable
[2020.06.12-01.52.53:935][  0]LogDerivedDataCache: Shared data cache path not found in *engine.ini, will not use an Shared cache.
[2020.06.12-01.52.53:935][  0]LogDerivedDataCache: Unable to find inner node Shared for hierarchical cache Hierarchy.
[2020.06.12-01.52.53:954][  0]LogMaterial: Verifying Global Shaders for PCD3D_SM5
[2020.06.12-01.52.53:956][  0]LogSlate: Using FreeType 2.10.0
[2020.06.12-01.52.53:956][  0]LogSlate: SlateFontServices - WITH_FREETYPE: 1, WITH_HARFBUZZ: 1
[2020.06.12-01.52.54:060][  0]LogInit: Using OS detected language (es-ES).
[2020.06.12-01.52.54:060][  0]LogInit: Using OS detected locale (es-ES).
[2020.06.12-01.52.54:060][  0]LogTextLocalizationManager: No localization for 'es-ES' exists, so 'en' will be used for the language.
[2020.06.12-01.52.54:060][  0]LogTextLocalizationManager: No localization for 'es-ES' exists, so 'en' will be used for the locale.
[2020.06.12-01.52.54:060][  0]LogSlate: FontCache flush requested. Reason: Culture for localization was changed
[2020.06.12-01.52.54:060][  0]LogSlate: FontCache flush requested. Reason: Culture for localization was changed
[2020.06.12-01.52.54:060][  0]LogTextLocalizationManager: Compacting localization data took   0.00ms
[2020.06.12-01.52.54:065][  0]LogAssetRegistry: FAssetRegistry took 0.0031 seconds to start up
[2020.06.12-01.52.54:294][  0]LogPackageLocalizationCache: Processed 10 localized package path(s) for 1 prioritized culture(s) in 0.000444 seconds
[2020.06.12-01.52.54:341][  0]LogInit: Selected Device Profile: [Windows]
[2020.06.12-01.52.54:437][  0]LogMeshReduction: Using QuadricMeshReduction for automatic static mesh reduction
[2020.06.12-01.52.54:438][  0]LogMeshReduction: Using SimplygonMeshReduction for automatic skeletal mesh reduction
[2020.06.12-01.52.54:438][  0]LogMeshReduction: Using ProxyLODMeshReduction for automatic mesh merging
[2020.06.12-01.52.54:438][  0]LogMeshReduction: No distributed automatic mesh merging module available
[2020.06.12-01.52.54:438][  0]LogMeshMerging: No distributed automatic mesh merging module available
[2020.06.12-01.52.54:448][  0]LogNetVersion: One_Man_Land 1.0.0, NetCL: 10570792, EngineNetVer: 13, GameNetVer: 0 (Checksum: 3489033838)
[2020.06.12-01.52.54:828][  0]LogMoviePlayer: Initializing movie player
[2020.06.12-01.52.54:896][  0]LogTcpMessaging: Initializing TcpMessaging bridge
[2020.06.12-01.52.54:897][  0]LogUdpMessaging: Initializing bridge on interface 0.0.0.0:0 to multicast group 230.0.0.1:6666.
[2020.06.12-01.52.54:913][  0]SourceControl: El control de código fuente está desactivado
[2020.06.12-01.52.54:913][  0]SourceControl: El control de código fuente está desactivado
[2020.06.12-01.52.54:914][  0]SourceControl: El control de código fuente está desactivado
[2020.06.12-01.52.54:929][  0]LogAndroidPermission: UAndroidPermissionCallbackProxy::GetInstance
[2020.06.12-01.52.54:932][  0]LogAudioCaptureCore: Display: No Audio Capture implementations found. Audio input will be silent.
[2020.06.12-01.52.54:932][  0]LogAudioCaptureCore: Display: No Audio Capture implementations found. Audio input will be silent.
[2020.06.12-01.52.54:969][  0]LogOcInput: OculusInput pre-init called
[2020.06.12-01.52.54:977][  0]LogUObjectArray: 52645 objects as part of root set at end of initial load.
[2020.06.12-01.52.54:977][  0]LogUObjectAllocator: 9318280 out of 0 bytes used by permanent object pool.
[2020.06.12-01.52.54:977][  0]LogUObjectArray: CloseDisregardForGC: 0/0 objects in disregard for GC pool
[2020.06.12-01.52.55:016][  0]LogEngine: Initializing Engine...
[2020.06.12-01.52.55:017][  0]LogHMD: Failed to initialize OpenVR with code 110
[2020.06.12-01.52.55:018][  0]LogStats: UGameplayTagsManager::InitializeManager -  0.000 s
[2020.06.12-01.52.55:161][  0]LogInit: Initializing FReadOnlyCVARCache
[2020.06.12-01.52.55:163][  0]LogAudioMixer: Display: Audio Mixer Platform Settings:
[2020.06.12-01.52.55:163][  0]LogAudioMixer: Display: 	Sample Rate:						  48000
[2020.06.12-01.52.55:163][  0]LogAudioMixer: Display: 	Callback Buffer Frame Size Requested: 1024
[2020.06.12-01.52.55:163][  0]LogAudioMixer: Display: 	Callback Buffer Frame Size To Use:	  1024
[2020.06.12-01.52.55:163][  0]LogAudioMixer: Display: 	Number of buffers to queue:			  2
[2020.06.12-01.52.55:163][  0]LogAudioMixer: Display: 	Max Channels (voices):				  32
[2020.06.12-01.52.55:163][  0]LogAudioMixer: Display: 	Number of Async Source Workers:		  0
[2020.06.12-01.52.55:163][  0]LogAudio: Display: AudioDevice MaxSources: 32
[2020.06.12-01.52.55:163][  0]LogAudio: Display: Using built-in audio occlusion.
[2020.06.12-01.52.55:163][  0]LogAudioMixer: Display: Initializing audio mixer.
[2020.06.12-01.52.55:192][  0]LogAudioMixer: Display: Audio Device Output Speaker Info:
[2020.06.12-01.52.55:192][  0]LogAudioMixer: Display: Name: Altavoces (Realtek High Definition Audio)
[2020.06.12-01.52.55:192][  0]LogAudioMixer: Display: Is Default: Yes
[2020.06.12-01.52.55:192][  0]LogAudioMixer: Display: Sample Rate: 48000
[2020.06.12-01.52.55:192][  0]LogAudioMixer: Display: Channel Count Used: 2
[2020.06.12-01.52.55:192][  0]LogAudioMixer: Display: Device Channel Count: 2
[2020.06.12-01.52.55:192][  0]LogAudioMixer: Display: Channel Order:
[2020.06.12-01.52.55:192][  0]LogAudioMixer: Display: 0: FrontLeft
[2020.06.12-01.52.55:192][  0]LogAudioMixer: Display: 1: FrontRight
[2020.06.12-01.52.55:211][  0]LogAudioMixer: Display: Using Audio Device Altavoces (Realtek High Definition Audio)
[2020.06.12-01.52.55:219][  0]LogInit: FAudioDevice initialized.
[2020.06.12-01.52.55:219][  0]LogNetVersion: Set ProjectVersion to 1.0.0.0. Version Checksum will be recalculated on next use.
[2020.06.12-01.52.55:220][  0]LogInit: Texture streaming: Enabled
[2020.06.12-01.52.55:316][  0]LogSlate: Updating window title bar state: overlay mode, drag disabled, window buttons hidden, title bar hidden
[2020.06.12-01.52.55:316][  0]LogInit: Display: Game Engine Initialized.
[2020.06.12-01.52.55:323][  0]LogInit: Display: Starting Game.
[2020.06.12-01.52.55:323][  0]LogNet: Browse: /Game/FirstPersonBP/Maps/PersistentLevel?Name=Player
[2020.06.12-01.52.55:323][  0]LogLoad: LoadMap: /Game/FirstPersonBP/Maps/PersistentLevel?Name=Player
[2020.06.12-01.52.55:323][  0]LogWorld: BeginTearingDown for /Temp/Untitled_0
[2020.06.12-01.52.55:324][  0]LogWorld: UWorld::CleanupWorld for Untitled, bSessionEnded=true, bCleanupResources=true
[2020.06.12-01.52.55:324][  0]LogSlate: InvalidateAllWidgets triggered.  All widgets were invalidated
[2020.06.12-01.52.55:343][  0]LogAudioMixer: Display: No commands were queued while flushing the source manager.
[2020.06.12-01.52.55:345][  0]LogUObjectHash: Compacting FUObjectHashTables data took   1.35ms
[2020.06.12-01.52.56:605][  0]LogAIModule: Creating AISystem for world PersistentLevel
[2020.06.12-01.52.56:605][  0]LogLoad: Game class is 'FirstPersonGameMode_C'
[2020.06.12-01.52.56:606][  0]LogWorld: Bringing World /Game/FirstPersonBP/Maps/PersistentLevel.PersistentLevel up for play (max tick rate 0) at 2020.06.12-03.52.56
[2020.06.12-01.52.56:606][  0]LogWorld: Bringing up level for play took: 0.000368
[2020.06.12-01.52.56:606][  0]LogGameMode: FindPlayerStart: PATHS NOT DEFINED or NO PLAYERSTART with positive rating
[2020.06.12-01.52.56:607][  0]LogSpawn: Warning: SpawnActor failed because no class was specified
[2020.06.12-01.52.56:611][  0]LogPlayerController: Error: InputMode:UIOnly - Attempting to focus Non-Focusable widget SObjectWidget [Widget.cpp(776)]!
[2020.06.12-01.52.56:611][  0]LogLoad: Took 1.289123 seconds to LoadMap(/Game/FirstPersonBP/Maps/PersistentLevel)
[2020.06.12-01.52.56:635][  0]LogRenderer: Reallocating scene render targets to support 1920x1080 Format 10 NumSamples 1 (Frame:1).
[2020.06.12-01.52.56:635][  0]LogLoad: (Engine Initialization) Total time: 4.69 seconds
[2020.06.12-01.52.56:635][  0]LogLoad: (Engine Initialization) Total Blueprint compile time: 0.00 seconds
[2020.06.12-01.52.56:657][  0]LogContentStreaming: Texture pool size now 1000 MB
[2020.06.12-01.52.56:662][  0]LogSlate: InvalidateAllWidgets triggered.  All widgets were invalidated
[2020.06.12-01.53.00:174][228]LogLevel: ActivateLevel /Game/FirstPersonBP/Maps/Main 1 1 0
[2020.06.12-01.53.00:182][229]LogLevelStreaming: Display: FStreamLevelAction::UpdateOperation() LevelName Main, bIsLevelValid 1
[2020.06.12-01.53.00:190][230]LogLevelStreaming: Display: FStreamLevelAction::UpdateOperation() LevelName Main, bIsLevelValid 1
[2020.06.12-01.53.00:197][231]LogLevelStreaming: Display: FStreamLevelAction::UpdateOperation() LevelName Main, bIsLevelValid 1
[2020.06.12-01.53.00:207][232]LogLevelStreaming: Display: FStreamLevelAction::UpdateOperation() LevelName Main, bIsLevelValid 1
[2020.06.12-01.53.00:215][233]LogLevelStreaming: Display: FStreamLevelAction::UpdateOperation() LevelName Main, bIsLevelValid 1
[2020.06.12-01.53.00:224][234]LogLevelStreaming: Display: FStreamLevelAction::UpdateOperation() LevelName Main, bIsLevelValid 1
[2020.06.12-01.53.00:234][235]LogLevelStreaming: Display: FStreamLevelAction::UpdateOperation() LevelName Main, bIsLevelValid 1
[2020.06.12-01.53.00:239][236]LogLevelStreaming: Display: FStreamLevelAction::UpdateOperation() LevelName Main, bIsLevelValid 1
[2020.06.12-01.53.00:246][237]LogLevelStreaming: Display: FStreamLevelAction::UpdateOperation() LevelName Main, bIsLevelValid 1
[2020.06.12-01.53.00:253][238]LogLevelStreaming: Display: FStreamLevelAction::UpdateOperation() LevelName Main, bIsLevelValid 1
[2020.06.12-01.53.00:258][239]LogLevelStreaming: Display: FStreamLevelAction::UpdateOperation() LevelName Main, bIsLevelValid 1
[2020.06.12-01.53.00:265][240]LogLevelStreaming: Display: FStreamLevelAction::UpdateOperation() LevelName Main, bIsLevelValid 1
[2020.06.12-01.53.00:272][241]LogLevelStreaming: Display: FStreamLevelAction::UpdateOperation() LevelName Main, bIsLevelValid 1
[2020.06.12-01.53.00:277][242]LogLevelStreaming: Display: FStreamLevelAction::UpdateOperation() LevelName Main, bIsLevelValid 1
[2020.06.12-01.53.00:285][243]LogLevelStreaming: Display: FStreamLevelAction::UpdateOperation() LevelName Main, bIsLevelValid 1
[2020.06.12-01.53.00:294][244]LogLevelStreaming: Display: FStreamLevelAction::UpdateOperation() LevelName Main, bIsLevelValid 1
[2020.06.12-01.53.00:301][245]LogLevelStreaming: Display: FStreamLevelAction::UpdateOperation() LevelName Main, bIsLevelValid 1
[2020.06.12-01.53.00:311][246]LogLevelStreaming: Display: FStreamLevelAction::UpdateOperation() LevelName Main, bIsLevelValid 1
[2020.06.12-01.53.00:320][247]LogLevelStreaming: Display: FStreamLevelAction::UpdateOperation() LevelName Main, bIsLevelValid 1
[2020.06.12-01.53.00:336][248]LogLevelStreaming: Display: FStreamLevelAction::UpdateOperation() LevelName Main, bIsLevelValid 1
[2020.06.12-01.53.00:342][249]LogLevelStreaming: Display: FStreamLevelAction::UpdateOperation() LevelName Main, bIsLevelValid 1
[2020.06.12-01.53.00:348][250]LogLevelStreaming: Display: FStreamLevelAction::UpdateOperation() LevelName Main, bIsLevelValid 1
[2020.06.12-01.53.00:354][251]LogLevelStreaming: Display: FStreamLevelAction::UpdateOperation() LevelName Main, bIsLevelValid 1
[2020.06.12-01.53.00:360][252]LogLevelStreaming: Display: FStreamLevelAction::UpdateOperation() LevelName Main, bIsLevelValid 1
[2020.06.12-01.53.00:368][253]LogLevelStreaming: Display: FStreamLevelAction::UpdateOperation() LevelName Main, bIsLevelValid 1
[2020.06.12-01.53.00:375][254]LogLevelStreaming: Display: FStreamLevelAction::UpdateOperation() LevelName Main, bIsLevelValid 1
[2020.06.12-01.53.00:382][255]LogLevelStreaming: Display: FStreamLevelAction::UpdateOperation() LevelName Main, bIsLevelValid 1
[2020.06.12-01.53.00:388][256]LogLevelStreaming: Display: FStreamLevelAction::UpdateOperation() LevelName Main, bIsLevelValid 1
[2020.06.12-01.53.00:394][257]LogLevelStreaming: Display: FStreamLevelAction::UpdateOperation() LevelName Main, bIsLevelValid 1
[2020.06.12-01.53.00:401][258]LogLevelStreaming: Display: FStreamLevelAction::UpdateOperation() LevelName Main, bIsLevelValid 1
[2020.06.12-01.53.00:407][259]LogLevelStreaming: Display: FStreamLevelAction::UpdateOperation() LevelName Main, bIsLevelValid 1
[2020.06.12-01.53.00:413][260]LogLevelStreaming: Display: FStreamLevelAction::UpdateOperation() LevelName Main, bIsLevelValid 1
[2020.06.12-01.53.00:426][261]LogLevelStreaming: Display: FStreamLevelAction::UpdateOperation() LevelName Main, bIsLevelValid 1
[2020.06.12-01.53.00:443][262]LogLevelStreaming: Display: FStreamLevelAction::UpdateOperation() LevelName Main, bIsLevelValid 1
[2020.06.12-01.53.00:450][263]LogLevelStreaming: Display: FStreamLevelAction::UpdateOperation() LevelName Main, bIsLevelValid 1
[2020.06.12-01.53.00:458][264]LogLevelStreaming: Display: FStreamLevelAction::UpdateOperation() LevelName Main, bIsLevelValid 1
[2020.06.12-01.53.00:466][265]LogLevelStreaming: Display: FStreamLevelAction::UpdateOperation() LevelName Main, bIsLevelValid 1
[2020.06.12-01.53.00:476][266]LogLevelStreaming: Display: FStreamLevelAction::UpdateOperation() LevelName Main, bIsLevelValid 1
[2020.06.12-01.53.00:488][267]LogLevelStreaming: Display: FStreamLevelAction::UpdateOperation() LevelName Main, bIsLevelValid 1
[2020.06.12-01.53.00:494][268]LogLevelStreaming: Display: FStreamLevelAction::UpdateOperation() LevelName Main, bIsLevelValid 1
[2020.06.12-01.53.00:496][269]LogStreaming: Error: Couldn't find file for package /Game/Rabbit/Rabbit requested by async loading code. NameToLoad: /Game/Rabbit/Rabbit
[2020.06.12-01.53.00:496][269]LogStreaming: Error: Couldn't find file for package /Game/Wolf/Wolf requested by async loading code. NameToLoad: /Game/Wolf/Wolf
[2020.06.12-01.53.00:504][269]LogLevelStreaming: Display: FStreamLevelAction::UpdateOperation() LevelName Main, bIsLevelValid 1
[2020.06.12-01.53.00:511][270]LogLevelStreaming: Display: FStreamLevelAction::UpdateOperation() LevelName Main, bIsLevelValid 1
[2020.06.12-01.53.00:518][271]LogLevelStreaming: Display: FStreamLevelAction::UpdateOperation() LevelName Main, bIsLevelValid 1
[2020.06.12-01.53.00:527][272]LogLevelStreaming: Display: FStreamLevelAction::UpdateOperation() LevelName Main, bIsLevelValid 1
[2020.06.12-01.53.00:533][273]LogLevelStreaming: Display: FStreamLevelAction::UpdateOperation() LevelName Main, bIsLevelValid 1
[2020.06.12-01.53.00:539][274]LogLevelStreaming: Display: FStreamLevelAction::UpdateOperation() LevelName Main, bIsLevelValid 1
[2020.06.12-01.53.00:544][275]LogLevelStreaming: Display: FStreamLevelAction::UpdateOperation() LevelName Main, bIsLevelValid 1
[2020.06.12-01.53.00:553][276]LogLevelStreaming: Display: FStreamLevelAction::UpdateOperation() LevelName Main, bIsLevelValid 1
[2020.06.12-01.53.00:591][277]LogLevelStreaming: Display: FStreamLevelAction::UpdateOperation() LevelName Main, bIsLevelValid 1
[2020.06.12-01.53.00:599][278]LogLevelStreaming: Display: FStreamLevelAction::UpdateOperation() LevelName Main, bIsLevelValid 1
[2020.06.12-01.53.00:605][279]LogLevelStreaming: Display: FStreamLevelAction::UpdateOperation() LevelName Main, bIsLevelValid 1
[2020.06.12-01.53.00:623][280]LogLevelStreaming: Display: FStreamLevelAction::UpdateOperation() LevelName Main, bIsLevelValid 1
[2020.06.12-01.53.00:632][281]LogLevelStreaming: Display: FStreamLevelAction::UpdateOperation() LevelName Main, bIsLevelValid 1
[2020.06.12-01.53.00:639][282]LogLevelStreaming: Display: FStreamLevelAction::UpdateOperation() LevelName Main, bIsLevelValid 1
[2020.06.12-01.53.00:645][283]LogLevelStreaming: Display: FStreamLevelAction::UpdateOperation() LevelName Main, bIsLevelValid 1
[2020.06.12-01.53.00:651][284]LogLevelStreaming: Display: FStreamLevelAction::UpdateOperation() LevelName Main, bIsLevelValid 1
[2020.06.12-01.53.00:658][285]LogLevelStreaming: Display: FStreamLevelAction::UpdateOperation() LevelName Main, bIsLevelValid 1
[2020.06.12-01.53.00:672][286]LogLevelStreaming: Display: FStreamLevelAction::UpdateOperation() LevelName Main, bIsLevelValid 1
[2020.06.12-01.53.00:678][287]LogLevelStreaming: Display: FStreamLevelAction::UpdateOperation() LevelName Main, bIsLevelValid 1
[2020.06.12-01.53.00:684][288]LogLevelStreaming: Display: FStreamLevelAction::UpdateOperation() LevelName Main, bIsLevelValid 1
[2020.06.12-01.53.00:692][289]LogLevelStreaming: Display: FStreamLevelAction::UpdateOperation() LevelName Main, bIsLevelValid 1
[2020.06.12-01.53.00:702][290]LogLevelStreaming: Display: FStreamLevelAction::UpdateOperation() LevelName Main, bIsLevelValid 1
[2020.06.12-01.53.00:709][291]LogLevelStreaming: Display: FStreamLevelAction::UpdateOperation() LevelName Main, bIsLevelValid 1
[2020.06.12-01.53.00:715][292]LogLevelStreaming: Display: FStreamLevelAction::UpdateOperation() LevelName Main, bIsLevelValid 1
[2020.06.12-01.53.00:726][293]LogLevelStreaming: Display: FStreamLevelAction::UpdateOperation() LevelName Main, bIsLevelValid 1
[2020.06.12-01.53.00:753][294]LogLevelStreaming: Display: FStreamLevelAction::UpdateOperation() LevelName Main, bIsLevelValid 1
[2020.06.12-01.53.00:761][295]LogLevelStreaming: Display: FStreamLevelAction::UpdateOperation() LevelName Main, bIsLevelValid 1
[2020.06.12-01.53.00:767][296]LogLevelStreaming: Display: FStreamLevelAction::UpdateOperation() LevelName Main, bIsLevelValid 1
[2020.06.12-01.53.00:774][297]LogLevelStreaming: Display: FStreamLevelAction::UpdateOperation() LevelName Main, bIsLevelValid 1
[2020.06.12-01.53.00:782][298]LogLevelStreaming: Display: FStreamLevelAction::UpdateOperation() LevelName Main, bIsLevelValid 1
[2020.06.12-01.53.00:798][299]LogLevelStreaming: Display: FStreamLevelAction::UpdateOperation() LevelName Main, bIsLevelValid 1
[2020.06.12-01.53.00:804][300]LogLevelStreaming: Display: FStreamLevelAction::UpdateOperation() LevelName Main, bIsLevelValid 1
[2020.06.12-01.53.00:814][301]LogLevelStreaming: Display: FStreamLevelAction::UpdateOperation() LevelName Main, bIsLevelValid 1
[2020.06.12-01.53.00:820][302]LogLevelStreaming: Display: FStreamLevelAction::UpdateOperation() LevelName Main, bIsLevelValid 1
[2020.06.12-01.53.00:842][303]LogLevelStreaming: Display: FStreamLevelAction::UpdateOperation() LevelName Main, bIsLevelValid 1
[2020.06.12-01.53.00:849][304]LogLevelStreaming: Display: FStreamLevelAction::UpdateOperation() LevelName Main, bIsLevelValid 1
[2020.06.12-01.53.00:892][305]LogLevelStreaming: Display: FStreamLevelAction::UpdateOperation() LevelName Main, bIsLevelValid 1
[2020.06.12-01.53.00:902][306]LogLevelStreaming: Display: FStreamLevelAction::UpdateOperation() LevelName Main, bIsLevelValid 1
[2020.06.12-01.53.00:916][307]LogLevelStreaming: Display: FStreamLevelAction::UpdateOperation() LevelName Main, bIsLevelValid 1
[2020.06.12-01.53.00:929][308]LogLevelStreaming: Display: FStreamLevelAction::UpdateOperation() LevelName Main, bIsLevelValid 1
[2020.06.12-01.53.00:936][309]LogLevelStreaming: Display: FStreamLevelAction::UpdateOperation() LevelName Main, bIsLevelValid 1
[2020.06.12-01.53.00:947][310]LogLevelStreaming: Display: FStreamLevelAction::UpdateOperation() LevelName Main, bIsLevelValid 1
[2020.06.12-01.53.00:962][311]LogLevelStreaming: Display: FStreamLevelAction::UpdateOperation() LevelName Main, bIsLevelValid 1
[2020.06.12-01.53.00:968][312]LogLevelStreaming: Display: FStreamLevelAction::UpdateOperation() LevelName Main, bIsLevelValid 1
[2020.06.12-01.53.00:991][313]LogLevelStreaming: Display: FStreamLevelAction::UpdateOperation() LevelName Main, bIsLevelValid 1
[2020.06.12-01.53.00:996][314]LogLevelStreaming: Display: FStreamLevelAction::UpdateOperation() LevelName Main, bIsLevelValid 1
[2020.06.12-01.53.01:007][315]LogLevelStreaming: Display: FStreamLevelAction::UpdateOperation() LevelName Main, bIsLevelValid 1
[2020.06.12-01.53.01:013][316]LogLevelStreaming: Display: FStreamLevelAction::UpdateOperation() LevelName Main, bIsLevelValid 1
[2020.06.12-01.53.01:029][317]LogLevelStreaming: Display: FStreamLevelAction::UpdateOperation() LevelName Main, bIsLevelValid 1
[2020.06.12-01.53.01:036][318]LogLevelStreaming: Display: FStreamLevelAction::UpdateOperation() LevelName Main, bIsLevelValid 1
[2020.06.12-01.53.01:042][319]LogLevelStreaming: Display: FStreamLevelAction::UpdateOperation() LevelName Main, bIsLevelValid 1
[2020.06.12-01.53.01:048][320]LogLevelStreaming: Display: FStreamLevelAction::UpdateOperation() LevelName Main, bIsLevelValid 1
[2020.06.12-01.53.01:054][321]LogLevelStreaming: Display: FStreamLevelAction::UpdateOperation() LevelName Main, bIsLevelValid 1
[2020.06.12-01.53.01:060][322]LogLevelStreaming: Display: FStreamLevelAction::UpdateOperation() LevelName Main, bIsLevelValid 1
[2020.06.12-01.53.01:066][323]LogLevelStreaming: Display: FStreamLevelAction::UpdateOperation() LevelName Main, bIsLevelValid 1
[2020.06.12-01.53.01:072][324]LogLevelStreaming: Display: FStreamLevelAction::UpdateOperation() LevelName Main, bIsLevelValid 1
[2020.06.12-01.53.01:081][325]LogLevelStreaming: Display: FStreamLevelAction::UpdateOperation() LevelName Main, bIsLevelValid 1
[2020.06.12-01.53.01:087][326]LogLevelStreaming: Display: FStreamLevelAction::UpdateOperation() LevelName Main, bIsLevelValid 1
[2020.06.12-01.53.01:093][327]LogLevelStreaming: Display: FStreamLevelAction::UpdateOperation() LevelName Main, bIsLevelValid 1
[2020.06.12-01.53.01:099][328]LogLevelStreaming: Display: FStreamLevelAction::UpdateOperation() LevelName Main, bIsLevelValid 1
[2020.06.12-01.53.01:105][329]LogLevelStreaming: Display: FStreamLevelAction::UpdateOperation() LevelName Main, bIsLevelValid 1
[2020.06.12-01.53.01:111][330]LogLevelStreaming: Display: FStreamLevelAction::UpdateOperation() LevelName Main, bIsLevelValid 1
[2020.06.12-01.53.01:117][331]LogLevelStreaming: Display: FStreamLevelAction::UpdateOperation() LevelName Main, bIsLevelValid 1
[2020.06.12-01.53.01:123][332]LogLevelStreaming: Display: FStreamLevelAction::UpdateOperation() LevelName Main, bIsLevelValid 1
[2020.06.12-01.53.01:129][333]LogLevelStreaming: Display: FStreamLevelAction::UpdateOperation() LevelName Main, bIsLevelValid 1
[2020.06.12-01.53.01:138][334]LogLevelStreaming: Display: FStreamLevelAction::UpdateOperation() LevelName Main, bIsLevelValid 1
[2020.06.12-01.53.01:144][335]LogLevelStreaming: Display: FStreamLevelAction::UpdateOperation() LevelName Main, bIsLevelValid 1
[2020.06.12-01.53.01:185][336]LogLevelStreaming: Display: FStreamLevelAction::UpdateOperation() LevelName Main, bIsLevelValid 1
[2020.06.12-01.53.01:188][337]LogLevelStreaming: Display: FStreamLevelAction::UpdateOperation() LevelName Main, bIsLevelValid 1
[2020.06.12-01.53.01:195][338]LogLevelStreaming: Display: FStreamLevelAction::UpdateOperation() LevelName Main, bIsLevelValid 1
[2020.06.12-01.53.01:210][339]LogLevelStreaming: Display: FStreamLevelAction::UpdateOperation() LevelName Main, bIsLevelValid 1
[2020.06.12-01.53.01:223][340]LogLevelStreaming: Display: FStreamLevelAction::UpdateOperation() LevelName Main, bIsLevelValid 1
[2020.06.12-01.53.01:242][341]LogLevelStreaming: Display: FStreamLevelAction::UpdateOperation() LevelName Main, bIsLevelValid 1
[2020.06.12-01.53.01:254][342]LogLevelStreaming: Display: FStreamLevelAction::UpdateOperation() LevelName Main, bIsLevelValid 1
[2020.06.12-01.53.01:267][343]LogLevelStreaming: Display: FStreamLevelAction::UpdateOperation() LevelName Main, bIsLevelValid 1
[2020.06.12-01.53.01:453][343]LogStreaming: Display: UWorld::AddToWorld: updating components for /Game/FirstPersonBP/Maps/Main took (less than) 186.10 ms
[2020.06.12-01.53.01:455][344]LogLevelStreaming: Display: FStreamLevelAction::UpdateOperation() LevelName Main, bIsLevelValid 1
[2020.06.12-01.53.01:464][345]LogLevelStreaming: Display: FStreamLevelAction::UpdateOperation() LevelName Main, bIsLevelValid 1
[2020.06.12-01.53.01:516][345]LogPlayerController: Error: InputMode:UIOnly - Attempting to focus Non-Focusable widget STextBlock [TextBlock.cpp(196)]!
[2020.06.12-01.53.01:516][345]LogPlayerController: Error: InputMode:UIOnly - Attempting to focus Non-Focusable widget STextBlock [TextBlock.cpp(196)]!
[2020.06.12-01.53.01:517][345]LogBlueprintUserMessages: [FirstPersonCharacter_C_1] es template
[2020.06.12-01.53.01:518][345]LogBlueprintUserMessages: [FirstPersonCharacter_C_1] es template
[2020.06.12-01.53.01:519][345]LogBlueprintUserMessages: [FirstPersonCharacter_C_1] es template
[2020.06.12-01.53.01:520][345]LogBlueprintUserMessages: [FirstPersonCharacter_C_1] es template
[2020.06.12-01.53.01:521][345]LogBlueprintUserMessages: [FirstPersonCharacter_C_1] es template
[2020.06.12-01.53.01:522][345]LogBlueprintUserMessages: [FirstPersonCharacter_C_1] es template
[2020.06.12-01.53.01:522][345]LogStreaming: Display: UWorld::AddToWorld: routing Initialize on actors for /Game/FirstPersonBP/Maps/Main took (less than) 57.54 ms
[2020.06.12-01.53.01:522][345]LogSlate: Took 0.000220 seconds to synchronously load lazily loaded font '../../../Engine/Content/Slate/Fonts/Roboto-Regular.ttf' (155K)
[2020.06.12-01.53.01:529][346]LogLevelStreaming: Display: FStreamLevelAction::UpdateOperation() LevelName Main, bIsLevelValid 1
[2020.06.12-01.53.01:539][347]LogLevelStreaming: Display: FStreamLevelAction::UpdateOperation() LevelName Main, bIsLevelValid 1
[2020.06.12-01.53.05:346][114]LogBlueprintUserMessages: [FirstPersonCharacter_C_1] es template
[2020.06.12-01.53.05:713][191]LogBlueprintUserMessages: Warning: Time Dilation must be between 0.000100 and 20.000000.  Clamped value to that range.
[2020.06.12-01.53.06:785][429]Closing by request
[2020.06.12-01.53.06:785][429]LogWindows: FPlatformMisc::RequestExit(0)
[2020.06.12-01.53.06:785][429]LogCore: Engine exit requested (reason: Win RequestExit)
[2020.06.12-01.53.06:788][430]LogCore: Engine exit requested (reason: EngineExit() was called; note: exit was already requested)
[2020.06.12-01.53.06:799][430]LogAudioMixer: Display: Flush succeeded in the source manager command queue (1).
[2020.06.12-01.53.06:820][430]LogAudioMixer: Display: Flush succeeded the source manager command queue (2).
[2020.06.12-01.53.06:824][430]LogInit: Display: PreExit Game.
[2020.06.12-01.53.06:824][430]LogWorld: BeginTearingDown for /Game/FirstPersonBP/Maps/PersistentLevel
[2020.06.12-01.53.06:825][430]LogWorld: UWorld::CleanupWorld for PersistentLevel, bSessionEnded=true, bCleanupResources=true
[2020.06.12-01.53.06:828][430]LogSlate: InvalidateAllWidgets triggered.  All widgets were invalidated
[2020.06.12-01.53.06:828][430]LogWorld: UWorld::CleanupWorld for Main, bSessionEnded=true, bCleanupResources=true
[2020.06.12-01.53.06:828][430]LogSlate: InvalidateAllWidgets triggered.  All widgets were invalidated
[2020.06.12-01.53.07:028][430]LogSlate: Window 'One_Man_Land (64-bit Development PCD3D_SM5) ' being destroyed
[2020.06.12-01.53.07:029][430]LogWindowsTextInputMethodSystem: Display: IME system now deactivated.
[2020.06.12-01.53.07:031][430]LogWindowsTextInputMethodSystem: Display: IME system now deactivated.
[2020.06.12-01.53.07:032][430]LogExit: Preparing to exit.
[2020.06.12-01.53.07:904][430]LogMoviePlayer: Shutting down movie player
[2020.06.12-01.53.08:098][430]LogSlate: Updating window title bar state: overlay mode, drag disabled, window buttons hidden, title bar hidden
[2020.06.12-01.53.08:129][430]LogDemo: Cleaned up 0 splitscreen connections with owner deletion
[2020.06.12-01.53.08:133][430]LogExit: Game engine shut down
[2020.06.12-01.53.08:217][430]LogExit: Object subsystem successfully closed.
[2020.06.12-01.53.08:230][430]LogShaderCompilers: Display: Shaders left to compile 0
[2020.06.12-01.53.08:237][430]LogModuleManager: Shutting down and abandoning module SequenceRecorderSections (434)
[2020.06.12-01.53.08:237][430]LogModuleManager: Shutting down and abandoning module SequenceRecorder (432)
[2020.06.12-01.53.08:237][430]LogModuleManager: Shutting down and abandoning module AutomationController (430)
[2020.06.12-01.53.08:237][430]LogModuleManager: Shutting down and abandoning module AutomationWorker (428)
[2020.06.12-01.53.08:237][430]LogModuleManager: Shutting down and abandoning module Voice (426)
[2020.06.12-01.53.08:237][430]LogModuleManager: Shutting down and abandoning module AIModule (424)
[2020.06.12-01.53.08:237][430]LogModuleManager: Shutting down and abandoning module GameplayDebugger (423)
[2020.06.12-01.53.08:237][430]LogModuleManager: Shutting down and abandoning module AITestSuite (421)
[2020.06.12-01.53.08:237][430]LogModuleManager: Shutting down and abandoning module NavigationSystem (419)
[2020.06.12-01.53.08:237][430]LogModuleManager: Shutting down and abandoning module OculusMR (416)
[2020.06.12-01.53.08:237][430]LogModuleManager: Shutting down and abandoning module WmfMediaFactory (414)
[2020.06.12-01.53.08:237][430]LogModuleManager: Shutting down and abandoning module WebMMediaFactory (412)
[2020.06.12-01.53.08:237][430]LogModuleManager: Shutting down and abandoning module WebMMedia (410)
[2020.06.12-01.53.08:237][430]LogModuleManager: Shutting down and abandoning module OpenExrWrapper (408)
[2020.06.12-01.53.08:237][430]LogModuleManager: Shutting down and abandoning module ImgMediaFactory (406)
[2020.06.12-01.53.08:237][430]LogModuleManager: Shutting down and abandoning module AvfMediaFactory (404)
[2020.06.12-01.53.08:237][430]LogModuleManager: Shutting down and abandoning module MagicLeapMediaCodecFactory (402)
[2020.06.12-01.53.08:237][430]LogModuleManager: Shutting down and abandoning module MagicLeapMediaFactory (400)
[2020.06.12-01.53.08:237][430]LogModuleManager: Shutting down and abandoning module CharacterAI (398)
[2020.06.12-01.53.08:237][430]LogModuleManager: Shutting down and abandoning module SessionServices (396)
[2020.06.12-01.53.08:237][430]LogModuleManager: Shutting down and abandoning module MovieSceneCapture (394)
[2020.06.12-01.53.08:237][430]LogModuleManager: Shutting down and abandoning module LiveCoding (392)
[2020.06.12-01.53.08:237][430]LogModuleManager: Shutting down and abandoning module LevelSequence (390)
[2020.06.12-01.53.08:237][430]LogModuleManager: Shutting down and abandoning module MovieSceneTracks (388)
[2020.06.12-01.53.08:237][430]LogModuleManager: Shutting down and abandoning module MovieScene (386)
[2020.06.12-01.53.08:237][430]LogModuleManager: Shutting down and abandoning module StreamingPauseRendering (384)
[2020.06.12-01.53.08:237][430]LogModuleManager: Shutting down and abandoning module PortalServices (382)
[2020.06.12-01.53.08:237][430]LogModuleManager: Shutting down and abandoning module PortalRpc (380)
[2020.06.12-01.53.08:237][430]LogModuleManager: Shutting down and abandoning module MessagingRpc (378)
[2020.06.12-01.53.08:237][430]LogModuleManager: Shutting down and abandoning module AudioMixerXAudio2 (376)
[2020.06.12-01.53.08:237][430]LogModuleManager: Shutting down and abandoning module ImageWriteQueue (374)
[2020.06.12-01.53.08:239][430]LogModuleManager: Shutting down and abandoning module ProfilerService (372)
[2020.06.12-01.53.08:252][430]LogModuleManager: Shutting down and abandoning module TaskGraph (370)
[2020.06.12-01.53.08:252][430]LogModuleManager: Shutting down and abandoning module ProceduralMeshComponent (368)
[2020.06.12-01.53.08:252][430]LogModuleManager: Shutting down and abandoning module OculusInput (366)
[2020.06.12-01.53.08:252][430]LogModuleManager: Shutting down and abandoning module MobilePatchingUtils (364)
[2020.06.12-01.53.08:252][430]LogModuleManager: Shutting down and abandoning module EditableMesh (362)
[2020.06.12-01.53.08:252][430]LogModuleManager: Shutting down and abandoning module CustomMeshComponent (360)
[2020.06.12-01.53.08:252][430]LogModuleManager: Shutting down and abandoning module CableComponent (358)
[2020.06.12-01.53.08:252][430]LogModuleManager: Shutting down and abandoning module AudioCapture (356)
[2020.06.12-01.53.08:252][430]LogModuleManager: Shutting down and abandoning module AudioCaptureRtAudio (355)
[2020.06.12-01.53.08:252][430]LogModuleManager: Shutting down and abandoning module AssetTags (352)
[2020.06.12-01.53.08:252][430]LogModuleManager: Shutting down and abandoning module ArchVisCharacter (350)
[2020.06.12-01.53.08:252][430]LogModuleManager: Shutting down and abandoning module AppleImageUtilsBlueprintSupport (348)
[2020.06.12-01.53.08:252][430]LogModuleManager: Shutting down and abandoning module AppleImageUtils (346)
[2020.06.12-01.53.08:252][430]LogModuleManager: Shutting down and abandoning module AndroidPermission (344)
[2020.06.12-01.53.08:252][430]LogModuleManager: Shutting down and abandoning module NUTUnrealEngine4 (342)
[2020.06.12-01.53.08:252][430]LogModuleManager: Shutting down and abandoning module NetcodeUnitTest (340)
[2020.06.12-01.53.08:252][430]LogModuleManager: Shutting down and abandoning module MediaCompositing (338)
[2020.06.12-01.53.08:252][430]LogModuleManager: Shutting down and abandoning module ImgMedia (336)
[2020.06.12-01.53.08:252][430]LogModuleManager: Shutting down and abandoning module MagicLeapHelperVulkan (334)
[2020.06.12-01.53.08:252][430]LogModuleManager: Shutting down and abandoning module MagicLeapHelperOpenGL (332)
[2020.06.12-01.53.08:252][430]LogModuleManager: Shutting down and abandoning module MagicLeapAudio (330)
[2020.06.12-01.53.08:252][430]LogModuleManager: Shutting down and abandoning module GeometryCacheTracks (328)
[2020.06.12-01.53.08:252][430]LogModuleManager: Shutting down and abandoning module GeometryCacheSequencer (327)
[2020.06.12-01.53.08:252][430]LogModuleManager: Shutting down and abandoning module GeometryCache (324)
[2020.06.12-01.53.08:252][430]LogModuleManager: Shutting down and abandoning module GeometryCacheEd (323)
[2020.06.12-01.53.08:252][430]LogModuleManager: Shutting down and abandoning module BackChannel (320)
[2020.06.12-01.53.08:252][430]LogModuleManager: Shutting down and abandoning module AutomationUtils (318)
[2020.06.12-01.53.08:252][430]LogModuleManager: Shutting down and abandoning module VisualStudioSourceCodeAccess (316)
[2020.06.12-01.53.08:252][430]LogModuleManager: Shutting down and abandoning module HotReload (315)
[2020.06.12-01.53.08:252][430]LogModuleManager: Shutting down and abandoning module DirectoryWatcher (314)
[2020.06.12-01.53.08:253][430]LogModuleManager: Shutting down and abandoning module VisualStudioCodeSourceCodeAccess (310)
[2020.06.12-01.53.08:253][430]LogModuleManager: Shutting down and abandoning module UObjectPlugin (308)
[2020.06.12-01.53.08:253][430]LogModuleManager: Shutting down and abandoning module SubversionSourceControl (306)
[2020.06.12-01.53.08:253][430]LogModuleManager: Shutting down and abandoning module PerforceSourceControl (304)
[2020.06.12-01.53.08:253][430]LogModuleManager: Shutting down and abandoning module SourceControl (303)
[2020.06.12-01.53.08:253][430]LogModuleManager: Shutting down and abandoning module CLionSourceCodeAccess (300)
[2020.06.12-01.53.08:253][430]LogModuleManager: Shutting down and abandoning module ActorLayerUtilities (298)
[2020.06.12-01.53.08:253][430]LogModuleManager: Shutting down and abandoning module SignificanceManager (296)
[2020.06.12-01.53.08:253][430]LogModuleManager: Shutting down and abandoning module RuntimePhysXCooking (294)
[2020.06.12-01.53.08:253][430]LogModuleManager: Shutting down and abandoning module PhysXVehiclesEditor (292)
[2020.06.12-01.53.08:253][430]LogModuleManager: Shutting down and abandoning module LocationServicesBPLibrary (288)
[2020.06.12-01.53.08:253][430]LogModuleManager: Shutting down and abandoning module ActorSequence (286)
[2020.06.12-01.53.08:253][430]LogModuleManager: Shutting down and abandoning module UdpMessaging (284)
